Iteration	Posterior	Likelihood	Prior	alpha_morpho	br_len_lambda	rates_morpho[1]	rates_morpho[2]	rates_morpho[3]	rates_morpho[4]	tree_length
0	-462.0466	-456.4228	-5.623803	60178.9	16.61523	0.994823	0.998672	1.00132	1.00519	3.026104
10	-459.9423	-450.4903	-9.451912	49541.87	8.720061	0.994295	0.998536	1.00145	1.00572	3.354808
20	-458.6506	-452.6246	-6.025961	7415.178	13.49178	0.985278	0.996191	1.00373	1.0148	3.169965
30	-451.4204	-450.0403	-1.380183	557.4983	13.90581	0.94669	0.985742	1.01323	1.05433	2.824658
40	-447.3104	-448.0585	0.7480145	4434.412	17.32395	0.980977	0.99506	1.00481	1.01915	2.625177
50	-459.8165	-459.2624	-0.5541126	65976.24	11.73556	0.995056	0.998732	1.00126	1.00495	2.720801
60	-454.8053	-454.5639	-0.2414435	40639.86	17.34701	0.993702	0.998382	1.0016	1.00631	2.681605
70	-452.5787	-450.9565	-1.622188	7976.319	15.87247	0.985804	0.996329	1.0036	1.01427	2.806827
80	-455.7194	-451.7414	-3.977941	25816.75	11.46414	0.9921	0.997968	1.00201	1.00792	3.004922
90	-451.1117	-451.7514	0.6396631	62336.79	16.95101	0.994914	0.998695	1.0013	1.0051	2.641088
100	-448.2034	-453.7702	5.566789	88816.15	20.62286	0.995738	0.998907	1.00109	1.00427	2.286133
110	-450.3317	-447.0211	-3.310619	94430.4	14.40388	0.995867	0.99894	1.00105	1.00414	2.95426
120	-463.9228	-460.1272	-3.795568	25213.25	12.74059	0.992006	0.997944	1.00203	1.00802	3.009242
130	-455.7915	-463.5209	7.729353	23429.18	18.71622	0.991708	0.997867	1.00211	1.00832	2.211342
140	-451.224	-459.8918	8.667837	28800.82	18.94884	0.99252	0.998077	1.0019	1.0075	2.15894
150	-448.7689	-457.3537	8.58476	76873.02	16.86359	0.995419	0.998825	1.00117	1.00459	2.172106
160	-457.4671	-456.1274	-1.339768	86724.29	12.76356	0.995687	0.998894	1.0011	1.00432	2.816846
170	-466.0377	-460.9498	-5.087899	73812.89	10.0465	0.995325	0.998801	1.00119	1.00468	3.028951
180	-464.0854	-455.1893	-8.89607	50643.12	11.48697	0.994357	0.998552	1.00144	1.00565	3.433802
190	-467.8093	-453.219	-14.59026	24276.41	9.165394	0.991854	0.997905	1.00207	1.00817	3.965522
200	-466.1916	-458.6893	-7.502351	49405.78	9.505702	0.994287	0.998534	1.00145	1.00572	3.227992
210	-460.3791	-455.9121	-4.466987	74221.69	16.6203	0.995338	0.998804	1.00119	1.00467	2.95627
220	-461.3306	-458.8675	-2.463125	86021.91	10.58762	0.995669	0.99889	1.0011	1.00434	2.819166
230	-455.5739	-455.1959	-0.3779275	39326.13	12.26301	0.993598	0.998356	1.00163	1.00642	2.727794
240	-454.4223	-458.0736	3.651383	78417.7	12.29921	0.995464	0.998837	1.00116	1.00454	2.401395
250	-469.9823	-457.0834	-12.89896	82491.08	17.04267	0.995578	0.998866	1.00113	1.00443	3.433177
260	-453.8518	-452.7739	-1.077867	34818.64	13.72937	0.993196	0.998252	1.00173	1.00682	2.803376
270	-451.7327	-448.69	-3.042701	11025.15	12.62698	0.98792	0.996882	1.00307	1.01213	2.949409
280	-449.9992	-458.2723	8.273046	33030.99	23.82907	0.993015	0.998205	1.00178	1.007	2.086689
290	-457.0823	-452.113	-4.969268	82178.57	19.24428	0.995569	0.998864	1.00113	1.00444	2.864318
300	-464.2754	-458.8259	-5.449458	66635.13	9.48384	0.99508	0.998738	1.00125	1.00493	3.009478
310	-466.5627	-467.9642	1.401485	32407.1	17.42887	0.992948	0.998188	1.00179	1.00707	2.58488
320	-455.6454	-452.4645	-3.180895	76613.82	11.95316	0.995411	0.998823	1.00117	1.0046	2.950403
330	-463.8493	-457.3744	-6.474975	90428.31	9.458551	0.995776	0.998917	1.00108	1.00423	3.114907
340	-450.9721	-453.3799	2.40775	16137.85	14.40922	0.990012	0.997427	1.00254	1.01002	2.557291
350	-456.5642	-453.5858	-2.97839	13026.72	14.4369	0.988885	0.997134	1.00282	1.01116	2.930536
360	-454.0631	-450.2081	-3.855037	27959.92	13.82127	0.992408	0.998048	1.00193	1.00761	3.00413
370	-454.0687	-455.2297	1.161023	88305.44	14.81062	0.995726	0.998904	1.00109	1.00428	2.642802
380	-463.5621	-459.4202	-4.141933	89423.59	14.97969	0.995753	0.998911	1.00108	1.00425	2.995793
390	-458.2146	-457.8368	-0.3778138	58511.26	15.07736	0.99475	0.998653	1.00134	1.00526	2.743111
400	-453.5282	-455.1133	1.585098	7539.402	16.00232	0.985399	0.996223	1.0037	1.01468	2.602877
410	-451.9666	-453.4535	1.486901	5700.387	16.52922	0.983215	0.99565	1.00425	1.01689	2.599828
420	-448.8902	-453.9952	5.104974	3362.755	14.25009	0.978166	0.994317	1.00551	1.022	2.366852
430	-472.6502	-458.0246	-14.62565	7907.552	10.04394	0.985742	0.996313	1.00361	1.01433	3.978336
440	-474.9839	-461.0463	-13.93764	77178.58	15.34698	0.995428	0.998828	1.00116	1.00458	3.622307
450	-460.7374	-453.7521	-6.985293	30920.9	10.85417	0.992781	0.998144	1.00184	1.00724	3.255573
460	-458.3938	-456.1581	-2.235659	15739.83	12.28399	0.989887	0.997394	1.00257	1.01015	2.879731
470	-460.3875	-458.2263	-2.161182	93938.08	17.84487	0.995856	0.998938	1.00106	1.00415	2.773801
480	-453.5876	-453.4783	-0.10932	92038.45	22.46996	0.995813	0.998927	1.00107	1.00419	2.490892
490	-448.8104	-456.4746	7.664142	47640.22	16.3977	0.994182	0.998507	1.00148	1.00583	2.225596
500	-449.2202	-449.6522	0.4320337	77552.52	11.96682	0.995439	0.99883	1.00116	1.00457	2.648808
510	-460.5081	-455.2415	-5.266655	72373.55	15.77009	0.995279	0.998789	1.0012	1.00473	3.040624
520	-462.2562	-458.8031	-3.453163	16692.5	13.33813	0.990179	0.99747	1.0025	1.00986	2.980687
530	-462.847	-455.3683	-7.478698	16920.41	16.26707	0.990245	0.997487	1.00248	1.00979	3.155805
540	-450.8502	-450.0708	-0.7793688	14615.96	14.64891	0.989506	0.997295	1.00267	1.01053	2.775916
550	-452.2276	-452.7079	0.4802355	72923.01	11.4742	0.995297	0.998794	1.0012	1.00471	2.616707
560	-452.1133	-453.7275	1.614235	41768	13.88261	0.993787	0.998405	1.00158	1.00623	2.609086
570	-461.254	-459.4599	-1.794077	8118.442	14.73405	0.985928	0.996362	1.00357	1.01414	2.843714
580	-479.3646	-460.8398	-18.52476	98064.01	12.8888	0.995944	0.99896	1.00103	1.00406	4.15192
590	-456.1281	-457.3222	1.194113	64581.03	10.36314	0.995003	0.998718	1.00127	1.00501	2.446873
600	-466.595	-457.626	-8.969046	62415.36	11.76884	0.994917	0.998696	1.00129	1.00509	3.437425
610	-455.9753	-455.1944	-0.7809215	54510.81	12.52326	0.994561	0.998604	1.00139	1.00545	2.767883
620	-454.0865	-455.468	1.381533	97965.22	11.63157	0.995942	0.99896	1.00103	1.00406	2.549127
630	-450.8532	-452.9311	2.077951	11005.97	14.36976	0.98791	0.996879	1.00307	1.01214	2.579989
640	-462.1965	-460.2313	-1.965171	48008.01	11.49957	0.994205	0.998512	1.00148	1.00581	2.83102
650	-444.9442	-447.5055	2.561363	97521.16	14.28556	0.995933	0.998957	1.00104	1.00407	2.545669
660	-463.5811	-456.1054	-7.475663	24357.56	11.27304	0.991867	0.997908	1.00207	1.00816	3.308388
670	-466.4383	-456.3454	-10.093	68002.73	10.95017	0.99513	0.998751	1.00124	1.00488	3.542052
680	-464.1874	-452.7593	-11.4281	48645.17	9.2911	0.994243	0.998522	1.00147	1.00577	3.628932
690	-452.7622	-458.5449	5.78265	33499.31	15.15985	0.993064	0.998218	1.00177	1.00695	2.335485
700	-462.2501	-458.2727	-3.97742	63539.9	14.2477	0.994962	0.998708	1.00128	1.00505	3.004264
710	-467.1945	-461.0744	-6.120086	65599.62	14.16122	0.995042	0.998728	1.00126	1.00497	3.15751
720	-465.4838	-464.7317	-0.7520666	79811.47	14.5911	0.995504	0.998847	1.00115	1.0045	2.774725
730	-469.6907	-466.3913	-3.299452	7302.13	15.10793	0.985164	0.996162	1.00376	1.01491	2.936037
740	-461.3003	-455.87	-5.430311	27996.03	12.45967	0.992413	0.998049	1.00193	1.00761	3.139434
750	-461.8116	-455.0885	-6.723153	36614.93	10.56841	0.993365	0.998296	1.00169	1.00665	3.2207
760	-464.1202	-461.1817	-2.938466	97397.02	11.93534	0.99593	0.998957	1.00104	1.00408	2.92967
770	-460.4894	-456.4566	-4.032821	25042.29	15.61532	0.991979	0.997937	1.00204	1.00804	2.967833
780	-454.6933	-450.7177	-3.975605	17703.87	14.22028	0.990463	0.997544	1.00242	1.00957	3.004761
790	-457.8049	-454.3949	-3.410002	62011.75	12.20585	0.9949	0.998692	1.0013	1.00511	2.974223
800	-452.7735	-456.1717	3.398164	51142.01	17.92113	0.994385	0.998559	1.00143	1.00563	2.460691
810	-444.8336	-448.9743	4.140648	35524.86	15.33356	0.993264	0.998269	1.00171	1.00675	2.444311
820	-451.9336	-447.293	-4.640621	44469.59	19.2322	0.993979	0.998454	1.00153	1.00603	2.847816
830	-461.0579	-449.4546	-11.60326	84692.69	12.90255	0.995636	0.998881	1.00111	1.00437	3.614226
840	-456.0709	-455.4827	-0.5882568	59503.45	11.8075	0.994794	0.998664	1.00133	1.00522	2.727118
850	-459.9567	-451.4313	-8.525377	27973.37	9.051554	0.99241	0.998049	1.00193	1.00761	3.29126
860	-459.4469	-449.4998	-9.947173	15609.59	12.33416	0.989845	0.997383	1.00258	1.01019	3.505969
870	-462.0817	-450.5709	-11.51081	78057.66	8.443801	0.995454	0.998834	1.00116	1.00455	3.558628
880	-466.126	-460.8258	-5.300203	43702.29	11.0048	0.993926	0.99844	1.00155	1.00609	3.106498
890	-465.9586	-460.8973	-5.061214	38929.68	13.26991	0.993565	0.998347	1.00164	1.00645	3.102376
900	-457.4985	-459.4184	1.919925	45737.23	15.91722	0.994063	0.998476	1.00151	1.00595	2.583093
910	-451.8379	-456.7605	4.922582	13724.92	19.5772	0.989171	0.997208	1.00275	1.01087	2.342854
920	-455.2789	-455.862	0.5831005	59711.13	12.84334	0.994803	0.998667	1.00132	1.00521	2.66828
930	-460.9945	-458.5683	-2.426213	21037.53	11.74576	0.99125	0.997748	1.00222	1.00878	2.880682
940	-453.5277	-451.629	-1.898715	1674.715	13.54767	0.969112	0.991897	1.00776	1.03123	2.863927
950	-459.7186	-453.228	-6.490596	4814.613	12.59533	0.981741	0.995262	1.00462	1.01838	3.222897
960	-447.6452	-450.1242	2.478941	56407.22	14.96348	0.994653	0.998628	1.00136	1.00536	2.55382
970	-454.6081	-451.1714	-3.436683	85912.56	14.5568	0.995667	0.998889	1.0011	1.00434	2.959529
980	-458.525	-452.5764	-5.948656	59825.93	12.65653	0.994808	0.998668	1.00132	1.0052	3.179229
990	-460.6384	-456.6541	-3.984244	3758.468	11.62563	0.979343	0.994628	1.00522	1.02081	3.010278
1000	-456.4141	-456.2884	-0.1257332	44032.29	10.69266	0.993949	0.998446	1.00154	1.00606	2.608763
1010	-464.3898	-461.2536	-3.136199	67451.65	10.70268	0.99511	0.998746	1.00125	1.0049	2.891003
1020	-459.3136	-461.6721	2.358525	84122.03	19.21034	0.995621	0.998877	1.00112	1.00439	2.484514
1030	-464.8437	-463.1811	-1.662583	70018.99	11.69956	0.9952	0.998769	1.00122	1.00481	2.813766
1040	-444.7451	-449.9743	5.229291	37425.3	17.11441	0.993437	0.998314	1.00167	1.00658	2.368772
1050	-457.8927	-452.4983	-5.394442	20288.57	17.96452	0.99109	0.997707	1.00227	1.00894	2.949227
1060	-450.859	-448.7175	-2.141518	3461.034	12.02775	0.978477	0.994399	1.00544	1.02169	2.865657
1070	-454.7794	-453.5944	-1.18508	75229.24	12.71209	0.995369	0.998813	1.00118	1.00464	2.803859
1080	-456.0719	-450.2529	-5.818982	82599.21	10.55725	0.995581	0.998867	1.00113	1.00443	3.134568
1090	-465.7251	-457.2785	-8.446578	45742.72	9.733563	0.994063	0.998476	1.00151	1.00595	3.344531
1100	-457.6335	-456.9653	-0.6681863	58878.64	10.2628	0.994766	0.998657	1.00133	1.00524	2.615342
1110	-459.4986	-453.2827	-6.21586	73370.67	10.70052	0.995311	0.998798	1.00119	1.0047	3.178658
1120	-449.9074	-445.1799	-4.727577	56674.2	14.00202	0.994666	0.998631	1.00136	1.00534	3.063129
1130	-461.3997	-457.9712	-3.428564	82430	11.36036	0.995576	0.998866	1.00113	1.00443	2.953021
1140	-455.5331	-452.7174	-2.815653	8439.181	16.94188	0.986197	0.996432	1.0035	1.01387	2.845267
1150	-469.6641	-460.38	-9.284145	51870.88	10.74881	0.994424	0.998569	1.00142	1.00559	3.466108
1160	-455.6719	-456.7236	1.051671	31581.96	13.69573	0.992857	0.998164	1.00182	1.00716	2.647919
1170	-461.5867	-456.0953	-5.491378	93280.06	12.25402	0.995841	0.998934	1.00106	1.00416	3.144776
1180	-452.2256	-449.582	-2.643596	5061.327	12.60393	0.98219	0.99538	1.00451	1.01792	2.91756
1190	-457.2476	-459.4466	2.199074	15676.67	16.53312	0.989866	0.997389	1.00257	1.01017	2.556677
1200	-469.6571	-463.6599	-5.997192	44315.59	9.918594	0.993968	0.998451	1.00154	1.00604	3.1093
1210	-464.6814	-457.439	-7.242368	6373.011	11.84401	0.984123	0.995888	1.00402	1.01597	3.290595
1220	-453.5461	-462.3117	8.765563	10640.19	17.32252	0.987704	0.996826	1.00312	1.01235	2.162376
1230	-468.3665	-467.3197	-1.04676	6874.311	15.24154	0.984711	0.996043	1.00387	1.01537	2.784431
1240	-451.977	-454.5133	2.536289	80590.94	14.92582	0.995526	0.998853	1.00114	1.00448	2.550004
1250	-452.7354	-453.1022	0.3667947	83505.27	15.95029	0.995605	0.998873	1.00112	1.0044	2.68003
1260	-459.0575	-453.3654	-5.69213	71092.68	12.78628	0.995237	0.998778	1.00121	1.00477	3.157581
1270	-456.7125	-454.1883	-2.524222	57927.65	15.41213	0.994724	0.998646	1.00134	1.00529	2.876871
1280	-462.3705	-457.7937	-4.576871	96888.71	12.78551	0.995919	0.998954	1.00104	1.00409	3.070362
1290	-454.9288	-452.6467	-2.282026	26678.36	10.10743	0.992229	0.998002	1.00198	1.00779	2.756408
1300	-450.3426	-449.937	-0.4055939	60481.29	14.38252	0.994836	0.998675	1.00132	1.00517	2.752731
1310	-461.5179	-458.6541	-2.863814	67610.83	12.44312	0.995116	0.998747	1.00124	1.00489	2.933238
1320	-470.9453	-462.5921	-8.353193	24590.34	12.05695	0.991906	0.997918	1.00206	1.00812	3.381672
1330	-459.3539	-458.2736	-1.080286	84122.75	15.02475	0.995621	0.998877	1.00112	1.00439	2.790632
1340	-459.6147	-455.7589	-3.855804	22518.11	12.73216	0.991542	0.997824	1.00215	1.00848	3.013966
1350	-462.6749	-456.3435	-6.331395	51308.38	15.65518	0.994394	0.998561	1.00143	1.00562	3.113269
1360	-455.7894	-453.3442	-2.445175	38759.44	12.92535	0.993551	0.998344	1.00164	1.00646	2.904561
1370	-469.6471	-461.9273	-7.719754	18745.18	13.3805	0.990731	0.997613	1.00236	1.0093	3.2992
1380	-453.8105	-450.421	-3.3895	66589.92	20.34766	0.995078	0.998738	1.00125	1.00493	2.732851
1390	-462.4434	-459.7505	-2.692857	92801.8	13.02613	0.995831	0.998931	1.00106	1.00418	2.924003
1400	-461.5421	-455.8889	-5.653128	95531.21	14.49683	0.99589	0.998947	1.00105	1.00412	3.113815
1410	-462.9502	-458.6714	-4.278775	75054.29	10.47984	0.995364	0.998811	1.00118	1.00464	2.983438
1420	-458.6649	-461.4532	2.788252	63649.86	18.35868	0.994966	0.998709	1.00128	1.00504	2.484371
1430	-465.6011	-458.7195	-6.881565	9125.111	15.17221	0.986725	0.99657	1.00337	1.01334	3.17032
1440	-460.3115	-455.0234	-5.288071	86729.94	11.43487	0.995687	0.998894	1.0011	1.00432	3.118533
1450	-458.0453	-451.1311	-6.914215	88384.26	11.82197	0.995728	0.998905	1.00109	1.00428	3.262885
1460	-464.5934	-460.5935	-3.999888	68199.03	13.33599	0.995137	0.998753	1.00124	1.00487	3.021701
1470	-466.7055	-467.0092	0.3037766	71489.21	12.507	0.99525	0.998782	1.00121	1.00476	2.680756
1480	-449.4793	-454.2967	4.817375	21118.46	12.64522	0.991267	0.997752	1.00222	1.00876	2.327962
1490	-457.039	-453.6311	-3.407984	43290.12	16.07034	0.993897	0.998433	1.00155	1.00612	2.912537
1500	-458.3502	-451.6035	-6.746706	43493.54	13.8135	0.993912	0.998437	1.00155	1.0061	3.2136
1510	-453.3135	-451.6482	-1.665276	2322.985	11.70517	0.973752	0.993141	1.00661	1.02649	2.814231
1520	-466.9237	-463.4082	-3.515539	9925.473	16.28532	0.98727	0.996712	1.00323	1.01279	2.911509
1530	-460.2932	-458.0161	-2.277094	46364.16	12.31055	0.994103	0.998486	1.0015	1.00591	2.883646
1540	-463.1698	-456.4939	-6.675828	73789.48	12.80878	0.995325	0.998801	1.00119	1.00468	3.234109
1550	-458.0421	-453.33	-4.712068	97719.36	12.11735	0.995937	0.998958	1.00104	1.00407	3.080238
1560	-449.0222	-451.8227	2.800552	10465.49	15.53237	0.987602	0.996799	1.00315	1.01245	2.530748
1570	-454.0698	-452.2236	-1.846213	91009.31	13.46844	0.99579	0.998921	1.00107	1.00422	2.860197
1580	-460.897	-458.911	-1.986054	95431.64	13.05415	0.995888	0.998946	1.00105	1.00412	2.869902
1590	-475.5444	-463.9826	-11.56177	65338.56	10.84645	0.995032	0.998726	1.00127	1.00498	3.677276
1600	-466.5833	-453.6792	-12.90413	98990.85	16.43734	0.995963	0.998965	1.00103	1.00404	3.477083
1610	-474.6854	-464.5667	-10.11862	78889.56	11.52562	0.995478	0.99884	1.00115	1.00453	3.539638
1620	-468.381	-459.9748	-8.406195	84641.07	10.80194	0.995634	0.998881	1.00111	1.00437	3.385514
1630	-464.9266	-463.9283	-0.9983029	92499.6	17.37088	0.995824	0.998929	1.00106	1.00418	2.724461
1640	-456.0773	-449.3252	-6.752142	61113.35	19.3028	0.994863	0.998682	1.00131	1.00515	2.953841
1650	-460.9865	-451.9372	-9.049358	614.3002	10.5857	0.949191	0.98644	1.01263	1.05174	3.441193
1660	-467.1868	-467.5791	0.3922734	7081.873	11.18553	0.984936	0.996102	1.00382	1.01514	2.603868
1670	-470.6516	-468.5171	-2.134418	9688.113	13.72921	0.987116	0.996672	1.00327	1.01294	2.880332
1680	-471.3858	-465.8741	-5.511612	25569.35	11.58383	0.992062	0.997958	1.00202	1.00796	3.140966
1690	-470.1148	-465.5098	-4.605016	74551.22	11.23568	0.995348	0.998807	1.00119	1.00466	3.052446
1700	-465.8572	-458.0281	-7.829061	95195.66	14.14633	0.995883	0.998945	1.00105	1.00412	3.278802
1710	-464.3119	-455.0698	-9.242128	16555.59	12.70087	0.990138	0.99746	1.00251	1.0099	3.438032
1720	-467.6616	-461.5142	-6.147354	54206.2	9.572723	0.994546	0.9986	1.00139	1.00546	3.092536
1730	-462.4869	-456.2785	-6.208412	35074.16	11.46849	0.993221	0.998258	1.00173	1.0068	3.19955
1740	-457.2263	-450.5339	-6.692394	24566.7	13.59088	0.991902	0.997917	1.00206	1.00812	3.216505
1750	-463.3736	-457.5003	-5.873235	5381.326	12.93176	0.982726	0.995521	1.00437	1.01738	3.169683
1760	-462.9908	-454.3996	-8.591121	10439.45	13.13831	0.987587	0.996795	1.00315	1.01247	3.373025
1770	-449.0663	-448.1215	-0.9447854	56980.77	14.39038	0.99468	0.998635	1.00136	1.00533	2.790143
1780	-465.2901	-461.933	-3.357121	59688.78	10.2111	0.994802	0.998666	1.00132	1.00521	2.872653
1790	-449.419	-452.1171	2.698103	61146.3	17.39873	0.994864	0.998682	1.00131	1.00515	2.511103
1800	-462.6202	-461.5558	-1.064327	16931.17	13.82801	0.990248	0.997488	1.00248	1.00979	2.802198
1810	-459.9243	-455.2691	-4.655234	21668.41	11.39712	0.991378	0.997781	1.00219	1.00865	3.062103
1820	-467.447	-458.861	-8.585949	93416.87	10.05366	0.995844	0.998935	1.00106	1.00416	3.377495
1830	-457.4977	-454.6887	-2.809058	7942.427	10.81986	0.985773	0.996321	1.00361	1.0143	2.868555
1840	-469.9185	-469.2945	-0.6239356	27910.79	20.03851	0.992402	0.998046	1.00193	1.00762	2.608761
1850	-464.5165	-457.9726	-6.543858	24816.76	12.5997	0.991943	0.997928	1.00205	1.00808	3.227066
1860	-455.5617	-455.0568	-0.5048484	86249.89	13.90283	0.995675	0.998891	1.0011	1.00433	2.761713
1870	-451.6311	-449	-2.631143	45196.38	12.94545	0.994027	0.998467	1.00152	1.00599	2.919028
1880	-462.1716	-454.312	-7.859556	88252.8	9.906714	0.995724	0.998904	1.00109	1.00428	3.296299
1890	-473.7503	-463.4568	-10.29347	74979.11	12.94497	0.995362	0.998811	1.00118	1.00465	3.510942
1900	-459.0575	-455.5277	-3.529844	97226.03	16.55386	0.995926	0.998956	1.00104	1.00408	2.902406
1910	-475.7585	-468.2937	-7.464879	36318.91	12.64384	0.993338	0.998289	1.0017	1.00668	3.299286
1920	-467.6494	-456.3506	-11.29885	26235.34	11.80231	0.992163	0.997985	1.00199	1.00786	3.634377
1930	-464.5635	-455.0349	-9.528631	28531.02	9.652403	0.992485	0.998068	1.00191	1.00754	3.45087
1940	-450.9364	-449.7238	-1.212581	14715.2	10.70048	0.989541	0.997304	1.00266	1.0105	2.711082
1950	-463.1279	-456.2902	-6.837762	41925.59	16.92839	0.993799	0.998408	1.00158	1.00621	3.08336
1960	-460.6425	-454.5113	-6.131225	36327.9	13.3731	0.993339	0.998289	1.0017	1.00668	3.180655
1970	-457.8063	-452.9874	-4.818939	3387.358	12.54912	0.978245	0.994338	1.00549	1.02192	3.090284
1980	-459.6697	-459.7112	0.04151083	61313.61	14.37573	0.994871	0.998684	1.00131	1.00514	2.721677
1990	-445.237	-454.5443	9.307305	52818.72	16.73858	0.994475	0.998582	1.00141	1.00554	2.12843
2000	-458.2147	-456.7881	-1.426525	27795.6	18.47832	0.992386	0.998042	1.00194	1.00763	2.709496
2010	-459.3593	-455.4682	-3.891093	33822.9	10.9258	0.993097	0.998226	1.00176	1.00692	2.9744
2020	-458.3716	-454.9243	-3.447287	71462.71	11.24664	0.995249	0.998782	1.00121	1.00476	2.949891
2030	-459.0982	-454.9158	-4.182472	26285.19	13.27417	0.992171	0.997987	1.00199	1.00785	3.036108
2040	-458.2389	-453.9629	-4.275939	14562.96	14.12844	0.989487	0.99729	1.00267	1.01055	3.028048
2050	-457.7645	-452.87	-4.894473	15605.82	12.44198	0.989843	0.997383	1.00258	1.01019	3.096433
2060	-466.4259	-458.178	-8.247979	57792.89	12.64949	0.994718	0.998645	1.00135	1.00529	3.361079
2070	-461.246	-459.8192	-1.426804	68324.24	10.5869	0.995141	0.998754	1.00124	1.00487	2.721221
2080	-457.7718	-456.5333	-1.238499	76304.16	16.40107	0.995402	0.998821	1.00117	1.00461	2.76842
2090	-459.9291	-465.4356	5.50659	44693.94	20.30469	0.993994	0.998458	1.00153	1.00602	2.296659
2100	-454.6068	-456.2388	1.631974	48749.79	13.37145	0.994249	0.998524	1.00146	1.00576	2.600113
2110	-460.7231	-456.2535	-4.469577	97056.52	16.9126	0.995923	0.998955	1.00104	1.00408	2.944138
2120	-456.8368	-451.9333	-4.903568	64678.02	13.35198	0.995006	0.998719	1.00127	1.005	3.089203
2130	-451.0312	-452.6392	1.608058	17285.75	19.38963	0.990349	0.997514	1.00245	1.00968	2.518039
2140	-464.7247	-461.063	-3.661687	727.3953	11.55619	0.953271	0.987572	1.01164	1.04751	2.980401
2150	-461.9358	-457.1283	-4.807561	87258.82	13.444	0.9957	0.998898	1.0011	1.00431	3.080494
2160	-449.0635	-454.0166	4.953088	56383.64	18.11941	0.994652	0.998628	1.00136	1.00536	2.370658
2170	-444.8448	-450.8031	5.958232	34609.21	14.17074	0.993176	0.998247	1.00174	1.00684	2.304857
2180	-460.2372	-460.6133	0.37603	73300.11	12.63749	0.995309	0.998797	1.0012	1.0047	2.678966
2190	-460.5399	-452.2356	-8.304305	96772.74	9.673676	0.995917	0.998953	1.00104	1.00409	3.32561
2200	-461.5314	-452.8516	-8.679798	32908.84	11.5004	0.993002	0.998202	1.00178	1.00702	3.414919
2210	-467.6391	-457.228	-10.41117	75753.22	12.20259	0.995385	0.998817	1.00118	1.00462	3.547918
2220	-462.5694	-456.209	-6.360403	82510.91	12.73495	0.995578	0.998866	1.00113	1.00443	3.210639
2230	-465.6411	-458.6362	-7.004979	22311.6	14.03696	0.991503	0.997814	1.00216	1.00852	3.224529
2240	-456.75	-451.3504	-5.399586	86706.64	13.66737	0.995687	0.998894	1.0011	1.00432	3.119629
2250	-468.3194	-464.8442	-3.475219	65905.63	11.04716	0.995053	0.998731	1.00126	1.00496	2.942879
2260	-456.7313	-454.8797	-1.851587	80618.69	14.65364	0.995527	0.998853	1.00114	1.00448	2.84903
2270	-473.7699	-460.3809	-13.38902	97837.46	14.69387	0.995939	0.998959	1.00104	1.00407	3.633519
2280	-461.4924	-454.06	-7.432376	68097.02	9.22619	0.995133	0.998752	1.00124	1.00488	3.19163
2290	-459.6646	-454.8714	-4.793222	80250.36	15.68533	0.995517	0.99885	1.00114	1.00449	3.013865
2300	-460.3654	-453.7129	-6.652589	12247.32	13.04106	0.988538	0.997043	1.00291	1.01151	3.227663
2310	-456.897	-453.0105	-3.886545	31051.6	11.37238	0.992796	0.998148	1.00183	1.00722	2.993773
2320	-462.766	-457.5111	-5.254904	2549.933	11.11967	0.974941	0.993459	1.00632	1.02528	3.106555
2330	-458.1738	-452.391	-5.782816	99219.51	14.31246	0.995968	0.998966	1.00103	1.00404	3.128898
2340	-464.9961	-461.1485	-3.847613	1393.2	11.65206	0.966154	0.991098	1.00849	1.03426	2.99926
2350	-456.3602	-455.6827	-0.6774821	15110.17	13.24301	0.989678	0.99734	1.00262	1.01036	2.771779
2360	-454.3278	-461.3786	7.050779	72468.13	18.62854	0.995282	0.99879	1.0012	1.00473	2.248784
2370	-453.9068	-457.6361	3.729349	2444.497	15.84427	0.974409	0.993317	1.00645	1.02582	2.469819
2380	-458.7764	-458.4221	-0.3542827	5054.453	13.58202	0.982178	0.995377	1.00451	1.01794	2.750111
2390	-448.6337	-449.5939	0.9602354	7164.907	11.94541	0.985023	0.996125	1.0038	1.01506	2.60355
2400	-447.2719	-452.1272	4.85528	14294.2	16.72206	0.989388	0.997265	1.0027	1.01065	2.394546
2410	-452.11	-448.9734	-3.136552	14981.8	12.86542	0.989634	0.997328	1.00263	1.0104	2.957952
2420	-457.6603	-454.8857	-2.774643	52031.98	14.42308	0.994433	0.998571	1.00142	1.00558	2.916686
2430	-446.5971	-450.8791	4.282073	52760.03	12.53102	0.994472	0.998581	1.00141	1.00554	2.364035
2440	-457.7194	-458.7331	1.013686	84073.89	14.35925	0.99562	0.998877	1.00112	1.00439	2.654051
2450	-449.2247	-452.619	3.39434	41372.49	13.43876	0.993758	0.998397	1.00159	1.00626	2.470267
2460	-460.6496	-461.0153	0.3657203	55978.54	15.26256	0.994633	0.998623	1.00137	1.00538	2.691478
2470	-446.7658	-449.7199	2.9541	66305.52	14.54358	0.995068	0.998735	1.00126	1.00494	2.520416
2480	-460.765	-457.366	-3.399009	28934.34	11.72747	0.992537	0.998081	1.0019	1.00748	2.962989
2490	-464.8659	-456.8583	-8.007598	46116.48	10.66921	0.994087	0.998482	1.00151	1.00593	3.345248
2500	-455.8511	-455.2754	-0.57564	46038.76	18.65547	0.994082	0.998481	1.00151	1.00593	2.657227
2510	-451.4821	-456.466	4.983824	6738.119	13.24606	0.984558	0.996003	1.00391	1.01553	2.344412
2520	-453.6124	-452.2725	-1.339914	89964.1	12.62922	0.995765	0.998914	1.00108	1.00424	2.814597
2530	-454.6268	-457.5687	2.941818	63434.94	13.74176	0.994958	0.998706	1.00128	1.00505	2.510843
2540	-457.6805	-457.0352	-0.6453676	36117.6	14.92084	0.99332	0.998284	1.0017	1.0067	2.763241
2550	-447.4921	-457.8523	10.36018	17272.78	19.73329	0.990345	0.997513	1.00245	1.00969	2.063686
2560	-450.1068	-449.097	-1.009797	50718.22	12.46401	0.994361	0.998553	1.00144	1.00565	2.784755
2570	-461.4777	-457.8212	-3.656521	94671.53	10.89313	0.995872	0.998942	1.00105	1.00413	2.951115
2580	-447.8045	-456.7508	8.946234	300.6527	18.39126	0.927673	0.980337	1.01776	1.07423	2.148736
2590	-446.2361	-452.1207	5.884532	375.7	15.83297	0.935204	0.982498	1.01598	1.06632	2.333757
2600	-451.2677	-452.4539	1.18619	38936.62	14.82087	0.993566	0.998347	1.00164	1.00645	2.641052
2610	-460.6064	-461.1527	0.5463749	99229	15.5358	0.995968	0.998966	1.00103	1.00404	2.675823
2620	-458.3113	-455.2136	-3.097642	99229	12.32014	0.995968	0.998966	1.00103	1.00404	2.950439
2630	-475.6418	-459.5134	-16.12833	23853.66	13.1036	0.991782	0.997886	1.00209	1.00824	3.949414
2640	-456.3638	-454.096	-2.26781	99740.91	12.85748	0.995978	0.998969	1.00103	1.00403	2.890366
2650	-454.6877	-458.1389	3.451265	22817.71	14.65237	0.991598	0.997838	1.00214	1.00843	2.487141
2660	-459.0843	-458.1603	-0.9239655	16442.56	12.27644	0.990105	0.997451	1.00251	1.00993	2.772725
2670	-466.8036	-463.391	-3.412524	38370.71	14.1428	0.993518	0.998335	1.00165	1.0065	2.966665
2680	-457.2828	-452.6897	-4.59311	8700.611	12.18941	0.986406	0.996487	1.00345	1.01366	3.071031
2690	-449.4613	-454.7028	5.241543	50417.85	16.68308	0.994345	0.998548	1.00144	1.00567	2.37172
2700	-452.4209	-454.3149	1.893994	95791.93	15.36963	0.995896	0.998948	1.00105	1.00411	2.590548
2710	-459.9502	-455.5383	-4.411828	52289.05	10.61284	0.994447	0.998575	1.00141	1.00556	3.004801
2720	-467.4957	-462.5489	-4.946738	76535.74	11.87256	0.995409	0.998823	1.00117	1.0046	3.097159
2730	-450.8948	-449.6705	-1.224292	32522.44	15.85199	0.99296	0.998191	1.00179	1.00706	2.782272
2740	-475.6696	-461.1496	-14.52	62984.44	8.355758	0.99494	0.998702	1.00129	1.00507	3.906933
2750	-458.517	-451.7149	-6.802084	41217.82	12.49494	0.993746	0.998394	1.00159	1.00627	3.249069
2760	-461.1983	-452.8486	-8.34976	8209.747	9.354271	0.986006	0.996382	1.00355	1.01406	3.303691
2770	-453.2145	-453.9787	0.7642151	32445.6	14.62719	0.992952	0.998189	1.00179	1.00707	2.670648
2780	-449.1084	-451.1705	2.062073	25646.21	14.24055	0.992074	0.997962	1.00202	1.00795	2.580322
2790	-460.0609	-459.5164	-0.5445244	67533.45	12.85194	0.995113	0.998746	1.00125	1.0049	2.756236
2800	-465.7156	-459.2548	-6.460755	31226.12	11.18581	0.992816	0.998154	1.00183	1.0072	3.216543
2810	-458.5466	-465.431	6.884341	40891.18	17.13618	0.993721	0.998387	1.0016	1.00629	2.271968
2820	-463.0086	-458.2009	-4.807687	53031.55	11.31	0.994486	0.998585	1.0014	1.00553	3.072893
2830	-459.9226	-455.3857	-4.536881	72552.01	16.8871	0.995285	0.998791	1.0012	1.00472	2.949208
2840	-461.9349	-453.3023	-8.632651	44007.39	12.59153	0.993947	0.998446	1.00154	1.00607	3.393067
2850	-462.0093	-454.7824	-7.22698	15960.92	11.65413	0.989957	0.997412	1.00255	1.01008	3.289289
2860	-456.4646	-451.2974	-5.167173	65871.8	10.01575	0.995052	0.998731	1.00126	1.00496	3.034231
2870	-457.1957	-452.6485	-4.547208	91490.14	14.9727	0.995801	0.998924	1.00107	1.00421	3.023075
2880	-457.0377	-459.8889	2.851245	15555.38	13.10698	0.989827	0.997379	1.00258	1.01021	2.501099
2890	-459.6237	-465.2311	5.607377	7651.793	15.32201	0.985506	0.996251	1.00367	1.01457	2.348561
2900	-453.9252	-447.1739	-6.751234	67950.51	8.740416	0.995128	0.99875	1.00124	1.00488	3.048479
2910	-454.9857	-456.5318	1.546101	409.2626	16.01526	0.937886	0.983261	1.01534	1.06351	2.605117
2920	-446.9898	-451.2199	4.230059	19861.47	14.7381	0.990995	0.997682	1.00229	1.00903	2.434897
2930	-457.6368	-458.4782	0.8414425	37065.89	15.06894	0.993405	0.998306	1.00168	1.00661	2.662323
2940	-449.6611	-448.9396	-0.7214915	66032.75	12.83712	0.995058	0.998732	1.00126	1.00495	2.769749
2950	-464.7591	-458.3393	-6.41979	21290.04	11.36574	0.991302	0.997762	1.00221	1.00872	3.216416
2960	-455.9052	-450.9589	-4.946286	38342.89	16.49811	0.993516	0.998335	1.00165	1.0065	2.990361
2970	-464.2492	-453.1349	-11.11428	28514.38	13.29885	0.992483	0.998067	1.00191	1.00754	3.557063
2980	-454.3015	-455.0216	0.7200395	75350.57	11.39389	0.995373	0.998813	1.00118	1.00463	2.59024
2990	-476.8493	-478.4389	1.589563	18590.21	14.18811	0.990693	0.997603	1.00237	1.00934	2.613241
3000	-459.4622	-458.5521	-0.9100122	89863.92	11.97192	0.995763	0.998914	1.00108	1.00424	2.761153
3010	-466.4918	-468.5973	2.105496	53360.79	16.72021	0.994503	0.998589	1.0014	1.00551	2.559021
3020	-454.3493	-450.7225	-3.626815	4795.055	15.24177	0.981704	0.995252	1.00463	1.01842	2.953702
3030	-456.3384	-454.6587	-1.679709	31487.35	14.78055	0.992846	0.998161	1.00182	1.00717	2.835142
3040	-448.1356	-446.1199	-2.015766	32233.45	12.85821	0.992929	0.998183	1.0018	1.00709	2.87077
3050	-462.1264	-459.4731	-2.653255	18573.46	15.639	0.990689	0.997602	1.00237	1.00934	2.878796
3060	-454.5629	-452.1268	-2.436168	53752.76	19.83351	0.994523	0.998594	1.0014	1.00549	2.707908
3070	-452.0049	-451.2446	-0.7602933	65563.29	13.27601	0.99504	0.998728	1.00126	1.00497	2.778316
3080	-459.2998	-462.9399	3.640036	59859.53	14.2445	0.994809	0.998668	1.00132	1.0052	2.469573
3090	-455.1699	-455.7845	0.6146573	34210.74	10.82065	0.993136	0.998236	1.00175	1.00688	2.552202
3100	-453.1637	-451.2788	-1.88493	57411.99	11.93844	0.9947	0.99864	1.00135	1.00531	2.841502
3110	-468.1266	-466.1692	-1.957379	23526.46	18.47894	0.991725	0.997871	1.0021	1.0083	2.738201
3120	-454.6653	-454.455	-0.2102969	73178.62	13.21209	0.995305	0.998796	1.0012	1.0047	2.73612
3130	-460.334	-453.7852	-6.548789	61735.77	14.12928	0.994889	0.998689	1.0013	1.00512	3.188889
3140	-455.4352	-451.862	-3.573238	2313.281	9.92825	0.973697	0.993127	1.00663	1.02655	2.865953
3150	-451.2801	-447.0987	-4.181441	23634.29	14.35681	0.991744	0.997876	1.0021	1.00828	3.015909
3160	-460.5793	-456.9542	-3.625128	18727.05	10.3137	0.990727	0.997612	1.00236	1.0093	2.907816
3170	-457.7285	-457.7812	0.0527079	59498.03	13.98275	0.994794	0.998664	1.00133	1.00522	2.721718
3180	-464.4614	-463.5517	-0.9097261	40636.36	13.98778	0.993701	0.998382	1.0016	1.00631	2.790527
3190	-468.0811	-470.2941	2.213004	67110.61	14.90706	0.995098	0.998742	1.00125	1.00491	2.571692
3200	-458.613	-462.1983	3.585344	74286.28	15.72396	0.99534	0.998805	1.00119	1.00467	2.47953
3210	-450.6437	-455.748	5.10429	8669.902	14.29564	0.986382	0.99648	1.00345	1.01368	2.367874
3220	-448.5157	-450.9127	2.396959	91803.78	16.20695	0.995808	0.998925	1.00107	1.0042	2.549539
3230	-446.9787	-453.3299	6.351213	51465.51	20.98377	0.994403	0.998563	1.00143	1.00561	2.239889
3240	-453.9292	-455.0913	1.162148	79394.18	12.43991	0.995492	0.998844	1.00115	1.00451	2.609563
3250	-457.461	-450.6734	-6.787554	34215.94	10.92822	0.993137	0.998236	1.00175	1.00688	3.239572
3260	-471.7726	-455.1232	-16.64947	67428.2	9.074778	0.995109	0.998745	1.00125	1.0049	4.189141
3270	-465.9715	-455.7168	-10.25469	21083.27	12.24633	0.991259	0.997751	1.00222	1.00877	3.533733
3280	-455.2537	-450.2597	-4.993989	85175.96	11.45923	0.995648	0.998884	1.00111	1.00436	3.093429
3290	-460.9652	-455.5229	-5.442253	30511.61	11.2798	0.992732	0.998132	1.00185	1.00729	3.128194
3300	-466.8406	-464.7662	-2.074453	27379.83	13.99459	0.992329	0.998027	1.00195	1.00769	2.873725
3310	-471.8367	-463.1196	-8.717086	56819.97	15.13092	0.994673	0.998633	1.00136	1.00534	3.293442
3320	-459.0002	-454.489	-4.5112	84680.27	12.48463	0.995635	0.998881	1.00111	1.00437	3.06571
3330	-459.4521	-456.8672	-2.584939	61680.58	14.09088	0.994887	0.998688	1.0013	1.00512	2.9089
3340	-457.5477	-454.4025	-3.145157	47995.9	17.48511	0.994204	0.998512	1.00148	1.00581	2.843507
3350	-443.8451	-443.7006	-0.144507	61666.21	14.81559	0.994886	0.998688	1.0013	1.00512	2.730895
3360	-451.2048	-451.1373	-0.06747034	65429.81	15.76264	0.995035	0.998726	1.00126	1.00497	2.711084
3370	-462.6976	-454.8761	-7.821512	83882.06	12.35158	0.995615	0.998876	1.00112	1.00439	3.33333
3380	-458.9743	-448.9433	-10.03102	62843.08	9.980132	0.994934	0.9987	1.00129	1.00508	3.51849
3390	-453.2365	-452.6412	-0.5953762	36077.22	13.49316	0.993316	0.998283	1.0017	1.0067	2.767461
3400	-462.0089	-454.3636	-7.645321	68690.65	13.96125	0.995154	0.998757	1.00123	1.00485	3.273083
3410	-461.6471	-453.5815	-8.065597	83697.99	12.81837	0.99561	0.998874	1.00112	1.0044	3.342354
3420	-464.439	-456.1371	-8.30192	55605.1	11.79507	0.994615	0.998618	1.00137	1.0054	3.380515
3430	-467.6662	-454.8608	-12.80548	97658.63	12.42101	0.995935	0.998958	1.00104	1.00407	3.733335
3440	-464.8231	-463.2732	-1.549946	52666.55	17.1141	0.994467	0.99858	1.00141	1.00554	2.764895
3450	-465.6499	-462.1242	-3.525666	69530	13.70348	0.995184	0.998765	1.00123	1.00482	2.982029
3460	-464.1275	-457.1948	-6.932716	83718.01	11.06473	0.99561	0.998875	1.00112	1.0044	3.256256
3470	-459.5959	-457.6553	-1.940604	63599.97	15.40789	0.994964	0.998708	1.00128	1.00504	2.839107
3480	-464.7589	-457.3695	-7.389457	11906.49	13.69467	0.988375	0.997001	1.00295	1.01167	3.264289
3490	-461.8701	-459.9258	-1.944262	28502.4	11.64245	0.992481	0.998067	1.00191	1.00754	2.835511
3500	-454.9517	-451.0045	-3.947142	77797.26	16.93034	0.995446	0.998832	1.00116	1.00456	2.912524
3510	-454.9295	-456.024	1.094493	78868.19	12.08002	0.995477	0.99884	1.00115	1.00453	2.599228
3520	-446.1505	-450.813	4.662555	56326.11	17.0232	0.994649	0.998627	1.00136	1.00536	2.402957
3530	-455.6879	-454.4469	-1.240998	79124.88	14.75992	0.995485	0.998842	1.00115	1.00452	2.805781
3540	-455.3499	-450.7439	-4.606005	24902.54	11.40328	0.991957	0.997931	1.00205	1.00807	3.057967
3550	-461.1146	-452.451	-8.663646	56907.96	14.27017	0.994677	0.998634	1.00136	1.00533	3.332139
3560	-474.3988	-463.4183	-10.98049	40153.84	15.1322	0.993664	0.998373	1.00161	1.00635	3.442951
3570	-455.2426	-447.6165	-7.626019	65761.81	10.2494	0.995048	0.99873	1.00126	1.00496	3.292649
3580	-457.3751	-452.0136	-5.361492	24801.31	13.48576	0.99194	0.997927	1.00205	1.00808	3.12084
3590	-456.3211	-451.5024	-4.818727	20113.06	12.38912	0.991051	0.997697	1.00228	1.00898	3.090294
3600	-459.2983	-457.755	-1.543297	68478.7	13.17038	0.995147	0.998755	1.00124	1.00486	2.836787
3610	-445.3328	-454.327	8.994227	83236.7	16.68579	0.995598	0.998871	1.00112	1.00441	2.146798
3620	-464.8124	-459.8617	-4.9507	93074.91	12.21585	0.995837	0.998933	1.00106	1.00417	3.100496
3630	-450.7501	-448.7841	-1.966046	65643.98	14.09759	0.995043	0.998728	1.00126	1.00497	2.864904
3640	-448.4065	-451.1629	2.756351	23625.2	14.59928	0.991742	0.997876	1.0021	1.00828	2.534318
3650	-463.4004	-455.4681	-7.932325	63028.96	18.12305	0.994941	0.998702	1.00129	1.00507	3.081591
3660	-459.5465	-458.4532	-1.093335	55804.2	13.37045	0.994624	0.998621	1.00137	1.00539	2.803924
3670	-458.1365	-453.1164	-5.020067	37784.9	14.8765	0.993468	0.998322	1.00166	1.00655	3.057938
3680	-455.7517	-454.68	-1.071663	10125.76	15.23158	0.987396	0.996745	1.0032	1.01266	2.786258
3690	-463.4874	-462.7938	-0.6935518	82251.13	15.63924	0.995571	0.998864	1.00113	1.00444	2.753482
3700	-456.2471	-451.6598	-4.587306	25273.98	15.70803	0.992016	0.997947	1.00203	1.00801	2.999887
3710	-454.7644	-451.6209	-3.143548	60064.43	13.23775	0.994818	0.998671	1.00132	1.00519	2.95802
3720	-455.3007	-454.8971	-0.4035787	16509.79	16.07743	0.990125	0.997456	1.00251	1.00991	2.725418
3730	-449.2253	-446.7574	-2.46785	25129.48	12.20352	0.991993	0.997941	1.00204	1.00803	2.896984
3740	-462.5837	-456.9464	-5.637232	72443.13	9.800082	0.995281	0.99879	1.0012	1.00473	3.0623
3750	-459.3236	-457.4594	-1.864277	29496.24	13.48877	0.992609	0.9981	1.00188	1.00741	2.861509
3760	-449.0763	-453.2512	4.174963	98752.26	17.50587	0.995958	0.998964	1.00103	1.00405	2.424524
3770	-468.4262	-465.3712	-3.055037	4502.832	16.88598	0.981121	0.995098	1.00477	1.01901	2.8615
3780	-448.4499	-450.5245	2.074555	90612.75	16.49142	0.99578	0.998918	1.00108	1.00423	2.56492
3790	-453.4611	-457.1853	3.724227	13859.16	15.00404	0.989223	0.997222	1.00274	1.01082	2.470776
3800	-455.962	-451.5484	-4.413681	95144.08	12.23468	0.995882	0.998944	1.00105	1.00412	3.056685
3810	-451.4937	-454.3421	2.848385	78933.87	17.98485	0.995479	0.998841	1.00115	1.00453	2.489925
3820	-453.4235	-450.5253	-2.898275	89516.48	17.63312	0.995755	0.998912	1.00108	1.00425	2.823558
3830	-474.7492	-469.3648	-5.38432	4930.515	10.82504	0.981956	0.995319	1.00457	1.01816	3.106798
3840	-468.2095	-462.7029	-5.506613	55542.2	14.04042	0.994612	0.998617	1.00137	1.0054	3.117687
3850	-467.7509	-460.1127	-7.638205	66274.24	12.70565	0.995067	0.998735	1.00126	1.00494	3.311641
3860	-461.0532	-453.9855	-7.067665	86300.95	11.515	0.995676	0.998892	1.0011	1.00433	3.27485
3870	-459.4736	-454.583	-4.890562	59756.34	12.7597	0.994805	0.998667	1.00132	1.0052	3.095068
3880	-462.618	-462.9248	0.306793	35915.78	14.69701	0.993301	0.998279	1.00171	1.00672	2.701418
3890	-466.1226	-460.8159	-5.306664	51763.58	11.51293	0.994419	0.998567	1.00142	1.00559	3.121876
3900	-453.7848	-448.2622	-5.522641	6703.423	13.80238	0.984518	0.995992	1.00392	1.01557	3.125273
3910	-465.0341	-462.4306	-2.603484	95258.29	16.81948	0.995885	0.998945	1.00105	1.00412	2.837138
3920	-466.1615	-465.6194	-0.5421433	35655.77	14.65539	0.993276	0.998273	1.00171	1.00674	2.759651
3930	-471.3256	-462.3126	-9.013083	51661.04	12.13126	0.994413	0.998566	1.00142	1.0056	3.434894
3940	-463.1326	-458.188	-4.944571	27995.49	14.17689	0.992413	0.998049	1.00193	1.00761	3.07408
3950	-450.4271	-450.0483	-0.3787809	24675.7	15.72909	0.99192	0.997922	1.00206	1.0081	2.731532
3960	-467.233	-454.9405	-12.29245	50909.09	11.84636	0.994372	0.998555	1.00143	1.00564	3.716887
3970	-458.7241	-453.2763	-5.447837	63971.86	11.4993	0.994979	0.998712	1.00128	1.00503	3.133866
3980	-470.8773	-461.0433	-9.833937	67249.31	9.863571	0.995103	0.998744	1.00125	1.00491	3.493619
3990	-463.3757	-454.5119	-8.86381	14809.44	10.10865	0.989574	0.997313	1.00265	1.01046	3.407645
4000	-453.9508	-448.372	-5.578877	71999.03	12.74409	0.995267	0.998786	1.00121	1.00474	3.149177
4010	-457.3759	-450.6754	-6.70052	20481.21	11.97256	0.991132	0.997717	1.00225	1.0089	3.244826
4020	-456.1617	-448.7164	-7.445258	68451.53	17.73838	0.995146	0.998755	1.00124	1.00486	3.075709
4030	-456.404	-451.761	-4.64298	47730.72	13.19916	0.994188	0.998508	1.00148	1.00582	3.071785
4040	-464.5389	-462.2514	-2.287505	54866.9	10.98477	0.994579	0.998609	1.00138	1.00543	2.831467
4050	-463.1004	-458.2254	-4.87504	90508.23	11.59497	0.995778	0.998918	1.00108	1.00423	3.086255
4060	-452.6099	-457.9098	5.299886	87169.5	18.42445	0.995698	0.998897	1.0011	1.00431	2.346426
4070	-455.6711	-457.7332	2.062074	8167.137	12.45015	0.98597	0.996373	1.00356	1.0141	2.537679
4080	-456.2937	-463.3856	7.0919	74412.17	14.97328	0.995344	0.998806	1.00119	1.00466	2.245731
4090	-456.2285	-462.0796	5.851072	54611.03	13.78572	0.994566	0.998605	1.00138	1.00544	2.300664
4100	-471.0538	-467.8789	-3.174812	89485.24	15.08305	0.995754	0.998911	1.00108	1.00425	2.928466
4110	-454.3445	-460.53	6.185449	16032.28	13.30186	0.989979	0.997418	1.00255	1.01006	2.256361
4120	-453.4593	-454.387	0.9277094	81146.1	16.14094	0.995541	0.998857	1.00114	1.00447	2.641443
4130	-450.4993	-451.8765	1.377168	45127.97	17.03019	0.994023	0.998465	1.00152	1.00599	2.595793
4140	-465.4997	-459.335	-6.164731	12574.4	11.08485	0.988687	0.997082	1.00287	1.01136	3.18742
4150	-457.1997	-450.3566	-6.843048	11288.79	14.80504	0.988062	0.996919	1.00303	1.01199	3.183461
4160	-464.4282	-462.9197	-1.508495	67244.81	13.3828	0.995102	0.998744	1.00125	1.00491	2.835003
4170	-466.6713	-464.1293	-2.54205	4904.362	15.37279	0.981908	0.995306	1.00458	1.01821	2.879088
4180	-458.1709	-458.3492	0.1782204	14353.38	13.67026	0.98941	0.99727	1.00269	1.01063	2.711537
4190	-474.2308	-464.5089	-9.721887	69724.69	8.621059	0.99519	0.998766	1.00123	1.00482	3.372643
4200	-464.7696	-458.9204	-5.849208	54216.62	11.94272	0.994546	0.9986	1.00139	1.00546	3.173583
4210	-454.8401	-458.7623	3.922269	80904.71	11.54113	0.995535	0.998855	1.00114	1.00447	2.322794
4220	-454.8954	-455.4132	0.5178287	30862.04	16.4767	0.992774	0.998143	1.00184	1.00724	2.659648
4230	-453.8656	-458.9786	5.112956	44139.7	14.99342	0.993956	0.998448	1.00154	1.00606	2.378109
4240	-455.9523	-457.2469	1.294566	85177.1	18.61288	0.995648	0.998884	1.00111	1.00436	2.558251
4250	-464.1053	-461.2088	-2.896533	11161.25	13.63525	0.987994	0.996901	1.00305	1.01206	2.936802
4260	-459.0941	-464.3817	5.287627	77299.23	18.64049	0.995432	0.998829	1.00116	1.00458	2.343212
4270	-450.9806	-457.9317	6.951083	30765.64	15.31816	0.992762	0.99814	1.00184	1.00726	2.26081
4280	-465.7064	-468.9117	3.205357	51780.38	17.21038	0.99442	0.998568	1.00142	1.00559	2.485369
4290	-454.8535	-451.2909	-3.562576	68540.56	13.57043	0.995149	0.998756	1.00124	1.00486	2.986469
4300	-456.2414	-450.8816	-5.359808	99767.04	9.214123	0.995979	0.998969	1.00102	1.00403	2.965315
4310	-458.2034	-453.17	-5.033465	81282.06	11.97177	0.995545	0.998858	1.00114	1.00446	3.105579
4320	-453.9329	-454.4641	0.5312375	18742.96	21.65091	0.990731	0.997613	1.00236	1.0093	2.492786
4330	-470.7384	-465.7663	-4.972065	8588.482	11.51507	0.986318	0.996464	1.00347	1.01375	3.092863
4340	-457.212	-459.0806	1.868637	4647.622	12.77042	0.981417	0.995176	1.0047	1.01871	2.565713
4350	-452.481	-452.6112	0.1301572	4604.012	14.3294	0.981329	0.995153	1.00472	1.01879	2.715701
4360	-453.5353	-449.9447	-3.590538	80498.74	11.18467	0.995523	0.998852	1.00114	1.00448	2.959897
4370	-464.9714	-458.8744	-6.097016	86281.22	9.537312	0.995676	0.998891	1.0011	1.00433	3.083551
4380	-464.0256	-464.475	0.4494297	39851.83	17.79273	0.99364	0.998367	1.00162	1.00637	2.62905
4390	-462.7777	-456.6431	-6.134627	80010.53	10.0211	0.99551	0.998849	1.00114	1.0045	3.13123
4400	-452.893	-452.9526	0.0595734	73479.26	16.34596	0.995315	0.998798	1.00119	1.00469	2.690573
4410	-460.1073	-461.7401	1.632798	18819.17	17.28862	0.990749	0.997618	1.00235	1.00928	2.574932
4420	-459.3756	-456.3419	-3.033707	84992.24	10.45272	0.995643	0.998883	1.00111	1.00436	2.86242
4430	-457.2865	-449.8906	-7.395953	55690.74	12.32374	0.994619	0.998619	1.00137	1.00539	3.299273
4440	-456.2655	-452.2912	-3.974341	21800.4	12.86006	0.991404	0.997788	1.00219	1.00862	3.023086
4450	-465.6412	-457.3014	-8.339774	90070.79	9.477846	0.995768	0.998915	1.00108	1.00424	3.313728
4460	-454.8698	-454.2294	-0.6403968	27765.77	18.06757	0.992382	0.998041	1.00194	1.00764	2.681119
4470	-454.6889	-454.6813	-0.007508289	97456.41	15.33597	0.995931	0.998957	1.00104	1.00407	2.714801
4480	-452.9881	-452.6924	-0.2957806	21147.77	12.19641	0.991273	0.997754	1.00222	1.00875	2.71874
4490	-450.377	-458.4854	8.108354	95172.23	19.30086	0.995883	0.998945	1.00105	1.00412	2.184005
4500	-444.3109	-451.0252	6.71432	12015.33	14.42582	0.988428	0.997014	1.00294	1.01162	2.258858
4510	-464.5488	-458.3713	-6.177476	90581.73	10.89422	0.99578	0.998918	1.00108	1.00423	3.182579
4520	-467.7251	-456.587	-11.13808	79039.54	11.10662	0.995482	0.998842	1.00115	1.00452	3.635805
4530	-464.1277	-456.0859	-8.041817	17292.21	11.95941	0.99035	0.997515	1.00245	1.00968	3.357001
4540	-455.469	-450.9466	-4.522318	69810.65	11.87404	0.995193	0.998767	1.00122	1.00481	3.061435
4550	-455.3722	-455.7827	0.4105402	59142.9	11.3725	0.994778	0.99866	1.00133	1.00523	2.615928
4560	-464.1875	-458.5704	-5.617062	23211.02	13.57972	0.991669	0.997857	1.00212	1.00836	3.137646
4570	-454.7821	-452.4332	-2.348873	40895.89	12.81923	0.993721	0.998388	1.0016	1.00629	2.896382
4580	-463.3874	-458.2647	-5.122712	13508.34	10.96742	0.989085	0.997185	1.00277	1.01096	3.088865
4590	-456.1425	-455.985	-0.1574492	20180.69	12.90113	0.991066	0.9977	1.00227	1.00896	2.727101
4600	-463.6903	-455.2152	-8.475109	93826.18	11.84059	0.995853	0.998937	1.00106	1.00415	3.394714
4610	-466.0404	-460.7117	-5.328671	81179.53	12.01782	0.995542	0.998857	1.00114	1.00446	3.130574
4620	-456.2183	-454.989	-1.229353	19347.51	17.3932	0.990876	0.997651	1.00232	1.00915	2.737019
4630	-453.6347	-453.9009	0.2662242	21227.07	16.76329	0.991289	0.997758	1.00221	1.00874	2.667944
4640	-452.3205	-463.5836	11.26304	72364.17	19.75814	0.995279	0.998789	1.0012	1.00473	2.017755
4650	-444.2675	-450.4567	6.189216	30576.16	15.49523	0.99274	0.998134	1.00185	1.00728	2.312267
4660	-471.7783	-460.005	-11.77329	35504.37	7.889293	0.993262	0.998269	1.00171	1.00675	3.503072
4670	-458.029	-454.2073	-3.821702	78280.38	10.81614	0.995461	0.998836	1.00116	1.00455	2.96193
4680	-453.8552	-447.444	-6.411241	61511.07	10.04244	0.99488	0.998686	1.0013	1.00513	3.160381
4690	-474.2149	-459.5986	-14.61628	34151.35	8.958683	0.99313	0.998235	1.00175	1.00689	3.960141
4700	-463.1557	-457.9429	-5.212792	16194.16	11.34606	0.990029	0.997431	1.00253	1.01001	3.109699
4710	-458.1131	-454.9986	-3.114505	27364.47	11.65415	0.992326	0.998027	1.00195	1.00769	2.936412
4720	-470.2838	-464.1514	-6.13239	73521.94	11.19655	0.995316	0.998799	1.00119	1.00469	3.187452
4730	-466.655	-461.2523	-5.402763	15151.33	12.91196	0.989692	0.997344	1.00262	1.01035	3.133548
4740	-464.0891	-461.1184	-2.970681	8898.09	14.66747	0.986557	0.996526	1.00341	1.01351	2.925089
4750	-464.556	-460.5156	-4.040381	28560.25	11.66235	0.992489	0.998069	1.00191	1.00753	3.01607
4760	-475.0032	-463.4307	-11.57243	96649.17	10.93271	0.995914	0.998953	1.00104	1.00409	3.677366
4770	-462.5878	-456.8173	-5.770455	57459.25	10.95662	0.994702	0.998641	1.00135	1.00531	3.147539
4780	-465.3527	-459.5041	-5.848507	98774.82	11.01829	0.995958	0.998964	1.00103	1.00405	3.156772
4790	-460.8604	-452.0569	-8.803469	69363.23	8.920503	0.995178	0.998763	1.00123	1.00483	3.306694
4800	-462.7605	-454.2178	-8.542689	36045.8	11.69468	0.993313	0.998282	1.0017	1.0067	3.401872
4810	-460.9002	-451.4481	-9.452114	90177.95	11.23355	0.99577	0.998916	1.00108	1.00424	3.483855
4820	-465.9492	-459.3447	-6.604479	82884.66	13.94753	0.995588	0.998869	1.00112	1.00442	3.198984
4830	-468.3964	-461.4706	-6.925741	25121.06	10.57518	0.991992	0.99794	1.00204	1.00803	3.240149
4840	-449.9294	-455.4167	5.487217	21791.25	17.84664	0.991402	0.997788	1.00219	1.00862	2.345172
4850	-449.6932	-458.9779	9.284746	76874.05	17.03582	0.995419	0.998825	1.00117	1.00459	2.131491
4860	-477.1733	-473.1134	-4.059912	89021.53	11.53645	0.995743	0.998909	1.00108	1.00426	3.014286
4870	-463.54	-456.4555	-7.084477	60970.21	12.69208	0.994857	0.99868	1.00131	1.00515	3.268316
4880	-453.7783	-450.909	-2.869289	1752.158	11.23422	0.969799	0.992082	1.00759	1.03053	2.897891
4890	-460.0881	-457.4071	-2.680989	52263.38	15.74107	0.994445	0.998574	1.00141	1.00557	2.877538
4900	-461.6358	-452.5784	-9.057435	60229.97	10.55795	0.994825	0.998672	1.00132	1.00518	3.441335
4910	-452.0056	-448.7342	-3.271396	80472.95	13.10916	0.995523	0.998852	1.00114	1.00448	2.968221
4920	-448.2403	-448.7532	0.5128488	18546.57	14.26455	0.990682	0.997601	1.00237	1.00935	2.689091
4930	-456.1275	-455.2318	-0.8956709	48903.45	12.76409	0.994258	0.998526	1.00146	1.00575	2.782061
4940	-457.3503	-452.8833	-4.466943	98818.57	11.7556	0.995959	0.998964	1.00103	1.00405	3.054621
4950	-453.7981	-457.6398	3.841686	65498.05	14.35983	0.995038	0.998727	1.00126	1.00497	2.457113
4960	-454.7786	-453.2004	-1.578267	1846.663	12.57701	0.970577	0.992291	1.0074	1.02973	2.832558
4970	-475.7394	-466.983	-8.756407	4380.756	10.59283	0.980861	0.99503	1.00484	1.01927	3.413693
4980	-461.3294	-454.286	-7.043485	40673.92	9.9801	0.993704	0.998383	1.0016	1.00631	3.21914
4990	-458.7143	-451.1189	-7.595364	35548.04	9.958833	0.993266	0.99827	1.00171	1.00675	3.273075
5000	-460.3513	-452.5846	-7.766734	32636	9.761526	0.992973	0.998194	1.00179	1.00704	3.276781
5010	-467.2613	-459.9907	-7.270614	57266.9	12.36942	0.994693	0.998638	1.00135	1.00532	3.288481
5020	-474.4512	-465.8604	-8.590827	12596.79	11.40465	0.988697	0.997085	1.00287	1.01135	3.40741
5030	-463.4882	-463.2705	-0.2177417	40577.03	12.15211	0.993697	0.998381	1.0016	1.00632	2.710681
5040	-468.9414	-460.2327	-8.708706	65467.38	8.99179	0.995037	0.998727	1.00126	1.00497	3.304647
5050	-461.0435	-456.6579	-4.385578	64037.67	12.00118	0.994981	0.998713	1.00128	1.00503	3.051875
5060	-457.7081	-451.766	-5.942047	47609.91	12.03281	0.994181	0.998506	1.00148	1.00583	3.181648
5070	-457.0595	-453.0321	-4.027469	80257.3	12.72242	0.995517	0.99885	1.00114	1.00449	3.027454
5080	-469.5196	-463.3785	-6.141092	96200.26	12.51665	0.995905	0.99895	1.00104	1.0041	3.195964
5090	-455.6033	-449.2272	-6.376072	53475.69	15.74713	0.994509	0.998591	1.0014	1.0055	3.112007
5100	-445.3069	-447.8088	2.501921	99769.31	16.41635	0.995979	0.998969	1.00102	1.00403	2.540136
5110	-455.3076	-456.1976	0.8900457	47230.33	12.92144	0.994157	0.9985	1.00149	1.00585	2.646425
5120	-462.3011	-461.62	-0.6811346	51021.99	13.14614	0.994378	0.998557	1.00143	1.00563	2.771058
5130	-455.6264	-451.4166	-4.209791	91339.37	10.43283	0.995797	0.998923	1.00107	1.00421	2.973502
5140	-452.6474	-450.0947	-2.552715	42214.75	11.93907	0.99382	0.998413	1.00157	1.00619	2.897455
5150	-456.1612	-449.1595	-7.00169	77051.91	11.02166	0.995425	0.998827	1.00117	1.00458	3.261512
5160	-467.3254	-457.1251	-10.20027	9659.406	8.888971	0.987097	0.996667	1.00327	1.01296	3.459939
5170	-456.7112	-455.2251	-1.486129	51524.01	15.63894	0.994406	0.998564	1.00142	1.00561	2.804168
5180	-459.9234	-455.0518	-4.871629	83304.4	12.64316	0.995599	0.998872	1.00112	1.00441	3.094189
5190	-473.6226	-461.5911	-12.03158	16490.72	12.1425	0.990119	0.997454	1.00251	1.00992	3.683246
5200	-453.4426	-454.1135	0.6708901	55970.83	17.60754	0.994632	0.998623	1.00137	1.00538	2.621864
5210	-466.8834	-461.9889	-4.894497	12360.15	14.82002	0.98859	0.997057	1.0029	1.01146	3.051358
5220	-454.2366	-451.0911	-3.145505	94788.14	14.90897	0.995874	0.998942	1.00105	1.00413	2.931105
5230	-464.6615	-456.4407	-8.220851	94381.08	14.66527	0.995866	0.99894	1.00105	1.00414	3.283139
5240	-450.2681	-448.6458	-1.622256	21464.76	14.47843	0.991337	0.997771	1.0022	1.00869	2.836025
5250	-458.855	-457.6863	-1.168638	86109.7	20.47902	0.995672	0.99889	1.0011	1.00433	2.618476
5260	-452.6324	-455.4155	2.783087	1904.371	15.46021	0.971024	0.992411	1.00729	1.02928	2.532274
5270	-452.0763	-452.5086	0.4322947	30115.32	13.88061	0.992685	0.99812	1.00186	1.00733	2.694215
5280	-461.6677	-453.1503	-8.517366	39360.98	15.43022	0.9936	0.998356	1.00163	1.00641	3.264783
5290	-457.9277	-453.6956	-4.232097	98491.54	12.42247	0.995953	0.998963	1.00103	1.00405	3.04311
5300	-464.8614	-456.4201	-8.441294	51361.44	12.40583	0.994397	0.998562	1.00143	1.00561	3.382322
5310	-460.9932	-456.0273	-4.965909	55271.05	14.72211	0.994598	0.998614	1.00138	1.00541	3.059372
5320	-455.5134	-452.3025	-3.210906	47263.33	11.2999	0.994159	0.998501	1.00149	1.00585	2.931268
5330	-462.9406	-457.6222	-5.318409	88405.35	14.18659	0.995728	0.998905	1.00109	1.00428	3.100169
5340	-460.8843	-458.4571	-2.42717	97391.18	11.43832	0.99593	0.998957	1.00104	1.00408	2.868498
5350	-457.6517	-454.2923	-3.359356	30979.17	12.36171	0.992787	0.998146	1.00184	1.00723	2.972188
5360	-452.2323	-454.7186	2.486361	78697.04	14.30009	0.995473	0.998839	1.00115	1.00453	2.551038
5370	-454.4393	-453.8796	-0.5597057	52158.42	11.20321	0.99444	0.998573	1.00142	1.00557	2.690197
5380	-455.6987	-454.4429	-1.255834	41860.27	14.48214	0.993794	0.998406	1.00158	1.00622	2.810671
5390	-469.0379	-465.5936	-3.444362	57290.98	14.29439	0.994694	0.998639	1.00135	1.00532	2.965891
5400	-451.453	-450.624	-0.8290255	78736.02	14.50666	0.995474	0.998839	1.00115	1.00453	2.780942
5410	-450.5279	-450.3318	-0.1960415	73460.76	14.14839	0.995314	0.998798	1.00119	1.00469	2.73922
5420	-454.837	-450.9793	-3.857664	94511.32	13.85183	0.995868	0.998941	1.00105	1.00414	3.003788
5430	-462.9295	-453.5358	-9.393719	20180.95	19.27268	0.991067	0.9977	1.00227	1.00896	3.092511
5440	-456.2946	-453.5073	-2.787365	70553.28	11.6009	0.995219	0.998774	1.00122	1.00479	2.906424
5450	-462.3785	-465.9377	3.559161	67760.5	14.51085	0.995121	0.998749	1.00124	1.00489	2.478489
5460	-460.1245	-459.6575	-0.4669746	65351.96	15.43074	0.995032	0.998726	1.00127	1.00498	2.743045
5470	-454.2748	-454.3786	0.1038141	73781.78	14.59183	0.995324	0.998801	1.00119	1.00468	2.716062
5480	-455.9015	-455.055	-0.8464113	70301.33	13.40148	0.99521	0.998771	1.00122	1.0048	2.785636
5490	-457.2673	-447.9017	-9.365586	51066.83	9.018951	0.994381	0.998558	1.00143	1.00563	3.380637
5500	-463.0958	-454.6481	-8.447749	61765.96	12.34664	0.99489	0.998689	1.0013	1.00512	3.384137
5510	-455.1361	-449.4835	-5.652571	73408.57	12.36399	0.995312	0.998798	1.00119	1.0047	3.15769
5520	-453.7653	-456.8255	3.060194	21543.28	19.49755	0.991353	0.997775	1.0022	1.00867	2.440188
5530	-452.8811	-450.8173	-2.063794	51748.52	18.1853	0.994418	0.998567	1.00142	1.00559	2.755382
5540	-459.9298	-458.071	-1.858802	60133.31	11.00953	0.994821	0.998671	1.00132	1.00519	2.794094
5550	-460.7232	-453.3476	-7.37559	10008.42	10.74491	0.987323	0.996726	1.00322	1.01273	3.28843
5560	-464.6162	-455.6057	-9.010519	67522.87	11.91838	0.995113	0.998746	1.00125	1.0049	3.438702
5570	-448.1867	-448.3766	0.189857	53898.72	13.24551	0.99453	0.998596	1.00139	1.00548	2.706321
5580	-469.826	-457.7792	-12.04682	70174.22	10.63843	0.995206	0.99877	1.00122	1.0048	3.724053
5590	-462.2743	-455.949	-6.325255	70046.17	11.04943	0.995201	0.998769	1.00122	1.00481	3.200931
5600	-450.139	-452.3864	2.247431	24791.27	19.81683	0.991939	0.997927	1.00205	1.00808	2.47227
5610	-443.9927	-448.1473	4.154631	80559.25	16.16418	0.995525	0.998853	1.00114	1.00448	2.441373
5620	-465.3561	-456.081	-9.275056	15869.18	11.45288	0.989928	0.997405	1.00256	1.01011	3.467069
5630	-452.3956	-457.9499	5.554314	28293.44	12.90362	0.992453	0.99806	1.00192	1.00757	2.284502
5640	-453.0006	-454.2362	1.235614	67354.77	14.71403	0.995106	0.998745	1.00125	1.0049	2.638162
5650	-463.4169	-461.4403	-1.976608	54737.34	11.29278	0.994572	0.998607	1.00138	1.00544	2.821654
5660	-449.5678	-452.8795	3.31175	71628.1	17.02702	0.995255	0.998783	1.00121	1.00475	2.482247
5670	-462.1096	-456.8381	-5.271432	19591.34	14.25992	0.990933	0.997666	1.0023	1.0091	3.094728
5680	-448.3712	-450.5645	2.193252	44141.94	13.99504	0.993956	0.998448	1.00154	1.00606	2.568776
5690	-451.3106	-449.1769	-2.133657	6047.062	13.89541	0.983702	0.995778	1.00413	1.01639	2.878939
5700	-449.316	-444.1086	-5.207427	60035.35	16.1776	0.994817	0.99867	1.00132	1.00519	3.01999
5710	-472.6497	-461.0608	-11.58891	12971.32	12.29816	0.988861	0.997127	1.00283	1.01118	3.640566
5720	-463.1662	-458.4124	-4.753852	62636.39	14.70211	0.994926	0.998698	1.00129	1.00508	3.045591
5730	-456.0198	-457.4535	1.43376	63146.7	10.72645	0.994946	0.998703	1.00129	1.00506	2.466587
5740	-448.9588	-449.4734	0.5146277	85418.68	13.92306	0.995654	0.998886	1.00111	1.00435	2.688469
5750	-470.2817	-461.5854	-8.696232	49625.57	10.84635	0.9943	0.998537	1.00145	1.00571	3.413083
5760	-462.9578	-456.4801	-6.477751	30311.09	11.79299	0.992708	0.998126	1.00186	1.00731	3.225851
5770	-455.8848	-452.4362	-3.448562	47966.61	11.13209	0.994202	0.998512	1.00148	1.00581	2.944713
5780	-467.1187	-461.6294	-5.489254	33406.26	11.51698	0.993054	0.998215	1.00177	1.00696	3.137814
5790	-465.975	-466.0203	0.04524509	67807.81	17.30108	0.995123	0.998749	1.00124	1.00489	2.666401
5800	-457.2087	-458.343	1.134305	66749.45	17.65059	0.995084	0.998739	1.00125	1.00492	2.594399
5810	-471.6034	-463.5273	-8.076126	2985.318	10.79035	0.976833	0.993963	1.00585	1.02336	3.354697
5820	-465.9586	-461.262	-4.696598	43530.11	14.24347	0.993914	0.998437	1.00155	1.0061	3.054853
5830	-483.2365	-465.6163	-17.62022	15709.65	7.899734	0.989877	0.997392	1.00257	1.01016	4.245184
5840	-465.6649	-457.2221	-8.442826	15626.31	11.76481	0.98985	0.997385	1.00258	1.01019	3.392749
5850	-470.8604	-459.7575	-11.10295	82569.19	11.23792	0.99558	0.998867	1.00113	1.00443	3.63074
5860	-473.6425	-462.8382	-10.80424	20591.53	9.467455	0.991156	0.997724	1.00225	1.00887	3.573143
5870	-459.9525	-450.2081	-9.744387	82452.01	15.13728	0.995577	0.998866	1.00113	1.00443	3.360979
5880	-460.6985	-455.1688	-5.529617	64487.05	13.59307	0.994999	0.998717	1.00127	1.00501	3.130899
5890	-464.7585	-459.0368	-5.721708	13482.11	12.02694	0.989074	0.997183	1.00277	1.01097	3.163314
5900	-457.7993	-452.3338	-5.465564	34160.04	14.39695	0.993131	0.998235	1.00175	1.00689	3.104088
5910	-455.4654	-450.479	-4.986465	87647.37	17.54135	0.99571	0.9989	1.00109	1.0043	2.946224
5920	-450.8288	-454.7885	3.959717	16539.7	14.80439	0.990134	0.997458	1.00251	1.0099	2.453788
5930	-459.4847	-458.0215	-1.4632	52293.27	13.79151	0.994447	0.998575	1.00141	1.00556	2.831208
5940	-457.0435	-457.1009	0.05738024	95060.98	16.07285	0.99588	0.998944	1.00105	1.00413	2.696846
5950	-454.3841	-458.5994	4.215338	11020.73	17.50754	0.987918	0.996881	1.00307	1.01213	2.422191
5960	-455.1171	-455.2485	0.131418	20155.6	14.91196	0.991061	0.997699	1.00227	1.00897	2.711277
5970	-475.0237	-460.845	-14.17866	41225.68	9.543412	0.993747	0.998394	1.00159	1.00627	3.931029
5980	-465.3827	-457.8911	-7.491575	66998.08	13.58365	0.995093	0.998741	1.00125	1.00492	3.275551
5990	-468.1521	-455.8359	-12.31627	3645.717	8.414194	0.979027	0.994545	1.0053	1.02113	3.650464
6000	-463.6689	-456.3951	-7.273755	71874.92	9.940497	0.995263	0.998785	1.00121	1.00475	3.239527
6010	-454.8196	-447.1125	-7.707157	70911.11	12.18906	0.995231	0.998777	1.00122	1.00478	3.326507
6020	-454.1848	-446.6907	-7.494163	5966.951	12.3599	0.983593	0.995749	1.00415	1.0165	3.306701
6030	-450.0798	-446.3406	-3.739188	94370.32	11.52133	0.995865	0.99894	1.00105	1.00414	2.985999
6040	-455.3004	-451.5254	-3.774955	74270.74	12.68094	0.99534	0.998805	1.00119	1.00467	3.007539
6050	-453.8646	-449.7221	-4.142516	34959.91	13.80495	0.99321	0.998255	1.00173	1.00681	3.025234
6060	-452.8763	-447.1999	-5.676364	42687.86	11.94659	0.993855	0.998422	1.00156	1.00616	3.159134
6070	-463.4852	-459.3104	-4.174813	31088.47	11.07559	0.9928	0.998149	1.00183	1.00722	3.007491
6080	-481.6334	-464.0249	-17.60852	83288.51	10.41546	0.995599	0.998872	1.00112	1.00441	4.258662
6090	-468.7369	-459.2094	-9.527465	6323.164	10.15906	0.98406	0.995872	1.00404	1.01603	3.475146
6100	-466.8543	-469.6682	2.813835	17906.5	14.54731	0.990517	0.997558	1.00241	1.00951	2.530084
6110	-449.6725	-452.6536	2.981087	43809.72	16.85154	0.993934	0.998442	1.00154	1.00608	2.504595
6120	-449.7507	-449.83	0.07934984	52320.28	14.51009	0.994448	0.998575	1.00141	1.00556	2.718302
6130	-451.6574	-452.5743	0.9168991	91649.34	16.82191	0.995804	0.998924	1.00107	1.0042	2.627778
6140	-460.1715	-456.7663	-3.405155	37381.99	14.12402	0.993433	0.998313	1.00167	1.00658	2.966497
6150	-457.9279	-456.6132	-1.314746	19402.26	16.10497	0.990889	0.997654	1.00232	1.00914	2.78135
6160	-461.7122	-455.1673	-6.544914	95677.68	17.95126	0.995894	0.998947	1.00105	1.00411	3.013955
6170	-461.7466	-462.6041	0.8575023	15019.03	12.631	0.989647	0.997332	1.00263	1.01039	2.64066
6180	-457.8765	-460.3163	2.439762	76003.78	15.14555	0.995393	0.998819	1.00117	1.00461	2.556042
6190	-451.7335	-457.7419	6.008316	50249.63	22.04603	0.994335	0.998546	1.00144	1.00568	2.22972
6200	-457.6471	-459.0934	1.446315	29614.26	18.51833	0.992623	0.998104	1.00188	1.0074	2.552864
6210	-464.471	-457.8588	-6.612247	61187.39	11.91597	0.994866	0.998683	1.00131	1.00514	3.237476
6220	-453.5114	-449.2016	-4.309797	70626.21	10.41003	0.995221	0.998774	1.00122	1.00479	2.981443
6230	-448.6346	-453.5691	4.934574	84753.52	16.88002	0.995637	0.998881	1.00111	1.00437	2.388406
6240	-452.6365	-458.6972	6.060737	87416.69	15.10575	0.995704	0.998899	1.00109	1.0043	2.316453
6250	-445.1456	-450.6226	5.477033	7262.496	14.75308	0.985124	0.996151	1.00377	1.01495	2.350522
6260	-465.4774	-468.8273	3.349902	81884.22	14.75952	0.995561	0.998862	1.00113	1.00445	2.49474
6270	-451.3484	-453.2012	1.852764	98405.3	12.60723	0.995951	0.998962	1.00103	1.00405	2.560946
6280	-453.1552	-454.3404	1.185182	14525.5	13.92907	0.989473	0.997287	1.00267	1.01057	2.640353
6290	-450.4305	-452.6079	2.177324	84544.16	16.04111	0.995632	0.99888	1.00111	1.00437	2.565368
6300	-463.2189	-456.1182	-7.100649	68970.45	13.86137	0.995164	0.99876	1.00123	1.00484	3.237578
6310	-450.9652	-449.9636	-1.001528	29794.94	13.84233	0.992646	0.99811	1.00187	1.00737	2.797622
6320	-450.6273	-457.9399	7.312608	77902.82	21.88139	0.99545	0.998833	1.00116	1.00456	2.174349
6330	-458.2147	-460.4134	2.198623	41828.69	18.24308	0.993792	0.998406	1.00158	1.00622	2.519505
6340	-461.5629	-462.7951	1.232241	84694.64	15.4671	0.995636	0.998881	1.00111	1.00437	2.632505
6350	-465.0889	-459.7774	-5.311516	56198.35	14.32257	0.994643	0.998625	1.00136	1.00537	3.095664
6360	-454.5991	-452.8494	-1.749762	48484.49	13.50692	0.994233	0.99852	1.00147	1.00578	2.852999
6370	-450.6661	-448.036	-2.630034	88309.81	16.49521	0.995726	0.998904	1.00109	1.00428	2.850065
6380	-457.3797	-455.4035	-1.976224	54914.97	15.46257	0.994581	0.998609	1.00138	1.00543	2.840057
6390	-461.6386	-464.5419	2.903282	81592.92	14.20291	0.995554	0.99886	1.00113	1.00445	2.520823
6400	-456.7623	-459.1196	2.357378	38717.81	13.40136	0.993547	0.998343	1.00164	1.00647	2.546571
6410	-472.7786	-463.7235	-9.055036	65488.3	11.94464	0.995037	0.998727	1.00126	1.00497	3.441983
6420	-459.3288	-455.1144	-4.214335	58366.97	12.18663	0.994744	0.998651	1.00134	1.00527	3.039928
6430	-461.3733	-458.5117	-2.861659	11515.74	10.94362	0.98818	0.99695	1.003	1.01187	2.881269
6440	-449.3536	-449.9253	0.5716498	82754.32	14.25007	0.995585	0.998868	1.00113	1.00442	2.684978
6450	-465.9501	-452.1504	-13.79978	10043.1	8.359302	0.987345	0.996732	1.00321	1.01271	3.821114
6460	-471.6745	-457.8615	-13.813	28644.67	9.815572	0.9925	0.998072	1.00191	1.00752	3.896688
6470	-465.053	-455.758	-9.29491	15105.69	13.83731	0.989677	0.99734	1.00262	1.01036	3.396984
6480	-460.7098	-454.9558	-5.754011	41604.83	10.99375	0.993775	0.998401	1.00158	1.00624	3.147354
6490	-468.6757	-460.4081	-8.267639	83472.5	10.06797	0.995604	0.998873	1.00112	1.0044	3.346586
6500	-454.9021	-451.9372	-2.964857	78902.7	16.12344	0.995478	0.998841	1.00115	1.00453	2.883192
6510	-460.1746	-454.56	-5.614622	97176.06	17.478	0.995925	0.998956	1.00104	1.00408	2.985081
6520	-460.7809	-460.1748	-0.606151	94077.99	12.62213	0.995859	0.998938	1.00106	1.00415	2.756333
6530	-456.0499	-451.1238	-4.926046	25054.88	10.66581	0.991981	0.997938	1.00204	1.00804	3.056234
6540	-455.9237	-454.9116	-1.012101	37605.66	14.30202	0.993453	0.998318	1.00167	1.00656	2.795667
6550	-468.983	-469.8752	0.892259	25555.23	14.03603	0.99206	0.997958	1.00202	1.00796	2.661922
6560	-461.9327	-466.1207	4.18802	65301.32	18.89232	0.99503	0.998725	1.00127	1.00498	2.396638
6570	-462.5971	-458.2827	-4.314459	51597.22	13.03563	0.99441	0.998565	1.00142	1.0056	3.048417
6580	-452.7304	-452.8215	0.09116918	45089.44	11.92951	0.99402	0.998465	1.00152	1.00599	2.675559
6590	-460.0312	-454.2032	-5.827995	90008.47	13.95606	0.995766	0.998915	1.00108	1.00424	3.143065
6600	-459.8651	-454.3696	-5.495577	37141.81	16.7881	0.993412	0.998308	1.00168	1.0066	3.010525
6610	-459.5473	-456.3364	-3.21096	42045.18	11.26366	0.993808	0.99841	1.00158	1.00621	2.929655
6620	-469.4403	-460.1309	-9.309404	53024.7	10.04077	0.994485	0.998585	1.0014	1.00553	3.4489
6630	-467.1625	-463.7753	-3.387203	93858.1	13.18486	0.995854	0.998937	1.00106	1.00415	2.976719
6640	-469.0171	-456.6102	-12.40695	53889.78	10.27581	0.99453	0.998596	1.00139	1.00548	3.759202
6650	-462.2315	-459.6097	-2.621782	38775.86	18.18425	0.993552	0.998344	1.00164	1.00646	2.786108
6660	-460.8444	-456.7964	-4.048013	85445.4	13.10098	0.995655	0.998886	1.00111	1.00435	3.027525
6670	-456.1078	-458.5812	2.473349	8161.483	19.49432	0.985965	0.996371	1.00356	1.0141	2.470381
6680	-461.7843	-453.2612	-8.523085	39302.45	18.13765	0.993596	0.998355	1.00163	1.00642	3.113342
6690	-455.7944	-448.7578	-7.036573	92303.11	11.12793	0.995819	0.998928	1.00107	1.00419	3.266944
6700	-465.8781	-453.7626	-12.11557	3912.995	11.85885	0.979754	0.994737	1.00512	1.02039	3.701489
6710	-463.4382	-458.162	-5.27617	33765.3	11.97012	0.993091	0.998225	1.00176	1.00693	3.125838
6720	-464.9926	-462.5683	-2.424307	75212.62	14.94124	0.995369	0.998812	1.00118	1.00464	2.882006
6730	-456.4293	-455.59	-0.839297	24012.44	17.73266	0.991809	0.997893	1.00208	1.00821	2.703489
6740	-450.5626	-453.653	3.090418	98345.84	15.91934	0.99595	0.998962	1.00103	1.00406	2.509538
6750	-456.9979	-456.9789	-0.01893655	62542.98	18.22985	0.994922	0.998697	1.00129	1.00509	2.641492
6760	-457.9253	-458.663	0.7377531	22446.75	14.76217	0.991529	0.99782	1.00215	1.0085	2.671704
6770	-468.8477	-470.1537	1.305988	10456.65	16.96749	0.987597	0.996798	1.00315	1.01246	2.601406
6780	-456.4767	-458.9804	2.503652	11313.69	16.08054	0.988075	0.996922	1.00303	1.01198	2.544554
6790	-459.9797	-458.8658	-1.113925	31359.65	15.51717	0.992831	0.998158	1.00182	1.00719	2.783103
6800	-461.9837	-460.0872	-1.896506	68028.15	10.94378	0.995131	0.998751	1.00124	1.00488	2.793087
6810	-461.3103	-457.5034	-3.806831	42053.13	17.85847	0.993808	0.99841	1.00158	1.00621	2.865435
6820	-466.7557	-462.2305	-4.525174	29358.57	12.19869	0.992591	0.998095	1.00189	1.00743	3.065531
6830	-465.4762	-460.1596	-5.316617	13344.93	13.40769	0.989018	0.997168	1.00279	1.01102	3.119076
6840	-456.4109	-452.1843	-4.226639	11740.79	10.86959	0.988294	0.996979	1.00297	1.01176	3.00223
6850	-460.5164	-458.9164	-1.600004	52027.55	15.03333	0.994433	0.998571	1.00142	1.00558	2.825053
6860	-466.3508	-456.9643	-9.386491	2897.978	13.32407	0.976488	0.993871	1.00593	1.02371	3.426107
6870	-458.583	-450.2571	-8.325963	72994.77	13.18905	0.995299	0.998794	1.0012	1.00471	3.351157
6880	-465.6627	-460.3761	-5.286596	75060.73	11.80985	0.995364	0.998811	1.00118	1.00464	3.125059
6890	-472.4342	-472.3403	-0.09390092	73852.91	14.68332	0.995327	0.998801	1.00119	1.00468	2.72881
6900	-469.458	-463.9488	-5.509133	92614.47	11.04935	0.995826	0.99893	1.00106	1.00418	3.127067
6910	-454.079	-454.6729	0.5939315	96314	15.41241	0.995907	0.998951	1.00104	1.0041	2.674549
6920	-461.4538	-457.6726	-3.781244	86513.14	11.67593	0.995682	0.998893	1.0011	1.00432	2.994222
6930	-469.0547	-466.8498	-2.204826	46203.35	12.66727	0.994093	0.998483	1.0015	1.00592	2.883558
6940	-457.9441	-456.2937	-1.650448	60384	13.14807	0.994832	0.998674	1.00132	1.00518	2.844803
6950	-457.0706	-453.1503	-3.920346	36003.4	10.38728	0.993309	0.998281	1.0017	1.00671	2.942282
6960	-458.9358	-455.3719	-3.563983	44921.12	14.10805	0.994009	0.998462	1.00153	1.006	2.978051
6970	-466.7715	-461.8693	-4.902165	68846.93	16.29349	0.99516	0.998759	1.00123	1.00485	2.996314
6980	-453.5719	-452.1438	-1.428058	7814.634	11.08538	0.985658	0.996291	1.00364	1.01442	2.760144
6990	-466.1952	-456.1305	-10.0647	49030.4	12.73264	0.994265	0.998528	1.00146	1.00575	3.501603
7000	-471.4483	-468.8757	-2.572524	3167.603	10.69363	0.977506	0.994142	1.00568	1.02267	2.837665
7010	-465.5399	-456.9746	-8.565359	10419.24	13.82143	0.987575	0.996792	1.00315	1.01248	3.344926
7020	-469.4422	-462.2687	-7.173495	31226.29	9.71601	0.992816	0.998154	1.00183	1.0072	3.212288
7030	-459.1992	-457.1757	-2.023464	68475.74	16.9095	0.995147	0.998755	1.00124	1.00486	2.799611
7040	-465.9148	-458.9052	-7.009626	30752.03	11.33948	0.992761	0.998139	1.00184	1.00726	3.26798
7050	-465.1912	-457.4898	-7.70143	49418.17	11.96871	0.994288	0.998534	1.00145	1.00572	3.32846
7060	-462.8391	-464.3116	1.472553	57151.33	13.97627	0.994688	0.998637	1.00135	1.00532	2.620123
7070	-451.7313	-450.6158	-1.115507	27655.02	17.57821	0.992367	0.998037	1.00194	1.00765	2.72431
7080	-455.084	-454.0119	-1.072077	31204.99	13.77225	0.992814	0.998153	1.00183	1.0072	2.802888
7090	-452.7673	-450.7016	-2.065696	89345.6	13.50369	0.995751	0.998911	1.00108	1.00426	2.876399
7100	-463.4788	-463.0152	-0.463643	92456.52	19.71338	0.995823	0.998929	1.00106	1.00418	2.612932
7110	-451.7163	-451.9454	0.229104	12584.06	11.88189	0.988692	0.997083	1.00287	1.01135	2.661673
7120	-460.1436	-454.7157	-5.427938	774.9139	13.88948	0.954714	0.987971	1.01129	1.04602	3.116171
7130	-465.0138	-459.4758	-5.538004	1733.943	10.44729	0.969641	0.992039	1.00763	1.03069	3.10168
7140	-449.6009	-452.9957	3.394817	80962.3	17.97774	0.995536	0.998855	1.00114	1.00447	2.459692
7150	-458.374	-452.2313	-6.14264	7251.624	14.78009	0.985113	0.996148	1.00377	1.01497	3.137106
7160	-456.9558	-455.5884	-1.367421	65256.77	15.70753	0.995029	0.998725	1.00127	1.00498	2.794916
7170	-460.5419	-456.2135	-4.328409	43824.05	19.14032	0.993935	0.998443	1.00154	1.00608	2.835876
7180	-450.8856	-454.6199	3.734291	56694.82	14.30902	0.994667	0.998631	1.00136	1.00534	2.463897
7190	-451.4319	-449.2016	-2.2303	23912.83	11.89166	0.991792	0.997889	1.00209	1.00823	2.868973
7200	-457.1117	-456.0245	-1.08724	84879.73	18.7673	0.99564	0.998882	1.00111	1.00437	2.680518
7210	-451.0451	-450.9865	-0.05860557	44129.5	12.40177	0.993956	0.998448	1.00154	1.00606	2.706486
7220	-460.9457	-461.4995	0.5537909	27196.75	12.37728	0.992303	0.998021	1.00196	1.00772	2.656211
7230	-452.6409	-456.6744	4.033475	3950.848	12.16292	0.97985	0.994763	1.00509	1.02029	2.361568
7240	-461.6982	-461.723	0.02485149	2943.015	16.0554	0.976667	0.993919	1.00589	1.02353	2.699246
7250	-470.1478	-470.8644	0.7165854	30758.28	14.33587	0.992762	0.99814	1.00184	1.00726	2.67477
7260	-462.8964	-465.2629	2.366563	74627.91	14.55975	0.995351	0.998808	1.00118	1.00466	2.560878
7270	-459.9627	-461.0324	1.06964	98514.06	13.85252	0.995953	0.998963	1.00103	1.00405	2.648079
7280	-465.5951	-454.6668	-10.92823	56514.92	11.52621	0.994658	0.998629	1.00136	1.00535	3.609869
7290	-458.6672	-452.267	-6.400157	32136.64	11.57186	0.992918	0.99818	1.0018	1.0071	3.217544
7300	-457.9385	-452.2781	-5.660446	64728.69	12.35903	0.995008	0.998719	1.00127	1.005	3.158344
7310	-470.2441	-456.1952	-14.0489	96626.37	12.34676	0.995914	0.998953	1.00104	1.00409	3.837788
7320	-467.6591	-462.2284	-5.430681	60954.14	14.97251	0.994856	0.99868	1.00131	1.00515	3.082087
7330	-476.512	-473.1017	-3.410246	94234.87	12.52447	0.995862	0.998939	1.00105	1.00414	2.977848
7340	-450.1142	-451.1981	1.083879	77218.41	15.28511	0.995429	0.998828	1.00116	1.00458	2.644188
7350	-453.0187	-451.0748	-1.943876	64521.95	10.61427	0.995	0.998717	1.00127	1.00501	2.772376
7360	-462.053	-459.3796	-2.673382	66859.58	22.14804	0.995088	0.99874	1.00125	1.00492	2.61906
7370	-460.2013	-459.8656	-0.3356905	16064.33	13.71288	0.989989	0.997421	1.00254	1.01005	2.749271
7380	-458.2853	-456.3569	-1.928455	39052.58	14.7738	0.993575	0.99835	1.00164	1.00644	2.852098
7390	-481.483	-470.7331	-10.74983	33044.67	10.01719	0.993016	0.998205	1.00178	1.007	3.591662
7400	-470.6306	-459.6588	-10.97186	33988.53	14.0969	0.993114	0.998231	1.00175	1.0069	3.503762
7410	-457.011	-449.9103	-7.10064	22567.46	13.5085	0.991551	0.997826	1.00215	1.00847	3.249108
7420	-448.0038	-444.3977	-3.606094	21621.71	14.6622	0.991369	0.997779	1.00219	1.00866	2.968545
7430	-459.2572	-454.4535	-4.803694	12404.92	11.42387	0.988611	0.997062	1.00289	1.01144	3.075874
7440	-454.717	-452.6152	-2.10177	51813.36	17.03039	0.994421	0.998568	1.00142	1.00559	2.800067
7450	-459.3073	-455.4856	-3.821673	50949.21	16.4431	0.994374	0.998556	1.00143	1.00564	2.924312
7460	-462.2465	-456.0176	-6.228907	68086.72	13.89535	0.995133	0.998752	1.00124	1.00488	3.17366
7470	-459.298	-455.9618	-3.336162	33456.03	14.54942	0.993059	0.998216	1.00177	1.00696	2.952793
7480	-454.3618	-453.3044	-1.057427	53764.46	15.9567	0.994523	0.998595	1.00139	1.00549	2.769161
7490	-454.7352	-454.7816	0.04640622	50257.59	13.50233	0.994336	0.998546	1.00144	1.00568	2.719978
7500	-458.5953	-454.6841	-3.911241	61861.83	17.38476	0.994894	0.99869	1.0013	1.00512	2.891567
7510	-462.4242	-457.9589	-4.465295	38388.55	12.48937	0.99352	0.998336	1.00165	1.00649	3.062042
7520	-454.9557	-452.5417	-2.41391	57344.58	13.13216	0.994697	0.998639	1.00135	1.00531	2.902848
7530	-456.4965	-451.478	-5.018564	58791.54	10.47958	0.994763	0.998656	1.00133	1.00525	3.054013
7540	-460.3022	-454.2102	-6.091959	96365.9	13.5311	0.995908	0.998951	1.00104	1.0041	3.173867
7550	-461.175	-456.0147	-5.160323	48730.8	12.46354	0.994248	0.998523	1.00146	1.00576	3.117756
7560	-459.645	-456.9576	-2.687457	28166.88	10.39061	0.992436	0.998055	1.00192	1.00758	2.823886
7570	-466.7349	-459.5142	-7.220726	7521.09	18.59479	0.985381	0.996218	1.00371	1.01469	3.01673
7580	-462.3808	-465.6868	3.305962	44502.28	13.87833	0.993981	0.998455	1.00153	1.00603	2.487144
7590	-457.4531	-455.8303	-1.622788	68966.88	12.51608	0.995164	0.99876	1.00123	1.00484	2.83497
7600	-458.7741	-455.7945	-2.979617	39953.15	11.53987	0.993648	0.998369	1.00162	1.00637	2.920772
7610	-467.7249	-458.5065	-9.218456	4604.001	11.62239	0.981329	0.995153	1.00472	1.01879	3.460545
7620	-461.2655	-455.503	-5.762417	98016.27	11.12964	0.995943	0.99896	1.00103	1.00406	3.152495
7630	-456.1196	-457.2861	1.166521	50810.85	14.01348	0.994367	0.998554	1.00143	1.00564	2.642252
7640	-460.1105	-453.2094	-6.90117	50957.94	12.75642	0.994375	0.998556	1.00143	1.00564	3.252704
7650	-458.6853	-450.7293	-7.956043	50601.97	10.34307	0.994355	0.998551	1.00144	1.00566	3.32899
7660	-448.2259	-450.1613	1.935362	1269.888	19.75359	0.964559	0.990666	1.00888	1.03589	2.489989
7670	-456.9106	-456.8095	-0.1010836	29327.01	10.74554	0.992587	0.998094	1.00189	1.00743	2.61147
7680	-454.2527	-458.0205	3.767853	83828.46	12.97941	0.995613	0.998875	1.00112	1.00439	2.426131
7690	-447.5377	-449.5143	1.976576	6804.214	15.33311	0.984633	0.996022	1.00389	1.01545	2.585448
7700	-452.0601	-454.9451	2.884979	49340.27	14.28886	0.994283	0.998533	1.00146	1.00573	2.523049
7710	-461.9003	-456.1909	-5.709427	94805.52	13.38047	0.995875	0.998943	1.00105	1.00413	3.148958
7720	-464.9351	-457.2755	-7.659685	16105.48	15.42736	0.990002	0.997424	1.00254	1.01003	3.209338
7730	-473.2834	-461.5469	-11.73656	59661.67	11.35203	0.994801	0.998666	1.00132	1.00521	3.684536
7740	-462.1805	-455.5938	-6.58674	58830.29	14.03001	0.994764	0.998657	1.00133	1.00525	3.194968
7750	-459.5924	-453.8618	-5.730604	97627.59	13.02886	0.995935	0.998958	1.00104	1.00407	3.157163
7760	-471.5169	-462.5992	-8.917635	83357.19	12.12673	0.995601	0.998872	1.00112	1.00441	3.427119
7770	-474.0474	-468.433	-5.61442	798.9332	15.22506	0.955394	0.988159	1.01113	1.04532	3.084758
7780	-457.7752	-460.4955	2.720373	30656.32	14.78012	0.99275	0.998136	1.00184	1.00727	2.537447
7790	-463.6165	-451.552	-12.06448	69132.87	10.60006	0.99517	0.998761	1.00123	1.00484	3.725947
7800	-475.4381	-470.7223	-4.715811	66711.7	13.59841	0.995083	0.998739	1.00125	1.00493	3.070929
7810	-466.9508	-463.2485	-3.702316	58427.76	15.54304	0.994746	0.998652	1.00134	1.00526	2.949063
7820	-461.2869	-460.5548	-0.7321449	475.8903	11.99608	0.942348	0.984523	1.01428	1.05885	2.747253
7830	-455.5175	-461.2269	5.709342	49148.83	13.88062	0.994272	0.99853	1.00146	1.00574	2.314042
7840	-448.8342	-450.6882	1.854016	59742.52	20.44505	0.994804	0.998667	1.00132	1.00521	2.471987
7850	-464.9816	-456.4406	-8.540991	36419.78	13.79316	0.993347	0.998291	1.00169	1.00667	3.344339
7860	-452.1641	-450.4999	-1.664209	1075.35	14.29048	0.961508	0.989835	1.00963	1.03902	2.841403
7870	-460.3833	-465.714	5.330688	29980.34	16.7146	0.992668	0.998115	1.00187	1.00735	2.366167
7880	-461.1168	-463.6963	2.579546	2116.128	17.6417	0.972505	0.992808	1.00692	1.02777	2.512714
7890	-460.283	-460.2391	-0.04389335	99875.86	11.23988	0.995981	0.99897	1.00102	1.00402	2.646796
7900	-465.8148	-462.8446	-2.970199	14980.25	14.17693	0.989634	0.997328	1.00263	1.0104	2.934812
7910	-459.6004	-454.3652	-5.235218	70338.33	12.91633	0.995211	0.998772	1.00122	1.0048	3.120522
7920	-453.6717	-452.9917	-0.680046	74383.58	15.6049	0.995343	0.998806	1.00119	1.00466	2.753341
7930	-446.206	-447.4781	1.272133	56427.71	14.1042	0.994654	0.998628	1.00136	1.00536	2.635241
7940	-458.2173	-457.6118	-0.6054475	61355.69	13.13685	0.994873	0.998685	1.00131	1.00514	2.765191
7950	-464.2085	-459.2538	-4.954649	51663.26	11.47334	0.994413	0.998566	1.00142	1.0056	3.090347
7960	-455.0123	-453.2299	-1.782374	89991.01	12.39553	0.995766	0.998915	1.00108	1.00424	2.845348
7970	-460.6368	-450.2316	-10.40521	11394.49	8.414406	0.988117	0.996933	1.00302	1.01193	3.423372
7980	-457.9079	-450.1792	-7.728729	80005.51	13.39916	0.99551	0.998849	1.00114	1.0045	3.299261
7990	-469.7796	-460.9212	-8.858411	86754.82	19.54665	0.995688	0.998894	1.0011	1.00432	3.048584
8000	-479.0817	-464.2027	-14.87904	3273.172	8.673771	0.977871	0.994238	1.00559	1.0223	3.974314
8010	-463.4668	-456.7051	-6.761744	38958.29	15.79043	0.993567	0.998348	1.00164	1.00645	3.13448
8020	-456.8119	-451.6622	-5.149673	46639.28	11.03157	0.99412	0.998491	1.0015	1.00589	3.093859
8030	-474.5224	-467.7921	-6.730298	88767.55	10.82973	0.995737	0.998907	1.00109	1.00427	3.231291
8040	-450.9179	-452.9308	2.012833	82164.49	16.76879	0.995569	0.998864	1.00113	1.00444	2.563647
8050	-462.1924	-463.3454	1.15301	51720.18	12.84604	0.994416	0.998567	1.00142	1.00559	2.623984
8060	-463.8717	-468.8	4.92828	90613.88	19.59598	0.995781	0.998918	1.00108	1.00423	2.342133
8070	-457.9709	-456.9833	-0.9875973	32059.19	16.83608	0.99291	0.998178	1.0018	1.00711	2.740569
8080	-454.5949	-458.4875	3.892552	54654.92	13.91819	0.994568	0.998606	1.00138	1.00544	2.445751
8090	-457.4908	-460.6324	3.141613	35890.81	16.31554	0.993298	0.998278	1.00171	1.00672	2.50238
8100	-460.8049	-461.6159	0.8109562	7861.928	16.49146	0.985701	0.996302	1.00363	1.01437	2.64154
8110	-470.3325	-464.9999	-5.332595	69920.23	18.25812	0.995197	0.998768	1.00122	1.00481	2.931601
8120	-448.6302	-450.7363	2.106136	24347.43	14.70663	0.991866	0.997908	1.00207	1.00816	2.578995
8130	-459.1446	-456.7837	-2.360911	19918.63	13.01905	0.991008	0.997685	1.00229	1.00902	2.898492
8140	-454.3293	-455.1537	0.8244496	82750.91	12.36431	0.995585	0.998868	1.00113	1.00442	2.633841
8150	-449.1707	-448.1719	-0.9988026	94603.56	14.06077	0.99587	0.998941	1.00105	1.00414	2.796514
8160	-452.5542	-453.2566	0.7024153	23879.34	13.54698	0.991786	0.997887	1.00209	1.00824	2.671921
8170	-466.122	-460.5999	-5.522135	8688.464	12.60192	0.986396	0.996484	1.00345	1.01367	3.145959
8180	-472.1268	-461.2795	-10.84731	5054.9	9.757458	0.982179	0.995377	1.00451	1.01793	3.592194
8190	-467.3788	-460.8149	-6.563894	48182.07	10.87214	0.994215	0.998515	1.00147	1.0058	3.21734
8200	-452.4398	-448.5933	-3.846479	15641.77	13.31282	0.989855	0.997386	1.00258	1.01018	3.010429
8210	-462.0222	-455.8777	-6.144508	99878.05	9.173188	0.995981	0.99897	1.00102	1.00402	3.045082
8220	-449.6417	-447.7974	-1.844366	77604.8	15.76041	0.995441	0.998831	1.00116	1.00457	2.823872
8230	-455.7929	-455.7247	-0.06824009	19290.34	10.46494	0.990863	0.997648	1.00232	1.00917	2.580049
8240	-449.7806	-445.9818	-3.798772	80972.55	13.32177	0.995537	0.998856	1.00114	1.00447	3.006759
8250	-453.5804	-450.7527	-2.82772	84496.72	13.46405	0.995631	0.99888	1.00111	1.00438	2.933101
8260	-456.0827	-454.2664	-1.816284	67813.45	13.38275	0.995123	0.998749	1.00124	1.00489	2.858002
8270	-463.3419	-462.0358	-1.306105	11822.44	14.868	0.988334	0.99699	1.00296	1.01171	2.808429
8280	-476.1252	-462.2522	-13.87297	53080.01	14.72752	0.994488	0.998585	1.0014	1.00552	3.663988
8290	-480.0491	-465.0373	-15.01184	15508.13	13.56692	0.989811	0.997375	1.00259	1.01023	3.830421
8300	-466.0327	-461.9829	-4.049789	74309.92	13.82148	0.995341	0.998805	1.00119	1.00467	3.018217
8310	-456.2925	-456.4817	0.1892333	74017.83	12.51419	0.995332	0.998803	1.00119	1.00468	2.690136
8320	-464.6263	-457.1807	-7.445644	48645.55	13.11916	0.994243	0.998522	1.00147	1.00577	3.286368
8330	-454.1377	-450.3722	-3.765485	43676.27	12.53309	0.993924	0.99844	1.00155	1.00609	3.006257
8340	-452.4359	-455.3673	2.931442	61072.2	13.0804	0.994861	0.998682	1.00131	1.00515	2.494094
8350	-456.4829	-455.8515	-0.6314758	40956.58	14.60854	0.993726	0.998389	1.0016	1.00629	2.766271
8360	-448.8746	-449.6649	0.7902682	93305.47	13.88991	0.995842	0.998934	1.00106	1.00416	2.668482
8370	-448.3638	-449.034	0.6702219	10693.45	14.96649	0.987735	0.996834	1.00311	1.01232	2.674668
8380	-466.6302	-464.0495	-2.580704	45395.16	11.32623	0.99404	0.99847	1.00152	1.00597	2.876772
8390	-457.6548	-458.3351	0.6803099	14582.68	17.37721	0.989494	0.997292	1.00267	1.01055	2.627657
8400	-459.4856	-455.5606	-3.924988	42405.95	12.30695	0.993834	0.998417	1.00157	1.00618	3.017473
8410	-456.8704	-451.9386	-4.931818	48078.83	10.67793	0.994209	0.998513	1.00147	1.0058	3.05744
8420	-455.1622	-456.6295	1.467363	4896.824	17.71191	0.981894	0.995302	1.00458	1.01822	2.573948
8430	-451.758	-453.6928	1.934747	82306.04	15.44373	0.995573	0.998865	1.00113	1.00443	2.587289
8440	-446.0923	-450.7088	4.616478	99756.12	18.95236	0.995978	0.998969	1.00103	1.00403	2.372669
8450	-449.5068	-452.326	2.81918	76227.38	11.75586	0.9954	0.99882	1.00117	1.00461	2.434839
8460	-449.4819	-449.8408	0.3589321	20225.27	13.60783	0.991076	0.997703	1.00227	1.00895	2.697823
8470	-442.6463	-445.2202	2.573915	21498.84	15.08115	0.991344	0.997772	1.0022	1.00868	2.547331
8480	-454.4786	-459.3402	4.861538	92475.85	17.77587	0.995823	0.998929	1.00106	1.00418	2.381338
8490	-455.6139	-458.9585	3.344636	86121.42	22.86545	0.995672	0.99889	1.0011	1.00433	2.324579
8500	-456.6043	-462.1681	5.563834	4319.446	15.39165	0.980726	0.994994	1.00487	1.01941	2.351939
8510	-460.513	-465.8853	5.372206	39922.99	16.35295	0.993646	0.998368	1.00162	1.00637	2.365537
8520	-455.0178	-454.7448	-0.2729258	22844.58	12.87187	0.991603	0.997839	1.00214	1.00842	2.735494
8530	-457.797	-455.9224	-1.87456	39895.88	15.16115	0.993643	0.998367	1.00162	1.00637	2.840555
8540	-458.9786	-453.4899	-5.488734	3756.584	15.95765	0.979338	0.994627	1.00522	1.02081	3.046829
8550	-460.4649	-451.6562	-8.808695	30350.98	18.0604	0.992713	0.998127	1.00185	1.00731	3.133638
8560	-477.4205	-465.8325	-11.58798	47579.77	10.53264	0.994179	0.998506	1.00148	1.00583	3.681
8570	-473.0701	-464.3933	-8.676816	707.1587	11.55279	0.952613	0.98739	1.0118	1.0482	3.414398
8580	-462.4337	-455.8594	-6.574283	89697.05	14.7349	0.995759	0.998913	1.00108	1.00425	3.168113
8590	-465.3089	-459.4162	-5.892687	74489.28	12.45228	0.995347	0.998807	1.00119	1.00466	3.176594
8600	-455.1932	-453.3349	-1.858293	30521.82	14.02168	0.992734	0.998132	1.00185	1.00729	2.858025
8610	-451.5987	-451.6139	0.01513705	10058.26	13.0605	0.987354	0.996734	1.00321	1.0127	2.716711
8620	-457.9131	-455.2243	-2.688843	38624.35	13.14609	0.99354	0.998341	1.00164	1.00648	2.92378
8630	-469.7559	-459.6982	-10.05772	74140.68	9.913678	0.995336	0.998804	1.00119	1.00467	3.518479
8640	-459.0166	-462.9879	3.971331	60338.78	14.08498	0.99483	0.998674	1.00132	1.00518	2.443504
8650	-471.9811	-464.5018	-7.479316	43951.83	10.19723	0.993943	0.998445	1.00154	1.00607	3.275614
8660	-470.0859	-462.1251	-7.960829	81331.99	13.89838	0.995546	0.998858	1.00113	1.00446	3.298181
8670	-468.8975	-459.578	-9.319494	34947.01	10.55545	0.993209	0.998255	1.00173	1.00681	3.466105
8680	-463.8682	-457.0261	-6.842047	88798.88	7.978788	0.995738	0.998907	1.00109	1.00427	2.901455
8690	-459.6698	-455.5927	-4.077122	31557.71	12.97818	0.992854	0.998163	1.00182	1.00716	3.030555
8700	-461.5463	-458.7626	-2.78371	32327.47	11.01951	0.992939	0.998185	1.0018	1.00708	2.878687
8710	-457.9868	-458.2459	0.2590295	74408.92	13.3748	0.995344	0.998806	1.00119	1.00466	2.702832
8720	-475.8669	-467.032	-8.834915	57655.48	11.2129	0.994711	0.998643	1.00135	1.0053	3.428868
8730	-457.0411	-448.8056	-8.235518	41689.79	12.21766	0.993781	0.998403	1.00158	1.00623	3.369362
8740	-467.6399	-458.6466	-8.993325	34212.39	10.33019	0.993136	0.998236	1.00175	1.00688	3.428857
8750	-456.3208	-452.4697	-3.851156	94595.56	12.4516	0.99587	0.998941	1.00105	1.00414	3.012642
8760	-471.6292	-464.051	-7.578247	85564.62	11.9406	0.995658	0.998887	1.00111	1.00435	3.318376
8770	-460.3129	-463.5427	3.229858	90322.74	17.95174	0.995774	0.998917	1.00108	1.00423	2.469427
8780	-451.6986	-449.9981	-1.700457	30470.5	16.83864	0.992728	0.998131	1.00185	1.00729	2.782826
8790	-466.7936	-460.5695	-6.224063	37719.36	10.52696	0.993463	0.998321	1.00166	1.00655	3.171452
8800	-458.2456	-458.1467	-0.09894874	17577.74	18.73259	0.990429	0.997535	1.00243	1.0096	2.629046
8810	-454.2072	-454.1687	-0.0384975	14988.33	15.98221	0.989637	0.997329	1.00263	1.0104	2.704766
8820	-450.1282	-451.5379	1.409696	20315.99	14.85984	0.991096	0.997708	1.00226	1.00893	2.625805
8830	-462.9429	-459.4784	-3.464529	71556.95	12.093	0.995252	0.998782	1.00121	1.00476	2.976861
8840	-459.0128	-456.2936	-2.719226	55695.07	12.04153	0.994619	0.998619	1.00137	1.00539	2.914023
8850	-453.6242	-456.613	2.988793	96934.23	12.75983	0.99592	0.998954	1.00104	1.00409	2.477555
8860	-456.5085	-457.5595	1.051038	15981.87	15.83562	0.989963	0.997414	1.00255	1.01007	2.638996
8870	-460.8555	-459.6008	-1.254783	29133.6	11.63645	0.992563	0.998088	1.00189	1.00746	2.776009
8880	-450.8817	-450.3852	-0.49645	67430.93	18.62966	0.995109	0.998745	1.00125	1.0049	2.653888
8890	-465.8107	-463.2661	-2.544561	25959.23	10.44674	0.992122	0.997974	1.002	1.0079	2.815104
8900	-467.4788	-462.3466	-5.132228	2381.706	14.25631	0.974076	0.993228	1.00653	1.02616	3.085069
8910	-458.7433	-459.5685	0.8251263	70419.96	12.99842	0.995214	0.998772	1.00122	1.00479	2.653298
8920	-459.3849	-455.764	-3.620913	11133.15	12.26346	0.987979	0.996897	1.00305	1.01207	2.992252
8930	-460.4882	-453.7314	-6.756782	86674.52	12.29685	0.995686	0.998894	1.0011	1.00432	3.247664
8940	-464.2259	-458.6654	-5.560474	3817.279	13.72147	0.979502	0.994671	1.00518	1.02065	3.13007
8950	-457.2012	-451.6475	-5.553752	78950.72	10.98312	0.99548	0.998841	1.00115	1.00453	3.128749
8960	-458.9922	-459.3369	0.3446692	58652.47	13.63603	0.994756	0.998655	1.00134	1.00525	2.699101
8970	-471.0928	-463.533	-7.559803	1540.254	14.06875	0.9678	0.991543	1.00809	1.03257	3.262821
8980	-470.967	-469.3212	-1.645874	67575.86	12.50721	0.995114	0.998747	1.00124	1.00489	2.836644
8990	-463.1327	-458.7401	-4.392565	99685.77	14.45764	0.995977	0.998969	1.00103	1.00403	3.027931
9000	-455.66	-453.0789	-2.581178	61952.49	13.10755	0.994898	0.998691	1.0013	1.00511	2.915568
9010	-457.6879	-450.3077	-7.380152	90176.66	12.16051	0.99577	0.998916	1.00108	1.00424	3.299989
9020	-475.5668	-461.9345	-13.63231	91210.89	9.359016	0.995794	0.998922	1.00107	1.00421	3.86857
9030	-467.2458	-455.3895	-11.85627	42563.65	15.13351	0.993846	0.99842	1.00157	1.00617	3.500741
9040	-471.0361	-461.4841	-9.551987	43711.33	13.6491	0.993927	0.998441	1.00155	1.00609	3.42428
9050	-460.0287	-454.3202	-5.708579	49031.36	15.07353	0.994265	0.998528	1.00146	1.00575	3.096818
9060	-461.3404	-456.5981	-4.742271	29817.88	10.53016	0.992649	0.99811	1.00187	1.00737	3.030892
9070	-452.6672	-455.2687	2.601505	53298.28	15.15783	0.9945	0.998588	1.0014	1.00551	2.545331
9080	-464.8163	-465.8668	1.050496	94983.36	14.78485	0.995879	0.998944	1.00105	1.00413	2.650403
9090	-467.6888	-471.211	3.522201	6358.719	14.77353	0.984105	0.995884	1.00403	1.01598	2.483155
9100	-467.4397	-459.7234	-7.716353	78527.03	10.97772	0.995468	0.998838	1.00115	1.00454	3.325549
9110	-465.8565	-461.1527	-4.703792	49155.35	12.9637	0.994273	0.99853	1.00146	1.00574	3.078973
9120	-451.0088	-452.9704	1.961659	9483.684	13.29123	0.986978	0.996636	1.0033	1.01308	2.573647
9130	-456.3829	-451.7173	-4.665687	84204.4	11.3259	0.995623	0.998878	1.00112	1.00438	3.060847
9140	-457.8339	-457.9877	0.1537944	21908.17	15.57966	0.991425	0.997794	1.00218	1.0086	2.700344
9150	-450.3186	-454.9057	4.587133	2502.603	18.29447	0.974707	0.993396	1.00638	1.02552	2.387611
9160	-456.322	-454.2531	-2.068854	76778.27	13.13866	0.995416	0.998825	1.00117	1.00459	2.876595
9170	-455.9826	-454.4537	-1.52889	95271.96	12.64309	0.995885	0.998945	1.00105	1.00412	2.829797
9180	-451.6913	-449.9046	-1.786718	48593.75	12.65315	0.99424	0.998521	1.00147	1.00577	2.850341
9190	-477.3773	-465.1005	-12.27686	58883.41	12.73674	0.994767	0.998657	1.00133	1.00524	3.675131
9200	-462.7143	-458.0849	-4.629475	1538.076	14.9422	0.967777	0.991537	1.00809	1.03259	3.029565
9210	-455.8417	-456.2149	0.3732057	29538.51	12.16874	0.992614	0.998101	1.00188	1.00741	2.662748
9220	-462.4668	-464.7929	2.326031	13904	14.40407	0.989241	0.997226	1.00273	1.0108	2.562932
9230	-457.2066	-456.5464	-0.6601236	17465.13	14.81434	0.990398	0.997527	1.00244	1.00963	2.765714
9240	-469.2016	-464.1737	-5.027863	72733.21	12.81802	0.995291	0.998792	1.0012	1.00472	3.105374
9250	-456.9834	-448.9028	-8.080522	14752.15	11.74781	0.989554	0.997308	1.00265	1.01048	3.362061
9260	-473.6289	-461.2833	-12.34565	21265.21	12.03112	0.991297	0.99776	1.00221	1.00873	3.713898
9270	-455.9316	-449.5719	-6.359709	67884.68	10.92088	0.995126	0.99875	1.00124	1.00488	3.200184
9280	-454.1305	-454.829	0.6984598	78781	14.25293	0.995475	0.99884	1.00115	1.00453	2.676079
9290	-461.7289	-463.5869	1.857996	26583.96	17.15424	0.992215	0.997998	1.00198	1.00781	2.564892
9300	-459.1816	-456.5573	-2.624295	97711.6	13.01747	0.995937	0.998958	1.00104	1.00407	2.918719
9310	-461.0459	-459.9269	-1.119018	84257.43	14.42652	0.995624	0.998878	1.00112	1.00438	2.801858
9320	-453.1845	-450.2928	-2.891739	36016.76	11.29926	0.99331	0.998281	1.0017	1.00671	2.902993
9330	-453.5301	-452.8742	-0.6558981	39371.71	13.00912	0.993601	0.998357	1.00163	1.00641	2.76739
9340	-473.4806	-467.6672	-5.813459	6869.488	15.03828	0.984706	0.996041	1.00388	1.01538	3.105137
9350	-475.4166	-465.3939	-10.02269	63803.55	8.777414	0.994972	0.99871	1.00128	1.00504	3.42723
9360	-454.2032	-453.1118	-1.091358	17038.52	12.83316	0.990279	0.997496	1.00247	1.00975	2.798501
9370	-448.2477	-450.4682	2.220475	61874.29	14.90413	0.994895	0.99869	1.0013	1.00511	2.571195
9380	-451.3292	-456.7421	5.412927	22802.39	14.28026	0.991595	0.997837	1.00214	1.00843	2.345936
9390	-455.6073	-458.1495	2.54223	89346.31	20.93854	0.995751	0.998911	1.00108	1.00426	2.422846
9400	-464.8195	-465.084	0.2645088	55036.91	14.87182	0.994587	0.998611	1.00138	1.00542	2.702755
9410	-460.8547	-461.2489	0.394191	87764.09	15.48997	0.995713	0.998901	1.00109	1.00429	2.686337
9420	-454.977	-455.7292	0.7522499	72332.09	15.76789	0.995278	0.998789	1.0012	1.00473	2.658994
9430	-459.396	-454.5655	-4.830453	14656.01	14.5034	0.98952	0.997299	1.00266	1.01052	3.056872
9440	-458.8031	-456.2187	-2.584318	44327.59	16.23509	0.993969	0.998452	1.00154	1.00604	2.855976
9450	-459.4496	-456.0714	-3.378204	34911.75	11.51836	0.993205	0.998254	1.00173	1.00681	2.954563
9460	-461.7843	-457.8561	-3.928182	86213.45	16.50941	0.995674	0.998891	1.0011	1.00433	2.928209
9470	-464.5202	-459.6602	-4.859994	86649.85	14.9089	0.995685	0.998894	1.0011	1.00432	3.046104
9480	-454.1783	-450.4729	-3.705369	59546.94	15.4554	0.994796	0.998665	1.00133	1.00521	2.952117
9490	-451.5615	-449.7398	-1.821707	53008.28	12.68671	0.994485	0.998584	1.0014	1.00553	2.853591
9500	-466.694	-465.5408	-1.153203	43634.64	14.44908	0.993921	0.998439	1.00155	1.00609	2.803971
9510	-463.3313	-460.3235	-3.007807	96317.55	13.03424	0.995907	0.998951	1.00104	1.0041	2.94818
9520	-462.6721	-455.3707	-7.301444	10026.01	12.11521	0.987334	0.996729	1.00321	1.01272	3.293949
9530	-462.9395	-457.9257	-5.013733	33588.88	13.60218	0.993073	0.99822	1.00176	1.00694	3.092761
9540	-470.1688	-463.8458	-6.323052	37163.46	10.94317	0.993414	0.998308	1.00168	1.0066	3.197548
9550	-455.1407	-452.4888	-2.651949	62431.57	14.16622	0.994917	0.998696	1.00129	1.00509	2.912529
9560	-461.7579	-458.284	-3.473849	86133.74	13.29869	0.995672	0.99889	1.0011	1.00433	2.982546
9570	-462.5142	-457.1864	-5.327758	25053.54	16.98219	0.991981	0.997937	1.00204	1.00804	2.991702
9580	-461.6277	-453.8909	-7.73677	11434.87	12.07658	0.988138	0.996939	1.00301	1.01191	3.33033
9590	-467.2825	-460.563	-6.719487	62448.42	11.47537	0.994918	0.998696	1.00129	1.00509	3.244191
9600	-472.5079	-462.1107	-10.39712	23692.05	7.977729	0.991754	0.997879	1.0021	1.00827	3.34681
9610	-451.7564	-450.6906	-1.065793	7212.323	11.65145	0.985073	0.996138	1.00378	1.01501	2.760491
9620	-458.4398	-452.8579	-5.581911	82034.25	13.50816	0.995566	0.998863	1.00113	1.00444	3.136688
9630	-473.3326	-465.828	-7.504576	34033.1	12.95778	0.993118	0.998232	1.00175	1.0069	3.295173
9640	-453.0563	-454.5833	1.526972	84100.15	17.7694	0.99562	0.998877	1.00112	1.00439	2.569096
9650	-464.718	-468.4016	3.683576	15764.52	17.05459	0.989894	0.997396	1.00257	1.01014	2.459998
9660	-453.0451	-454.5488	1.5037	39166.84	14.12836	0.993585	0.998352	1.00163	1.00643	2.618969
9670	-457.4371	-456.2592	-1.177907	83998.98	13.86188	0.995618	0.998876	1.00112	1.00439	2.810292
9680	-463.6904	-458.6327	-5.057689	22992.29	10.65453	0.99163	0.997846	1.00213	1.0084	3.067966
9690	-463.5295	-455.2078	-8.321701	52538.03	15.74894	0.99446	0.998578	1.00141	1.00555	3.235467
9700	-461.9995	-460.4203	-1.579217	19751.4	17.65439	0.99097	0.997675	1.0023	1.00906	2.748
9710	-454.1163	-453.9301	-0.1861491	88623.62	14.21184	0.995733	0.998906	1.00109	1.00427	2.73831
9720	-468.3522	-460.5236	-7.828601	85222.22	11.21067	0.995649	0.998885	1.00111	1.00436	3.339098
9730	-450.4509	-449.9654	-0.4854804	38204.45	13.12716	0.993504	0.998332	1.00165	1.00651	2.755937
9740	-460.29	-454.1008	-6.189254	24365.6	11.42219	0.991869	0.997908	1.00207	1.00815	3.197132
9750	-458.1735	-451.2906	-6.882855	26407.91	10.6321	0.992189	0.997991	1.00199	1.00783	3.238399
9760	-468.5448	-463.3612	-5.183568	38390.09	10.62954	0.99352	0.998336	1.00165	1.00649	3.078433
9770	-466.6277	-458.3941	-8.233554	68439.69	8.172296	0.995145	0.998755	1.00124	1.00486	3.118511
9780	-456.578	-453.2716	-3.306431	72458.37	12.07123	0.995282	0.99879	1.0012	1.00473	2.963374
9790	-456.6215	-456.9664	0.3449537	14578.93	15.39318	0.989492	0.997292	1.00267	1.01055	2.690989
9800	-466.4596	-457.3587	-9.100896	93253.52	10.66346	0.995841	0.998934	1.00106	1.00417	3.447615
9810	-456.8741	-454.6972	-2.176923	79880.49	13.80623	0.995506	0.998848	1.00115	1.0045	2.88284
9820	-466.635	-462.27	-4.365042	69882.84	10.48951	0.995196	0.998768	1.00122	1.00481	2.992332
9830	-457.4763	-463.41	5.933696	8175.286	18.38252	0.985977	0.996374	1.00356	1.01409	2.312673
9840	-454.2993	-462.2874	7.988093	33550.9	15.97265	0.993069	0.998219	1.00176	1.00695	2.202448
9850	-473.7853	-468.8507	-4.934597	30011.06	13.66665	0.992672	0.998116	1.00186	1.00735	3.085623
9860	-467.0239	-462.7059	-4.317991	92665.99	10.32566	0.995827	0.99893	1.00106	1.00418	2.975919
9870	-463.5621	-458.0259	-5.536145	1935.983	11.00136	0.971261	0.992474	1.00723	1.02903	3.127814
9880	-466.5945	-463.4953	-3.099193	81370.98	14.18498	0.995547	0.998858	1.00113	1.00446	2.943767
9890	-459.7741	-459.6765	-0.09758524	64296.37	14.99898	0.994992	0.998715	1.00128	1.00502	2.72556
9900	-459.3168	-456.9252	-2.391611	25277.01	14.11253	0.992016	0.997947	1.00203	1.00801	2.894892
9910	-461.0293	-455.6643	-5.364997	11661.52	14.68063	0.988254	0.996969	1.00298	1.0118	3.087886
9920	-477.2939	-457.1844	-20.10946	93090.38	8.860884	0.995837	0.998933	1.00106	1.00417	4.575203
9930	-464.8493	-453.0822	-11.76708	5954.809	9.417457	0.983576	0.995745	1.00416	1.01652	3.672363
9940	-464.9915	-457.2834	-7.708148	50368.92	12.84319	0.994342	0.998548	1.00144	1.00567	3.313852
9950	-472.2567	-464.318	-7.938688	45455.17	10.15155	0.994044	0.998471	1.00152	1.00597	3.318372
9960	-467.351	-461.936	-5.415038	70782.23	13.86265	0.995226	0.998776	1.00122	1.00478	3.11594
9970	-451.3323	-454.3732	3.040889	23278.6	15.40531	0.991681	0.99786	1.00212	1.00834	2.515808
9980	-445.6183	-446.1215	0.5031463	32324.63	16.83399	0.992939	0.998185	1.0018	1.00708	2.652076
9990	-458.1353	-458.7439	0.6085613	12877.55	16.84683	0.988821	0.997117	1.00284	1.01122	2.6455
10000	-467.8043	-463.5557	-4.248594	3959.076	11.27952	0.979871	0.994768	1.00509	1.02027	3.022361
