Iteration	Posterior	Likelihood	Prior	alpha_morpho	br_len_lambda	rates_morpho[1]	rates_morpho[2]	rates_morpho[3]	rates_morpho[4]	tree_length
0	-473.3663	-468.6135	-4.752797	35305.29	15.32827	0.993243	0.998264	1.00172	1.00677	3.0245
10	-473.1193	-468.9978	-4.121513	66937.85	13.34102	0.995091	0.998741	1.00125	1.00492	3.030761
20	-472.9717	-463.8635	-9.108188	41303.51	12.10938	0.993752	0.998396	1.00159	1.00626	3.443204
30	-469.1143	-466.6288	-2.485527	66246.51	15.47188	0.995066	0.998734	1.00126	1.00494	2.872741
40	-465.8004	-460.4868	-5.313516	93262.89	9.456045	0.995841	0.998934	1.00106	1.00417	2.99181
50	-471.0249	-468.7892	-2.235624	32731.25	16.06495	0.992983	0.998197	1.00179	1.00703	2.839749
60	-468.8272	-464.5598	-4.267451	53564.61	12.49506	0.994513	0.998592	1.0014	1.0055	3.046217
70	-464.4348	-464.1558	-0.2790168	42331.82	11.28304	0.993829	0.998415	1.00157	1.00618	2.670672
80	-464.1412	-462.7127	-1.428481	11217.98	17.34681	0.988024	0.996909	1.00304	1.01203	2.75004
90	-473.2239	-465.4174	-7.806526	2805.695	9.28385	0.976106	0.993769	1.00603	1.0241	3.238381
100	-477.4224	-468.3876	-9.0348	24629.19	14.64919	0.991912	0.99792	1.00206	1.00811	3.339455
110	-468.7425	-463.1811	-5.561419	41998.98	17.07175	0.993804	0.998409	1.00158	1.00621	3.001277
120	-459.5056	-456.7468	-2.758823	76297.77	15.04195	0.995402	0.998821	1.00117	1.00461	2.901921
130	-473.6888	-460.8794	-12.80942	95062.84	10.90727	0.99588	0.998944	1.00105	1.00413	3.791061
140	-470.7991	-460.2239	-10.57522	19120.68	12.99788	0.990823	0.997637	1.00233	1.00921	3.530378
150	-470.9498	-456.8015	-14.14825	44531.17	11.79585	0.993983	0.998455	1.00153	1.00603	3.876134
160	-464.6658	-455.8406	-8.825222	6589.447	12.44799	0.984385	0.995957	1.00396	1.0157	3.412206
170	-456.7703	-453.4518	-3.318479	48399.65	12.93365	0.994228	0.998518	1.00147	1.00578	2.972126
180	-454.9806	-455.9975	1.016909	15384.3	14.38515	0.989771	0.997364	1.0026	1.01027	2.653825
190	-459.6408	-451.4567	-8.184016	58465.47	17.99371	0.994748	0.998652	1.00134	1.00526	3.102848
200	-453.6367	-445.6701	-7.966604	49598.42	11.55441	0.994298	0.998536	1.00145	1.00571	3.352922
210	-467.8973	-461.9784	-5.918887	64577.09	12.32023	0.995002	0.998718	1.00127	1.00501	3.179433
220	-464.6254	-457.585	-7.040307	16861.7	13.19758	0.990228	0.997483	1.00248	1.00981	3.253454
230	-464.5824	-458.211	-6.371452	48220.32	12.94785	0.994217	0.998516	1.00147	1.00579	3.207912
240	-458.3198	-451.3876	-6.932271	62854.57	12.23914	0.994934	0.9987	1.00129	1.00507	3.2625
250	-461.4703	-458.9237	-2.546546	76641.38	12.6628	0.995412	0.998824	1.00117	1.0046	2.91049
260	-459.8098	-454.9323	-4.87753	62545.8	12.4794	0.994922	0.998697	1.00129	1.00509	3.095057
270	-453.3486	-450.2985	-3.050107	73027.52	15.18627	0.9953	0.998795	1.0012	1.00471	2.917403
280	-452.8794	-452.758	-0.1214345	42362.71	12.07777	0.993831	0.998416	1.00157	1.00618	2.699792
290	-468.0253	-464.186	-3.83931	63311.82	13.01681	0.994953	0.998705	1.00129	1.00506	3.01206
300	-454.8277	-452.5475	-2.280257	55644.06	11.81991	0.994617	0.998619	1.00137	1.00539	2.870837
310	-454.579	-459.0744	4.495422	73059.88	17.36435	0.995301	0.998795	1.0012	1.00471	2.408294
320	-464.9793	-459.2218	-5.757495	23112.94	11.2484	0.991651	0.997852	1.00212	1.00837	3.15535
330	-455.366	-458.2295	2.863468	75407.25	20.08978	0.995375	0.998814	1.00118	1.00463	2.433217
340	-462.649	-455.0483	-7.600663	21133.54	13.96545	0.99127	0.997753	1.00222	1.00876	3.269724
350	-451.9759	-453.6996	1.723685	51447.21	17.28859	0.994402	0.998563	1.00143	1.00561	2.569676
360	-453.088	-448.1115	-4.976403	78787.91	13.69513	0.995475	0.99884	1.00115	1.00453	3.088075
370	-465.4139	-458.1888	-7.225156	90764.26	12.21951	0.995784	0.998919	1.00107	1.00422	3.286646
380	-453.6601	-451.2799	-2.380155	62973.52	19.0981	0.994939	0.998702	1.00129	1.00507	2.735834
390	-448.134	-450.9	2.765998	58020.21	15.48038	0.994728	0.998647	1.00134	1.00528	2.533271
400	-469.4183	-459.3261	-10.09219	36099.78	9.979051	0.993318	0.998283	1.0017	1.0067	3.524578
410	-463.857	-454.5679	-9.289006	824.5273	8.977884	0.956086	0.988349	1.01096	1.04461	3.367644
420	-466.9465	-459.3995	-7.546999	29826.25	11.88927	0.99265	0.998111	1.00187	1.00737	3.316082
430	-460.1356	-456.1979	-3.937658	47036.41	8.95082	0.994145	0.998497	1.00149	1.00587	2.766741
440	-456.394	-448.6274	-7.766556	23514.17	11.78484	0.991723	0.997871	1.00211	1.0083	3.335176
450	-464.168	-454.8409	-9.327111	31558.05	10.56057	0.992854	0.998163	1.00182	1.00716	3.466931
460	-462.492	-459.0483	-3.443718	93045.2	15.97918	0.995836	0.998933	1.00106	1.00417	2.917934
470	-460.0007	-459.7711	-0.2295729	73538.2	11.55657	0.995317	0.998799	1.00119	1.00469	2.683429
480	-464.5434	-459.0666	-5.476798	9887.969	10.6001	0.987246	0.996706	1.00324	1.01281	3.104474
490	-465.2457	-459.5913	-5.65439	97277.87	13.52235	0.995928	0.998956	1.00104	1.00408	3.14173
500	-456.1216	-456.8261	0.7044881	43369.11	14.09341	0.993903	0.998434	1.00155	1.00611	2.675462
510	-456.5493	-460.9023	4.352957	31008.92	12.56442	0.992791	0.998147	1.00183	1.00723	2.360264
520	-463.1906	-452.0024	-11.18819	26718.02	9.042732	0.992234	0.998003	1.00198	1.00779	3.584715
530	-457.2472	-455.8789	-1.368282	17355.14	12.1047	0.990368	0.997519	1.00245	1.00967	2.80389
540	-458.8318	-457.8645	-0.9673059	25343.43	10.75486	0.992027	0.997949	1.00203	1.008	2.692881
550	-459.3955	-459.0937	-0.3017628	73644.47	13.27124	0.99532	0.9988	1.00119	1.00469	2.743726
560	-457.1763	-453.0967	-4.079622	88887.33	12.66675	0.99574	0.998908	1.00109	1.00427	3.031561
570	-454.5127	-449.6367	-4.875938	38192.87	13.67793	0.993503	0.998331	1.00165	1.00651	3.081098
580	-445.0431	-452.2537	7.21063	34668.74	14.72776	0.993182	0.998248	1.00174	1.00683	2.232415
590	-455.5692	-460.0822	4.512919	82947.23	16.06217	0.99559	0.998869	1.00112	1.00442	2.419682
600	-456.3494	-456.3316	-0.01779129	49985.58	14.47645	0.99432	0.998542	1.00145	1.00569	2.72522
610	-461.3443	-457.937	-3.407359	56616.62	14.73571	0.994663	0.99863	1.00136	1.00535	2.953166
620	-447.6929	-453.1218	5.428973	4543.523	14.13408	0.981206	0.995121	1.00475	1.01892	2.341285
630	-465.4638	-461.7472	-3.716563	34373.1	17.10384	0.993152	0.998241	1.00174	1.00686	2.89191
640	-463.2766	-457.8732	-5.403391	69617.88	12.86285	0.995187	0.998765	1.00123	1.00482	3.134177
650	-460.5464	-458.0115	-2.534888	60991.88	12.07927	0.994858	0.998681	1.00131	1.00515	2.899655
660	-463.5203	-456.9045	-6.61573	88932.3	10.2725	0.995741	0.998908	1.00109	1.00427	3.195432
670	-468.2941	-459.0385	-9.2556	9355.93	10.98309	0.986889	0.996613	1.00333	1.01317	3.465798
680	-470.345	-457.0199	-13.32513	92805.52	11.88489	0.995831	0.998931	1.00106	1.00418	3.80228
690	-467.2134	-463.0425	-4.170852	47399.58	14.21791	0.994168	0.998503	1.00149	1.00584	3.018547
700	-462.5849	-459.7185	-2.866317	12904.5	14.87441	0.988833	0.99712	1.00284	1.01121	2.913213
710	-459.3649	-452.3628	-7.002119	19391.47	14.9068	0.990887	0.997654	1.00232	1.00914	3.189875
720	-458.9341	-454.814	-4.120154	97590.85	14.65259	0.995934	0.998958	1.00104	1.00407	3.003871
730	-472.2306	-462.3813	-9.84931	55116.88	9.909767	0.994591	0.998612	1.00138	1.00542	3.497284
740	-457.5271	-455.5177	-2.009374	42256.98	12.82417	0.993823	0.998414	1.00157	1.00619	2.869948
750	-463.0842	-456.8668	-6.217451	80275.2	13.08967	0.995517	0.998851	1.00114	1.00449	3.193345
760	-466.0637	-458.8042	-7.259495	59524.82	11.30442	0.994795	0.998664	1.00133	1.00521	3.289608
770	-460.0513	-460.2002	0.1488101	70147.7	17.5211	0.995205	0.99877	1.00122	1.0048	2.654067
780	-475.728	-467.1735	-8.554503	19662.97	11.84003	0.99095	0.99767	1.0023	1.00908	3.401426
790	-461.7759	-456.2864	-5.48948	23008.42	9.85429	0.991633	0.997847	1.00213	1.00839	3.052311
800	-461.6528	-451.3686	-10.2842	3750.472	11.67396	0.979321	0.994623	1.00522	1.02083	3.551216
810	-468.8028	-460.2489	-8.553938	69570.44	8.385011	0.995185	0.998765	1.00123	1.00482	3.198179
820	-462.987	-457.9442	-5.04285	36191	16.75451	0.993326	0.998286	1.0017	1.00669	2.985039
830	-469.5314	-463.3976	-6.133766	89292.23	11.55889	0.995749	0.99891	1.00108	1.00426	3.194355
840	-460.5432	-453.0774	-7.465789	6624.945	11.95985	0.984427	0.995968	1.00395	1.01566	3.308832
850	-458.1397	-459.5648	1.425057	72023.44	12.82408	0.995268	0.998786	1.00121	1.00474	2.602135
860	-469.2336	-466.0519	-3.181699	8142.616	13.12488	0.985949	0.996367	1.00356	1.01412	2.961336
870	-473.6153	-465.5343	-8.081029	99590.75	13.35322	0.995975	0.998968	1.00103	1.00403	3.327138
880	-460.6548	-452.8053	-7.849527	89079.34	9.439978	0.995744	0.998909	1.00108	1.00426	3.258502
890	-466.3947	-457.4833	-8.911435	769.5371	13.75001	0.954558	0.987928	1.01133	1.04619	3.37306
900	-456.9351	-454.9297	-2.005465	152.2206	10.53499	0.898936	0.971841	1.02441	1.10482	2.771413
910	-441.4531	-445.1231	3.66997	16310.31	17.02379	0.990065	0.99744	1.00252	1.00997	2.461256
920	-455.2288	-459.6691	4.440297	99508.52	15.55074	0.995973	0.998968	1.00103	1.00403	2.425193
930	-469.1808	-464.1681	-5.012728	96617.33	13.20422	0.995914	0.998953	1.00104	1.00409	3.099724
940	-458.4844	-457.562	-0.9224754	8068.75	12.72938	0.985885	0.99635	1.00358	1.01419	2.783527
950	-471.4119	-472.8083	1.396319	45151.52	13.50568	0.994024	0.998466	1.00152	1.00599	2.620055
960	-458.9325	-453.3577	-5.574737	92313.88	14.94092	0.99582	0.998928	1.00107	1.00419	3.092873
970	-456.4473	-458.4491	2.001789	32125.49	14.4189	0.992917	0.99818	1.0018	1.0071	2.585504
980	-456.3863	-455.2576	-1.128779	74752.01	13.6417	0.995355	0.998809	1.00118	1.00465	2.807156
990	-461.2391	-462.7191	1.479947	74191.18	14.73078	0.995337	0.998804	1.00119	1.00467	2.621515
1000	-453.125	-455.0206	1.895614	97252.38	16.06471	0.995927	0.998956	1.00104	1.00408	2.582594
1010	-463.5958	-466.929	3.33323	39661.27	14.2288	0.993625	0.998363	1.00162	1.00639	2.490903
1020	-450.2393	-448.4744	-1.764808	80257.59	16.77796	0.995517	0.99885	1.00114	1.00449	2.788628
1030	-459.5961	-459.2236	-0.3724992	35509.31	12.38491	0.993263	0.998269	1.00171	1.00675	2.731284
1040	-475.2247	-466.6028	-8.621911	7796.484	8.569322	0.985641	0.996287	1.00364	1.01443	3.237052
1050	-459.8836	-453.1185	-6.765093	15298.13	11.73266	0.989742	0.997356	1.00261	1.0103	3.250035
1060	-464.9724	-459.3825	-5.589973	78467.97	9.171994	0.995466	0.998837	1.00116	1.00454	2.984463
1070	-458.3497	-453.4394	-4.910311	82900.13	15.85265	0.995589	0.998869	1.00112	1.00442	3.014773
1080	-465.4889	-457.8517	-7.637206	29460.54	10.47453	0.992604	0.998099	1.00188	1.00742	3.303696
1090	-459.5515	-458.2276	-1.323846	68495.77	12.8921	0.995147	0.998755	1.00124	1.00486	2.817399
1100	-450.8171	-456.4695	5.652438	91201.66	19.82545	0.995794	0.998922	1.00107	1.00421	2.300258
1110	-459.0704	-454.5077	-4.562698	35391.18	12.15961	0.993251	0.998266	1.00172	1.00676	3.068293
1120	-453.4901	-450.4452	-3.04492	30450.3	12.53002	0.992725	0.99813	1.00185	1.00729	2.948734
1130	-457.3763	-460.5161	3.139805	18095.77	18.89674	0.990567	0.997571	1.0024	1.00946	2.452009
1140	-451.7585	-456.9419	5.183338	43995.9	14.23038	0.993946	0.998446	1.00154	1.00607	2.360913
1150	-444.4774	-451.0538	6.576402	71882.5	15.57522	0.995263	0.998785	1.00121	1.00474	2.28806
1160	-462.5419	-458.3814	-4.160481	83418.62	12.76522	0.995602	0.998872	1.00112	1.0044	3.037839
1170	-456.2256	-457.159	0.9333865	94315.76	13.47431	0.995864	0.99894	1.00105	1.00414	2.653901
1180	-455.0407	-456.4461	1.405426	14888.8	14.08683	0.989602	0.99732	1.00264	1.01044	2.625688
1190	-460.7838	-457.1361	-3.647676	82516	14.74828	0.995578	0.998866	1.00113	1.00443	2.969144
1200	-460.2217	-459.0329	-1.188749	2431.285	18.06658	0.97434	0.993299	1.00647	1.0259	2.711504
1210	-450.7527	-447.4622	-3.290573	70291.1	9.153978	0.99521	0.998771	1.00122	1.0048	2.730732
1220	-456.2218	-457.0066	0.7847711	51002.85	17.09192	0.994377	0.998557	1.00143	1.00563	2.629034
1230	-461.4762	-460.7331	-0.7430623	93654.3	22.9865	0.99585	0.998936	1.00106	1.00416	2.498532
1240	-450.688	-450.2917	-0.3963179	62896.07	12.13337	0.994936	0.998701	1.00129	1.00507	2.724679
1250	-454.8381	-452.1987	-2.639381	93504.09	17.6138	0.995846	0.998935	1.00106	1.00416	2.809625
1260	-453.88	-451.2448	-2.635215	7170.966	12.55933	0.98503	0.996126	1.00379	1.01505	2.916391
1270	-461.8187	-459.9626	-1.856083	83759.37	14.90284	0.995611	0.998875	1.00112	1.0044	2.844739
1280	-457.7659	-455.8623	-1.90362	15843.73	14.36145	0.98992	0.997403	1.00256	1.01012	2.857186
1290	-471.4856	-464.4491	-7.036526	67500.19	9.36243	0.995112	0.998746	1.00125	1.0049	3.164189
1300	-466.6856	-462.7958	-3.889833	96732.44	12.07146	0.995916	0.998953	1.00104	1.00409	3.011707
1310	-466.3575	-461.9521	-4.405345	27575.7	23.20944	0.992356	0.998035	1.00194	1.00766	2.647454
1320	-464.7633	-459.9149	-4.848442	38107.21	13.16268	0.993496	0.998329	1.00166	1.00652	3.087842
1330	-452.3554	-448.5178	-3.837589	13957.5	10.8177	0.989261	0.997231	1.00273	1.01078	2.963489
1340	-454.6352	-453.1686	-1.466574	1420.076	11.64278	0.966473	0.991184	1.00841	1.03393	2.794497
1350	-463.799	-455.9919	-7.807061	34182	8.568136	0.993133	0.998236	1.00175	1.00688	3.141763
1360	-457.3546	-454.369	-2.985642	60840.37	13.86005	0.994851	0.998679	1.00131	1.00516	2.940727
1370	-464.6489	-459.9799	-4.669067	51505.79	13.73828	0.994405	0.998564	1.00142	1.00561	3.064765
1380	-453.9385	-460.0744	6.135865	20782.01	15.00445	0.991196	0.997734	1.00224	1.00883	2.31005
1390	-451.4568	-456.4822	5.025305	7425.155	17.59328	0.985287	0.996194	1.00373	1.01479	2.374759
1400	-450.385	-453.6988	3.31389	39675.43	15.63891	0.993626	0.998363	1.00162	1.00639	2.497241
1410	-449.0809	-453.0145	3.933605	57294.51	13.82012	0.994695	0.998639	1.00135	1.00532	2.440577
1420	-464.2848	-456.6735	-7.611323	51241.63	9.673316	0.99439	0.99856	1.00143	1.00562	3.253945
1430	-461.3068	-454.4585	-6.848278	81106.74	11.24784	0.99554	0.998856	1.00114	1.00447	3.252312
1440	-463.9952	-458.7809	-5.21429	94595.89	18.14538	0.99587	0.998941	1.00105	1.00414	2.930543
1450	-459.1807	-458.5411	-0.6395411	84896.55	12.55631	0.995641	0.998882	1.00111	1.00437	2.757418
1460	-458.8356	-452.1356	-6.7	59210.63	12.25286	0.994781	0.998661	1.00133	1.00523	3.243416
1470	-452.2808	-456.2628	3.981993	85553.62	13.82212	0.995658	0.998887	1.00111	1.00435	2.437124
1480	-470.356	-465.6344	-4.72167	61800.68	13.66666	0.994892	0.998689	1.0013	1.00512	3.070042
1490	-458.9845	-452.8369	-6.147557	60652.21	11.52388	0.994843	0.998677	1.00131	1.00517	3.195071
1500	-454.5969	-454.1646	-0.4323365	46016.72	18.74519	0.994081	0.99848	1.00151	1.00593	2.6464
1510	-461.9681	-459.2668	-2.701298	41781.83	13.03438	0.993788	0.998405	1.00158	1.00623	2.924665
1520	-444.5206	-450.423	5.902352	27692.96	19.68824	0.992372	0.998039	1.00194	1.00765	2.290527
1530	-452.6981	-452.2777	-0.4203761	41316.75	13.21266	0.993753	0.998396	1.00159	1.00626	2.752027
1540	-464.3491	-458.6688	-5.680355	14804.04	13.65595	0.989572	0.997312	1.00265	1.01047	3.140456
1550	-466.1337	-461.2266	-4.907121	53475.12	13.21551	0.994509	0.998591	1.0014	1.0055	3.091565
1560	-461.991	-451.8456	-10.14546	9505.028	17.68336	0.986992	0.99664	1.0033	1.01307	3.231396
1570	-450.7396	-452.8088	2.069209	16890.4	17.11862	0.990236	0.997485	1.00248	1.0098	2.553329
1580	-455.3706	-454.2714	-1.099257	11530.71	13.4883	0.988188	0.996952	1.003	1.01186	2.804792
1590	-458.5588	-456.6765	-1.882263	11772.23	12.64226	0.988309	0.996983	1.00297	1.01174	2.857734
1600	-463.2002	-457.4557	-5.744515	81029.81	10.60005	0.995538	0.998856	1.00114	1.00447	3.129728
1610	-461.2022	-457.4807	-3.721555	26351.62	17.75922	0.992181	0.997989	1.00199	1.00784	2.864899
1620	-458.3876	-452.6187	-5.768899	6024.674	12.68439	0.983672	0.99577	1.00414	1.01642	3.164743
1630	-460.2601	-461.3666	1.106463	46169.47	13.26644	0.994091	0.998483	1.0015	1.00592	2.637523
1640	-461.8316	-457.8501	-3.981572	41740.41	16.1562	0.993785	0.998404	1.00158	1.00623	2.945021
1650	-462.2302	-452.7654	-9.464854	15504.28	13.27003	0.98981	0.997374	1.00259	1.01023	3.434223
1660	-463.9124	-455.7465	-8.165959	8785.007	13.53007	0.986471	0.996504	1.00343	1.01359	3.327182
1670	-448.8161	-445.2027	-3.613382	46203.11	12.63978	0.994093	0.998483	1.0015	1.00592	2.994656
1680	-460.3068	-457.3175	-2.989306	48239.73	13.21478	0.994219	0.998516	1.00147	1.00579	2.946449
1690	-469.0115	-462.7334	-6.278184	68014.39	13.4669	0.99513	0.998751	1.00124	1.00488	3.1893
1700	-464.5916	-462.5346	-2.057007	88297.49	11.98389	0.995726	0.998904	1.00109	1.00428	2.857326
1710	-453.1387	-450.4737	-2.665041	21892.25	12.42473	0.991422	0.997793	1.00218	1.0086	2.916997
1720	-457.3863	-453.9183	-3.468013	28161.72	12.14793	0.992436	0.998055	1.00192	1.00758	2.978079
1730	-461.3107	-457.7321	-3.578515	58043.9	12.1889	0.994729	0.998648	1.00134	1.00528	2.987788
1740	-444.5898	-444.9625	0.3726066	12775.43	12.01904	0.988777	0.997105	1.00285	1.01127	2.656228
1750	-459.3261	-449.5169	-9.809222	50580.53	9.038792	0.994354	0.998551	1.00144	1.00566	3.431827
1760	-455.7709	-455.5584	-0.2124577	38322.96	14.79846	0.993514	0.998334	1.00165	1.0065	2.735675
1770	-455.6343	-451.0146	-4.619702	41578.54	12.90687	0.993773	0.998401	1.00159	1.00624	3.07294
1780	-454.9709	-450.5808	-4.390043	87308.18	16.95153	0.995701	0.998898	1.0011	1.00431	2.937786
1790	-458.1528	-458.187	0.03425319	12877.95	10.34874	0.988821	0.997117	1.00284	1.01122	2.557124
1800	-450.3469	-453.0056	2.658681	40208.61	16.15411	0.993668	0.998374	1.00161	1.00635	2.534043
1810	-456.6714	-456.4433	-0.2280895	46407.98	10.87498	0.994106	0.998487	1.0015	1.00591	2.634829
1820	-460.8464	-457.2274	-3.619073	19211.68	12.41395	0.990844	0.997643	1.00233	1.00919	2.993688
1830	-460.4469	-454.7027	-5.744248	60703.19	14.33994	0.994846	0.998678	1.00131	1.00516	3.125314
1840	-463.1755	-457.7164	-5.459059	10976.04	13.18105	0.987893	0.996875	1.00307	1.01216	3.133923
1850	-459.6354	-453.2666	-6.368731	15381.84	14.01165	0.98977	0.997364	1.0026	1.01027	3.180026
1860	-458.3375	-456.6526	-1.684863	63678.31	10.36459	0.994967	0.998709	1.00128	1.00504	2.724826
1870	-455.5124	-455.2615	-0.2508963	40070.12	12.7139	0.993657	0.998371	1.00161	1.00636	2.730414
1880	-465.285	-463.3877	-1.897294	60711.87	16.03878	0.994846	0.998678	1.00131	1.00516	2.819447
1890	-455.9343	-448.5495	-7.38475	47274.56	15.04089	0.99416	0.998501	1.00149	1.00585	3.209504
1900	-455.2807	-450.073	-5.207683	87251.05	17.25185	0.9957	0.998898	1.0011	1.00431	2.972294
1910	-453.3817	-445.9758	-7.405879	51222.22	13.82282	0.994389	0.99856	1.00143	1.00562	3.260986
1920	-465.5889	-460.0496	-5.539307	17394.81	11.01795	0.990379	0.997522	1.00245	1.00965	3.128697
1930	-472.2092	-461.7429	-10.46628	82043.81	15.54189	0.995566	0.998863	1.00113	1.00444	3.384309
1940	-475.6302	-465.4044	-10.2258	23315.27	10.13993	0.991688	0.997862	1.00211	1.00834	3.543327
1950	-459.3763	-455.2485	-4.127753	25453.82	14.49765	0.992044	0.997954	1.00202	1.00798	3.008572
1960	-452.704	-447.5954	-5.108544	81691.34	12.42934	0.995556	0.998861	1.00113	1.00445	3.113656
1970	-459.9927	-451.2058	-8.786929	16501.4	13.10971	0.990122	0.997455	1.00251	1.00991	3.38894
1980	-465.0846	-453.8871	-11.19748	45221.11	8.83115	0.994029	0.998467	1.00152	1.00598	3.566523
1990	-460.4776	-453.9701	-6.507499	68244.23	12.27167	0.995138	0.998753	1.00124	1.00487	3.227576
2000	-471.4067	-460.3954	-11.01137	43388.24	8.811723	0.993904	0.998435	1.00155	1.00611	3.54346
2010	-461.2282	-458.1945	-3.033717	52841.39	11.56312	0.994476	0.998582	1.00141	1.00554	2.926312
2020	-465.4393	-460.4399	-4.99936	11203.59	12.89699	0.988017	0.996907	1.00304	1.01203	3.10245
2030	-462.2872	-457.1618	-5.125376	11168.44	12.90641	0.987998	0.996902	1.00305	1.01205	3.112123
2040	-456.6475	-455.3265	-1.321016	36875.19	14.23908	0.993388	0.998302	1.00168	1.00663	2.817904
2050	-452.648	-449.6226	-3.02536	46028.63	9.625307	0.994082	0.998481	1.00151	1.00593	2.773531
2060	-450.489	-448.8588	-1.630264	49706.4	12.92689	0.994304	0.998538	1.00145	1.00571	2.841529
2070	-462.5006	-457.9286	-4.572025	31589.11	14.92748	0.992857	0.998164	1.00182	1.00716	3.026193
2080	-451.0563	-451.1442	0.08789131	15380.23	13.61627	0.989769	0.997364	1.0026	1.01027	2.7178
2090	-464.864	-454.8044	-10.05956	75222.25	15.96864	0.995369	0.998812	1.00118	1.00464	3.3326
2100	-455.8914	-461.1055	5.214072	93379.46	14.47956	0.995843	0.998934	1.00106	1.00416	2.363872
2110	-452.6205	-454.1831	1.562621	32201.33	14.80276	0.992925	0.998182	1.0018	1.00709	2.615711
2120	-460.8063	-453.7317	-7.074597	7986.96	10.45612	0.985813	0.996332	1.0036	1.01426	3.249161
2130	-463.6341	-456.573	-7.061006	8089.457	10.2309	0.985903	0.996355	1.00357	1.01417	3.236499
2140	-463.5004	-460.8219	-2.678535	64707.77	17.45581	0.995007	0.998719	1.00127	1.005	2.817944
2150	-463.3728	-458.4026	-4.970114	85986.15	10.64634	0.995669	0.998889	1.0011	1.00434	3.059292
2160	-451.7591	-452.9044	1.145295	61638.83	13.34212	0.994885	0.998688	1.0013	1.00512	2.635998
2170	-452.7455	-456.1664	3.420892	67818.52	16.95805	0.995123	0.998749	1.00124	1.00489	2.476906
2180	-452.5927	-461.1691	8.576361	35627.46	16.91687	0.993274	0.998272	1.00171	1.00674	2.172777
2190	-455.5626	-460.4801	4.91751	88369.57	16.11737	0.995727	0.998905	1.00109	1.00428	2.394334
2200	-460.1061	-455.9425	-4.16351	36281.47	11.41409	0.993335	0.998288	1.0017	1.00668	3.019517
2210	-457.6421	-456.7967	-0.8454335	74651.66	12.31189	0.995352	0.998808	1.00118	1.00466	2.767389
2220	-462.4594	-453.46	-8.999393	84734.63	10.56858	0.995637	0.998881	1.00111	1.00437	3.436085
2230	-468.4097	-465.6363	-2.773385	34985.57	11.95334	0.993212	0.998256	1.00173	1.0068	2.916316
2240	-457.367	-455.7707	-1.596251	90236.44	12.90303	0.995772	0.998916	1.00108	1.00423	2.838647
2250	-461.5618	-458.5722	-2.98955	67887.72	13.31505	0.995126	0.99875	1.00124	1.00488	2.946049
2260	-451.5302	-454.8174	3.287266	36008.95	16.76939	0.993309	0.998281	1.0017	1.00671	2.487638
2270	-457.855	-457.7496	-0.1054003	24005.49	13.70235	0.991808	0.997893	1.00208	1.00822	2.732433
2280	-453.7245	-458.0676	4.343115	29405.19	15.78949	0.992597	0.998097	1.00188	1.00742	2.431217
2290	-453.1492	-459.2608	6.111586	74682.99	19.19103	0.995353	0.998808	1.00118	1.00466	2.289503
2300	-453.8596	-453.9366	0.07695703	72512.34	14.68836	0.995284	0.99879	1.0012	1.00472	2.717131
2310	-459.2415	-458.907	-0.3345323	40491.49	15.81425	0.99369	0.99838	1.00161	1.00632	2.726946
2320	-453.7337	-446.0595	-7.674261	23798.61	9.569613	0.991772	0.997883	1.00209	1.00825	3.251772
2330	-458.3861	-458.9837	0.5975612	92809.22	13.15764	0.995831	0.998931	1.00106	1.00418	2.674003
2340	-455.7426	-464.2004	8.45773	16165.49	16.3453	0.99002	0.997429	1.00254	1.01001	2.176792
2350	-446.0615	-457.6998	11.63826	15909.57	19.06697	0.989941	0.997408	1.00256	1.0101	2.0019
2360	-453.5229	-451.5142	-2.008678	62752.87	10.97929	0.99493	0.998699	1.00129	1.00508	2.80572
2370	-448.4049	-450.2364	1.831496	30681.95	13.88175	0.992753	0.998137	1.00184	1.00727	2.593426
2380	-464.4613	-462.641	-1.820296	66939.26	16.39387	0.995091	0.998741	1.00125	1.00492	2.804114
2390	-458.9725	-458.8302	-0.1423025	47444.82	13.61493	0.99417	0.998503	1.00148	1.00584	2.734698
2400	-460.616	-461.1037	0.487728	15824.57	17.8172	0.989914	0.997401	1.00256	1.01012	2.626177
2410	-465.4729	-455.6444	-9.828497	69819.67	11.75326	0.995194	0.998767	1.00122	1.00481	3.51075
2420	-446.6699	-449.6629	2.992951	97853.58	21.83928	0.995939	0.998959	1.00103	1.00407	2.373103
2430	-456.4988	-453.859	-2.639813	1730.618	10.32873	0.969612	0.992031	1.00764	1.03072	2.813679
2440	-449.4121	-448.6425	-0.7695775	1249.613	13.27724	0.964274	0.990588	1.00895	1.03618	2.779026
2450	-458.7535	-457.9307	-0.8228143	44309.04	18.92046	0.993968	0.998451	1.00154	1.00605	2.660838
2460	-453.1225	-454.085	0.9624069	76879.32	15.63016	0.995419	0.998825	1.00117	1.00459	2.647728
2470	-452.4175	-453.7741	1.356537	90866.66	14.97853	0.995786	0.99892	1.00107	1.00422	2.628739
2480	-463.0305	-459.0788	-3.951705	28018.42	11.66705	0.992416	0.99805	1.00193	1.0076	3.00859
2490	-470.8357	-463.5554	-7.280267	7769.268	12.19872	0.985616	0.99628	1.00365	1.01446	3.291382
2500	-454.4101	-453.2577	-1.152417	89976.87	11.01452	0.995766	0.998914	1.00108	1.00424	2.730293
2510	-451.005	-451.4726	0.4676286	31105.86	13.71178	0.992802	0.99815	1.00183	1.00722	2.690682
2520	-453.4623	-452.5303	-0.9319593	42396.82	17.96499	0.993833	0.998417	1.00157	1.00618	2.700805
2530	-469.1399	-459.1448	-9.995095	92258.18	9.248671	0.995818	0.998928	1.00107	1.00419	3.471265
2540	-464.9749	-456.8364	-8.138567	83020.76	10.51654	0.995592	0.99887	1.00112	1.00441	3.352979
2550	-474.1358	-465.6135	-8.522333	29173.58	12.94746	0.992568	0.998089	1.00189	1.00745	3.374043
2560	-460.8775	-456.5153	-4.362216	228.5394	13.04177	0.917215	0.977292	1.02021	1.08529	3.05203
2570	-459.8096	-458.5391	-1.270533	96172.37	13.52464	0.995904	0.99895	1.00104	1.0041	2.817539
2580	-463.2811	-459.9525	-3.328617	87555.46	16.44613	0.995708	0.9989	1.00109	1.0043	2.894215
2590	-453.5467	-456.2023	2.655588	77221.7	16.92776	0.99543	0.998828	1.00116	1.00458	2.522576
2600	-460.8757	-460.4105	-0.465219	18259.52	14.21513	0.990609	0.997582	1.00239	1.00942	2.75793
2610	-445.7054	-449.0266	3.321211	35168.82	12.14439	0.99323	0.998261	1.00172	1.00679	2.41898
2620	-458.3162	-463.4918	5.175557	76618.84	19.90433	0.995412	0.998823	1.00117	1.0046	2.322488
2630	-459.8023	-457.6794	-2.122872	5862.68	18.71966	0.983448	0.995711	1.00419	1.01665	2.737606
2640	-461.4403	-464.044	2.603742	79576.14	13.10064	0.995498	0.998846	1.00115	1.00451	2.519785
2650	-457.9139	-459.3746	1.460787	11080.92	14.34152	0.987951	0.99689	1.00306	1.0121	2.622872
2660	-465.5026	-456.2794	-9.223194	26416.54	10.62849	0.99219	0.997992	1.00199	1.00783	3.458451
2670	-477.0524	-463.9066	-13.14576	5927.932	8.68609	0.983539	0.995735	1.00417	1.01656	3.775547
2680	-463.4745	-458.5742	-4.900289	26846.53	15.36437	0.992253	0.998008	1.00197	1.00777	3.032801
2690	-458.475	-458.9453	0.4702334	52378.21	13.60517	0.994451	0.998576	1.00141	1.00556	2.68962
2700	-454.871	-452.5134	-2.357643	44337.54	14.47062	0.99397	0.998452	1.00154	1.00604	2.886954
2710	-456.7823	-452.9231	-3.859146	87358.22	11.8837	0.995703	0.998898	1.0011	1.0043	3.005784
2720	-468.947	-463.0995	-5.847577	69817.02	14.83866	0.995193	0.998767	1.00122	1.00481	3.114976
2730	-454.7695	-458.5324	3.762917	71216.19	14.10145	0.995241	0.998779	1.00121	1.00477	2.458593
2740	-456.1001	-460.0788	3.97873	18985.78	18.02581	0.99079	0.997629	1.00234	1.00924	2.42628
2750	-457.9851	-453.1876	-4.797505	39366.73	11.66711	0.993601	0.998356	1.00163	1.00641	3.081086
2760	-451.779	-446.3751	-5.403911	81981.84	9.901173	0.995564	0.998863	1.00113	1.00444	3.047923
2770	-460.6235	-459.0265	-1.597073	56948.07	15.41718	0.994679	0.998635	1.00136	1.00533	2.816597
2780	-461.1526	-457.5821	-3.570449	62182.44	12.91421	0.994907	0.998693	1.0013	1.0051	2.991637
2790	-447.6911	-455.6351	7.943979	26501.33	17.89794	0.992203	0.997995	1.00198	1.00782	2.207187
2800	-452.7693	-453.448	0.6787547	40497.06	14.06597	0.993691	0.99838	1.00161	1.00632	2.67722
2810	-453.8159	-448.025	-5.790861	64305.95	10.48026	0.994992	0.998715	1.00128	1.00502	3.127747
2820	-458.1792	-454.0638	-4.115416	19241.62	12.15739	0.990851	0.997645	1.00233	1.00918	3.031483
2830	-460.6431	-459.6971	-0.9459501	91301.77	13.70294	0.995796	0.998922	1.00107	1.00421	2.793776
2840	-459.798	-450.623	-9.174975	99559.63	11.68384	0.995974	0.998968	1.00103	1.00403	3.456076
2850	-467.2207	-462.6529	-4.567742	53169.65	13.0991	0.994493	0.998587	1.0014	1.00552	3.067216
2860	-467.2352	-459.503	-7.732215	19848.94	9.380477	0.990992	0.997681	1.00229	1.00904	3.240297
2870	-457.5133	-456.606	-0.907303	47198.63	10.69201	0.994155	0.9985	1.00149	1.00586	2.681799
2880	-455.53	-457.7491	2.219074	5789.156	16.64269	0.983344	0.995684	1.00422	1.01676	2.553599
2890	-457.9161	-463.2936	5.377514	40644.42	14.1843	0.993702	0.998383	1.0016	1.00631	2.346168
2900	-460.3437	-456.6213	-3.722398	41984.34	16.18648	0.993803	0.998409	1.00158	1.00621	2.927869
2910	-455.034	-455.7001	0.6660862	70858.46	11.68417	0.995229	0.998776	1.00122	1.00478	2.613816
2920	-461.8988	-459.0384	-2.860424	75835.91	12.7749	0.995388	0.998817	1.00118	1.00462	2.936052
2930	-467.5651	-463.4236	-4.141475	31341.96	11.65044	0.992829	0.998157	1.00182	1.00719	3.024439
2940	-467.4509	-465.5326	-1.918294	21473.14	15.69193	0.991339	0.997771	1.0022	1.00869	2.830402
2950	-454.2068	-453.112	-1.094878	87916.93	14.33879	0.995716	0.998902	1.00109	1.00429	2.8011
2960	-466.0075	-462.5377	-3.46977	37320.48	12.42537	0.993428	0.998312	1.00167	1.00659	2.981771
2970	-465.594	-456.2111	-9.3829	57466.14	12.888	0.994703	0.998641	1.00135	1.00531	3.442661
2980	-466.7581	-455.749	-11.00913	32453.08	7.742202	0.992953	0.998189	1.00179	1.00706	3.375058
2990	-471.306	-466.1781	-5.127896	64974.97	10.05822	0.995018	0.998722	1.00127	1.00499	3.033917
3000	-467.0725	-464.2583	-2.814262	9133.539	13.20309	0.986731	0.996572	1.00337	1.01333	2.933229
3010	-459.8583	-454.4412	-5.417103	30796.56	17.48917	0.992766	0.998141	1.00184	1.00725	2.97325
3020	-453.0185	-451.3315	-1.687012	28934.23	13.66435	0.992537	0.998081	1.0019	1.00748	2.848002
3030	-464.9694	-457.3839	-7.585528	53722.42	9.34612	0.994521	0.998594	1.0014	1.00549	3.221152
3040	-453.304	-448.7146	-4.589452	33596.98	10.69038	0.993074	0.99822	1.00176	1.00694	3.02609
3050	-460.9921	-456.9258	-4.066288	3856.145	11.709	0.979605	0.994698	1.00515	1.02054	3.019448
3060	-465.2652	-457.1986	-8.066564	22337.43	14.54355	0.991508	0.997815	1.00216	1.00852	3.278186
3070	-467.0309	-463.5281	-3.502793	42684.53	13.3902	0.993854	0.998422	1.00156	1.00616	2.983955
3080	-459.9111	-454.685	-5.226027	74201.66	10.13232	0.995338	0.998804	1.00119	1.00467	3.049653
3090	-467.9036	-462.5023	-5.401305	1467.758	10.6763	0.967019	0.991332	1.00828	1.03337	3.101326
3100	-455.4299	-454.0173	-1.412577	25738.72	16.64899	0.992088	0.997965	1.00201	1.00793	2.77162
3110	-471.4645	-463.616	-7.848446	90434.74	11.66238	0.995776	0.998917	1.00108	1.00423	3.342596
3120	-466.0839	-460.1291	-5.954795	3641.804	10.52797	0.979016	0.994542	1.0053	1.02114	3.145926
3130	-461.6664	-462.616	0.9495964	20071.32	13.24775	0.991042	0.997694	1.00228	1.00899	2.649004
3140	-471.6984	-463.8748	-7.823514	60598.08	10.5022	0.994841	0.998676	1.00131	1.00517	3.322505
3150	-459.4725	-455.7045	-3.76793	94437.99	10.21201	0.995867	0.998941	1.00105	1.00414	2.912965
3160	-456.0322	-450.6973	-5.334856	21931.96	10.29985	0.99143	0.997795	1.00218	1.0086	3.072641
3170	-465.2868	-460.3409	-4.945912	79665.46	13.93576	0.9955	0.998846	1.00115	1.00451	3.080356
3180	-459.2479	-458.6376	-0.6102405	54935.76	15.85006	0.994582	0.99861	1.00138	1.00543	2.743579
3190	-463.2525	-461.8941	-1.358396	56303.38	14.23752	0.994648	0.998627	1.00136	1.00536	2.820544
3200	-468.4781	-466.6872	-1.790947	48074.9	18.69475	0.994209	0.998513	1.00147	1.0058	2.720845
3210	-482.3386	-469.9886	-12.35006	66794.41	10.98567	0.995086	0.99874	1.00125	1.00492	3.747495
3220	-465.5456	-460.051	-5.494611	41874.51	12.59869	0.993795	0.998407	1.00158	1.00622	3.143798
3230	-468.486	-465.8821	-2.603934	61094.27	11.26995	0.994862	0.998682	1.00131	1.00515	2.876076
3240	-459.6405	-452.7594	-6.881083	73473.22	8.744644	0.995314	0.998798	1.00119	1.00469	3.064025
3250	-452.2158	-448.747	-3.468788	90418.45	16.52667	0.995776	0.998917	1.00108	1.00423	2.899737
3260	-457.8357	-450.6098	-7.225957	96761.1	13.37146	0.995917	0.998953	1.00104	1.00409	3.262564
3270	-458.3513	-457.5234	-0.8279673	1608.107	16.7063	0.968483	0.991727	1.00792	1.03187	2.734866
3280	-455.2654	-449.2486	-6.016762	21036.56	10.2745	0.99125	0.997748	1.00222	1.00878	3.137251
3290	-468.7823	-462.4791	-6.303166	2688.317	12.74605	0.975592	0.993632	1.00615	1.02462	3.205981
3300	-453.5151	-452.5458	-0.9692897	72236.73	15.14236	0.995275	0.998788	1.0012	1.00473	2.781186
3310	-468.4845	-458.5372	-9.947354	58140.35	9.258345	0.994733	0.998649	1.00134	1.00528	3.466902
3320	-458.9406	-449.3496	-9.590989	92210.69	12.82284	0.995817	0.998928	1.00107	1.00419	3.461193
3330	-452.7974	-451.7689	-1.028541	18949.27	16.46344	0.990781	0.997626	1.00234	1.00925	2.753874
3340	-469.7755	-461.8884	-7.8871	41535.1	9.10116	0.99377	0.9984	1.00159	1.00624	3.226721
3350	-453.9889	-451.7197	-2.269227	28651.97	11.12915	0.992501	0.998072	1.00191	1.00752	2.838603
3360	-455.4788	-455.6144	0.1355848	72542.04	15.52846	0.995285	0.998791	1.0012	1.00472	2.702389
3370	-467.1663	-460.6836	-6.482722	56129.89	10.62509	0.99464	0.998625	1.00137	1.00537	3.200463
3380	-464.363	-464.8309	0.4679323	79050.96	13.15686	0.995483	0.998842	1.00115	1.00452	2.683842
3390	-453.242	-458.7829	5.540936	85376.07	13.32316	0.995653	0.998886	1.00111	1.00435	2.305733
3400	-457.2318	-454.6948	-2.537024	44903.68	9.870997	0.994008	0.998462	1.00153	1.006	2.754739
3410	-470.1049	-461.2222	-8.88265	8647.817	9.136474	0.986365	0.996476	1.00346	1.0137	3.339819
3420	-466.7161	-461.7578	-4.958299	41819.12	11.59877	0.993791	0.998406	1.00158	1.00622	3.093515
3430	-451.6925	-452.9839	1.291456	62857.09	17.08159	0.994935	0.9987	1.00129	1.00507	2.599631
3440	-451.1942	-455.7791	4.584906	56705.16	18.81248	0.994667	0.998632	1.00136	1.00534	2.377331
3450	-462.4676	-456.1682	-6.299327	29705.5	13.61965	0.992635	0.998107	1.00187	1.00738	3.186793
3460	-461.5587	-457.8126	-3.746102	66283.8	12.72765	0.995067	0.998735	1.00126	1.00494	3.005345
3470	-454.2604	-451.0698	-3.19067	28272.5	15.31219	0.992451	0.998059	1.00192	1.00757	2.923057
3480	-457.5079	-459.4753	1.967409	4482.749	18.52062	0.981079	0.995087	1.00479	1.01905	2.524662
3490	-461.3717	-457.2229	-4.148802	27341.57	8.3609	0.992323	0.998026	1.00195	1.0077	2.666984
3500	-456.8494	-459.4985	2.649065	3739.702	17.24296	0.979291	0.994615	1.00523	1.02086	2.517054
3510	-463.493	-463.7311	0.2380744	54569.87	11.08301	0.994564	0.998605	1.00138	1.00545	2.609655
3520	-467.8832	-467.5512	-0.331952	66330.12	12.8725	0.995069	0.998735	1.00126	1.00494	2.740092
3530	-449.4588	-448.2452	-1.213634	43627.28	11.56121	0.993921	0.998439	1.00155	1.00609	2.768813
3540	-446.4855	-447.8006	1.315144	64434.71	16.37085	0.994997	0.998717	1.00127	1.00501	2.613294
3550	-453.232	-450.7777	-2.454241	33762.53	10.47943	0.993091	0.998225	1.00176	1.00693	2.809304
3560	-454.2929	-450.3053	-3.987604	71679.4	13.26987	0.995256	0.998783	1.00121	1.00475	3.021471
3570	-462.4807	-455.4383	-7.042368	27801.8	14.43234	0.992387	0.998043	1.00194	1.00763	3.212216
3580	-450.6738	-448.0196	-2.654194	15068.24	13.88093	0.989664	0.997336	1.00263	1.01037	2.916571
3590	-464.7383	-460.4986	-4.23969	2363.546	13.47804	0.973977	0.993202	1.00656	1.02627	3.037769
3600	-456.9966	-458.6405	1.643878	31393.03	13.88386	0.992835	0.998159	1.00182	1.00718	2.606963
3610	-463.3919	-458.5251	-4.866852	84003.84	12.72542	0.995618	0.998876	1.00112	1.00439	3.093414
3620	-459.2464	-457.1782	-2.068112	60064.38	12.03646	0.994818	0.998671	1.00132	1.00519	2.859805
3630	-464.5122	-458.9733	-5.538902	75091.04	11.89977	0.995365	0.998811	1.00118	1.00464	3.14727
3640	-479.9795	-467.5025	-12.47709	2617.757	11.14337	0.975267	0.993546	1.00624	1.02495	3.755471
3650	-484.6877	-471.7239	-12.96374	86578.9	10.49305	0.995683	0.998893	1.0011	1.00432	3.81204
3660	-457.698	-452.0437	-5.654335	6271.938	11.97122	0.983996	0.995855	1.00405	1.0161	3.157437
3670	-458.1638	-449.4522	-8.711577	33584.06	14.49851	0.993072	0.99822	1.00176	1.00694	3.324708
3680	-477.4203	-466.1698	-11.25043	47303.72	9.79358	0.994162	0.998501	1.00149	1.00585	3.634839
3690	-457.3827	-451.3298	-6.052986	57064	9.606153	0.994684	0.998636	1.00135	1.00533	3.086133
3700	-458.4481	-448.5118	-9.936266	32812.28	9.525802	0.992992	0.998199	1.00178	1.00703	3.485358
3710	-456.5006	-453.8579	-2.642736	79332.6	10.34149	0.995491	0.998844	1.00115	1.00452	2.815137
3720	-457.9438	-458.2913	0.347465	20273.73	17.89836	0.991087	0.997706	1.00227	1.00894	2.631609
3730	-452.4399	-448.9895	-3.450476	71727.77	9.879799	0.995258	0.998784	1.00121	1.00475	2.848262
3740	-462.1514	-457.5571	-4.594315	67206.16	13.32945	0.995101	0.998743	1.00125	1.00491	3.066368
3750	-462.7533	-454.8037	-7.949629	57212.53	13.44561	0.994691	0.998638	1.00135	1.00532	3.314154
3760	-455.2569	-457.4426	2.185744	61185.27	13.80605	0.994866	0.998683	1.00131	1.00514	2.566845
3770	-455.218	-453.4039	-1.814106	11214.69	12.80123	0.988023	0.996909	1.00304	1.01203	2.854461
3780	-461.4147	-459.3337	-2.080921	83427.95	10.91859	0.995603	0.998873	1.00112	1.0044	2.808229
3790	-448.022	-446.3187	-1.703352	78505.91	16.94558	0.995467	0.998838	1.00116	1.00454	2.779491
3800	-457.5439	-459.2925	1.748658	64688.88	12.87296	0.995007	0.998719	1.00127	1.005	2.578474
3810	-457.3028	-462.0303	4.727465	196.8702	17.76135	0.910917	0.975432	1.02167	1.09199	2.389111
3820	-451.8659	-451.1047	-0.7611803	79863.99	11.80869	0.995506	0.998848	1.00115	1.0045	2.741816
3830	-463.6858	-457.8188	-5.866938	78088.23	13.06274	0.995455	0.998835	1.00116	1.00455	3.167044
3840	-454.4431	-448.1673	-6.275716	54577.88	12.14529	0.994564	0.998605	1.00138	1.00545	3.209212
3850	-469.9206	-459.6215	-10.29911	22531.47	14.3259	0.991545	0.997824	1.00215	1.00848	3.443715
3860	-465.5029	-461.2322	-4.270684	51877.66	12.59614	0.994425	0.998569	1.00142	1.00559	3.046649
3870	-455.0203	-455.4991	0.4787797	8972.035	12.53894	0.986613	0.996541	1.0034	1.01345	2.6678
3880	-452.2538	-452.6242	0.3704204	41423.12	14.73439	0.993762	0.998398	1.00159	1.00625	2.696807
3890	-457.5415	-458.5218	0.9803409	90466.02	12.38488	0.995777	0.998917	1.00108	1.00423	2.62205
3900	-454.0883	-448.6702	-5.418119	95405.86	12.39691	0.995888	0.998946	1.00105	1.00412	3.138656
3910	-472.5399	-468.4692	-4.070761	53497.76	11.94291	0.99451	0.998591	1.0014	1.0055	3.024672
3920	-464.6067	-454.0421	-10.56466	52508.89	14.97691	0.994458	0.998578	1.00141	1.00555	3.424721
3930	-460.7502	-452.766	-7.984195	55787.57	12.83492	0.994624	0.99862	1.00137	1.00539	3.335566
3940	-456.5465	-453.6361	-2.910407	94892.61	12.66995	0.995877	0.998943	1.00105	1.00413	2.93928
3950	-462.7362	-460.6654	-2.07083	66845.5	11.65339	0.995088	0.99874	1.00125	1.00492	2.846827
3960	-454.4763	-453.2112	-1.265102	92918.2	14.33519	0.995833	0.998932	1.00106	1.00417	2.81301
3970	-461.6128	-454.0102	-7.602624	93907.13	12.75402	0.995855	0.998938	1.00106	1.00415	3.307748
3980	-457.5946	-453.8628	-3.73179	67638.73	11.93135	0.995117	0.998747	1.00124	1.00489	2.996058
3990	-456.7511	-454.0264	-2.724706	3496.48	11.55147	0.978586	0.994428	1.00541	1.02158	2.899137
4000	-456.7997	-453.1247	-3.675074	28662.57	12.97221	0.992502	0.998072	1.00191	1.00752	2.999595
4010	-453.5126	-450.878	-2.63464	64092.61	16.35445	0.994984	0.998713	1.00128	1.00503	2.855113
4020	-463.6237	-454.0705	-9.553155	19145.58	15.51273	0.990829	0.997639	1.00233	1.0092	3.32722
4030	-466.0633	-456.5286	-9.534768	46732.5	7.570837	0.994126	0.998492	1.0015	1.00589	3.140023
4040	-473.2123	-462.7892	-10.42315	51640.95	11.49797	0.994412	0.998566	1.00142	1.0056	3.566551
4050	-465.6936	-459.9901	-5.703518	47205.05	10.116	0.994156	0.9985	1.00149	1.00586	3.095564
4060	-453.2922	-451.9958	-1.296327	24348.33	12.54093	0.991866	0.997908	1.00207	1.00816	2.809409
4070	-454.1539	-450.5608	-3.593066	31569.82	13.07508	0.992855	0.998164	1.00182	1.00716	2.992918
4080	-458.6353	-459.3393	0.7039721	6296.422	14.01194	0.984027	0.995863	1.00405	1.01606	2.675254
4090	-450.4367	-455.1887	4.752049	58325.67	16.47551	0.994742	0.998651	1.00134	1.00527	2.402674
4100	-443.7962	-449.5128	5.716598	64762.4	18.08116	0.99501	0.99872	1.00127	1.005	2.329077
4110	-449.0154	-453.1612	4.145798	47408.1	17.2993	0.994168	0.998503	1.00149	1.00584	2.429417
4120	-447.7668	-449.6484	1.881619	73667.5	14.06849	0.995321	0.9988	1.00119	1.00469	2.591727
4130	-443.0627	-448.9412	5.878509	99283.73	14.55123	0.995969	0.998967	1.00103	1.00404	2.319494
4140	-455.8365	-453.5083	-2.328215	48467.19	14.59838	0.994232	0.998519	1.00147	1.00578	2.88261
4150	-463.1259	-457.5083	-5.617557	58496.87	11.04044	0.994749	0.998653	1.00134	1.00526	3.136577
4160	-461.364	-456.1541	-5.209856	45689.42	11.25584	0.99406	0.998475	1.00151	1.00595	3.106886
4170	-463.584	-466.6478	3.063887	67075.16	15.17732	0.995096	0.998742	1.00125	1.00491	2.514811
4180	-464.9814	-466.8404	1.859058	94324.59	16.59806	0.995864	0.99894	1.00105	1.00414	2.57606
4190	-463.4291	-454.1161	-9.312943	64437.57	11.94599	0.994997	0.998717	1.00127	1.00501	3.463549
4200	-467.5417	-455.1703	-12.37139	28854.02	7.908508	0.992527	0.998079	1.0019	1.00749	3.582313
4210	-470.2579	-461.5102	-8.747625	51343.48	13.14488	0.994396	0.998562	1.00143	1.00562	3.384704
4220	-455.7039	-452.8107	-2.893195	4433.592	15.71546	0.980975	0.99506	1.00481	1.01915	2.891809
4230	-461.3852	-456.5916	-4.793616	60787.08	13.5194	0.994849	0.998678	1.00131	1.00516	3.078128
4240	-464.9234	-462.6113	-2.312072	55552.69	14.37691	0.994612	0.998617	1.00137	1.0054	2.885377
4250	-455.9964	-455.6178	-0.3785962	78306.24	15.79728	0.995461	0.998836	1.00116	1.00455	2.730093
4260	-455.3505	-457.1481	1.797575	64510.57	15.61779	0.995	0.998717	1.00127	1.00501	2.59443
4270	-450.3286	-451.7	1.371416	54361.92	11.4518	0.994554	0.998602	1.00139	1.00546	2.5374
4280	-456.6611	-454.3353	-2.325874	66399.77	14.18856	0.995071	0.998736	1.00126	1.00494	2.8892
4290	-457.133	-450.9675	-6.165582	65088.84	10.90519	0.995022	0.998723	1.00127	1.00499	3.18187
4300	-465.7331	-457.2309	-8.502148	78848.94	16.58495	0.995477	0.99884	1.00115	1.00453	3.201037
4310	-458.7254	-456.5917	-2.133665	42157.22	14.58832	0.993816	0.998412	1.00157	1.0062	2.869462
4320	-455.2237	-457.7446	2.520914	55688.13	17.78157	0.994619	0.998619	1.00137	1.00539	2.512882
4330	-463.7548	-466.0268	2.271999	55322.02	14.83041	0.994601	0.998615	1.00138	1.00541	2.567788
4340	-459.8816	-461.2509	1.369329	50405.84	16.6722	0.994344	0.998548	1.00144	1.00567	2.60405
4350	-452.3413	-458.8044	6.463097	34572.54	17.24337	0.993172	0.998246	1.00174	1.00684	2.295858
4360	-464.2979	-457.595	-6.702873	26720.7	13.54235	0.992235	0.998003	1.00198	1.00779	3.218692
4370	-459.9106	-450.6612	-9.249419	58612.83	8.14346	0.994755	0.998654	1.00134	1.00526	3.237212
4380	-456.7692	-454.4335	-2.335716	5260.296	14.33211	0.982529	0.995469	1.00442	1.01758	2.887743
4390	-467.385	-463.5223	-3.862756	37195.27	11.96473	0.993417	0.998309	1.00168	1.0066	3.007661
4400	-464.6886	-461.0853	-3.603266	94094.95	14.27595	0.995859	0.998939	1.00106	1.00415	2.977403
4410	-455.9055	-459.6103	3.704787	70849.74	15.39656	0.995229	0.998776	1.00122	1.00478	2.472719
4420	-461.962	-466.1103	4.148342	14882.08	18.133	0.9896	0.997319	1.00264	1.01044	2.414806
4430	-460.1878	-464.4831	4.295356	14471.85	15.84907	0.989454	0.997281	1.00268	1.01059	2.434082
4440	-454.5464	-452.1195	-2.426918	66702.21	14.39968	0.995083	0.998739	1.00125	1.00493	2.89298
4450	-466.2956	-461.6994	-4.596112	93316.16	11.81319	0.995842	0.998934	1.00106	1.00416	3.06665
4460	-467.7912	-460.2925	-7.498742	74657.06	10.05212	0.995352	0.998808	1.00118	1.00466	3.269261
4470	-478.5681	-468.3956	-10.1725	82226.56	12.52849	0.995571	0.998864	1.00113	1.00444	3.517629
4480	-459.5375	-453.518	-6.019512	72775.56	13.03586	0.995292	0.998793	1.0012	1.00472	3.179212
4490	-458.0446	-454.8788	-3.16581	58300.16	10.38876	0.994741	0.99865	1.00134	1.00527	2.869766
4500	-451.6418	-449.6625	-1.97931	94071.33	12.27441	0.995859	0.998938	1.00106	1.00415	2.858644
4510	-452.5048	-449.0962	-3.408601	70370.73	17.0377	0.995212	0.998772	1.00122	1.0048	2.876514
4520	-466.7325	-462.5403	-4.192172	70686.22	14.09923	0.995223	0.998775	1.00122	1.00478	3.022776
4530	-459.8043	-453.9248	-5.87958	77274.33	14.90982	0.995431	0.998828	1.00116	1.00458	3.114457
4540	-461.1914	-456.2844	-4.906998	16464.92	14.34135	0.990111	0.997452	1.00251	1.00992	3.066888
4550	-462.1068	-459.8754	-2.231377	10054.73	12.73603	0.987352	0.996734	1.00321	1.0127	2.886422
4560	-457.101	-455.3626	-1.738375	87613.45	16.4341	0.995709	0.9989	1.00109	1.0043	2.79789
4570	-456.0454	-454.5165	-1.528939	70456.88	13.56197	0.995215	0.998773	1.00122	1.00479	2.83662
4580	-445.5526	-448.5144	2.961828	24548.02	12.89494	0.991899	0.997916	1.00206	1.00812	2.485081
4590	-453.6448	-451.4539	-2.190905	45431.84	14.76811	0.994043	0.998471	1.00152	1.00597	2.869976
4600	-454.0849	-451.1982	-2.886656	32037.31	18.29257	0.992907	0.998177	1.0018	1.00711	2.796217
4610	-457.0019	-452.082	-4.919862	75136.11	11.0089	0.995367	0.998812	1.00118	1.00464	3.072106
4620	-463.9345	-455.1438	-8.790703	25426.15	15.46379	0.99204	0.997953	1.00202	1.00798	3.280699
4630	-465.8606	-457.9958	-7.864824	80989.35	10.21603	0.995537	0.998856	1.00114	1.00447	3.314346
4640	-473.8498	-463.941	-9.908788	58871.86	11.61607	0.994766	0.998657	1.00133	1.00524	3.520046
4650	-467.0322	-457.1762	-9.855993	84294.17	12.33596	0.995625	0.998878	1.00111	1.00438	3.498521
4660	-460.3903	-454.1408	-6.249447	83271.61	15.91347	0.995599	0.998871	1.00112	1.00441	3.096503
4670	-457.1306	-454.633	-2.497577	27346.41	15.42463	0.992324	0.998026	1.00195	1.0077	2.874804
4680	-455.9289	-457.0371	1.108149	50834.93	15.85744	0.994368	0.998554	1.00143	1.00564	2.635048
4690	-466.8225	-465.1674	-1.655117	395.924	10.92747	0.93686	0.98297	1.01559	1.06458	2.769868
4700	-475.285	-462.5344	-12.7506	71526.85	13.49857	0.995251	0.998782	1.00121	1.00476	3.667972
4710	-459.6213	-453.0269	-6.594334	48791.67	12.72086	0.994251	0.998524	1.00146	1.00576	3.229238
4720	-467.3571	-455.2008	-12.15629	7986.267	10.58332	0.985812	0.996331	1.0036	1.01426	3.73471
4730	-454.756	-450.0799	-4.67611	47964.58	14.10514	0.994202	0.998512	1.00148	1.00581	3.056953
4740	-481.3338	-469.7589	-11.57497	37779.83	14.2913	0.993468	0.998322	1.00166	1.00655	3.534874
4750	-482.6538	-469.0133	-13.64052	36073.75	11.95525	0.993315	0.998283	1.0017	1.0067	3.82535
4760	-472.0961	-463.5402	-8.555873	39425.45	14.45996	0.993606	0.998358	1.00163	1.00641	3.315788
4770	-467.4505	-459.2006	-8.249935	35462.04	15.59311	0.993258	0.998268	1.00172	1.00676	3.23905
4780	-464.1882	-459.6845	-4.503704	5457.03	12.78897	0.982846	0.995553	1.00434	1.01726	3.064623
4790	-461.7014	-455.2707	-6.430696	11586.43	11.32923	0.988216	0.996959	1.00299	1.01183	3.216744
4800	-457.2565	-455.9109	-1.345545	76581	12.28196	0.99541	0.998823	1.00117	1.0046	2.807215
4810	-456.1663	-458.1543	1.987935	1233.179	14.576	0.964039	0.990524	1.00901	1.03642	2.586914
4820	-455.3671	-454.6194	-0.7477101	3.42623	16.69783	0.419766	0.752694	1.08394	1.7436	2.730303
4830	-453.3517	-456.0043	2.652605	2.238673	14.60786	0.320192	0.67821	1.07496	1.92664	2.541463
4840	-447.723	-455.9925	8.269454	2.507852	19.85905	0.3472	0.700037	1.07872	1.87405	2.167745
4850	-447.4999	-452.4253	4.925404	1.38501	16.05714	0.207	0.568226	1.04289	2.18189	2.394014
4860	-470.7315	-465.0732	-5.658312	1.624008	13.88571	0.243859	0.607975	1.05694	2.09122	3.132861
4870	-469.1986	-462.0369	-7.161697	5.022812	12.17643	0.503022	0.804505	1.08326	1.60921	3.281878
4880	-468.181	-463.3132	-4.867767	26719.74	12.10463	0.992235	0.998003	1.00198	1.00779	3.092991
4890	-455.519	-454.9319	-0.5871317	42092.65	15.75214	0.993811	0.998411	1.00158	1.0062	2.74428
4900	-465.2743	-462.2883	-2.986024	13285.79	14.48867	0.988994	0.997162	1.0028	1.01105	2.930006
4910	-457.3274	-452.0016	-5.325818	65490.51	10.64825	0.995037	0.998727	1.00126	1.00497	3.092803
4920	-461.1438	-453.7648	-7.378971	6983.228	10.99721	0.98483	0.996074	1.00384	1.01525	3.295235
4930	-467.5878	-464.982	-2.605841	54153.75	15.67311	0.994543	0.9986	1.00139	1.00547	2.87477
4940	-462.8515	-460.9154	-1.936046	99106.38	11.65234	0.995965	0.998966	1.00103	1.00404	2.835218
4950	-470.9976	-454.7437	-16.25394	27392.53	10.21334	0.99233	0.998028	1.00195	1.00769	4.135603
4960	-460.1282	-452.4479	-7.680318	18916.15	11.46212	0.990773	0.997624	1.00235	1.00926	3.327867
4970	-468.9382	-460.0409	-8.897335	96173.9	11.02793	0.995904	0.99895	1.00104	1.0041	3.433553
4980	-457.5674	-452.4738	-5.093632	17242.52	13.50465	0.990337	0.997511	1.00246	1.0097	3.10061
4990	-453.6265	-448.6851	-4.941428	83024.64	13.65288	0.995592	0.99887	1.00112	1.00441	3.08641
5000	-462.3044	-455.3597	-6.944752	16543.89	17.99666	0.990135	0.997459	1.00251	1.0099	3.033819
5010	-464.4678	-452.4487	-12.01911	69135.98	7.883883	0.99517	0.998761	1.00123	1.00484	3.533225
5020	-470.5482	-462.6071	-7.941125	28983.51	11.88057	0.992544	0.998083	1.0019	1.00748	3.349304
5030	-458.1569	-451.6472	-6.509756	86300.64	14.68955	0.995676	0.998892	1.0011	1.00433	3.165515
5040	-462.1603	-453.9568	-8.203494	97411.62	11.23775	0.99593	0.998957	1.00104	1.00408	3.372733
5050	-466.0327	-457.55	-8.482699	78300.28	12.237	0.995461	0.998836	1.00116	1.00455	3.38922
5060	-466.1294	-459.4768	-6.652603	49879.91	10.38909	0.994314	0.998541	1.00145	1.0057	3.205415
5070	-466.0045	-457.0273	-8.977173	81773.96	14.25512	0.995558	0.998861	1.00113	1.00445	3.354827
5080	-460.4546	-453.8191	-6.635444	88848.6	11.56882	0.995739	0.998908	1.00109	1.00427	3.237849
5090	-464.784	-459.4756	-5.308345	29869.53	11.50969	0.992655	0.998112	1.00187	1.00736	3.121954
5100	-457.8236	-455.6404	-2.183214	44582.31	13.25832	0.993986	0.998456	1.00153	1.00603	2.88549
5110	-463.1909	-452.6856	-10.50533	55596.9	15.99202	0.994614	0.998618	1.00137	1.0054	3.359061
5120	-468.2354	-457.8129	-10.42251	9677.708	18.40066	0.987109	0.99667	1.00327	1.01295	3.201286
5130	-454.3278	-451.254	-3.0738	28375.31	14.64754	0.992464	0.998063	1.00192	1.00756	2.932576
5140	-460.4043	-456.3134	-4.090861	59312.6	12.87072	0.994786	0.998662	1.00133	1.00522	3.032109
5150	-461.5074	-452.4998	-9.007598	36250.19	13.27159	0.993332	0.998287	1.0017	1.00668	3.399705
5160	-455.5928	-449.9742	-5.61851	54715.16	13.10681	0.994571	0.998607	1.00138	1.00544	3.147304
5170	-448.1479	-445.5179	-2.629972	30726.77	13.95939	0.992758	0.998139	1.00184	1.00726	2.913874
5180	-459.9613	-453.9664	-5.994851	22628.81	10.7309	0.991563	0.997829	1.00215	1.00846	3.15933
5190	-454.9981	-454.0082	-0.9899377	42013.37	16.53496	0.993805	0.998409	1.00158	1.00621	2.749511
5200	-473.126	-461.7885	-11.33751	67023.29	9.75119	0.995094	0.998742	1.00125	1.00491	3.642201
5210	-466.5833	-454.6666	-11.91674	21937.83	9.815772	0.991431	0.997795	1.00218	1.00859	3.703504
5220	-464.4792	-455.8328	-8.646453	72035.53	13.44817	0.995268	0.998786	1.00121	1.00474	3.365881
5230	-454.8413	-453.3878	-1.45353	42211.39	15.12737	0.99382	0.998413	1.00157	1.00619	2.813466
5240	-459.4863	-457.5934	-1.892915	98018.62	13.73835	0.995943	0.99896	1.00103	1.00406	2.86269
5250	-457.1395	-458.1393	0.9997629	80555.77	13.47029	0.995525	0.998853	1.00114	1.00448	2.648917
5260	-458.1324	-458.3013	0.1689233	96525.16	12.2021	0.995912	0.998952	1.00104	1.00409	2.680862
5270	-459.3559	-458.3656	-0.9903653	8289.283	12.01671	0.986073	0.9964	1.00353	1.014	2.769544
5280	-464.4293	-457.1199	-7.309396	57396.84	10.72674	0.994699	0.99864	1.00135	1.00531	3.281699
5290	-456.4645	-450.8988	-5.565745	69154.72	9.381945	0.995171	0.998761	1.00123	1.00484	3.009524
5300	-456.6176	-447.4974	-9.120272	73134.41	9.814108	0.995304	0.998796	1.0012	1.0047	3.418514
5310	-477.12	-468.096	-9.023951	18121.63	10.44416	0.990573	0.997572	1.0024	1.00946	3.435263
5320	-464.4803	-452.9311	-11.54917	49282.12	10.96997	0.99428	0.998532	1.00146	1.00573	3.674792
5330	-459.1275	-459.0168	-0.1107431	75377.65	13.44378	0.995374	0.998814	1.00118	1.00463	2.731131
5340	-471.0828	-467.9905	-3.092249	9717.888	12.22051	0.987135	0.996677	1.00326	1.01292	2.948441
5350	-475.8049	-470.7345	-5.070462	42770.47	12.88273	0.99386	0.998423	1.00156	1.00615	3.108104
5360	-456.5404	-451.9927	-4.547677	37048.39	17.18977	0.993404	0.998306	1.00168	1.00661	2.936757
5370	-457.4657	-455.7273	-1.738335	50212.99	17.24971	0.994333	0.998545	1.00144	1.00568	2.771267
5380	-460.6172	-462.0674	1.450159	98183.41	12.67299	0.995946	0.998961	1.00103	1.00406	2.59522
5390	-452.1535	-456.1069	3.953391	18238.66	17.22304	0.990604	0.99758	1.00239	1.00943	2.441713
5400	-460.0028	-461.7719	1.769139	27633.48	17.31196	0.992364	0.998037	1.00194	1.00766	2.56651
5410	-464.4565	-461.6114	-2.845061	76356.28	11.38495	0.995404	0.998821	1.00117	1.0046	2.902746
5420	-446.419	-453.0879	6.668891	95171.87	16.0099	0.995883	0.998945	1.00105	1.00412	2.285223
5430	-461.7011	-461.0152	-0.6858644	75053.88	16.64216	0.995364	0.998811	1.00118	1.00464	2.728161
5440	-477.0048	-467.5661	-9.438697	74976.41	11.63165	0.995362	0.998811	1.00118	1.00465	3.479373
5450	-450.8557	-454.6951	3.839387	47801.17	17.32409	0.994192	0.998509	1.00148	1.00582	2.44673
5460	-467.0157	-463.682	-3.333681	67291.82	15.76147	0.995104	0.998744	1.00125	1.0049	2.918335
5470	-458.6416	-457.1971	-1.444532	82415.4	12.06593	0.995576	0.998866	1.00113	1.00443	2.80896
5480	-465.472	-456.2501	-9.221904	18492.73	11.48597	0.990668	0.997597	1.00237	1.00936	3.462176
5490	-456.394	-448.7227	-7.671249	465.1951	13.45124	0.941696	0.984339	1.01443	1.05953	3.293264
5500	-454.6063	-454.5608	-0.04552263	31821.2	12.41363	0.992883	0.998171	1.00181	1.00713	2.705812
5510	-456.8292	-453.2822	-3.546986	81797.31	15.88496	0.995559	0.998861	1.00113	1.00445	2.927665
5520	-451.7407	-451.435	-0.3057464	39279.52	16.13518	0.993594	0.998355	1.00163	1.00642	2.717996
5530	-456.3017	-457.1979	0.8962025	93862.16	16.76215	0.995854	0.998937	1.00106	1.00415	2.63039
5540	-458.5845	-456.9814	-1.603148	71021.7	17.86577	0.995234	0.998778	1.00121	1.00477	2.741774
5550	-449.745	-456.1258	6.380759	8107.78	21.63597	0.985919	0.996359	1.00357	1.01415	2.222976
5560	-450.5069	-456.4537	5.946753	19201.43	16.5571	0.990842	0.997642	1.00233	1.00919	2.329925
5570	-461.3738	-462.0889	0.7150908	19256.93	16.97027	0.990855	0.997646	1.00232	1.00917	2.636163
5580	-466.9488	-459.8061	-7.142783	97291.61	9.683325	0.995928	0.998956	1.00104	1.00408	3.206367
5590	-469.0224	-464.3063	-4.716089	69268.95	10.55994	0.995175	0.998762	1.00123	1.00483	3.030266
5600	-460.804	-454.9019	-5.902092	72350.57	12.74808	0.995278	0.998789	1.0012	1.00473	3.174489
5610	-460.4772	-458.1458	-2.331362	73121.86	14.67738	0.995303	0.998795	1.0012	1.0047	2.881308
5620	-458.69	-454.8005	-3.889525	92175.63	12.54868	0.995816	0.998928	1.00107	1.00419	3.01622
5630	-451.338	-451.2271	-0.110914	46563.46	11.97445	0.994116	0.998489	1.0015	1.0059	2.694518
5640	-453.0659	-454.9121	1.846216	46821.75	13.0211	0.994132	0.998493	1.00149	1.00588	2.5754
5650	-464.0889	-453.6334	-10.45551	25786.12	8.675104	0.992095	0.997967	1.00201	1.00793	3.464488
5660	-463.3625	-462.2209	-1.141612	62699.24	10.71889	0.994928	0.998699	1.00129	1.00508	2.706036
5670	-450.86	-446.3696	-4.490364	91967.29	11.49445	0.995812	0.998926	1.00107	1.00419	3.050469
5680	-454.7737	-453.0091	-1.764624	65509.75	16.48255	0.995038	0.998727	1.00126	1.00497	2.797993
5690	-453.7211	-447.1265	-6.594609	81611.59	9.41609	0.995554	0.99886	1.00113	1.00445	3.12297
5700	-458.8472	-449.0452	-9.802045	87153.52	8.35376	0.995698	0.998897	1.0011	1.00431	3.341972
5710	-455.3697	-450.6204	-4.749319	95446.11	11.72266	0.995889	0.998946	1.00105	1.00412	3.07804
5720	-453.7663	-451.9784	-1.787898	74889.1	12.57769	0.995359	0.99881	1.00118	1.00465	2.849237
5730	-450.9899	-450.9088	-0.08115366	60196.42	15.06041	0.994824	0.998672	1.00132	1.00519	2.723663
5740	-460.9562	-453.0082	-7.948076	51090.14	9.886436	0.994382	0.998558	1.00143	1.00563	3.303927
5750	-457.4848	-459.0919	1.607086	34955.03	13.82934	0.993209	0.998255	1.00173	1.00681	2.609025
5760	-445.9312	-449.8004	3.869224	25618.3	15.64556	0.99207	0.99796	1.00202	1.00795	2.461714
5770	-456.3675	-460.1867	3.819179	59293.04	16.63667	0.994785	0.998662	1.00133	1.00522	2.457525
5780	-465.8873	-464.7222	-1.165088	31298.84	17.72656	0.992824	0.998156	1.00183	1.00719	2.722071
5790	-460.3394	-459.3695	-0.9698736	44573.47	11.52197	0.993986	0.998456	1.00153	1.00603	2.745669
5800	-470.9043	-468.0108	-2.893477	24364.05	10.85029	0.991868	0.997908	1.00207	1.00816	2.878342
5810	-458.9545	-456.0666	-2.887827	31678.16	10.53681	0.992867	0.998167	1.00182	1.00715	2.855313
5820	-463.1199	-458.6182	-4.501671	7682.442	15.31291	0.985535	0.996259	1.00367	1.01454	3.00865
5830	-464.698	-462.6121	-2.085953	5303.679	14.26168	0.9826	0.995488	1.0044	1.01751	2.871317
5840	-461.2934	-460.2618	-1.031587	50066.36	11.37566	0.994325	0.998543	1.00145	1.00569	2.74292
5850	-465.3664	-459.9255	-5.440998	18589.07	12.16721	0.990692	0.997603	1.00237	1.00934	3.140543
5860	-466.2627	-458.6041	-7.658528	55927.86	11.38276	0.99463	0.998622	1.00137	1.00538	3.325523
5870	-462.1399	-456.4902	-5.649706	89581.95	11.74926	0.995756	0.998912	1.00108	1.00425	3.155161
5880	-449.112	-450.6439	1.531931	68975.34	21.05663	0.995164	0.99876	1.00123	1.00484	2.467068
5890	-451.288	-451.5351	0.2470931	89707.52	14.52775	0.995759	0.998913	1.00108	1.00425	2.706641
5900	-454.4922	-451.13	-3.362257	20184.99	11.75578	0.991067	0.997701	1.00227	1.00896	2.960655
5910	-454.4202	-454.366	-0.05418162	43679.87	18.08912	0.993925	0.99844	1.00155	1.00609	2.647981
5920	-454.9836	-454.3681	-0.6155002	89242.39	11.07007	0.995748	0.99891	1.00108	1.00426	2.685719
5930	-465.4688	-460.35	-5.118804	51103.11	9.224477	0.994383	0.998558	1.00143	1.00563	2.940627
5940	-458.4799	-456.5679	-1.911981	82391.27	16.64175	0.995575	0.998865	1.00113	1.00443	2.80185
5950	-462.8127	-459.2357	-3.576997	87302.52	15.01918	0.995701	0.998898	1.0011	1.00431	2.956964
5960	-453.4639	-454.3929	0.9289729	24730.57	13.18114	0.991929	0.997924	1.00205	1.00809	2.649287
5970	-462.2502	-464.533	2.282788	50251.08	13.19894	0.994335	0.998546	1.00144	1.00568	2.547067
5980	-480.6406	-469.0307	-11.60984	85831.11	10.46581	0.995665	0.998888	1.0011	1.00434	3.682935
5990	-474.946	-464.017	-10.92908	47993.47	13.35814	0.994204	0.998512	1.00148	1.00581	3.540176
6000	-472.342	-466.1626	-6.179429	58707.09	11.92992	0.994759	0.998655	1.00134	1.00525	3.201198
6010	-483.9957	-467.7707	-16.22501	60628.66	8.54139	0.994842	0.998677	1.00131	1.00517	4.122767
6020	-463.1222	-459.8751	-3.247104	66782.55	11.64474	0.995086	0.998739	1.00125	1.00492	2.94749
6030	-459.5809	-456.1884	-3.392464	79390.19	16.15463	0.995492	0.998844	1.00115	1.00451	2.908613
6040	-452.2077	-458.5874	6.379688	54430.99	17.77852	0.994557	0.998603	1.00139	1.00545	2.295905
6050	-450.9258	-455.4407	4.514926	45680.59	14.00526	0.994059	0.998475	1.00151	1.00595	2.403121
6060	-454.1908	-455.7039	1.513138	37010.61	15.38406	0.993401	0.998305	1.00168	1.00661	2.615188
6070	-457.9985	-461.518	3.519533	59952.47	17.51662	0.994813	0.998669	1.00132	1.0052	2.461768
6080	-456.4639	-453.7143	-2.749589	88525.12	11.78325	0.995731	0.998906	1.00109	1.00428	2.909413
6090	-454.2669	-449.5662	-4.700669	27773.63	12.70753	0.992383	0.998042	1.00194	1.00764	3.080434
6100	-468.6587	-459.9225	-8.736176	28299.03	14.74728	0.992454	0.99806	1.00192	1.00757	3.314217
6110	-460.8738	-456.0556	-4.818171	18219.11	10.40998	0.990599	0.997579	1.00239	1.00943	3.030274
6120	-464.4522	-458.4125	-6.039675	52236.79	11.88463	0.994444	0.998574	1.00142	1.00557	3.189278
6130	-460.031	-455.9626	-4.06844	84304.77	12.44062	0.995626	0.998878	1.00111	1.00438	3.030035
6140	-465.5522	-457.3197	-8.232439	82406.5	10.06819	0.995576	0.998866	1.00113	1.00443	3.343101
6150	-458.6616	-453.2004	-5.461226	35381.77	14.00729	0.993251	0.998266	1.00172	1.00677	3.115379
6160	-461.3886	-454.1207	-7.267882	67131.82	11.8943	0.995098	0.998743	1.00125	1.00491	3.292586
6170	-455.8092	-455.8574	0.04820881	40341.59	17.36463	0.993679	0.998376	1.00161	1.00634	2.664397
6180	-475.9877	-469.4296	-6.558139	86591.45	12.24137	0.995684	0.998893	1.0011	1.00432	3.231917
6190	-458.5032	-457.1403	-1.362891	30964.63	12.23855	0.992786	0.998146	1.00184	1.00723	2.807437
6200	-462.056	-459.7691	-2.286956	92220.3	15.05453	0.995817	0.998928	1.00107	1.00419	2.870262
6210	-450.6412	-450.5648	-0.07644875	31200.86	14.31424	0.992813	0.998153	1.00183	1.00721	2.730191
6220	-454.2196	-453.9453	-0.2743607	2043.63	13.52148	0.972024	0.992679	1.00704	1.02826	2.743863
6230	-466.4953	-457.6973	-8.797951	26627.3	12.85152	0.992221	0.998	1.00198	1.0078	3.398442
6240	-455.9127	-453.3615	-2.551216	85794.9	13.27307	0.995664	0.998888	1.00111	1.00434	2.913221
6250	-461.2976	-461.5462	0.2486478	46699.03	12.97613	0.994124	0.998492	1.0015	1.00589	2.697203
6260	-456.2028	-457.7397	1.536848	87708.23	15.67034	0.995711	0.9989	1.00109	1.0043	2.610486
6270	-459.3565	-456.232	-3.124509	80165.03	13.64037	0.995514	0.99885	1.00114	1.00449	2.953467
6280	-447.3436	-445.5311	-1.812495	52351.11	13.70969	0.99445	0.998576	1.00141	1.00556	2.856982
6290	-452.5196	-449.2171	-3.302539	30511.01	13.28953	0.992732	0.998132	1.00185	1.00729	2.969723
6300	-462.4743	-454.9973	-7.476958	9735.915	13.99619	0.987147	0.99668	1.00326	1.01291	3.259706
6310	-457.4764	-457.0903	-0.3861587	95381.26	15.03478	0.995887	0.998946	1.00105	1.00412	2.744288
6320	-466.1911	-455.118	-11.07312	39051.68	11.39671	0.993575	0.99835	1.00164	1.00644	3.625226
6330	-457.9895	-459.5168	1.527261	86187.52	12.13301	0.995674	0.998891	1.0011	1.00433	2.566125
6340	-452.267	-450.1233	-2.143671	38214.74	16.91361	0.993505	0.998332	1.00165	1.00651	2.806578
6350	-468.2464	-460.1905	-8.055913	10411.72	10.73585	0.98757	0.996791	1.00315	1.01248	3.351522
6360	-453.6512	-453.8121	0.160914	51938.55	13.50549	0.994428	0.99857	1.00142	1.00558	2.711526
6370	-452.3896	-454.1036	1.71398	76740.26	17.66768	0.995415	0.998824	1.00117	1.00459	2.561132
6380	-452.9583	-453.5606	0.6023725	66143.07	14.47404	0.995062	0.998733	1.00126	1.00495	2.682389
6390	-458.252	-454.4796	-3.772376	22854.64	12.71954	0.991605	0.99784	1.00214	1.00842	3.0074
6400	-450.6935	-450.1036	-0.5899788	92026.71	16.94135	0.995813	0.998927	1.00107	1.00419	2.713911
6410	-448.6993	-451.6647	2.965341	1036.336	12.96496	0.960796	0.989641	1.00981	1.03976	2.487435
6420	-447.1747	-448.2531	1.078418	45170.59	16.56736	0.994026	0.998466	1.00152	1.00599	2.623742
6430	-472.7294	-466.2753	-6.454113	75517.85	14.96236	0.995378	0.998815	1.00118	1.00463	3.150856
6440	-466.2825	-462.1711	-4.111394	60135.48	12.46877	0.994821	0.998671	1.00132	1.00519	3.03362
6450	-463.9011	-458.5179	-5.383225	19636.68	10.40071	0.990944	0.997669	1.0023	1.00909	3.08397
6460	-462.1437	-460.2703	-1.873364	9249.988	11.91655	0.986815	0.996593	1.00334	1.01325	2.839804
6470	-463.6317	-455.1388	-8.492939	78616.48	13.97097	0.99547	0.998838	1.00115	1.00454	3.33338
6480	-465.378	-458.4217	-6.956214	45453.41	9.729085	0.994044	0.998471	1.00152	1.00597	3.191037
6490	-467.9211	-456.3686	-11.5525	30116.55	10.68593	0.992685	0.99812	1.00186	1.00733	3.677445
6500	-472.3282	-464.4664	-7.861721	92865.54	8.828184	0.995832	0.998932	1.00106	1.00417	3.188375
6510	-460.707	-451.8959	-8.811112	68464.77	15.55896	0.995146	0.998755	1.00124	1.00486	3.276889
6520	-468.0215	-457.5478	-10.47372	77807.28	10.42475	0.995447	0.998832	1.00116	1.00456	3.573785
6530	-473.2035	-461.4184	-11.78509	11698.23	11.39865	0.988272	0.996974	1.00298	1.01178	3.687648
6540	-473.1345	-461.2768	-11.85774	84425.44	9.439207	0.995629	0.998879	1.00111	1.00438	3.683065
6550	-460.9904	-455.2429	-5.747418	32207.57	9.806289	0.992926	0.998182	1.0018	1.00709	3.074119
6560	-465.854	-458.0133	-7.84073	13457.39	9.535712	0.989064	0.99718	1.00278	1.01098	3.266242
6570	-478.3963	-467.6708	-10.72544	28275.98	17.28766	0.992451	0.998059	1.00192	1.00757	3.289813
6580	-445.5683	-453.4683	7.900054	61900.26	18.87597	0.994896	0.99869	1.0013	1.00511	2.200352
6590	-457.2521	-462.1738	4.921642	17044.74	18.09776	0.990281	0.997496	1.00247	1.00975	2.372762
6600	-469.8434	-464.2439	-5.599519	99026	12.26631	0.995964	0.998965	1.00103	1.00404	3.153591
6610	-469.9679	-468.688	-1.27991	62769.17	13.73088	0.994931	0.9987	1.00129	1.00508	2.818088
6620	-470.4352	-457.5666	-12.86851	58522.25	9.982595	0.994751	0.998653	1.00134	1.00526	3.80283
6630	-459.9219	-453.0841	-6.837824	57272.56	9.561401	0.994694	0.998638	1.00135	1.00532	3.163575
6640	-465.9512	-457.7182	-8.232995	53340.51	10.5749	0.994502	0.998589	1.0014	1.00551	3.363756
6650	-473.6529	-462.0944	-11.55858	75440.13	11.1719	0.995376	0.998814	1.00118	1.00463	3.672538
6660	-458.8537	-453.1599	-5.693726	52254.74	11.49826	0.994445	0.998574	1.00141	1.00557	3.15523
6670	-467.0641	-461.8851	-5.178999	9847.984	11.9302	0.98722	0.996699	1.00324	1.01284	3.117342
6680	-464.2092	-461.8492	-2.359995	12441.77	18.98216	0.988627	0.997066	1.00289	1.01142	2.739552
6690	-464.8525	-463.5347	-1.317754	4727.484	16.76409	0.981574	0.995218	1.00466	1.01855	2.76241
6700	-454.9069	-457.4241	2.517197	46031.24	13.31615	0.994082	0.998481	1.00151	1.00593	2.532505
6710	-449.021	-448.6249	-0.3961643	95028.36	13.75031	0.99588	0.998944	1.00105	1.00413	2.753769
6720	-452.5913	-452.8006	0.2093229	85661.64	16.11599	0.99566	0.998887	1.00111	1.00435	2.686483
6730	-453.8202	-453.9445	0.1242877	21805.41	15.75887	0.991405	0.997788	1.00219	1.00862	2.69899
6740	-465.2169	-456.2072	-9.009783	91897.45	9.955733	0.99581	0.998926	1.00107	1.0042	3.414945
6750	-462.5619	-455.8321	-6.729806	48261.08	12.2236	0.99422	0.998516	1.00147	1.00579	3.246077
6760	-461.6421	-458.5663	-3.075819	39440.92	20.92135	0.993607	0.998358	1.00163	1.00641	2.691924
6770	-457.606	-451.0523	-6.55367	86327.72	10.60802	0.995677	0.998892	1.0011	1.00433	3.206408
6780	-457.0565	-454.7951	-2.261484	89819.47	14.06969	0.995762	0.998914	1.00108	1.00424	2.886207
6790	-463.1838	-458.9127	-4.271089	76640.57	14.3788	0.995412	0.998824	1.00117	1.0046	3.02159
6800	-446.7186	-448.3964	1.677754	28870.36	14.74232	0.992529	0.998079	1.0019	1.00749	2.608067
6810	-459.9945	-455.7358	-4.258672	36083.73	18.32561	0.993316	0.998283	1.0017	1.0067	2.869721
6820	-462.2453	-459.437	-2.808348	44022.99	10.29728	0.993948	0.998446	1.00154	1.00606	2.827108
6830	-459.9376	-454.3686	-5.568943	68143.37	15.85379	0.995135	0.998752	1.00124	1.00487	3.056272
6840	-452.9039	-446.4271	-6.476818	73712.74	15.70548	0.995322	0.9988	1.00119	1.00469	3.120291
6850	-464.6534	-467.0415	2.388066	2503.181	13.8376	0.974709	0.993397	1.00637	1.02552	2.552678
6860	-451.4744	-458.1086	6.634258	34942.66	24.93842	0.993208	0.998255	1.00173	1.00681	2.125492
6870	-458.276	-465.3888	7.112788	88181.71	16.2677	0.995723	0.998903	1.00109	1.00428	2.258812
6880	-459.2378	-457.3168	-1.920944	9455.786	11.05382	0.986959	0.996631	1.00331	1.0131	2.802611
6890	-448.6543	-451.5954	2.941096	6251.822	16.42741	0.98397	0.995848	1.00406	1.01612	2.513237
6900	-455.8298	-455.898	0.06823041	3084.368	18.59344	0.977206	0.994062	1.00575	1.02298	2.624786
6910	-459.3035	-457.2724	-2.031113	6060.282	14.43142	0.983719	0.995782	1.00412	1.01637	2.865006
6920	-459.8373	-458.1512	-1.686059	75151.11	15.68789	0.995367	0.998812	1.00118	1.00464	2.815706
6930	-463.9566	-467.9566	4.00001	20059.21	14.20125	0.99104	0.997693	1.00228	1.00899	2.443575
6940	-456.9812	-460.5838	3.602588	84149.03	15.88108	0.995622	0.998877	1.00112	1.00439	2.477604
6950	-459.35	-457.2677	-2.082256	6064.058	18.42591	0.983724	0.995784	1.00412	1.01637	2.74704
6960	-471.5369	-467.3556	-4.181303	1805.077	16.43517	0.970242	0.992201	1.00748	1.03007	2.946498
6970	-456.7628	-457.3499	0.5871447	97487.29	16.95831	0.995932	0.998957	1.00104	1.00407	2.644003
6980	-469.309	-461.343	-7.966043	30772.44	9.91016	0.992763	0.99814	1.00184	1.00726	3.307267
6990	-470.8145	-467.6822	-3.13225	67697.85	15.00539	0.995119	0.998748	1.00124	1.00489	2.927716
7000	-464.3037	-460.7606	-3.543098	10274.05	14.11481	0.987488	0.996769	1.00318	1.01257	2.976441
7010	-465.4669	-460.3242	-5.142659	30682.64	13.11544	0.992753	0.998137	1.00184	1.00727	3.110877
7020	-464.002	-453.6046	-10.39747	56876.89	11.27918	0.994675	0.998634	1.00136	1.00533	3.567501
7030	-471.0985	-467.7685	-3.329957	9779.982	11.65899	0.987176	0.996688	1.00325	1.01288	2.95505
7040	-461.7894	-460.1127	-1.676661	80597.61	15.33387	0.995526	0.998853	1.00114	1.00448	2.823688
7050	-461.2737	-465.4188	4.145141	13228.56	16.18392	0.98897	0.997156	1.0028	1.01107	2.44183
7060	-463.1669	-453.6974	-9.469494	77395.34	10.81914	0.995435	0.998829	1.00116	1.00457	3.484123
7070	-459.1305	-446.7551	-12.37544	73085.84	8.091775	0.995302	0.998795	1.0012	1.00471	3.613226
7080	-472.5735	-462.1473	-10.4262	54178.62	14.67813	0.994544	0.9986	1.00139	1.00547	3.432783
7090	-460.1289	-457.7106	-2.418272	45784.77	15.28888	0.994066	0.998476	1.00151	1.00595	2.873213
7100	-468.4006	-465.7659	-2.634715	42861.82	11.62764	0.993867	0.998425	1.00156	1.00615	2.89427
7110	-453.2544	-449.8454	-3.408985	66466.94	13.6979	0.995074	0.998736	1.00125	1.00493	2.973588
7120	-461.52	-460.3394	-1.180609	90274.33	13.9877	0.995773	0.998916	1.00108	1.00423	2.809893
7130	-458.132	-459.3342	1.202254	35356.85	16.8449	0.993248	0.998265	1.00172	1.00677	2.610303
7140	-458.9523	-461.0783	2.126031	99944.34	15.92318	0.995982	0.99897	1.00102	1.00402	2.570071
7150	-452.5531	-460.3116	7.758458	22469.01	18.32192	0.991533	0.997821	1.00215	1.00849	2.214
7160	-464.0913	-456.2632	-7.828036	7625.532	13.35736	0.985482	0.996245	1.00368	1.01459	3.308056
7170	-467.228	-454.5333	-12.6947	4776.625	14.95989	0.981669	0.995243	1.00464	1.01845	3.568111
7180	-464.1591	-456.6678	-7.491326	12633.06	10.50494	0.988714	0.997089	1.00287	1.01133	3.290982
7190	-458.0387	-453.3914	-4.647245	25702.1	17.65072	0.992083	0.997964	1.00201	1.00794	2.921948
7200	-466.4668	-460.3317	-6.135037	95333.58	12.39508	0.995886	0.998946	1.00105	1.00412	3.196499
7210	-461.8183	-454.8359	-6.982305	95269.79	14.2048	0.995885	0.998945	1.00105	1.00412	3.216778
7220	-470.2282	-463.6114	-6.616848	19263.54	14.26593	0.990857	0.997646	1.00232	1.00917	3.188861
7230	-457.0774	-452.6757	-4.40174	90289.77	11.19046	0.995773	0.998916	1.00108	1.00423	3.032648
7240	-462.7883	-459.0337	-3.754592	94589.69	9.558325	0.99587	0.998941	1.00105	1.00414	2.840707
7250	-457.7583	-455.5586	-2.199701	77490.76	15.09507	0.995437	0.99883	1.00116	1.00457	2.86354
7260	-463.4919	-461.3483	-2.143591	19740.54	14.76186	0.990968	0.997675	1.0023	1.00906	2.866894
7270	-456.9541	-457.774	0.819926	51806.52	15.50205	0.994421	0.998568	1.00142	1.00559	2.658686
7280	-457.1731	-458.1974	1.024271	53611.41	16.63193	0.994516	0.998592	1.0014	1.0055	2.625624
7290	-452.6535	-452.8205	0.1670135	24549.03	17.11229	0.991899	0.997916	1.00206	1.00812	2.664621
7300	-460.9005	-454.5789	-6.32158	47114	14.58887	0.99415	0.998498	1.00149	1.00586	3.156514
7310	-469.8322	-463.9592	-5.872968	54102.83	9.975255	0.994541	0.998599	1.00139	1.00547	3.101463
7320	-457.4016	-455.2858	-2.115798	16571.74	11.67646	0.990143	0.997461	1.0025	1.00989	2.851603
7330	-467.4219	-462.6473	-4.774576	41578.8	10.84132	0.993773	0.998401	1.00159	1.00624	3.051273
7340	-462.133	-458.5386	-3.594429	21069.8	15.89708	0.991257	0.99775	1.00222	1.00877	2.930231
7350	-457.3933	-455.5661	-1.827132	49448.5	14.88629	0.99429	0.998534	1.00145	1.00572	2.843119
7360	-453.2246	-453.7683	0.5437106	67649.67	13.67843	0.995117	0.998748	1.00124	1.00489	2.684869
7370	-457.1362	-450.4509	-6.685321	30151.56	9.850974	0.992689	0.998121	1.00186	1.00733	3.173399
7380	-454.3603	-446.1542	-8.206168	55199.78	10.3572	0.994595	0.998613	1.00138	1.00542	3.353729
7390	-462.2081	-453.7616	-8.446526	34685.09	10.74125	0.993183	0.998249	1.00173	1.00683	3.388021
7400	-457.1701	-456.1882	-0.9818655	91264.67	14.7927	0.995796	0.998922	1.00107	1.00421	2.787751
7410	-464.8748	-465.2862	0.4113832	43289.12	15.38732	0.993897	0.998433	1.00155	1.00612	2.686758
7420	-447.0801	-456.5047	9.424599	54456.28	20.96213	0.994558	0.998603	1.00139	1.00545	2.093773
7430	-449.5977	-451.5933	1.995622	53142.26	16.94469	0.994491	0.998586	1.0014	1.00552	2.561223
7440	-457.1396	-455.5963	-1.543283	6903.408	14.56107	0.984743	0.996051	1.00387	1.01534	2.829396
7450	-451.2875	-455.3634	4.075854	33774.65	18.98796	0.993092	0.998225	1.00176	1.00692	2.400369
7460	-454.2426	-452.9033	-1.339326	16870.3	16.13008	0.990231	0.997483	1.00248	1.0098	2.782192
7470	-448.5828	-450.9047	2.321949	13578.62	14.98114	0.989113	0.997193	1.00277	1.01093	2.564281
7480	-457.1452	-455.8364	-1.308783	36975.86	13.60495	0.993397	0.998304	1.00168	1.00662	2.82038
7490	-456.991	-451.4448	-5.546238	25331.88	9.787248	0.992025	0.997949	1.00203	1.008	3.051791
7500	-467.7408	-458.9354	-8.805387	17404.65	9.567416	0.990382	0.997523	1.00244	1.00965	3.369808
7510	-456.4373	-456.1376	-0.2997345	68860.02	10.72435	0.99516	0.998759	1.00123	1.00485	2.628002
7520	-456.7975	-457.7917	0.9941483	15736.18	13.02147	0.989885	0.997394	1.00257	1.01015	2.640846
7530	-457.043	-461.5723	4.529337	14351.31	20.65392	0.98941	0.99727	1.00269	1.01063	2.335612
7540	-450.6535	-458.1122	7.458699	57539.54	15.95332	0.994706	0.998642	1.00135	1.0053	2.235431
7550	-454.7749	-459.5891	4.814179	24411.1	13.99176	0.991876	0.99791	1.00207	1.00815	2.381419
7560	-457.046	-454.1118	-2.934152	45085.54	10.56838	0.99402	0.998465	1.00152	1.00599	2.862176
7570	-457.8579	-456.2722	-1.58567	60175.83	13.85867	0.994823	0.998672	1.00132	1.00519	2.839727
7580	-459.1994	-455.5744	-3.624941	45121.58	18.57863	0.994022	0.998465	1.00152	1.00599	2.824065
7590	-470.0631	-466.7934	-3.2697	19219.2	11.27582	0.990846	0.997643	1.00233	1.00918	2.935412
7600	-460.266	-463.4859	3.219916	46443.55	16.12832	0.994108	0.998487	1.0015	1.0059	2.499555
7610	-453.6302	-450.5869	-3.04334	77467.62	12.7375	0.995437	0.99883	1.00116	1.00457	2.950184
7620	-459.2838	-451.8736	-7.410173	65211.94	11.00425	0.995027	0.998724	1.00127	1.00498	3.298219
7630	-455.6125	-455.9352	0.3226431	20940.89	16.50968	0.99123	0.997743	1.00223	1.0088	2.670724
7640	-462.569	-458.266	-4.303074	96767.91	11.48537	0.995917	0.998953	1.00104	1.00409	3.033911
7650	-460.807	-454.2304	-6.576636	3534.947	11.46193	0.978702	0.994459	1.00538	1.02146	3.231575
7660	-462.5779	-459.3979	-3.18003	48923.68	13.36958	0.994259	0.998526	1.00146	1.00575	2.959998
7670	-459.7771	-456.4669	-3.310193	49520.96	12.97003	0.994294	0.998535	1.00145	1.00572	2.971469
7680	-456.4476	-457.2737	0.8261475	74302.97	14.42726	0.995341	0.998805	1.00119	1.00467	2.667024
7690	-462.7093	-460.7713	-1.938023	86626.37	13.00256	0.995685	0.998894	1.0011	1.00432	2.865902
7700	-449.6238	-451.4259	1.802052	60989.52	15.18631	0.994858	0.998681	1.00131	1.00515	2.597893
7710	-453.9587	-454.5394	0.5806941	42143.27	13.98556	0.993815	0.998412	1.00157	1.0062	2.683968
7720	-468.9994	-462.4677	-6.531652	72196.62	9.139685	0.995273	0.998788	1.0012	1.00473	3.082922
7730	-473.2956	-462.8711	-10.4245	82704.96	14.04771	0.995584	0.998868	1.00113	1.00442	3.467565
7740	-461.5764	-456.491	-5.085394	35203.37	13.98446	0.993233	0.998262	1.00172	1.00678	3.089134
7750	-457.4876	-454.0804	-3.407174	16244.54	15.42628	0.990045	0.997435	1.00253	1.00999	2.933724
7760	-451.5477	-448.014	-3.533673	64022.85	14.70965	0.994981	0.998712	1.00128	1.00503	2.962406
7770	-462.3576	-454.2254	-8.132259	15660.63	11.96553	0.989861	0.997387	1.00258	1.01018	3.364493
7780	-452.7429	-450.9711	-1.771874	21689.63	15.49246	0.991382	0.997782	1.00219	1.00864	2.826112
7790	-457.3205	-452.7316	-4.588941	20594.82	12.98321	0.991157	0.997724	1.00225	1.00887	3.069949
7800	-454.2925	-458.6534	4.360912	96451.59	14.88189	0.99591	0.998952	1.00104	1.0041	2.427394
7810	-453.4834	-449.8573	-3.626136	46463.12	12.85558	0.994109	0.998488	1.0015	1.0059	2.996012
7820	-456.6432	-456.6936	0.05032182	94659.95	14.20823	0.995872	0.998942	1.00105	1.00413	2.721681
7830	-460.2309	-459.5021	-0.7288258	12164.37	20.06192	0.988499	0.997033	1.00292	1.01155	2.613098
7840	-453.9873	-455.8049	1.817597	97366.28	15.64378	0.995929	0.998957	1.00104	1.00408	2.592865
7850	-456.1898	-452.2713	-3.918513	94620.18	14.79702	0.995871	0.998942	1.00105	1.00414	2.98615
7860	-459.7561	-452.6628	-7.09333	44562.17	13.32058	0.993985	0.998456	1.00153	1.00603	3.254099
7870	-456.4976	-453.5848	-2.912879	46391.12	11.52734	0.994105	0.998486	1.0015	1.00591	2.91451
7880	-448.7821	-451.5335	2.751403	60932.01	15.34468	0.994855	0.99868	1.00131	1.00515	2.534868
7890	-450.9616	-448.1778	-2.783765	35994.27	16.6199	0.993308	0.998281	1.0017	1.00671	2.85501
7900	-455.4598	-452.469	-2.990756	40596.72	13.91094	0.993698	0.998382	1.0016	1.00632	2.940407
7910	-461.9136	-459.9668	-1.946854	6117.087	14.53098	0.983795	0.995802	1.0041	1.0163	2.857606
7920	-464.1508	-457.6048	-6.545968	81636.68	16.25036	0.995555	0.99886	1.00113	1.00445	3.099265
7930	-461.9909	-455.7342	-6.256756	23138.65	11.01807	0.991656	0.997853	1.00212	1.00837	3.193817
7940	-458.0909	-458.6685	0.5776685	96117.45	13.04836	0.995903	0.99895	1.00104	1.0041	2.673392
7950	-462.8296	-461.805	-1.024611	43641.42	13.91836	0.993922	0.998439	1.00155	1.00609	2.799041
7960	-455.3346	-454.3916	-0.9429519	48041.25	14.5968	0.994207	0.998513	1.00148	1.00581	2.787737
7970	-468.7256	-458.9739	-9.751787	79398.73	13.51718	0.995493	0.998844	1.00115	1.00451	3.444974
7980	-461.6783	-455.6993	-5.978992	95741.89	11.34679	0.995895	0.998948	1.00105	1.00411	3.177244
7990	-450.6049	-450.4281	-0.1767819	40439.04	15.5879	0.993686	0.998378	1.00161	1.00633	2.721409
8000	-462.3303	-455.1199	-7.210403	47941.27	11.28391	0.994201	0.998511	1.00148	1.00581	3.285002
8010	-462.0974	-460.273	-1.824461	90661.19	15.69295	0.995782	0.998919	1.00108	1.00422	2.824396
8020	-459.4646	-455.9409	-3.523712	87330.49	14.79124	0.995702	0.998898	1.0011	1.0043	2.959621
8030	-455.9261	-456.4579	0.5317356	46012.18	13.62458	0.99408	0.99848	1.00151	1.00593	2.685279
8040	-453.2559	-453.9797	0.7238286	14279.53	15.14647	0.989383	0.997263	1.0027	1.01066	2.669328
8050	-457.4015	-458.0914	0.6898884	65845.45	14.06375	0.995051	0.99873	1.00126	1.00496	2.676423
8060	-458.9799	-462.0741	3.094274	4792.996	20.75934	0.9817	0.995251	1.00463	1.01842	2.401919
8070	-455.1372	-461.8594	6.722224	28724.78	17.01416	0.99251	0.998074	1.00191	1.00751	2.282004
8080	-455.0893	-456.667	1.577715	87967.51	17.21405	0.995718	0.998902	1.00109	1.00429	2.579857
8090	-450.7478	-453.2984	2.550584	67118.97	18.6423	0.995098	0.998743	1.00125	1.00491	2.489997
8100	-457.0541	-455.9185	-1.135635	39619.27	10.26887	0.993621	0.998362	1.00162	1.00639	2.661561
8110	-456.0073	-457.5471	1.539797	94008.44	12.4422	0.995857	0.998938	1.00106	1.00415	2.579301
8120	-457.505	-451.434	-6.071059	477.8138	17.03296	0.942463	0.984555	1.01425	1.05873	3.033013
8130	-457.6427	-451.7012	-5.941443	24427.57	11.00551	0.991879	0.997911	1.00207	1.00814	3.164791
8140	-448.6317	-451.9488	3.317112	55059.67	17.00129	0.994588	0.998611	1.00138	1.00542	2.482344
8150	-459.6927	-460.2498	0.5571035	37652.93	18.08597	0.993457	0.998319	1.00167	1.00656	2.614284
8160	-459.0225	-459.5103	0.4877987	11799.36	14.17001	0.988323	0.996987	1.00296	1.01173	2.690894
8170	-449.6287	-454.0771	4.44844	46961.41	15.8519	0.994141	0.998496	1.00149	1.00587	2.424416
8180	-456.0685	-457.0078	0.9392621	55725.47	15.72278	0.994621	0.99862	1.00137	1.00539	2.647832
8190	-468.8214	-464.6048	-4.216583	13814.21	12.23253	0.989206	0.997217	1.00274	1.01084	3.040555
8200	-473.1139	-467.569	-5.544879	60479.34	10.02813	0.994836	0.998675	1.00132	1.00517	3.072953
8210	-471.2418	-460.5958	-10.64602	27899.41	9.310791	0.9924	0.998046	1.00193	1.00762	3.54616
8220	-454.303	-448.4951	-5.807982	35350.73	12.46166	0.993248	0.998265	1.00172	1.00677	3.169733
8230	-464.5648	-459.1327	-5.432152	22914.21	11.07267	0.991615	0.997843	1.00213	1.00841	3.120914
8240	-460.6601	-457.9158	-2.744279	23.3077	14.77973	0.750361	0.921069	1.05448	1.27409	2.907185
8250	-461.956	-458.6175	-3.338497	1.735417	18.32199	0.259508	0.623566	1.0617	2.05522	2.819663
8260	-451.5559	-452.0115	0.4555836	1.456241	13.75239	0.218483	0.581107	1.04775	2.15267	2.691838
8270	-446.6825	-445.0779	-1.604613	2.364544	14.37511	0.333226	0.688914	1.07691	1.90095	2.836192
8280	-468.4634	-461.2108	-7.252601	99403.37	11.8873	0.995971	0.998967	1.00103	1.00403	3.291327
8290	-461.6345	-461.5372	-0.09724574	97800.48	12.32365	0.995938	0.998959	1.00104	1.00407	2.707023
8300	-463.4154	-459.5209	-3.894457	37337.85	11.97499	0.993429	0.998312	1.00167	1.00659	3.010495
8310	-440.9938	-445.9163	4.922496	21695.3	15.60079	0.991383	0.997783	1.00219	1.00864	2.394307
8320	-457.5241	-461.2544	3.730299	79781.67	17.53394	0.995503	0.998847	1.00115	1.0045	2.449429
8330	-466.1911	-466.2315	0.04043144	35705.56	12.31518	0.993281	0.998274	1.00171	1.00673	2.695554
8340	-453.6657	-455.9968	2.33104	88047.49	13.36836	0.99572	0.998903	1.00109	1.00429	2.547759
8350	-472.811	-470.1507	-2.660343	91977.31	12.82408	0.995812	0.998926	1.00107	1.00419	2.920708
8360	-468.2592	-466.2119	-2.047327	53978.61	13.82597	0.994534	0.998597	1.00139	1.00548	2.873302
8370	-451.0936	-450.4562	-0.6374103	34512.39	14.21118	0.993166	0.998244	1.00174	1.00685	2.770067
8380	-455.1377	-456.5186	1.380868	53603.76	16.57359	0.994515	0.998592	1.0014	1.0055	2.605362
8390	-465.2742	-462.6296	-2.644616	80611.31	16.0741	0.995527	0.998853	1.00114	1.00448	2.864915
8400	-455.3733	-453.3711	-2.002169	64326.73	11.29104	0.994993	0.998715	1.00128	1.00502	2.823824
8410	-460.5927	-455.4359	-5.156865	87166.12	12.88006	0.995698	0.998897	1.0011	1.00431	3.114838
8420	-466.767	-467.6911	0.9240858	45437.87	12.59121	0.994043	0.998471	1.00152	1.00597	2.634075
8430	-455.9841	-455.6421	-0.3420254	13382.64	17.87762	0.989034	0.997172	1.00279	1.01101	2.670803
8440	-447.3679	-446.3327	-1.035171	67956.99	16.32786	0.995128	0.99875	1.00124	1.00488	2.758043
8450	-461.6476	-455.5918	-6.055825	14564.48	11.86036	0.989487	0.99729	1.00267	1.01055	3.190509
8460	-456.8991	-457.7564	0.8573257	28624.62	14.49537	0.992497	0.998071	1.00191	1.00752	2.664724
8470	-447.2791	-447.1105	-0.1686438	95996.42	17.19134	0.9959	0.998949	1.00104	1.00411	2.681965
8480	-457.3578	-455.8096	-1.548179	81170.6	14.48604	0.995542	0.998857	1.00114	1.00447	2.830803
8490	-449.0476	-449.5258	0.4781164	71748.12	14.39827	0.995259	0.998784	1.00121	1.00475	2.691241
8500	-468.1088	-457.0005	-11.10826	70638.56	11.95239	0.995221	0.998774	1.00122	1.00479	3.61363
8510	-472.4097	-464.8187	-7.59104	12263.83	13.60173	0.988545	0.997045	1.00291	1.0115	3.282253
8520	-460.9095	-458.3844	-2.525121	5369.724	13.31272	0.982707	0.995516	1.00438	1.0174	2.911175
8530	-469.0252	-463.3522	-5.673032	25260.68	8.834964	0.992014	0.997946	1.00203	1.00801	2.941607
8540	-454.2565	-453.7889	-0.4676493	9095.194	16.44548	0.986703	0.996564	1.00337	1.01336	2.720272
8550	-472.5426	-461.5422	-11.00034	82323.1	11.12586	0.995573	0.998865	1.00113	1.00443	3.62317
8560	-462.5375	-461.6546	-0.8829153	66129.48	12.83235	0.995061	0.998733	1.00126	1.00495	2.782245
8570	-468.0363	-468.2348	0.1984897	47471.44	12.78147	0.994172	0.998504	1.00148	1.00584	2.696766
8580	-460.8514	-467.3585	6.507046	24379.49	14.43352	0.991871	0.997909	1.00207	1.00815	2.273423
8590	-450.7422	-455.6159	4.873666	48452.16	16.45959	0.994231	0.998519	1.00147	1.00578	2.395395
8600	-460.467	-457.2966	-3.170418	2391.956	15.2704	0.974131	0.993243	1.00652	1.02611	2.92294
8610	-457.6275	-457.8253	0.1978857	60193.43	13.99864	0.994824	0.998672	1.00132	1.00519	2.711357
8620	-466.6234	-461.3642	-5.259263	49909.87	11.97234	0.994316	0.998541	1.00145	1.0057	3.124444
8630	-452.2843	-455.6808	3.39644	15626.87	15.00246	0.98985	0.997385	1.00258	1.01019	2.492618
8640	-456.4586	-449.6408	-6.817799	14234.03	11.45924	0.989366	0.997259	1.0027	1.01067	3.252586
8650	-454.8143	-453.53	-1.284296	89439.33	18.26051	0.995753	0.998911	1.00108	1.00425	2.709789
8660	-466.2137	-456.031	-10.18276	58459.4	7.910079	0.994748	0.998652	1.00134	1.00526	3.305902
8670	-464.7684	-460.4888	-4.27954	63111.25	11.38367	0.994945	0.998703	1.00129	1.00506	3.028701
8680	-457.856	-452.1827	-5.673318	515.1282	16.54037	0.944564	0.985146	1.01374	1.05655	3.032506
8690	-460.356	-453.139	-7.217012	36195.54	10.44846	0.993327	0.998286	1.0017	1.00669	3.262444
8700	-465.6962	-458.3459	-7.350341	13007.54	11.48885	0.988877	0.997131	1.00282	1.01117	3.29925
8710	-454.3335	-447.2382	-7.095329	25893.66	12.29044	0.992112	0.997971	1.00201	1.00791	3.275268
8720	-473.3806	-460.6971	-12.68348	84982.7	9.709224	0.995643	0.998883	1.00111	1.00436	3.779223
8730	-472.0064	-463.533	-8.47344	44240.81	12.28026	0.993963	0.99845	1.00154	1.00605	3.387604
8740	-464.0886	-452.8991	-11.18945	95454.47	11.81617	0.995889	0.998946	1.00105	1.00412	3.624694
8750	-460.8239	-449.7748	-11.04912	24288.78	12.05844	0.991856	0.997905	1.00207	1.00817	3.605222
8760	-466.2632	-462.8379	-3.425354	15670.37	16.29908	0.989864	0.997388	1.00258	1.01017	2.905474
8770	-467.5736	-463.2358	-4.337807	80046.04	14.63728	0.995511	0.998849	1.00114	1.0045	3.019164
8780	-466.4134	-459.3183	-7.095144	34661.97	12.11719	0.993181	0.998248	1.00174	1.00684	3.276906
8790	-476.4083	-465.5867	-10.82158	17308.24	9.486972	0.990355	0.997516	1.00245	1.00968	3.576109
8800	-459.2186	-455.8543	-3.364317	96235.82	10.05945	0.995906	0.99895	1.00104	1.0041	2.858705
8810	-465.5869	-459.6432	-5.943651	80105.73	15.92377	0.995513	0.998849	1.00114	1.00449	3.076833
8820	-458.0033	-453.9819	-4.021422	22112.86	13.62833	0.991465	0.997804	1.00217	1.00856	3.019408
8830	-453.6652	-450.7992	-2.865956	41135.28	14.59536	0.99374	0.998392	1.00159	1.00627	2.919509
8840	-454.2208	-451.9932	-2.227597	48793.68	15.6828	0.994251	0.998524	1.00146	1.00576	2.850367
8850	-468.1205	-462.27	-5.850456	27256.05	11.1269	0.992311	0.998023	1.00196	1.00771	3.160325
8860	-451.2679	-447.7231	-3.544779	44135.82	12.88928	0.993956	0.998448	1.00154	1.00606	2.989672
8870	-449.3473	-448.8914	-0.4558636	39585.7	19.9801	0.993619	0.998361	1.00162	1.0064	2.60257
8880	-450.1136	-449.6658	-0.4478632	81148.3	15.5436	0.995541	0.998857	1.00114	1.00447	2.739668
8890	-456.584	-457.8293	1.245387	19349.97	14.05038	0.990877	0.997651	1.00232	1.00915	2.636848
8900	-444.4148	-457.6802	13.26533	85920.74	14.91943	0.995667	0.998889	1.0011	1.00434	1.830873
8910	-452.3768	-462.8702	10.49345	49413.16	14.56617	0.994288	0.998534	1.00145	1.00572	2.002973
8920	-459.325	-463.5131	4.188129	34030.76	16.76293	0.993118	0.998232	1.00175	1.0069	2.43399
8930	-457.0555	-455.3211	-1.734435	80461.16	13.05618	0.995522	0.998852	1.00114	1.00448	2.850641
8940	-452.2809	-453.6472	1.366242	69525.36	16.99906	0.995183	0.998765	1.00123	1.00482	2.597143
8950	-454.8676	-458.7114	3.843757	12785.28	17.16304	0.988781	0.997106	1.00285	1.01126	2.449
8960	-465.0531	-468.8894	3.836303	7449.964	13.63554	0.985312	0.9962	1.00372	1.01476	2.443028
8970	-463.0143	-462.6872	-0.3271045	69173.39	14.3855	0.995171	0.998761	1.00123	1.00484	2.747253
8980	-459.5233	-467.8976	8.374342	13829.93	18.36635	0.989212	0.997219	1.00274	1.01083	2.180034
8990	-452.8016	-457.7107	4.909033	23270.42	21.43314	0.99168	0.997859	1.00212	1.00834	2.296554
9000	-455.1536	-450.773	-4.380585	81604.97	13.50526	0.995554	0.99886	1.00113	1.00445	3.047801
9010	-451.3498	-451.8667	0.5168399	99909.3	17.15184	0.995981	0.99897	1.00102	1.00402	2.643138
9020	-461.5269	-462.0404	0.5135132	51264.17	17.12937	0.994392	0.998561	1.00143	1.00562	2.643924
9030	-453.7839	-456.4757	2.691767	5700.328	12.35399	0.983215	0.99565	1.00425	1.01689	2.482286
9040	-454.0001	-452.1185	-1.881617	90628.15	13.75977	0.995781	0.998918	1.00108	1.00423	2.861744
9050	-457.1365	-455.7042	-1.432296	60296.22	14.88965	0.994828	0.998673	1.00132	1.00518	2.816536
9060	-447.7266	-449.045	1.318407	30756.5	12.50602	0.992761	0.998139	1.00184	1.00726	2.599593
9070	-453.0825	-452.1354	-0.9471372	53473.8	17.53469	0.994509	0.998591	1.0014	1.0055	2.716169
9080	-454.6077	-451.3761	-3.231632	96897.45	14.8122	0.99592	0.998954	1.00104	1.00409	2.93935
9090	-453.882	-450.4476	-3.434362	74541.22	12.42326	0.995348	0.998807	1.00119	1.00466	2.978901
9100	-458.4919	-454.9997	-3.492232	44118.96	12.32986	0.993955	0.998448	1.00154	1.00606	2.982581
9110	-450.5581	-451.6586	1.100442	68942.09	15.26495	0.995163	0.998759	1.00123	1.00485	2.643314
9120	-460.3486	-455.1525	-5.196142	92975.38	11.05204	0.995834	0.998932	1.00106	1.00417	3.09884
9130	-453.3361	-452.2494	-1.086764	62880.58	13.94789	0.994936	0.998701	1.00129	1.00507	2.803378
9140	-450.4697	-448.7593	-1.710407	38414.39	14.75713	0.993522	0.998336	1.00165	1.00649	2.837633
9150	-451.8849	-448.4184	-3.466452	36202.75	11.2938	0.993327	0.998286	1.0017	1.00669	2.953626
9160	-455.8513	-459.0632	3.211913	84902.77	15.83915	0.995641	0.998882	1.00111	1.00437	2.502514
9170	-448.0958	-457.2254	9.129606	27050.85	21.59811	0.992282	0.998015	1.00196	1.00774	2.096626
9180	-456.3476	-461.8507	5.503088	2912.474	15.50983	0.976546	0.993886	1.00592	1.02365	2.35663
9190	-459.9347	-459.3114	-0.6233088	38748.44	18.61233	0.99355	0.998343	1.00164	1.00646	2.661311
9200	-467.9597	-468.5749	0.6152514	68187.83	11.69387	0.995136	0.998753	1.00124	1.00487	2.618738
9210	-454.2781	-452.6045	-1.673602	23422.43	10.45243	0.991707	0.997866	1.00211	1.00832	2.732273
9220	-444.6386	-450.7968	6.158141	3106.881	16.44947	0.977288	0.994084	1.00573	1.0229	2.317372
9230	-469.2264	-461.8242	-7.402214	146.283	12.02602	0.896948	0.971239	1.02486	1.10696	3.30305
9240	-452.9568	-447.8129	-5.143859	2.439674	10.53491	0.340662	0.694877	1.07791	1.88655	3.06931
9250	-460.8074	-457.2601	-3.5473	3.806105	12.04414	0.443383	0.768225	1.08438	1.70401	2.98284
9260	-457.6218	-461.406	3.784174	12264.56	13.41226	0.988546	0.997045	1.00291	1.0115	2.440444
9270	-464.4964	-460.6468	-3.849525	64349.3	11.79108	0.994994	0.998716	1.00128	1.00502	3.002943
9280	-467.6216	-458.1589	-9.462623	22257.94	10.51799	0.991493	0.997811	1.00216	1.00853	3.478911
9290	-467.7958	-455.9115	-11.8843	36316.25	9.829077	0.993338	0.998288	1.0017	1.00668	3.70057
9300	-472.8489	-461.7739	-11.07501	6728.882	15.63655	0.984547	0.996	1.00392	1.01554	3.417462
9310	-449.2584	-452.6149	3.356513	64588.42	15.05735	0.995003	0.998718	1.00127	1.00501	2.495399
9320	-461.5926	-455.4979	-6.094734	51749.46	13.4574	0.994418	0.998567	1.00142	1.00559	3.175911
9330	-463.0332	-455.1729	-7.860278	59326.35	11.21065	0.994786	0.998662	1.00133	1.00522	3.341924
9340	-455.2921	-457.3078	2.015761	80026.63	16.07466	0.99551	0.998849	1.00114	1.0045	2.574977
9350	-460.6313	-450.9365	-9.694824	64884.54	11.48975	0.995014	0.998721	1.00127	1.00499	3.503305
9360	-459.9644	-455.6475	-4.31694	42122.82	10.85813	0.993813	0.998411	1.00158	1.0062	3.009943
9370	-460.9963	-453.996	-7.00028	56506.58	11.5877	0.994658	0.998629	1.00136	1.00535	3.269502
9380	-469.847	-470.2791	0.4320332	52773.89	13.05973	0.994472	0.998581	1.00141	1.00554	2.684776
9390	-469.1186	-466.185	-2.933547	44648.24	10.03797	0.993991	0.998457	1.00153	1.00602	2.813605
9400	-465.9941	-458.4534	-7.540721	48886.85	12.10931	0.994257	0.998526	1.00146	1.00575	3.313762
9410	-450.2216	-450.6168	0.3952525	73803.4	14.68728	0.995325	0.998801	1.00119	1.00468	2.695469
9420	-459.2182	-454.0744	-5.143776	82637.47	12.19401	0.995582	0.998867	1.00113	1.00443	3.116224
9430	-456.8306	-452.7263	-4.104295	16555.68	12.35843	0.990138	0.99746	1.00251	1.0099	3.032427
9440	-460.1701	-454.8461	-5.324023	97640.55	12.34469	0.995935	0.998958	1.00104	1.00407	3.131136
9450	-453.8308	-455.5098	1.679028	79256.4	15.31299	0.995489	0.998843	1.00115	1.00452	2.605023
9460	-452.1943	-451.7213	-0.4729979	77887.38	16.12765	0.995449	0.998833	1.00116	1.00456	2.728542
9470	-463.3885	-459.0348	-4.353686	29298.67	10.87035	0.992584	0.998094	1.00189	1.00744	3.013957
9480	-455.8324	-453.7522	-2.080189	19091.1	11.47456	0.990815	0.997635	1.00233	1.00921	2.83987
9490	-453.8057	-458.5545	4.748811	82727.29	14.49796	0.995584	0.998868	1.00113	1.00442	2.396301
9500	-454.8011	-454.7869	-0.01419102	87958.43	11.57787	0.995717	0.998902	1.00109	1.00429	2.666042
9510	-464.0438	-456.3651	-7.678678	22177.25	12.28509	0.991477	0.997807	1.00217	1.00855	3.322813
9520	-459.4774	-457.6294	-1.848017	65063.08	12.36338	0.995021	0.998723	1.00127	1.00499	2.849964
9530	-458.4491	-456.1911	-2.257938	85913.16	14.35178	0.995667	0.998889	1.0011	1.00434	2.88201
9540	-467.1099	-463.5916	-3.518256	20489.12	12.43632	0.991134	0.997718	1.00225	1.00889	2.985772
9550	-449.0321	-453.2287	4.196601	56235.78	14.8982	0.994645	0.998626	1.00136	1.00537	2.438561
9560	-456.99	-459.5989	2.608897	5504.193	12.67589	0.982919	0.995572	1.00432	1.01718	2.503907
9570	-462.5117	-460.31	-2.201783	27524.19	15.61602	0.992349	0.998033	1.00195	1.00767	2.850555
9580	-455.353	-452.3443	-3.008652	31943.09	12.96955	0.992897	0.998175	1.00181	1.00712	2.948219
9590	-462.6084	-450.8392	-11.76919	98463.67	13.14165	0.995952	0.998962	1.00103	1.00405	3.614741
9600	-457.0925	-453.7959	-3.296669	97292.12	18.03368	0.995928	0.998956	1.00104	1.00408	2.82956
9610	-482.2602	-467.7101	-14.55007	30392.43	12.2176	0.992718	0.998128	1.00185	1.0073	3.886204
9620	-459.4422	-452.7783	-6.663827	14492.58	10.41591	0.989461	0.997283	1.00268	1.01058	3.207873
9630	-462.583	-459.498	-3.084945	48815.51	14.81715	0.994253	0.998525	1.00146	1.00576	2.929326
9640	-460.1495	-455.7147	-4.434761	12430.42	13.05429	0.988622	0.997065	1.00289	1.01142	3.057481
9650	-471.0475	-461.6743	-9.373187	521.144	14.74848	0.944881	0.985235	1.01367	1.05622	3.357348
9660	-452.4274	-453.0616	0.6341852	27389.46	14.48916	0.99233	0.998028	1.00195	1.00769	2.68014
9670	-458.6074	-461.5801	2.972635	61433.68	14.90803	0.994876	0.998685	1.00131	1.00513	2.520737
9680	-470.6546	-473.9265	3.271927	5602.15	20.53625	0.983069	0.995611	1.00429	1.01703	2.399963
9690	-464.8007	-457.3732	-7.427521	95477.69	13.01901	0.995889	0.998946	1.00105	1.00412	3.287663
9700	-465.2731	-459.2358	-6.037308	99686.41	11.27528	0.995977	0.998969	1.00103	1.00403	3.180846
9710	-450.9806	-447.9024	-3.078128	74985.63	10.38347	0.995362	0.998811	1.00118	1.00465	2.860875
9720	-466.7109	-458.8932	-7.817668	72416.39	13.66164	0.99528	0.99879	1.0012	1.00473	3.296761
9730	-452.2252	-450.8708	-1.354369	17244.47	10.52321	0.990337	0.997511	1.00246	1.0097	2.708508
9740	-467.8197	-457.7056	-10.1141	22427.42	11.8244	0.991525	0.997819	1.00216	1.0085	3.533502
9750	-453.9002	-451.2044	-2.695836	57298.88	13.61326	0.994695	0.998639	1.00135	1.00532	2.922265
9760	-459.6507	-461.8036	2.152852	34152.04	16.49924	0.99313	0.998235	1.00175	1.00689	2.560042
9770	-476.6627	-471.0427	-5.619922	52129.06	10.02414	0.994438	0.998573	1.00142	1.00557	3.080114
9780	-457.8327	-461.6633	3.830598	43478.31	18.67292	0.993911	0.998436	1.00155	1.0061	2.42064
9790	-456.3253	-456.5614	0.236092	15126.45	18.4901	0.989684	0.997341	1.00262	1.01035	2.619137
9800	-452.3897	-453.9358	1.546077	2213.817	16.49359	0.973115	0.992971	1.00677	1.02714	2.596924
9810	-452.5721	-449.8263	-2.745873	88759.52	10.33105	0.995737	0.998907	1.00109	1.00427	2.824159
9820	-470.134	-461.2157	-8.918347	1961.595	9.627979	0.971448	0.992525	1.00718	1.02884	3.385956
9830	-460.2051	-457.7779	-2.427208	65483.96	14.06896	0.995037	0.998727	1.00126	1.00497	2.897995
9840	-451.3313	-453.8493	2.517992	6176.527	16.12031	0.983873	0.995823	1.00408	1.01622	2.543176
9850	-457.8759	-455.1155	-2.760464	75298.53	13.66428	0.995372	0.998813	1.00118	1.00464	2.926561
9860	-454.4809	-452.5182	-1.962753	91090.33	15.63675	0.995792	0.998921	1.00107	1.00421	2.834703
9870	-468.3029	-459.6636	-8.639219	23279.51	10.99457	0.991681	0.99786	1.00212	1.00834	3.409804
9880	-463.2247	-460.8887	-2.336035	75081.95	13.00481	0.995365	0.998811	1.00118	1.00464	2.896522
9890	-454.9737	-454.5369	-0.4367624	57828.86	13.04162	0.994719	0.998645	1.00135	1.00529	2.751036
9900	-461.1016	-461.2868	0.1851656	30698.96	18.28627	0.992755	0.998138	1.00184	1.00726	2.628492
9910	-455.6212	-454.6494	-0.9717708	60904.98	16.93607	0.994854	0.99868	1.00131	1.00516	2.736608
9920	-467.3666	-459.5449	-7.821641	62986.46	12.73064	0.99494	0.998702	1.00129	1.00507	3.325485
9930	-466.16	-455.4978	-10.66222	84476.93	13.35548	0.99563	0.99888	1.00111	1.00438	3.520329
9940	-482.229	-470.4047	-11.82435	77483.34	8.8381	0.995437	0.99883	1.00116	1.00457	3.638139
9950	-474.963	-460.0096	-14.95341	39915.32	7.276684	0.993645	0.998368	1.00162	1.00637	3.796415
9960	-466.7855	-456.9637	-9.821781	92506.23	8.827383	0.995824	0.998929	1.00106	1.00418	3.410304
9970	-483.3267	-476.9652	-6.361461	38821.83	9.939432	0.993556	0.998345	1.00164	1.00646	3.147668
9980	-471.0163	-466.3664	-4.649951	42538.88	14.01264	0.993844	0.998419	1.00157	1.00617	3.057335
9990	-465.1742	-453.7767	-11.39756	37611.31	10.60381	0.993453	0.998318	1.00167	1.00656	3.663033
10000	-461.294	-452.2949	-8.999066	20349.3	14.45376	0.991103	0.99771	1.00226	1.00892	3.346742
