Iteration	Posterior	Likelihood	Prior	br_len_lambda	tree_length
0	-548.4836	-554.7847	6.301036	12.60066	3.121347
10	-543.6984	-555.1544	11.45605	14.33311	2.728736
20	-555.9028	-568.0911	12.18835	13.39679	2.672013
30	-552.2232	-561.8191	9.595933	10.00175	2.708063
40	-551.2073	-563.8861	12.67879	13.36658	2.634888
50	-556.6285	-563.5227	6.89414	11.3573	3.057696
60	-556.3266	-564.4437	8.117092	11.39593	2.951555
70	-554.2663	-561.3907	7.124448	12.96688	3.054628
80	-565.2999	-566.3327	1.03284	16.05249	3.35372
90	-559.5167	-561.4677	1.951058	9.545819	3.447425
100	-566.3698	-569.0466	2.676799	12.97023	3.397516
110	-547.6277	-559.9166	12.28892	17.05178	2.630555
120	-563.0041	-571.5837	8.579526	12.16449	2.934395
130	-560.2488	-570.6705	10.42174	11.16749	2.735308
140	-550.2397	-566.363	16.12331	18.7059	2.378201
150	-541.821	-554.0634	12.24237	12.76606	2.654797
160	-552.8439	-563.3968	10.55284	13.21534	2.792897
170	-556.5846	-564.4401	7.85553	15.84672	2.935944
180	-553.4613	-564.4933	11.03203	17.29009	2.697147
190	-548.4675	-568.9333	20.46573	17.38771	2.151607
200	-550.0389	-568.5784	18.53942	20.20791	2.223709
210	-551.6444	-561.0363	9.391897	11.96857	2.862207
220	-539.3134	-557.0704	17.75699	20.41966	2.257823
230	-551.3496	-564.4729	13.12334	13.01636	2.593379
240	-557.0823	-559.3209	2.238588	11.2295	3.468036
250	-541.7384	-559.0114	17.27298	15.25358	2.337954
260	-561.0552	-568.4022	7.347068	13.89818	3.025134
270	-547.8161	-557.4233	9.607184	14.18097	2.85968
280	-554.9282	-564.6751	9.746933	17.87151	2.750678
290	-549.5593	-561.4471	11.88772	12.37042	2.670428
300	-574.0194	-577.824	3.804537	11.38461	3.329915
310	-559.7289	-569.8224	10.09354	16.84325	2.765989
320	-553.4966	-563.4315	9.934871	13.11105	2.839061
330	-556.0172	-563.8623	7.845117	11.76305	2.986832
340	-555.6818	-563.1632	7.48141	12.62007	3.027708
350	-545.6859	-557.6027	11.91682	16.37268	2.668916
360	-552.7105	-565.666	12.95551	16.08326	2.610494
370	-541.6004	-552.7939	11.19343	13.26539	2.744998
380	-551.996	-558.6234	6.627489	13.78332	3.079531
390	-559.7819	-562.9837	3.201776	9.142319	3.277912
400	-551.6191	-557.2332	5.61416	14.42243	3.133314
410	-550.7528	-562.3181	11.56538	13.48756	2.7194
420	-547.6949	-553.9146	6.219667	9.364243	2.978223
430	-554.8288	-567.4102	12.58143	13.67921	2.646511
440	-546.127	-554.4987	8.371685	16.28359	2.888586
450	-547.6433	-559.1426	11.49924	14.10419	2.726406
460	-562.0703	-563.5535	1.483211	17.31348	3.247959
470	-543.9316	-557.3493	13.41769	14.81114	2.592584
480	-549.6532	-561.4128	11.75964	18.15588	2.629255
490	-562.8687	-570.1401	7.271406	14.72482	3.01009
500	-544.819	-559.0157	14.19671	15.87194	2.535547
510	-547.3208	-558.0216	10.7008	15.47427	2.764535
520	-555.0783	-562.439	7.360714	12.40691	3.036597
530	-549.4711	-557.8161	8.345021	11.1575	2.920775
540	-562.3925	-573.5469	11.15444	19.36898	2.620212
550	-549.6653	-566.0993	16.434	16.09304	2.394186
560	-554.8466	-558.4122	3.565534	11.88209	3.349819
570	-559.04	-564.5693	5.529303	10.02289	3.1163
580	-558.3599	-566.7037	8.343801	17.05458	2.861808
590	-546.5827	-558.468	11.88531	15.47431	2.687987
600	-553.7877	-564.3015	10.51382	12.74046	2.789747
610	-557.9664	-567.1877	9.221398	14.46949	2.882404
620	-557.023	-566.9857	9.962755	13.25625	2.837734
630	-550.6589	-562.2974	11.63848	15.79889	2.698148
640	-558.8131	-569.5393	10.72619	18.25069	2.682883
650	-573.8006	-578.1358	4.335237	11.56168	3.284683
660	-541.2437	-564.8714	23.62776	21.48708	1.959728
670	-549.5295	-559.405	9.87548	12.29299	2.831256
680	-550.3981	-564.9354	14.53734	14.36623	2.51409
690	-555.6296	-561.4169	5.787298	13.11947	3.155256
700	-546.9349	-554.8889	7.953984	14.35692	2.972548
710	-549.8014	-558.3299	8.528464	13.63263	2.943277
720	-548.8176	-553.8345	5.016986	11.75125	3.227196
730	-553.7654	-561.2574	7.49199	11.34015	3.004439
740	-552.8426	-557.4495	4.60691	11.70447	3.261957
750	-563.5205	-566.711	3.190487	11.34029	3.383756
760	-551.722	-561.3263	9.604254	13.79472	2.863487
770	-554.9956	-561.5099	6.514249	15.18904	3.045615
780	-551.7682	-561.6659	9.897724	11.81506	2.814384
790	-558.2707	-562.5264	4.255628	10.00031	3.241905
800	-554.3125	-565.2809	10.96841	11.45692	2.705006
810	-547.1187	-558.4748	11.35613	16.01767	2.711394
820	-551.5708	-558.7968	7.225971	12.78443	3.04769
830	-544.1004	-556.9259	12.82548	12.79468	2.610012
840	-566.8246	-574.2728	7.448186	11.17146	3.001744
850	-558.8424	-570.861	12.01863	13.8269	2.688652
860	-555.5342	-563.8163	8.282089	11.22146	2.92948
870	-550.0278	-559.7611	9.733337	13.51345	2.855197
880	-546.2574	-560.7037	14.44634	15.65806	2.521446
890	-540.0629	-553.7629	13.69995	15.07889	2.572993
900	-562.2967	-567.0816	4.78485	11.24171	3.241514
910	-555.4969	-561.1309	5.633986	13.15701	3.166239
920	-547.2878	-561.8333	14.54553	15.40944	2.516331
930	-564.3196	-574.9093	10.58973	18.44621	2.683409
940	-544.0673	-557.4467	13.37947	17.25483	2.562171
950	-557.6265	-570.3157	12.6892	14.30815	2.642666
960	-548.1564	-559.5417	11.38534	14.93882	2.728319
970	-553.2388	-565.6976	12.45875	12.95184	2.642877
980	-539.1184	-557.0014	17.88303	19.725	2.266049
990	-555.9691	-568.1012	12.13206	14.04026	2.681393
1000	-566.7468	-570.4807	3.733815	8.715477	3.16227
1010	-552.7526	-556.3819	3.62921	14.11874	3.283802
1020	-560.3401	-572.3774	12.03721	12.82964	2.672516
1030	-551.0282	-554.8583	3.830106	14.15221	3.268227
1040	-545.7835	-560.6245	14.84093	18.66665	2.447708
1050	-555.2663	-566.4215	11.15519	10.39071	2.599683
1060	-547.4555	-565.2724	17.81687	18.81878	2.285851
1070	-555.6136	-570.1424	14.52882	15.35897	2.517588
1080	-547.846	-562.7768	14.93085	11.75829	2.384094
1090	-551.0946	-561.159	10.06447	11.23273	2.771328
1100	-543.6841	-557.5333	13.84919	14.44984	2.562474
1110	-547.2005	-561.9746	14.77405	18.02006	2.466214
1120	-555.5051	-564.2438	8.738637	12.30081	2.923869
1130	-545.5191	-556.1836	10.66448	13.57022	2.786465
1140	-566.3203	-568.7548	2.434496	13.19748	3.407889
1150	-553.7447	-558.0046	4.259914	13.515	3.260183
1160	-547.9115	-560.0412	12.12968	13.15406	2.672478
1170	-549.4887	-559.3932	9.904507	17.67487	2.748926
1180	-540.9477	-552.9007	11.95302	16.30604	2.668166
1190	-549.8524	-559.2785	9.426067	11.61846	2.846774
1200	-555.3916	-562.4069	7.015282	15.57623	2.999028
1210	-549.754	-560.847	11.09302	12.74663	2.744418
1220	-537.5229	-556.4581	18.93522	15.7813	2.236119
1230	-548.3163	-555.0782	6.761875	11.93936	3.081589
1240	-558.5391	-562.8802	4.341115	13.43382	3.256661
1250	-556.5918	-564.0711	7.479364	10.75581	2.978041
1260	-563.1673	-571.6917	8.524347	9.845817	2.797522
1270	-567.1387	-572.5057	5.367001	14.97524	3.12975
1280	-546.7626	-553.8112	7.048571	18.6434	2.866238
1290	-551.6783	-559.2442	7.565871	10.71898	2.96777
1300	-553.8371	-559.9215	6.084369	9.971362	3.056578
1310	-544.5131	-555.1562	10.64308	15.87138	2.759454
1320	-552.8221	-562.3168	9.494719	13.26089	2.873048
1330	-555.4036	-561.9603	6.55675	10.55772	3.05287
1340	-554.6579	-564.8626	10.20476	13.69202	2.820231
1350	-543.9554	-559.9014	15.94603	17.14663	2.414877
1360	-549.8499	-562.6155	12.7656	12.09923	2.587095
1370	-544.1039	-561.422	17.31813	13.82271	2.305239
1380	-546.0683	-567.1009	21.03258	15.84869	2.104447
1390	-543.4935	-560.8086	17.31508	14.2396	2.317662
1400	-563.4172	-563.3894	-0.02784401	7.767908	3.449163
1410	-556.6258	-566.3817	9.755918	14.75695	2.840794
1420	-558.9805	-573.222	14.24151	15.86626	2.532778
1430	-564.8798	-568.5881	3.708263	14.72099	3.252245
1440	-549.5657	-559.1652	9.599566	13.46394	2.86519
1450	-553.7543	-562.6354	8.881142	14.83382	2.898368
1460	-547.9114	-556.6873	8.775942	12.36273	2.921857
1470	-547.7698	-560.9457	13.17589	16.12965	2.59607
1480	-548.9224	-559.0342	10.11176	11.3456	2.77373
1490	-562.699	-571.4252	8.726166	15.02528	2.904196
1500	-554.3188	-566.4144	12.09559	12.53687	2.659448
1510	-545.3223	-557.8768	12.55454	15.90111	2.638537
1520	-551.1013	-560.1707	9.069367	14.85869	2.885137
1530	-545.8359	-555.7363	9.900359	16.09676	2.800073
1540	-555.037	-566.4565	11.41958	11.00254	2.633171
1550	-547.6592	-553.6541	5.994901	11.80705	3.144625
1560	-554.4708	-559.8575	5.386628	12.49168	3.195014
1570	-561.9929	-563.2057	1.21284	8.950567	3.477536
1580	-552.2213	-559.9445	7.723261	13.84165	2.999054
1590	-554.0639	-557.3158	3.25185	7.887815	3.05752
1600	-542.6757	-555.159	12.48329	13.58545	2.652623
1610	-557.1908	-567.8175	10.62674	14.68385	2.782761
1620	-553.251	-561.6631	8.41217	11.63474	2.934589
1630	-552.4871	-560.6997	8.212618	11.37547	2.942349
1640	-565.1696	-572.0031	6.833465	16.43194	2.976942
1650	-553.82	-567.4521	13.63213	15.65043	2.573521
1660	-543.6038	-554.9959	11.39214	14.41143	2.732758
1670	-545.1983	-556.3153	11.11705	11.8359	2.712162
1680	-557.0425	-563.771	6.728559	15.06695	3.035729
1690	-555.6839	-563.8654	8.18152	13.78275	2.966791
1700	-545.9652	-553.0075	7.042318	14.83022	3.022441
1710	-550.3204	-556.1128	5.792426	16.03004	3.058202
1720	-551.2478	-559.166	7.918171	13.08172	2.993018
1730	-568.283	-574.7472	6.464246	12.9633	3.105582
1740	-561.8684	-568.8101	6.94176	12.38922	3.070312
1750	-556.8325	-566.3801	9.547544	14.57907	2.858083
1760	-557.9109	-563.686	5.775116	10.80617	3.138664
1770	-553.5549	-561.0266	7.47175	15.86776	2.9594
1780	-552.2582	-561.7226	9.464357	10.81887	2.798196
1790	-557.4787	-572.113	14.63433	16.54768	2.500695
1800	-556.6155	-567.3537	10.73823	16.01216	2.750104
1810	-552.6572	-562.0546	9.397361	13.2882	2.880406
1820	-554.814	-563.0424	8.228463	10.20044	2.864542
1830	-562.0309	-567.3314	5.300417	14.50778	3.152005
1840	-543.256	-555.8482	12.59224	12.04721	2.598855
1850	-554.405	-560.2167	5.811697	10.73872	3.132322
1860	-554.5704	-562.2635	7.693132	12.6014	3.010871
1870	-557.4554	-563.2527	5.797396	13.16226	3.153724
1880	-553.5546	-559.4545	5.899897	9.686112	3.048672
1890	-553.5431	-561.1101	7.566964	13.93587	3.0086
1900	-554.0301	-560.7092	6.679105	12.21676	3.090933
1910	-555.7336	-567.353	11.61939	14.22639	2.717686
1920	-554.408	-561.6838	7.275856	14.23695	3.022747
1930	-550.5803	-563.2368	12.6565	18.61926	2.56617
1940	-561.8031	-563.9787	2.175651	9.447438	3.416676
1950	-559.9892	-565.7183	5.729151	14.24869	3.131015
1960	-555.2911	-563.7827	8.491604	16.41842	2.87651
1970	-558.997	-564.6155	5.618419	14.88484	3.116403
1980	-547.0319	-562.9312	15.8993	13.29913	2.39151
1990	-552.1808	-561.1498	8.968989	11.5746	2.884411
2000	-548.1386	-558.7546	10.61604	15.10111	2.777128
2010	-544.0349	-556.888	12.85313	18.21633	2.567319
2020	-550.7835	-558.5272	7.743649	10.2319	2.914842
2030	-552.4374	-553.0819	0.6445207	18.22147	3.237186
2040	-550.9717	-555.5794	4.607664	14.29757	3.207886
2050	-543.696	-554.0774	10.38137	10.773	2.70967
2060	-541.8942	-560.4906	18.59635	15.41941	2.253586
2070	-544.3732	-560.6464	16.27326	16.91269	2.398395
2080	-542.5087	-552.4833	9.974595	10.91109	2.757986
2090	-548.8647	-564.7587	15.894	18.72824	2.389983
2100	-559.9468	-568.9865	9.039688	11.38056	2.869881
2110	-558.1873	-566.5762	8.388898	13.64941	2.953333
2120	-551.2894	-562.3717	11.08236	13.25954	2.75331
2130	-550.2129	-562.1662	11.95333	13.1774	2.686289
2140	-554.5044	-559.5192	5.014712	10.47174	3.194818
2150	-555.0648	-560.1501	5.085296	15.56423	3.123465
2160	-554.1073	-558.0424	3.935178	10.05008	3.276998
2170	-559.7178	-563.2837	3.565956	10.43935	3.331963
2180	-567.1797	-579.0343	11.85451	14.25696	2.701111
2190	-556.167	-564.3427	8.175714	15.82075	2.916602
2200	-557.857	-565.5357	7.678716	13.49064	3.007528
2210	-559.9381	-567.5755	7.637414	13.47017	3.010847
2220	-567.7547	-576.4368	8.682088	12.8406	2.934082
2230	-566.8562	-567.9202	1.064048	10.81211	3.574635
2240	-550.6735	-558.0953	7.421837	12.76805	3.032399
2250	-553.1633	-560.8095	7.646211	12.29328	3.012604
2260	-549.4042	-560.6512	11.24699	13.97356	2.744514
2270	-552.2493	-560.3833	8.134009	12.33357	2.973436
2280	-555.8382	-560.636	4.797754	11.49692	3.244051
2290	-540.9464	-554.8247	13.87836	15.72921	2.557063
2300	-548.8364	-559.4712	10.63484	13.86708	2.788651
2310	-551.7147	-557.1069	5.392174	17.25611	3.02501
2320	-549.4782	-558.454	8.975778	14.65806	2.895724
2330	-567.5935	-569.1212	1.527697	11.25891	3.531119
2340	-556.6396	-560.5285	3.888917	15.6876	3.194226
2350	-547.4393	-557.324	9.884663	15.86053	2.807529
2360	-555.8686	-563.6154	7.746791	12.98611	3.006563
2370	-555.7466	-561.091	5.344388	14.26645	3.157418
2380	-557.0593	-564.8652	7.805949	12.34036	3.000102
2390	-547.8558	-556.2264	8.370575	16.18385	2.892124
2400	-549.4362	-562.3061	12.86993	16.50427	2.608179
2410	-547.7583	-557.4583	9.700016	12.8596	2.855008
2420	-558.6105	-564.0968	5.486204	11.51658	3.184475
2430	-541.14	-555.5602	14.42027	17.38917	2.499264
2440	-548.6794	-562.0916	13.41215	15.3804	2.590122
2450	-559.6782	-569.0309	9.352737	14.23907	2.876838
2460	-555.7751	-561.852	6.076878	11.22024	3.125962
2470	-556.0516	-562.2258	6.174258	13.12391	3.125693
2480	-548.5873	-558.6269	10.03957	15.36838	2.809667
2490	-553.4689	-562.2134	8.744565	13.79377	2.925818
2500	-551.5394	-561.8694	10.32994	11.87558	2.780267
2510	-556.9031	-569.0143	12.1112	16.4644	2.655039
2520	-553.0883	-559.1883	6.099995	11.55169	3.131858
2530	-563.4776	-565.5291	2.051519	8.060349	3.246773
2540	-558.9301	-564.8321	5.902015	12.46037	3.153925
2550	-550.4971	-556.6896	6.192405	12.09943	3.130369
2560	-551.9832	-557.3153	5.332079	14.01146	3.166623
2570	-542.5404	-555.2531	12.71261	14.86725	2.639897
2580	-551.2475	-560.5639	9.316425	16.61288	2.819908
2590	-549.49	-555.3939	5.903976	15.82665	3.059945
2600	-560.1778	-567.8951	7.717369	12.30528	3.006939
2610	-559.6245	-565.7776	6.15309	12.14969	3.133817
2620	-558.401	-567.0178	8.616755	19.37972	2.750767
2630	-563.5995	-571.7638	8.164275	13.71607	2.968947
2640	-549.4372	-558.3444	8.907202	10.80715	2.84889
2650	-552.7705	-558.0171	5.246612	15.19914	3.128653
2660	-557.6516	-564.4016	6.750017	11.07826	3.060696
2670	-561.8576	-562.8048	0.9471951	13.27888	3.516763
2680	-546.8271	-557.1217	10.29458	14.41401	2.808887
2690	-552.8581	-563.6167	10.75859	14.89454	2.770933
2700	-563.576	-570.0359	6.459868	11.81426	3.105346
2710	-550.4164	-560.187	9.770646	12.23936	2.838457
2720	-548.6775	-560.3484	11.67094	20.31707	2.559623
2730	-544.2956	-558.2419	13.94624	17.71113	2.519429
2740	-563.2496	-568.2658	5.016222	9.976448	3.16408
2750	-548.9252	-557.2	8.274842	11.47753	2.940892
2760	-553.2846	-559.5493	6.264693	10.49248	3.076708
2770	-558.9057	-566.6338	7.728096	10.41575	2.931457
2780	-570.3599	-570.5185	0.158638	14.76534	3.490631
2790	-546.1838	-556.7224	10.53866	13.4885	2.795526
2800	-548.3978	-562.907	14.50917	16.79493	2.504594
2810	-548.6821	-558.9829	10.30088	13.17298	2.811656
2820	-550.2192	-563.0387	12.81947	13.78878	2.63035
2830	-560.7026	-569.1356	8.433079	17.02725	2.857618
2840	-545.1741	-561.9831	16.80906	16.56342	2.369184
2850	-550.701	-563.455	12.75397	13.0049	2.621466
2860	-553.8067	-559.7202	5.913461	14.74477	3.101608
2870	-548.2752	-557.4448	9.169593	12.13522	2.885192
2880	-553.4508	-562.3217	8.870919	11.416	2.886301
2890	-555.8124	-567.466	11.65365	13.8079	2.714977
2900	-550.8403	-562.9569	12.1167	14.5196	2.682122
2910	-552.727	-560.4279	7.700904	12.94016	3.010265
2920	-556.9434	-565.9774	9.034023	14.49864	2.894822
2930	-546.8352	-559.9931	13.15785	17.0549	2.579528
2940	-560.6948	-564.0299	3.335058	17.96348	3.104226
2950	-545.7226	-557.5168	11.79423	12.78347	2.690336
2960	-548.4785	-554.3133	5.834805	13.86906	3.134743
2970	-554.1978	-561.3849	7.187155	11.84471	3.044357
2980	-549.049	-557.7376	8.688522	12.72844	2.932933
2990	-550.1125	-555.4333	5.320831	11.32786	3.195657
3000	-547.1351	-558.6041	11.46899	12.82209	2.716641
3010	-554.6554	-566.6611	12.00566	14.09386	2.690488
3020	-550.3122	-561.4863	11.17403	11.87277	2.70906
3030	-559.4958	-560.6959	1.200129	10.8158	3.562059
3040	-552.9116	-560.3952	7.483632	11.6579	3.015004
3050	-542.9968	-555.3091	12.31233	18.11948	2.599895
3060	-548.3927	-562.7449	14.3522	13.9579	2.522054
3070	-552.9954	-561.1821	8.186677	10.93315	2.923124
3080	-558.4722	-560.9968	2.524639	8.226677	3.221371
3090	-551.3055	-561.7171	10.41162	13.92451	2.804525
3100	-550.726	-561.5139	10.7879	15.0071	2.767265
3110	-550.4063	-559.9371	9.530866	17.73992	2.767665
3120	-551.5591	-559.5163	7.957201	16.46343	2.907377
3130	-555.9172	-565.286	9.368868	14.7856	2.866458
3140	-560.2594	-567.2463	6.986907	14.0071	3.048618
3150	-563.5615	-573.0736	9.512051	11.22794	2.820238
3160	-555.3781	-563.6761	8.297941	15.91061	2.905913
3170	-545.4273	-558.3072	12.87997	14.51638	2.629555
3180	-553.6624	-559.2554	5.592964	11.49995	3.174934
3190	-548.4705	-552.0705	3.600024	9.454777	3.266585
3200	-557.4752	-561.7485	4.273309	9.683606	3.216391
3210	-557.9738	-560.5353	2.561468	11.07932	3.438789
3220	-558.6232	-563.4694	4.846202	12.77994	3.233915
3230	-553.5137	-560.9225	7.408822	14.56413	3.005182
3240	-565.6696	-568.2209	2.551274	10.43218	3.428955
3250	-555.4059	-561.1042	5.69829	10.64271	3.138442
3260	-568.0467	-571.2125	3.165758	9.668666	3.329673
3270	-546.7938	-559.195	12.40118	12.41012	2.630457
3280	-543.0563	-558.3519	15.29562	18.62327	2.424338
3290	-550.4301	-560.47	10.03993	12.57444	2.82414
3300	-566.6858	-576.5037	9.817901	11.51087	2.808074
3310	-562.4261	-572.214	9.787908	13.74458	2.850439
3320	-551.5434	-563.5602	12.01688	12.81051	2.673618
3330	-553.4296	-563.608	10.17842	15.40141	2.799913
3340	-558.1755	-565.9488	7.773343	10.72259	2.948642
3350	-558.6249	-558.6927	0.06776783	12.15301	3.634553
3360	-550.2385	-559.0507	8.812225	14.48025	2.910476
3370	-557.4544	-563.4603	6.005867	16.26487	3.034697
3380	-557.9425	-571.7715	13.82903	14.68457	2.56468
3390	-548.4318	-563.1489	14.71706	20.83884	2.394242
3400	-549.2667	-560.4718	11.20518	15.608	2.729423
3410	-557.2583	-559.4976	2.239288	14.73517	3.351294
3420	-561.4215	-560.1682	-1.253324	7.908335	3.632212
3430	-555.5273	-559.3129	3.785615	14.31954	3.264462
3440	-552.6942	-560.5767	7.882472	12.85093	2.99635
3450	-553.0494	-560.0833	7.033958	13.44023	3.05611
3460	-553.9069	-566.0669	12.15998	15.16819	2.674154
3470	-543.483	-555.6419	12.15891	16.25151	2.656669
3480	-558.0789	-565.8386	7.759727	12.36593	3.004086
3490	-568.1244	-567.4855	-0.6389458	11.27333	3.723194
3500	-556.7958	-563.9547	7.158911	14.0167	3.036125
3510	-550.1971	-558.0814	7.88431	16.61865	2.905891
3520	-544.497	-560.0143	15.51729	19.2517	2.397836
3530	-546.332	-559.9367	13.60474	18.61019	2.515492
3540	-564.9268	-565.5038	0.5769471	13.2245	3.547322
3550	-549.5297	-557.7328	8.203023	13.28978	2.970276
3560	-540.7743	-549.9267	9.152392	13.05394	2.898588
3570	-557.5493	-566.3064	8.757066	12.30113	2.922376
3580	-554.7945	-563.4588	8.664337	11.87836	2.920599
3590	-543.0194	-552.8583	9.838875	13.44132	2.847415
3600	-556.0862	-564.6842	8.598036	14.69841	2.920593
3610	-560.9336	-571.2694	10.33582	18.4524	2.696947
3620	-548.2139	-555.6452	7.431216	12.20101	3.029203
3630	-552.0304	-558.5447	6.51429	13.3558	3.096259
3640	-558.5916	-559.392	0.8004678	7.842779	3.358858
3650	-549.8893	-554.6684	4.779124	13.03803	3.233958
3660	-544.6608	-553.4595	8.798717	17.12542	2.832503
3670	-545.2307	-554.083	8.852307	11.80531	2.902562
3680	-561.8208	-567.9979	6.177091	12.53315	3.131553
3690	-550.2573	-560.1851	9.92772	12.47424	2.831131
3700	-553.212	-560.5759	7.363888	11.93113	3.031025
3710	-561.4297	-569.7303	8.30058	16.28383	2.892944
3720	-548.7262	-561.7869	13.06067	12.35037	2.574729
3730	-553.4186	-565.3825	11.96389	14.03021	2.693351
3740	-552.5771	-567.6108	15.03365	14.00064	2.474024
3750	-552.9672	-568.9782	16.01096	19.82243	2.358561
3760	-555.1595	-562.2329	7.073419	10.33643	2.988501
3770	-550.8303	-561.1707	10.34036	15.55441	2.786049
3780	-555.1979	-568.2456	13.04767	16.60974	2.59537
3790	-554.0709	-558.3184	4.247456	9.034133	3.149788
3800	-551.1148	-564.7681	13.65324	16.70217	2.557266
3810	-560.0487	-566.4037	6.35495	12.58872	3.117127
3820	-557.4538	-564.7344	7.280618	16.64254	2.941246
3830	-553.5228	-563.7942	10.27145	14.01152	2.814099
3840	-554.1668	-562.7226	8.555756	12.02311	2.933364
3850	-565.1613	-566.2927	1.131419	9.362697	3.521485
3860	-550.353	-555.095	4.741986	12.8562	3.240626
3870	-553.6081	-560.3353	6.727141	9.888035	2.984221
3880	-545.9172	-554.044	8.12677	12.0309	2.9692
3890	-557.3878	-560.8799	3.492094	10.87535	3.351411
3900	-564.3256	-570.6545	6.328948	13.45668	3.108248
3910	-538.6466	-552.2782	13.63157	15.29066	2.576456
3920	-551.3572	-563.4549	12.09773	13.40385	2.678872
3930	-548.2624	-563.7942	15.53177	16.11678	2.450096
3940	-554.9082	-566.9734	12.06513	14.89749	2.683187
3950	-549.0002	-557.5741	8.573984	14.59602	2.924496
3960	-550.7265	-563.3707	12.64421	14.57066	2.645697
3970	-556.234	-567.084	10.85002	15.10263	2.761609
3980	-547.0107	-558.3987	11.38808	15.34291	2.72234
3990	-544.6088	-556.3321	11.72326	10.74357	2.582299
4000	-550.7388	-557.282	6.543219	13.60957	3.089374
4010	-540.1054	-554.882	14.77659	12.6777	2.452336
4020	-559.2701	-566.7869	7.51671	12.66473	3.024975
4030	-555.3905	-567.0477	11.65722	13.61571	2.713653
4040	-546.7686	-554.3682	7.599595	13.55392	3.012546
4050	-556.3814	-561.9781	5.596663	13.27881	3.166625
4060	-552.7175	-562.5523	9.834712	11.36139	2.799001
4070	-543.5983	-558.8588	15.26049	13.68565	2.450824
4080	-550.0423	-560.0793	10.03702	11.65881	2.796018
4090	-559.8203	-569.0181	9.197823	13.86799	2.89227
4100	-551.6845	-557.6872	6.002763	13.5232	3.131046
4110	-557.3115	-565.1479	7.836365	13.13414	2.998986
4120	-548.0919	-556.9212	8.829288	14.68148	2.905222
4130	-554.2095	-561.231	7.021465	13.67156	3.053107
4140	-554.6066	-565.6914	11.08487	10.77043	2.644138
4150	-552.9841	-558.0303	5.046159	14.32579	3.176208
4160	-556.3264	-563.7208	7.394417	14.68855	3.002757
4170	-556.1128	-565.5342	9.421375	14.46424	2.868669
4180	-562.2346	-563.4958	1.261118	9.402005	3.510401
4190	-564.7746	-562.6599	-2.114685	7.455881	3.656324
4200	-558.1242	-560.6141	2.489945	9.403054	3.379789
4210	-557.9254	-566.0743	8.148958	16.39422	2.898263
4220	-552.8309	-564.6843	11.85334	12.63075	2.681591
4230	-565.3817	-572.4962	7.114414	13.36271	3.051231
4240	-550.6261	-562.2118	11.58567	15.46636	2.707483
4250	-546.2855	-560.3474	14.06196	15.70237	2.545623
4260	-565.1976	-570.271	5.07338	10.97809	3.209251
4270	-560.7442	-567.1666	6.422445	10.42347	3.057313
4280	-554.5861	-560.6233	6.037187	13.53979	3.128134
4290	-546.788	-563.7942	17.00622	18.37485	2.336759
4300	-559.4024	-571.1688	11.76645	11.58838	2.643551
4310	-551.8013	-558.2505	6.449201	22.77452	2.696685
4320	-548.6996	-562.5907	13.8911	13.03684	2.535044
4330	-552.9067	-560.7757	7.869082	11.9916	2.989888
4340	-555.4677	-562.209	6.741295	13.77855	3.071376
4350	-549.2157	-560.8956	11.6799	14.50808	2.712275
4360	-549.0019	-559.3935	10.39155	14.74832	2.797848
4370	-563.0323	-565.7755	2.743276	11.2909	3.423191
4380	-568.1226	-571.0005	2.877904	11.19316	3.410955
4390	-564.7721	-564.6898	-0.08233694	15.76545	3.442235
4400	-552.1125	-558.4734	6.360923	13.92198	3.095493
4410	-565.5546	-568.2131	2.658517	8.446675	3.24451
4420	-554.2577	-566.1506	11.8929	13.11345	2.689763
4430	-564.9311	-570.435	5.503902	8.641674	2.945806
4440	-548.9368	-557.7863	8.849516	14.37553	2.90984
4450	-552.1838	-562.3303	10.14652	12.65565	2.817167
4460	-546.4823	-557.8706	11.38828	14.75514	2.730196
4470	-546.4884	-561.4436	14.95518	14.62212	2.487521
4480	-542.964	-555.5743	12.61033	13.51773	2.642359
4490	-548.2932	-563.6442	15.35101	19.11247	2.40989
4500	-547.1933	-560.9221	13.72885	11.81047	2.489823
4510	-551.7598	-567.7349	15.97509	15.56851	2.4238
4520	-556.7047	-565.507	8.802338	10.28679	2.816629
4530	-568.0733	-573.3166	5.24332	16.14314	3.087245
4540	-552.9693	-558.3446	5.375301	11.24415	3.189047
4550	-554.6055	-559.3725	4.767021	10.73115	3.229329
4560	-558.3833	-564.3573	5.974056	14.20956	3.115018
4570	-552.778	-560.2514	7.473327	9.248404	2.827295
4580	-556.617	-565.9345	9.317486	10.76141	2.807564
4590	-550.8688	-564.9041	14.03536	14.45511	2.549622
4600	-550.1341	-560.1728	10.03869	14.06162	2.83032
4610	-554.2779	-559.8129	5.534971	13.63948	3.162681
4620	-550.1694	-560.7506	10.58116	14.64652	2.78635
4630	-552.332	-555.5591	3.227088	10.87791	3.375824
4640	-561.04	-568.2064	7.166452	12.49125	3.052532
4650	-550.2668	-561.4213	11.15452	14.64626	2.747206
4660	-548.7737	-559.5406	10.76683	15.11597	2.766894
4670	-543.8385	-556.8874	13.04881	12.75719	2.591333
4680	-557.108	-563.3781	6.270126	14.44504	3.087132
4690	-553.8848	-563.1666	9.281787	12.22286	2.878029
4700	-556.2645	-562.7396	6.475119	12.97984	3.10456
4710	-550.5753	-556.4699	5.894605	13.71207	3.134523
4720	-544.9685	-555.0484	10.07982	16.88883	2.765357
4730	-553.4282	-564.5667	11.1385	12.46484	2.733802
4740	-543.3566	-553.6249	10.26832	11.7552	2.780492
4750	-548.5331	-559.4475	10.91438	16.14819	2.735823
4760	-549.052	-556.0697	7.017672	14.84946	3.023505
4770	-544.775	-554.4854	9.710425	12.67566	2.851919
4780	-546.4031	-559.9959	13.59284	12.7804	2.549528
4790	-548.3119	-560.9709	12.65895	14.39658	2.644853
4800	-543.6414	-556.9195	13.27809	14.72248	2.602163
4810	-558.8664	-560.1413	1.274903	12.88638	3.509078
4820	-559.0353	-557.5951	-1.440141	14.92727	3.587659
4830	-550.8435	-561.0356	10.19206	12.46335	2.809697
4840	-551.6439	-558.6662	7.022294	14.61772	3.030176
4850	-552.8527	-560.1968	7.344089	11.53255	3.023616
4860	-541.1584	-553.0154	11.85706	11.57235	2.634755
4870	-548.3108	-558.1368	9.825961	12.3066	2.835614
4880	-542.3078	-554.3943	12.08654	15.67643	2.671855
4890	-546.0443	-554.3845	8.340214	12.07358	2.952343
4900	-549.7687	-554.6494	4.880672	12.55869	3.234653
4910	-556.5871	-562.5503	5.963185	12.17633	3.149494
4920	-547.9236	-559.9522	12.02859	17.47039	2.63455
4930	-567.2712	-571.4502	4.178996	11.47506	3.297734
4940	-546.701	-556.5725	9.871434	15.06353	2.827205
4950	-562.0249	-571.6208	9.595924	11.94504	2.844403
4960	-549.4858	-561.0513	11.56541	12.79163	2.708426
4970	-558.5353	-563.4578	4.922497	9.970152	3.173009
4980	-562.1037	-568.5427	6.438993	11.93224	3.108557
4990	-543.4844	-558.9768	15.49241	16.29455	2.451201
5000	-547.828	-560.4661	12.63808	17.10577	2.608786
5010	-548.2829	-555.2879	7.004956	12.53222	3.065499
5020	-549.2157	-563.4127	14.19706	12.65805	2.497213
5030	-547.0077	-557.7079	10.70025	10.24947	2.627902
5040	-544.5403	-557.4177	12.87737	16.12581	2.614641
5050	-555.8539	-563.7933	7.939385	15.3178	2.947889
5060	-564.2118	-567.3702	3.158396	13.05405	3.357756
5070	-548.2446	-556.7051	8.460441	12.25899	2.945829
5080	-558.5608	-564.4569	5.896179	12.02933	3.154598
5090	-558.2863	-565.9011	7.614831	13.09609	3.016114
5100	-550.0756	-563.7654	13.68977	17.72649	2.533546
5110	-552.8352	-563.6983	10.86318	15.42373	2.755025
5120	-540.9697	-551.7511	10.78135	14.28874	2.776153
5130	-545.5153	-558.2087	12.69337	14.16199	2.641983
5140	-543.7181	-557.9838	14.26574	14.38344	2.533138
5150	-554.7368	-564.5395	9.802771	13.3104	2.849952
5160	-555.2186	-558.8881	3.669438	16.07243	3.188434
5170	-543.4619	-559.6314	16.16949	16.10973	2.410556
5180	-546.4943	-557.0452	10.55094	13.83331	2.794786
5190	-552.2261	-565.679	13.4529	15.23277	2.588527
5200	-556.8983	-565.4646	8.566262	10.13791	2.825256
5210	-556.7209	-567.8723	11.15148	14.23236	2.750548
5220	-550.4839	-559.4153	8.931319	11.65333	2.890656
5230	-549.2497	-564.4624	15.21273	13.85722	2.458312
5240	-549.9981	-566.7261	16.72801	15.80667	2.376013
5250	-555.2356	-566.9918	11.75618	15.32694	2.698582
5260	-541.3129	-555.6444	14.33151	14.39926	2.528697
5270	-546.0798	-559.2465	13.16664	16.54859	2.589372
5280	-559.9115	-567.012	7.100569	12.99059	3.056292
5290	-572.3544	-574.6096	2.255186	11.43279	3.465702
5300	-557.1624	-565.0584	7.895968	12.38237	2.993228
5310	-551.2894	-561.4556	10.16624	12.87341	2.818933
5320	-547.8351	-564.251	16.41589	19.72653	2.340393
5330	-552.5058	-564.0253	11.51952	17.52559	2.66205
5340	-551.1711	-559.605	8.43393	12.09271	2.944975
5350	-547.4311	-560.0923	12.66113	21.92787	2.454405
5360	-532.5551	-547.2708	14.71563	14.31362	2.501101
5370	-551.2491	-559.557	8.307947	13.57221	2.960099
5380	-553.0316	-562.3568	9.325191	15.22809	2.859616
5390	-553.4178	-555.4765	2.058716	7.386535	3.07566
5400	-558.6195	-564.5885	5.969011	12.26914	3.149057
5410	-554.9645	-564.4951	9.530614	16.65617	2.805606
5420	-572.1367	-582.0121	9.875373	15.45197	2.818405
5430	-544.6725	-560.9733	16.30075	19.20747	2.358119
5440	-549.4559	-565.5908	16.13494	14.83276	2.409353
5450	-567.5662	-583.2628	15.69659	16.19425	2.439381
5460	-557.7412	-571.3421	13.60091	17.35426	2.54716
5470	-561.2619	-568.3139	7.051997	15.95599	2.982485
5480	-553.3215	-565.7528	12.43136	13.13385	2.649129
5490	-548.2507	-559.8916	11.64086	15.51572	2.703096
5500	-549.4929	-562.3723	12.87945	12.25782	2.585305
5510	-554.3894	-562.5279	8.138502	12.78579	2.976315
5520	-560.6344	-568.7432	8.108729	11.29124	2.948004
5530	-554.4413	-561.0283	6.586966	18.70585	2.888007
5540	-549.4854	-559.76	10.27462	14.83184	2.804461
5550	-547.8242	-554.8099	6.985651	12.35394	3.066635
5560	-550.8375	-564.5287	13.69128	19.23239	2.49325
5570	-558.1164	-571.6463	13.52986	12.49982	2.543472
5580	-547.947	-557.0282	9.081165	11.0436	2.84821
5590	-551.6305	-562.0794	10.44888	11.99561	2.774903
5600	-552.4209	-566.687	14.26607	13.96368	2.52831
5610	-553.4696	-565.7324	12.26278	14.9425	2.669553
5620	-554.3732	-560.012	5.638862	17.57938	2.99496
5630	-566.0255	-574.3877	8.362268	14.47044	2.941759
5640	-555.0908	-564.786	9.695136	13.64001	2.85767
5650	-554.2932	-562.7242	8.430979	17.36833	2.844512
5660	-546.0305	-558.9461	12.91561	20.97868	2.47589
5670	-545.8896	-558.7926	12.90304	13.23521	2.615486
5680	-547.3062	-559.9021	12.59584	16.60594	2.622654
5690	-551.5916	-561.4037	9.812103	11.20752	2.792309
5700	-550.5483	-560.8817	10.33338	13.28347	2.809939
5710	-550.9943	-560.6205	9.626266	14.2273	2.857775
5720	-544.3541	-554.85	10.49584	12.17456	2.777186
5730	-554.6221	-562.5844	7.962284	11.69355	2.974975
5740	-555.4316	-563.1988	7.767141	10.69576	2.947517
5750	-559.1184	-569.7634	10.64501	13.5199	2.787754
5760	-563.1681	-566.5379	3.369829	15.34024	3.245077
5770	-549.4057	-557.8618	8.456161	12.91965	2.951869
5780	-548.9844	-557.7504	8.765985	9.831177	2.771201
5790	-548.0091	-558.0036	9.994504	14.29868	2.831107
5800	-549.0903	-554.8473	5.757006	14.81478	3.109675
5810	-549.3388	-555.7394	6.400657	12.1282	3.113327
5820	-550.2456	-556.73	6.484411	14.57227	3.0684
5830	-551.3119	-557.4905	6.178591	12.57069	3.131239
5840	-545.5434	-560.4799	14.93645	18.58416	2.444549
5850	-548.442	-565.2768	16.83483	14.64464	2.359346
5860	-555.249	-565.8393	10.59023	18.09298	2.69586
5870	-547.5496	-553.2376	5.687997	11.70286	3.169574
5880	-561.6981	-566.2187	4.520612	13.7613	3.233116
5890	-559.8352	-565.2414	5.406246	11.70396	3.193659
5900	-550.5103	-555.2957	4.785403	12.05695	3.246839
5910	-548.7808	-558.1283	9.347466	10.95281	2.818263
5920	-555.4539	-565.9601	10.50619	13.06374	2.794988
5930	-556.5094	-567.7892	11.27974	14.95392	2.735194
5940	-552.9281	-560.17	7.241886	13.51831	3.039491
5950	-565.2984	-572.8494	7.550966	11.29156	2.997414
5960	-565.2889	-572.513	7.224051	10.5345	2.988125
5970	-550.2305	-557.4058	7.17528	12.77578	3.051684
5980	-551.5823	-556.3335	4.751181	9.438389	3.143102
5990	-560.4563	-565.6259	5.169581	9.493296	3.104745
6000	-547.9688	-560.1631	12.19435	12.90408	2.662151
6010	-544.6445	-556.6321	11.98757	18.06962	2.619341
6020	-553.3779	-567.9549	14.57703	16.06824	2.509823
6030	-543.0437	-563.0274	19.98375	18.70847	2.171801
6040	-555.5645	-571.3924	15.82796	18.52074	2.397902
6050	-554.9473	-564.2454	9.298058	13.68999	2.886466
6060	-550.915	-556.5333	5.618306	9.159175	3.01592
6070	-543.1788	-553.8881	10.70927	15.78455	2.757291
6080	-554.8393	-562.1125	7.27319	11.99932	3.039695
6090	-562.5453	-571.2511	8.705779	13.13676	2.932789
6100	-544.7381	-555.5886	10.85048	15.01847	2.762919
6110	-552.0153	-563.9149	11.89965	15.91971	2.679368
6120	-548.8753	-561.9955	13.12014	19.38334	2.518278
6130	-543.4857	-555.2561	11.77049	14.3255	2.706822
6140	-550.7326	-558.0664	7.333859	13.16833	3.036935
6150	-553.1269	-561.6449	8.518	12.95798	2.947147
6160	-555.0087	-563.3265	8.317855	12.17079	2.956017
6170	-558.0345	-565.6934	7.658865	15.16403	2.97103
6180	-553.8148	-561.7168	7.902006	12.58172	2.994199
6190	-553.3318	-561.3054	7.973601	11.60025	2.971222
6200	-546.592	-554.9323	8.340359	11.49992	2.936028
6210	-548.5974	-559.8365	11.23909	14.36227	2.743698
6220	-552.1447	-564.3842	12.23944	14.77482	2.672383
6230	-542.8705	-560.5364	17.66581	16.09878	2.317654
6240	-550.3436	-564.9623	14.61869	17.21944	2.490993
6250	-549.6049	-558.2526	8.64774	10.94271	2.881536
6260	-540.8438	-556.2575	15.41367	16.43543	2.454742
6270	-564.0447	-573.7998	9.755141	11.45934	2.811024
6280	-553.7586	-568.595	14.83642	12.30385	2.428321
6290	-563.0463	-571.0255	7.979243	12.36889	2.986365
6300	-549.3118	-556.9316	7.619768	10.98372	2.977584
6310	-552.244	-562.4539	10.20987	12.39591	2.806689
6320	-553.5463	-563.3451	9.798829	14.73075	2.838343
6330	-558.5794	-568.1562	9.576724	12.4351	2.858536
6340	-565.2886	-571.8072	6.518634	11.07093	3.081303
6350	-557.5576	-563.2204	5.662737	11.11203	3.159864
6360	-547.1913	-559.7234	12.53202	13.16037	2.642023
6370	-552.447	-563.105	10.65804	14.56303	2.782097
6380	-550.1842	-561.6266	11.44243	17.0376	2.680592
6390	-549.8974	-562.297	12.39951	17.26566	2.618686
6400	-552.6147	-561.33	8.715253	15.08618	2.903381
6410	-547.1481	-557.6405	10.49237	13.13631	2.796785
6420	-556.624	-568.1701	11.54612	16.25229	2.694358
6430	-558.5401	-566.8947	8.354582	13.20955	2.959263
6440	-548.5397	-554.6617	6.122017	14.71355	3.088532
6450	-550.9159	-557.5508	6.634956	11.42886	3.082509
6460	-543.8371	-557.8754	14.03833	13.99247	2.545008
6470	-542.8034	-554.6914	11.88796	13.53572	2.695978
6480	-566.8154	-569.8489	3.033531	8.979758	3.277693
6490	-556.7931	-564.38	7.586847	13.70331	3.011251
6500	-552.1116	-560.2674	8.1558	14.50335	2.955288
6510	-558.6455	-561.7024	3.056937	13.09794	3.364087
6520	-554.6225	-559.5152	4.892652	10.80599	3.220321
6530	-548.6469	-557.2429	8.596068	11.32348	2.906327
6540	-543.6515	-554.1997	10.54818	11.56574	2.74752
6550	-557.8	-564.4663	6.6663	17.08053	2.959017
6560	-554.577	-562.1227	7.545718	15.87077	2.95463
6570	-558.5442	-563.6738	5.129645	10.30815	3.174918
6580	-549.4663	-560.2746	10.80838	12.38551	2.758111
6590	-552.011	-562.0974	10.08638	13.31622	2.828667
6600	-549.6473	-557.3701	7.722787	11.3094	2.982901
6610	-550.3194	-562.057	11.73758	11.46172	2.63818
6620	-558.1017	-567.0793	8.977607	12.89332	2.911375
6630	-563.2564	-570.054	6.797617	14.28317	3.055105
6640	-551.1867	-562.8567	11.66995	13.45276	2.711305
6650	-551.5142	-555.613	4.09877	16.55328	3.137083
6660	-551.7101	-559.7177	8.007596	16.92512	2.886633
6670	-550.5597	-565.186	14.62638	15.9437	2.507886
6680	-560.2912	-565.9148	5.623645	17.99801	2.975104
6690	-545.3874	-555.4156	10.02823	12.96861	2.830707
6700	-552.0411	-562.2841	10.24304	12.39007	2.803869
6710	-541.1305	-554.7815	13.65096	16.6993	2.557455
6720	-560.5782	-570.9052	10.32706	12.50706	2.799861
6730	-546.7614	-556.6696	9.908294	19.72314	2.67042
6740	-555.3977	-565.2044	9.806722	11.90547	2.825389
6750	-554.6578	-563.0552	8.39746	10.49389	2.873554
6760	-541.7961	-557.2568	15.46066	12.37645	2.381955
6770	-557.7461	-560.8941	3.147992	10.69626	3.379396
6780	-557.9196	-564.1353	6.215748	13.96379	3.104827
6790	-541.255	-558.3694	17.11446	15.82099	2.351601
6800	-545.9503	-559.5396	13.58935	18.10553	2.529776
6810	-548.4127	-562.8866	14.47397	15.99191	2.516993
6820	-550.3267	-559.0544	8.727685	15.9677	2.877092
6830	-544.8688	-555.6878	10.81906	17.5341	2.701744
6840	-555.6813	-563.5785	7.897232	15.72961	2.937306
6850	-546.4849	-554.1761	7.691197	16.44428	2.92427
6860	-550.8178	-563.5066	12.68881	15.8047	2.63158
6870	-544.8949	-565.6381	20.74319	22.31326	2.078364
6880	-552.1201	-558.8188	6.698696	12.38223	3.08992
6890	-547.5754	-557.7682	10.19272	11.17304	2.756171
6900	-563.9709	-565.7015	1.730665	8.023683	3.279215
6910	-558.3816	-562.6149	4.233277	11.78218	3.293863
6920	-555.9224	-561.4003	5.477865	9.67692	3.091348
6930	-548.62	-557.7798	9.159806	18.61204	2.754261
6940	-566.0282	-572.6075	6.579328	11.36352	3.085592
6950	-553.0009	-558.7195	5.718564	13.12639	3.16037
6960	-549.763	-559.0566	9.293647	11.65395	2.859588
6970	-548.7257	-560.5723	11.84658	14.00578	2.701672
6980	-556.9317	-566.6029	9.671167	12.3264	2.848643
6990	-555.536	-565.0786	9.542587	16.82225	2.799402
7000	-557.2722	-565.4946	8.222326	11.93899	2.959258
7010	-548.4973	-556.64	8.142672	12.22101	2.971197
7020	-547.747	-555.2354	7.488392	10.98682	2.989698
7030	-549.9644	-554.9411	4.97674	12.60458	3.22639
7040	-551.852	-561.9196	10.06764	13.88515	2.829457
7050	-543.3406	-557.9224	14.58183	14.16209	2.508637
7060	-548.3868	-562.1907	13.80392	16.18015	2.556449
7070	-543.3715	-558.5669	15.1954	15.39043	2.474172
7080	-563.3042	-570.8451	7.54088	14.22879	3.004318
7090	-557.9495	-572.5316	14.58204	18.36885	2.468831
7100	-551.7961	-569.1241	17.328	17.51557	2.33073
7110	-548.2261	-557.7687	9.542568	13.52654	2.869278
7120	-553.4995	-561.4881	7.988585	12.97502	2.987969
7130	-553.8652	-564.1373	10.27211	13.82346	2.814978
7140	-549.5997	-561.0722	11.47245	15.61641	2.712145
7150	-551.4981	-567.418	15.91989	20.8358	2.336604
7160	-547.9414	-558.7439	10.80245	15.83977	2.750139
7170	-552.6125	-563.4271	10.81466	13.81855	2.775733
7180	-565.4474	-572	6.55268	14.61526	3.062379
7190	-548.6116	-559.5627	10.95116	14.94961	2.757229
7200	-552.7407	-558.5187	5.778054	13.55825	3.146836
7210	-551.4618	-562.1963	10.73451	19.19294	2.648454
7220	-554.6033	-573.1103	18.50705	16.85436	2.266449
7230	-563.1083	-571.452	8.343774	13.84284	2.954208
7240	-554.2824	-557.4545	3.172051	13.40212	3.344839
7250	-542.4455	-554.7431	12.29754	15.14958	2.665283
7260	-577.2957	-577.3292	0.03346314	13.81277	3.55626
7270	-560.2239	-562.1631	1.939256	9.272353	3.427747
7280	-559.0143	-563.1867	4.172391	10.39853	3.272061
7290	-549.9894	-552.4412	2.451771	10.35578	3.436235
7300	-555.3974	-562.878	7.480622	11.70233	3.016382
7310	-553.0012	-565.3112	12.30994	15.14828	2.664478
7320	-544.334	-557.8971	13.56314	13.37167	2.56884
7330	-552.8219	-564.9338	12.11194	16.02801	2.66401
7340	-554.0686	-565.0869	11.01829	14.22122	2.759966
7350	-552.1349	-557.3714	5.236466	17.0638	3.043553
7360	-556.9185	-568.206	11.28749	14.37827	2.740231
7370	-559.1607	-563.5417	4.381015	14.08435	3.23183
7380	-567.7689	-573.4626	5.693642	15.09034	3.10351
7390	-554.1324	-566.394	12.26156	15.36101	2.66518
7400	-557.0253	-568.3255	11.3002	19.84776	2.595279
7410	-559.4961	-567.2185	7.722408	13.06029	3.008099
7420	-553.575	-563.1557	9.580684	12.13155	2.851217
7430	-550.2376	-556.73	6.492443	11.79083	3.102248
7440	-551.3828	-558.1666	6.783853	10.61593	3.034875
7450	-542.2087	-552.7968	10.58816	14.29163	2.789649
7460	-555.569	-560.8636	5.294592	13.10367	3.193132
7470	-557.3937	-562.8865	5.492814	12.25726	3.187912
7480	-562.1305	-565.1066	2.976154	10.98937	3.400424
7490	-549.6286	-557.0075	7.378954	11.56859	3.021617
7500	-550.754	-561.8049	11.05089	13.98333	2.75853
7510	-551.1421	-561.0166	9.874551	15.71555	2.81196
7520	-548.1774	-556.4292	8.251828	10.10596	2.853128
7530	-540.2813	-551.2124	10.93103	15.30202	2.752867
7540	-555.7963	-570.1228	14.32653	16.15831	2.524404
7550	-546.5576	-561.4307	14.87305	15.23521	2.495297
7560	-550.9315	-557.7878	6.856271	13.95903	3.059066
7570	-561.256	-565.1379	3.881915	16.25864	3.165605
7580	-551.5644	-556.426	4.86158	10.7583	3.221515
7590	-548.1248	-555.4646	7.339842	12.45713	3.03852
7600	-548.3057	-559.0947	10.78893	15.24111	2.763262
7610	-546.5687	-565.2546	18.68593	15.95681	2.253364
7620	-554.4682	-562.8484	8.380144	15.69572	2.907678
7630	-561.2863	-565.7261	4.439743	10.65296	3.257076
7640	-546.9345	-557.604	10.66953	10.1261	2.616357
7650	-552.4241	-565.5959	13.17183	18.82932	2.532371
7660	-548.7256	-561.1091	12.38358	15.8923	2.649438
7670	-553.1205	-565.9233	12.80283	16.58328	2.610653
7680	-552.0841	-554.205	2.120837	9.116746	3.393637
7690	-556.3913	-563.3567	6.965442	14.8418	3.027263
7700	-549.0666	-564.1143	15.04769	13.47746	2.460928
7710	-551.5555	-562.5838	11.02829	16.60062	2.717194
7720	-541.8442	-560.5871	18.7429	17.13897	2.251789
7730	-548.454	-559.1642	10.71022	16.95969	2.725919
7740	-543.8138	-558.3503	14.53659	16.90658	2.50118
7750	-548.7983	-561.1436	12.34532	14.80441	2.665031
7760	-549.1671	-553.9315	4.76438	10.25447	3.20733
7770	-550.2586	-558.0832	7.824596	13.66923	2.994395
7780	-553.011	-560.2658	7.254816	16.61362	2.943975
7790	-551.0853	-557.1032	6.017878	11.97053	3.144126
7800	-557.4537	-560.9535	3.499779	16.72035	3.164187
7810	-571.1633	-569.143	-2.020291	11.23482	3.847106
7820	-566.4873	-571.9707	5.483405	15.88364	3.084005
7830	-553.2435	-560.6698	7.426372	10.74843	2.982535
7840	-550.1268	-558.1745	8.047705	14.85198	2.954074
7850	-567.0002	-569.2222	2.222053	12.16334	3.457048
7860	-561.5659	-568.0621	6.496247	10.50915	3.055671
7870	-551.4017	-564.3998	12.99812	14.64295	2.621336
7880	-560.2684	-567.9107	7.642303	11.22571	2.986672
7890	-551.4008	-562.3994	10.99862	11.54953	2.707677
7900	-564.909	-568.3362	3.427184	13.54105	3.320854
7910	-554.83	-564.0417	9.211686	13.01957	2.893911
7920	-556.1244	-564.1537	8.029315	10.03153	2.86775
7930	-557.6663	-565.4312	7.764906	11.55316	2.987777
7940	-549.5583	-556.3962	6.837948	12.03124	3.076329
7950	-548.048	-558.6889	10.64095	12.63904	2.777753
7960	-543.3443	-555.6888	12.34445	17.3584	2.619451
7970	-545.4456	-557.1952	11.74964	19.06155	2.600058
7980	-544.2287	-555.4298	11.20108	13.68083	2.747425
7990	-552.0585	-560.9898	8.931324	14.17029	2.907502
8000	-554.6144	-565.4217	10.80727	18.03647	2.685789
8010	-562.3292	-577.2717	14.9425	14.9199	2.490133
8020	-561.3507	-567.2768	5.926051	11.81904	3.150578
8030	-562.7339	-565.5584	2.824473	14.18845	3.337636
8040	-554.2928	-562.3744	8.081548	12.82429	2.980832
8050	-544.7149	-554.096	9.381127	14.22756	2.875002
8060	-556.9872	-564.2475	7.260318	12.91084	3.044477
8070	-555.3842	-562.3986	7.014338	11.85025	3.059041
8080	-556.0367	-559.8172	3.780471	13.82636	3.284479
8090	-555.2896	-560.7438	5.454145	12.01148	3.191315
8100	-556.348	-561.8102	5.46223	13.14518	3.179529
8110	-552.2803	-559.8345	7.554195	12.25466	3.019709
8120	-549.8177	-558.4137	8.595991	12.84188	2.940792
8130	-559.2876	-564.3405	5.052831	11.1714	3.21616
8140	-545.2263	-558.7105	13.48428	12.46792	2.545744
8150	-569.7591	-575.5684	5.809329	14.36555	3.121649
8160	-545.4344	-560.4156	14.98117	14.78711	2.486887
8170	-552.6144	-561.6191	9.004737	15.23761	2.880416
8180	-563.1132	-567.4184	4.30526	14.45003	3.222953
8190	-546.0942	-558.8707	12.77646	13.68818	2.632361
8200	-553.4474	-558.2289	4.78157	12.66243	3.240977
8210	-565.2969	-562.9931	-2.303764	15.55504	3.598899
8220	-557.639	-570.7553	13.11626	20.34475	2.487571
8230	-550.318	-561.8413	11.52328	19.32605	2.602684
8240	-553.3551	-563.7214	10.36622	15.7225	2.78051
8250	-555.2006	-569.717	14.51641	11.80655	2.422858
8260	-557.6967	-572.2645	14.56782	14.48004	2.512995
8270	-559.3962	-569.6894	10.29319	13.85407	2.81334
8280	-558.1253	-570.4011	12.27583	10.93432	2.549217
8290	-551.5349	-560.9963	9.461427	14.33632	2.867851
8300	-554.4891	-560.2839	5.794881	12.10331	3.163232
8310	-549.0603	-558.0261	8.965889	10.95664	2.853342
8320	-546.8445	-557.6724	10.82796	13.23071	2.772229
8330	-550.52	-562.8691	12.34913	12.60654	2.641557
8340	-555.7451	-565.3446	9.59951	17.17003	2.784197
8350	-557.4478	-559.0526	1.604763	8.761614	3.412269
8360	-555.9731	-566.2883	10.31524	15.01086	2.798694
8370	-547.455	-559.7651	12.31004	12.9677	2.654736
8380	-547.2145	-555.3424	8.127883	11.35298	2.948891
8390	-545.1565	-553.933	8.776496	17.25905	2.828776
8400	-548.7188	-557.1526	8.43377	12.94593	2.953636
8410	-547.4502	-563.2188	15.76857	13.40988	2.405212
8420	-550.8159	-561.6546	10.83871	11.40994	2.713569
8430	-546.0835	-556.9472	10.86374	15.77185	2.747786
8440	-551.2524	-562.4237	11.17131	13.53373	2.748911
8450	-542.2874	-554.3836	12.09623	10.76858	2.550055
8460	-554.9965	-566.3517	11.3552	12.5884	2.719918
8470	-557.2301	-566.4759	9.245793	14.86333	2.873165
8480	-548.1423	-555.7766	7.63431	11.70877	3.003414
8490	-551.7018	-556.316	4.614198	15.94844	3.135629
8500	-549.6978	-552.3718	2.674024	7.760752	3.099514
8510	-567.0435	-570.9991	3.955574	11.09433	3.31321
8520	-558.5928	-560.2561	1.663299	10.99645	3.519896
8530	-561.164	-562.457	1.292945	14.82617	3.410352
8540	-558.2054	-563.5182	5.312787	11.363	3.197039
8550	-554.3626	-562.0274	7.664787	13.88595	3.002494
8560	-569.5435	-569.5056	-0.03788629	15.91685	3.429416
8570	-563.5412	-565.3057	1.764553	14.15346	3.414116
8580	-547.6928	-554.3146	6.621781	14.28027	3.067497
8590	-555.4636	-564.9554	9.491826	10.89315	2.800983
8600	-541.2667	-555.3371	14.07034	13.1242	2.524046
8610	-549.3816	-555.4687	6.087061	11.03684	3.119085
8620	-551.4446	-559.7522	8.307571	13.63184	2.959489
8630	-555.3108	-563.1473	7.836511	12.10575	2.994587
8640	-566.7498	-573.5129	6.763144	12.42614	3.084788
8650	-560.9683	-564.0658	3.097554	13.40138	3.350425
8660	-560.6463	-564.2866	3.640282	10.65296	3.332122
8670	-560.2893	-572.2879	11.99858	15.75682	2.676095
8680	-560.615	-567.0048	6.389804	16.91599	2.982628
8690	-551.6337	-564.966	13.33232	13.21656	2.582604
8700	-560.6116	-567.0199	6.408253	12.98923	3.109601
8710	-553.9554	-562.4905	8.535096	14.00434	2.93813
8720	-552.9669	-560.2726	7.305705	15.10696	2.996153
8730	-559.8202	-565.5805	5.760243	12.67807	3.163529
8740	-558.0315	-564.4297	6.398122	11.38343	3.102069
8750	-547.3182	-554.0645	6.746354	11.35158	3.070537
8760	-559.6008	-564.5889	4.988096	14.89875	3.158185
8770	-550.9491	-565.0127	14.06365	11.95202	2.470824
8780	-556.4712	-562.3134	5.84222	11.06256	3.142127
8790	-549.6477	-558.842	9.194293	10.70022	2.814426
8800	-556.3178	-565.2248	8.907068	14.42506	2.904948
8810	-547.2004	-555.4248	8.224333	11.73826	2.953887
8820	-558.729	-567.3314	8.602455	14.97475	2.913709
8830	-561.1307	-567.258	6.127333	12.47723	3.135778
8840	-561.0521	-564.6756	3.623493	12.93293	3.325561
8850	-550.6689	-558.7977	8.128788	12.30374	2.973485
8860	-566.3188	-571.3526	5.033745	15.34461	3.136421
8870	-552.7976	-567.5906	14.79298	15.52645	2.499899
8880	-551.5254	-560.7486	9.223192	16.29295	2.835996
8890	-546.56	-559.7256	13.1656	15.83772	2.600975
8900	-563.0041	-573.5819	10.57772	12.81726	2.786072
8910	-552.5955	-567.0695	14.47407	16.36418	2.512834
8920	-559.9805	-572.8725	12.89206	17.85858	2.57504
8930	-546.9846	-554.5145	7.529906	13.98365	3.010322
8940	-548.6192	-557.9351	9.315859	12.29857	2.876896
8950	-561.6209	-572.459	10.8381	15.64819	2.752095
8960	-546.1423	-556.3728	10.23045	13.6145	2.818442
8970	-552.4695	-565.9821	13.51255	16.78361	2.564152
8980	-552.9828	-559.4169	6.434129	15.15842	3.051998
8990	-544.766	-557.2356	12.46968	15.29029	2.652447
9000	-549.971	-555.6073	5.636268	12.47538	3.175148
9010	-556.4431	-563.2291	6.786049	11.67881	3.07527
9020	-565.7061	-569.8794	4.173242	9.161736	3.174001
9030	-556.8167	-559.5542	2.737523	12.46676	3.407727
9040	-546.7234	-564.0222	17.29879	13.54714	2.296681
9050	-542.2609	-552.1123	9.851409	14.24347	2.841767
9060	-548.7257	-557.468	8.74237	15.90985	2.878004
9070	-560.1604	-565.3514	5.19097	10.43959	3.176314
9080	-563.1289	-570.1648	7.035929	11.58788	3.051751
9090	-545.385	-552.8726	7.48758	14.339	3.005468
9100	-553.427	-559.5161	6.089075	9.648804	3.025229
9110	-542.1974	-556.3478	14.15035	16.09177	2.536104
9120	-556.3223	-569.3439	13.02161	15.204	2.617072
9130	-553.6598	-565.1209	11.46112	21.22265	2.536001
9140	-550.9435	-557.4588	6.515344	13.90027	3.084927
9150	-570.3434	-572.5804	2.237011	13.78444	3.398016
9160	-558.031	-566.9714	8.940359	11.75932	2.893599
9170	-559.4642	-563.0085	3.544371	9.104186	3.236026
9180	-543.172	-559.235	16.06304	15.0367	2.415979
9190	-544.6124	-559.5409	14.92852	15.79372	2.489935
9200	-547.7026	-563.9668	16.26417	18.26855	2.379117
9210	-554.6582	-564.5	9.841874	18.87269	2.707533
9220	-552.3398	-562.3896	10.04979	16.43722	2.78105
9230	-550.0542	-560.8398	10.78558	9.998406	2.58868
9240	-555.3475	-563.3817	8.034197	13.7226	2.97834
9250	-549.9432	-561.0606	11.11747	11.9125	2.715604
9260	-539.8046	-550.2074	10.40272	17.89262	2.71325
9270	-549.2144	-562.8302	13.61579	16.10807	2.569098
9280	-553.5873	-566.0643	12.47691	15.27389	2.652156
9290	-560.3086	-568.878	8.569385	16.51158	2.868491
9300	-556.4507	-564.8822	8.431491	16.47336	2.878213
9310	-553.8884	-566.74	12.85153	17.70578	2.581379
9320	-554.6336	-563.1108	8.477232	10.71594	2.882537
9330	-556.553	-563.7678	7.214783	11.66609	3.038261
9340	-549.7547	-555.0403	5.28562	14.00038	3.170289
9350	-551.3931	-562.733	11.33992	14.66987	2.734326
9360	-560.5905	-564.2566	3.666133	11.61087	3.342539
9370	-550.6701	-555.9732	5.303027	12.49251	3.201699
9380	-560.9169	-565.3033	4.386489	14.6491	3.209187
9390	-554.6017	-563.7858	9.184093	13.56612	2.895578
9400	-549.0593	-557.0345	7.97522	20.0985	2.75145
9410	-555.0634	-560.5802	5.516802	13.19396	3.174408
9420	-556.8452	-564.3206	7.475403	12.65406	3.028227
9430	-555.4391	-559.4873	4.048245	13.80896	3.26574
9440	-564.5125	-570.0617	5.549202	16.26449	3.062791
9450	-544.3777	-556.3551	11.97742	13.12369	2.683507
9460	-553.1799	-561.8117	8.63171	12.69197	2.937143
9470	-543.8342	-558.5576	14.72339	17.89525	2.471716
9480	-549.0107	-560.0034	10.9927	18.58119	2.656863
9490	-549.4427	-562.6254	13.18271	13.82532	2.604444
9500	-550.8141	-564.475	13.6609	17.79239	2.533595
9510	-544.0359	-558.9	14.8641	16.91671	2.481653
9520	-560.1902	-561.7032	1.513023	9.751789	3.505058
9530	-555.2569	-563.1081	7.851202	13.59205	2.993497
9540	-548.8032	-559.4604	10.6572	10.52557	2.661355
9550	-565.9094	-564.1897	-1.719658	8.235795	3.738445
9560	-563.7007	-566.4895	2.788781	10.29223	3.401422
9570	-550.5974	-562.268	11.67065	15.73768	2.697264
9580	-550.7319	-556.3756	5.643705	13.3458	3.161661
9590	-551.2636	-561.3653	10.10167	10.43453	2.705425
9600	-556.3178	-567.97	11.65223	14.74535	2.712396
9610	-544.814	-557.6414	12.82734	16.4397	2.612022
9620	-556.035	-564.7502	8.715272	13.71184	2.928818
9630	-542.7858	-560.6213	17.83543	19.90236	2.264905
9640	-551.0055	-561.7372	10.73171	11.56835	2.731789
9650	-557.9774	-562.1644	4.187036	11.14251	3.293191
9660	-558.6426	-560.9361	2.293496	10.53628	3.456204
9670	-555.8557	-558.6752	2.819496	12.92382	3.388021
9680	-556.8158	-562.4521	5.63629	11.30721	3.167343
9690	-554.6461	-567.2033	12.55724	12.83695	2.63219
9700	-556.1635	-561.8364	5.672951	10.60205	3.138833
9710	-556.4521	-569.0933	12.64121	13.73831	2.64278
9720	-554.7005	-563.4387	8.738234	10.91357	2.871454
9730	-548.971	-563.4533	14.48228	15.74565	2.518549
9740	-552.6355	-558.4056	5.770092	15.20946	3.093806
9750	-557.5199	-561.7995	4.279612	11.98679	3.289248
9760	-552.184	-559.612	7.42798	10.92813	2.992262
9770	-555.9321	-561.9492	6.017062	11.95937	3.144117
9780	-546.353	-560.3519	13.99894	16.23391	2.543685
9790	-551.5699	-558.6791	7.109195	8.81827	2.794821
9800	-558.3373	-563.7838	5.446424	14.42348	3.144908
9810	-558.1365	-560.1609	2.024395	9.53727	3.439153
9820	-556.0007	-568.5163	12.51565	14.19047	2.654608
9830	-551.403	-561.1503	9.74734	15.24565	2.831501
9840	-562.1305	-568.5924	6.461896	11.74795	3.104186
9850	-556.9174	-566.7347	9.817247	13.74922	2.848282
9860	-548.0828	-561.0861	13.00338	15.14684	2.618711
9870	-545.1508	-557.1762	12.02539	14.39825	2.688855
9880	-552.6413	-560.6579	8.016644	12.8685	2.985913
9890	-554.9171	-564.6191	9.702068	16.57582	2.79787
9900	-551.6149	-568.9282	17.31323	15.49224	2.337345
9910	-557.1621	-566.7001	9.537951	12.70572	2.865916
9920	-561.967	-570.2247	8.257776	13.69564	2.962385
9930	-560.1129	-567.7657	7.652859	13.62924	3.007555
9940	-568.0093	-568.0972	0.08792379	10.27022	3.663573
9950	-554.6259	-563.6107	8.984847	11.44745	2.877723
9960	-552.6918	-563.9997	11.30789	12.86793	2.730142
9970	-556.2126	-568.8935	12.68099	16.62681	2.617087
9980	-555.6815	-566.5422	10.86068	14.44501	2.769337
9990	-542.9733	-556.7799	13.80664	14.74714	2.56629
10000	-550.1421	-558.179	8.036897	11.76211	2.970503
