Iteration	Posterior	Likelihood	Prior	br_len_lambda	tree_length
0	-550.1609	-559.4003	9.239338	13.14706	2.892195
10	-546.6287	-558.6333	12.00465	13.50614	2.687039
20	-549.9482	-561.503	11.55481	13.35206	2.718813
30	-554.6605	-563.1028	8.442328	12.14865	2.945378
40	-559.3361	-568.8926	9.556512	15.65587	2.833792
50	-558.5769	-566.0233	7.446411	13.1174	3.02881
60	-557.148	-562.2005	5.052544	13.89143	3.190442
70	-544.4213	-554.5081	10.08679	17.28523	2.75198
80	-558.3754	-567.9047	9.529273	17.11725	2.790128
90	-547.9585	-559.0877	11.12921	14.16989	2.752399
100	-552.4197	-565.4126	12.99287	14.42887	2.62171
110	-548.4803	-558.8717	10.39146	17.49749	2.727356
120	-553.261	-560.7453	7.484281	11.02553	2.991952
130	-550.7542	-562.7918	12.03754	12.50554	2.66305
140	-546.9656	-557.348	10.38242	14.40239	2.80292
150	-548.0074	-557.9662	9.958754	14.13597	2.835332
160	-557.9411	-561.6818	3.740692	12.55499	3.325502
170	-550.7352	-561.1776	10.44234	12.8547	2.79721
180	-555.2993	-565.6701	10.37073	18.15812	2.705674
190	-559.3253	-567.3155	7.99022	13.98683	2.977348
200	-546.6296	-557.9378	11.30819	12.68955	2.726205
210	-556.0247	-565.9672	9.942572	10.93907	2.762947
220	-556.3549	-559.6524	3.297483	12.04225	3.370452
230	-548.1008	-560.8779	12.77707	13.17272	2.623675
240	-554.5211	-561.5789	7.057754	11.50528	3.047707
250	-555.0369	-563.4617	8.42481	13.64177	2.950784
260	-545.2158	-555.6285	10.41262	12.94736	2.800799
270	-548.4341	-560.9342	12.50012	16.73074	2.625668
280	-550.3466	-559.0547	8.708139	11.37989	2.898984
290	-540.2491	-555.6072	15.35807	16.00785	2.46161
300	-554.7828	-558.9912	4.208371	13.70726	3.257661
310	-555.8531	-565.9143	10.06121	16.13434	2.789042
320	-562.2117	-570.4068	8.195063	18.30166	2.819403
330	-563.4015	-567.7332	4.33164	13.18192	3.264559
340	-553.7637	-563.4298	9.666075	13.51217	2.860177
350	-554.6918	-563.3108	8.618983	10.29744	2.835435
360	-553.1693	-559.8799	6.710579	14.67191	3.049831
370	-555.5238	-562.5194	6.995564	11.02348	3.036187
380	-550.2842	-560.3821	10.09788	16.21251	2.784591
390	-547.0329	-559.6502	12.6173	17.8459	2.590776
400	-559.6197	-567.565	7.945302	16.0974	2.921507
410	-550.0814	-554.469	4.387612	12.29837	3.277616
420	-558.4682	-559.1064	0.6381888	14.90728	3.449635
430	-552.7418	-559.6984	6.95665	13.86151	3.054017
440	-568.0374	-570.2233	2.18587	12.23109	3.458369
450	-556.1554	-565.6591	9.503731	13.97692	2.869235
460	-551.8445	-563.5598	11.71524	15.52672	2.69812
470	-554.4278	-565.8486	11.42079	14.59328	2.729478
480	-565.7334	-564.5077	-1.225685	9.754359	3.785957
490	-543.2497	-557.0259	13.77618	15.94541	2.561191
500	-547.6978	-556.5837	8.88586	12.96263	2.918774
510	-555.2839	-558.3121	3.028246	13.90984	3.335389
520	-549.108	-560.2291	11.12108	10.16652	2.576811
530	-550.8254	-558.6056	7.780147	12.27477	3.001503
540	-555.1969	-564.0665	8.869566	12.87481	2.919665
550	-550.6482	-558.5292	7.880937	11.38952	2.972037
560	-541.5981	-555.5211	13.92297	20.91809	2.429815
570	-542.0838	-559.1993	17.11549	17.41403	2.344001
580	-553.3225	-557.5625	4.240054	13.4565	3.263485
590	-558.0755	-566.4548	8.379328	11.88362	2.944728
600	-556.2858	-562.8754	6.589559	12.34715	3.098685
610	-558.3132	-562.7975	4.484365	13.33587	3.248809
620	-550.1687	-555.0237	4.854981	11.4753	3.238827
630	-555.5579	-565.2203	9.662365	12.69581	2.85599
640	-538.0958	-553.9163	15.82049	15.76247	2.433528
650	-556.9878	-564.0981	7.110208	13.89037	3.04234
660	-543.6585	-561.0204	17.36189	14.73173	2.32494
670	-554.148	-560.0902	5.942241	11.78082	3.148801
680	-558.1536	-568.0909	9.937277	14.02778	2.837817
690	-553.0399	-561.4893	8.449428	12.70321	2.951573
700	-552.8087	-559.5246	6.715894	10.91048	3.056618
710	-547.02	-556.4005	9.380478	15.39355	2.851921
720	-557.5823	-561.9046	4.322232	10.70404	3.269879
730	-567.9641	-569.4122	1.448147	13.38524	3.474241
740	-558.3133	-563.5914	5.278145	9.341065	3.076026
750	-552.708	-559.8323	7.124279	15.03238	3.010581
760	-555.0153	-563.0248	8.009494	11.84097	2.974839
770	-559.5335	-562.294	2.760512	17.47964	3.164513
780	-552.6357	-571.7922	19.15647	17.94038	2.223652
790	-554.0038	-559.1973	5.193485	18.75486	2.959958
800	-546.1343	-555.6782	9.543877	13.58539	2.868988
810	-555.7328	-560.5131	4.780294	10.91555	3.234175
820	-546.7312	-559.3648	12.63365	17.29366	2.604425
830	-554.0055	-563.2035	9.197991	16.77116	2.82165
840	-549.5506	-559.8323	10.2817	11.06499	2.740989
850	-550.0127	-558.7029	8.690201	15.3188	2.898846
860	-544.0239	-558.9079	14.88409	16.22234	2.489276
870	-551.1266	-558.6167	7.49009	8.838139	2.755432
880	-544.4881	-561.1306	16.64244	16.89141	2.376757
890	-546.0382	-555.2972	9.259002	13.96949	2.886826
900	-562.0011	-569.2331	7.231963	14.71515	3.013049
910	-563.0182	-570.3374	7.319207	17.15149	2.917791
920	-548.3122	-559.26	10.94784	17.76804	2.686874
930	-546.7322	-558.6035	11.87124	12.82553	2.685354
940	-557.9481	-567.505	9.556866	12.28378	2.856965
950	-546.6339	-560.2545	13.62057	14.32349	2.577664
960	-563.003	-571.5695	8.566577	14.13222	2.933878
970	-550.5159	-557.4275	6.911541	10.85917	3.036191
980	-549.6126	-559.9864	10.37385	11.98271	2.780685
990	-553.6918	-561.8994	8.207534	10.40653	2.884671
1000	-551.1403	-561.4984	10.35804	11.90754	2.779162
1010	-549.2756	-564.1447	14.86914	17.92663	2.462917
1020	-549.548	-565.5344	15.98646	15.2256	2.422171
1030	-554.3196	-562.6926	8.373033	11.20491	2.920586
1040	-553.5485	-562.0231	8.474623	14.15252	2.940039
1050	-558.3842	-562.4629	4.078789	11.61111	3.306999
1060	-553.122	-566.2212	13.09922	14.06137	2.612666
1070	-541.1056	-552.4255	11.31987	14.31239	2.738346
1080	-549.9175	-555.6097	5.692149	14.91553	3.110298
1090	-555.919	-559.481	3.562043	11.25548	3.350404
1100	-552.8448	-561.9452	9.100435	15.33563	2.87163
1110	-543.8662	-558.2807	14.41445	13.78647	2.514634
1120	-551.4861	-562.3335	10.84739	19.10431	2.645827
1130	-553.7033	-563.7489	10.04558	15.23155	2.812236
1140	-541.3051	-558.8409	17.53582	13.96925	2.294326
1150	-553.3004	-564.9119	11.61144	13.65136	2.717251
1160	-545.6873	-560.7744	15.08719	12.51698	2.419787
1170	-556.0133	-563.9704	7.957107	10.98973	2.947191
1180	-543.3962	-556.8277	13.43144	15.48311	2.587992
1190	-557.2417	-561.4811	4.239377	11.26953	3.290413
1200	-553.1695	-568.5425	15.37304	14.89206	2.461109
1210	-555.6979	-565.7303	10.03236	14.88189	2.819917
1220	-545.6332	-558.3067	12.67347	21.30475	2.475983
1230	-544.076	-562.0534	17.97747	17.06654	2.29687
1240	-565.2308	-573.5727	8.341965	12.77623	2.960366
1250	-548.5401	-559.8391	11.29899	15.53794	2.724723
1260	-556.8154	-565.4019	8.586531	13.58363	2.939472
1270	-557.0502	-563.2811	6.230908	10.17369	3.058364
1280	-546.7013	-558.0402	11.33898	18.04111	2.656159
1290	-553.1061	-560.7774	7.671348	11.31897	2.987818
1300	-550.7441	-558.1629	7.418839	12.07596	3.02869
1310	-557.729	-565.4482	7.719217	13.95168	2.997383
1320	-546.0274	-559.3956	13.36823	18.19589	2.53959
1330	-552.9976	-564.8134	11.81586	15.94628	2.684113
1340	-557.4073	-566.2066	8.799325	15.22058	2.894346
1350	-561.5996	-569.1406	7.540935	12.55502	3.022814
1360	-552.6462	-557.7538	5.107549	10.4138	3.182948
1370	-545.8469	-559.1812	13.33439	16.60187	2.578254
1380	-547.6549	-557.0741	9.419152	14.92646	2.860195
1390	-548.3228	-558.4564	10.13352	14.45368	2.819568
1400	-552.1262	-561.8636	9.737409	12.97935	2.853221
1410	-552.8883	-558.9941	6.105797	15.71723	3.051702
1420	-555.3637	-559.425	4.061327	15.06119	3.213019
1430	-563.2331	-572.2169	8.983813	11.18538	2.865035
1440	-555.7883	-567.192	11.40374	12.61187	2.71669
1450	-558.1832	-575.3235	17.14033	20.55498	2.284818
1460	-542.3541	-554.5721	12.21801	16.82548	2.640284
1470	-552.4729	-560.5633	8.090353	12.40775	2.977796
1480	-554.3661	-564.8766	10.51052	15.21108	2.782099
1490	-553.3277	-565.9489	12.6212	13.49479	2.641225
1500	-548.1808	-559.726	11.54523	12.35367	2.697547
1510	-558.3394	-567.266	8.926637	14.45527	2.903039
1520	-557.8348	-563.998	6.163205	15.75635	3.046453
1530	-553.228	-557.5205	4.29251	12.00236	3.288081
1540	-564.8069	-570.8729	6.065938	11.03708	3.121007
1550	-554.0709	-567.0787	13.00782	13.08712	2.604088
1560	-556.3496	-563.0532	6.703637	11.64659	3.081681
1570	-549.5758	-560.0204	10.4446	15.64361	2.777346
1580	-553.5743	-561.0971	7.522797	16.47093	2.93347
1590	-558.3938	-560.7822	2.388464	9.325068	3.383993
1600	-553.1476	-560.7767	7.629138	12.77699	3.016159
1610	-554.3713	-557.2409	2.869621	12.43049	3.398016
1620	-562.6882	-565.2444	2.556251	11.26935	3.439765
1630	-559.2698	-563.3356	4.065754	11.33172	3.306491
1640	-558.5099	-562.9797	4.469786	12.22826	3.271666
1650	-565.4223	-572.3485	6.92622	9.583137	2.930756
1660	-550.4242	-562.856	12.43178	15.19163	2.655996
1670	-548.3845	-559.8664	11.48188	11.94545	2.686536
1680	-549.5057	-561.9625	12.45677	13.02499	2.644791
1690	-550.3878	-563.0088	12.621	14.92701	2.645684
1700	-555.1995	-557.667	2.467463	17.18647	3.198606
1710	-558.8794	-566.0322	7.152822	12.67311	3.053695
1720	-545.278	-558.704	13.42609	13.88527	2.587585
1730	-556.0154	-567.0435	11.02802	10.60336	2.633863
1740	-552.2706	-565.1762	12.90565	17.21472	2.590588
1750	-547.004	-557.6966	10.69261	16.10357	2.750684
1760	-554.3214	-565.4482	11.12678	16.74943	2.707241
1770	-545.3449	-559.5203	14.17535	16.70888	2.525897
1780	-548.0116	-562.5294	14.51782	16.50579	2.508312
1790	-542.7472	-556.7176	13.97035	17.02477	2.532464
1800	-561.085	-576.481	15.396	13.85897	2.445126
1810	-571.83	-571.2328	-0.5971554	12.55715	3.670905
1820	-554.5362	-564.374	9.83777	12.13124	2.830016
1830	-547.6187	-556.6256	9.006915	14.52597	2.896181
1840	-555.629	-558.7684	3.139358	12.76688	3.367837
1850	-559.3882	-566.0103	6.622036	10.10188	3.014058
1860	-552.2096	-559.9401	7.730569	12.0731	3.00283
1870	-544.4623	-554.6412	10.17888	12.80588	2.817027
1880	-547.0874	-558.0893	11.00194	17.23893	2.700442
1890	-559.5367	-566.7488	7.212135	14.52132	3.019864
1900	-549.962	-563.207	13.24501	15.31313	2.601557
1910	-548.2724	-558.1507	9.878384	15.98743	2.804486
1920	-555.4365	-562.8179	7.381393	12.32103	3.034364
1930	-555.4366	-561.3895	5.952878	12.9625	3.145041
1940	-550.833	-559.2459	8.412905	13.13362	2.955091
1950	-547.027	-555.2604	8.233478	12.24652	2.964158
1960	-553.8566	-557.0065	3.149952	10.80351	3.381544
1970	-551.3265	-560.3896	9.06309	13.12515	2.905575
1980	-557.8657	-564.6736	6.807846	17.2291	2.944171
1990	-542.9201	-553.7837	10.86364	15.08361	2.761015
2000	-547.7874	-560.956	13.16858	12.92531	2.58729
2010	-556.8951	-564.011	7.11593	12.79829	3.056242
2020	-546.2449	-551.6969	5.452007	16.64391	3.051057
2030	-556.5708	-562.3043	5.733414	11.49652	3.16266
2040	-549.9332	-560.8586	10.92538	14.66134	2.762681
2050	-537.9493	-553.4721	15.52275	19.20804	2.39861
2060	-540.0477	-553.2154	13.1677	16.07672	2.597402
2070	-548.2597	-558.6884	10.42871	16.16496	2.765455
2080	-558.6207	-565.8457	7.224984	12.47956	3.047813
2090	-561.0959	-562.6563	1.560423	10.66728	3.527519
2100	-562.3965	-563.3222	0.9256174	12.68249	3.544689
2110	-541.6228	-556.5258	14.90296	15.04109	2.493139
2120	-550.1116	-559.677	9.565408	15.6273	2.833977
2130	-559.622	-572.8704	13.24842	16.17403	2.590878
2140	-545.971	-559.6846	13.71355	15.49235	2.569698
2150	-559.2677	-566.7812	7.513489	14.38851	3.00246
2160	-545.0832	-557.3046	12.22142	17.43557	2.62446
2170	-559.2112	-565.4612	6.249948	15.74971	3.041217
2180	-548.4336	-560.3968	11.96327	13.63278	2.691324
2190	-551.4417	-560.3956	8.953914	12.92638	2.913373
2200	-554.5915	-564.079	9.487444	15.49056	2.842531
2210	-551.8432	-561.4555	9.612336	14.15596	2.85961
2220	-557.4845	-562.3709	4.886368	14.00938	3.198503
2230	-549.4885	-556.5884	7.099967	14.92693	3.015555
2240	-548.8967	-557.5984	8.701663	12.74041	2.931983
2250	-551.3557	-559.9478	8.592098	14.49596	2.925357
2260	-557.4925	-568.8842	11.39167	12.94718	2.725179
2270	-555.238	-566.5832	11.34526	12.89989	2.727869
2280	-552.9144	-559.9188	7.004403	14.52107	3.034177
2290	-549.3257	-557.648	8.322311	14.41123	2.945775
2300	-566.2067	-569.6975	3.490806	14.28843	3.286396
2310	-545.2151	-555.7772	10.5621	16.38602	2.751294
2320	-553.3373	-569.2641	15.92685	15.08242	2.425332
2330	-555.7458	-565.9411	10.19529	17.12386	2.751004
2340	-546.9272	-560.4753	13.54811	15.94934	2.575443
2350	-552.2269	-568.7607	16.53383	14.72761	2.381094
2360	-558.8475	-570.9745	12.12706	11.78151	2.623849
2370	-555.4896	-561.7918	6.302224	11.76179	3.117978
2380	-559.6144	-569.8925	10.27818	12.19854	2.795791
2390	-551.4799	-562.0309	10.55096	15.08266	2.781762
2400	-552.3078	-560.8609	8.55314	14.129	2.934882
2410	-547.1482	-556.6137	9.4655	13.89786	2.872711
2420	-547.9128	-568.3113	20.39854	16.17343	2.148797
2430	-549.4842	-564.5055	15.02134	18.95642	2.431035
2440	-563.8411	-570.461	6.619902	13.25752	3.089887
2450	-555.1913	-562.848	7.656682	15.79642	2.950266
2460	-539.5618	-548.6981	9.13621	11.95434	2.88316
2470	-562.0893	-569.4179	7.328619	14.23676	3.019046
2480	-546.3995	-552.9434	6.543903	15.64743	3.026546
2490	-543.9212	-557.7719	13.85075	13.89278	2.557106
2500	-545.3654	-558.3314	12.96599	13.28728	2.611831
2510	-544.6091	-554.8471	10.23798	13.91579	2.81704
2520	-547.9174	-559.6145	11.69716	19.84854	2.57525
2530	-563.256	-569.2155	5.959537	12.49876	3.149112
2540	-556.3171	-562.7272	6.410046	13.51584	3.101074
2550	-545.2305	-555.0936	9.863112	11.91455	2.820974
2560	-547.8858	-557.6507	9.764888	13.64588	2.852536
2570	-558.2882	-563.3461	5.057893	11.88171	3.224221
2580	-557.1641	-559.0219	1.857887	7.59946	3.163629
2590	-545.5961	-553.6943	8.098211	13.99687	2.969455
2600	-562.073	-569.7569	7.683947	11.4124	2.990149
2610	-555.2598	-562.5733	7.313577	11.87782	3.034305
2620	-551.0424	-559.3353	8.292955	13.93875	2.95646
2630	-549.3353	-560.2757	10.94032	11.83793	2.727186
2640	-546.6546	-559.8861	13.23147	14.27321	2.604609
2650	-559.538	-563.4704	3.932385	11.60898	3.319606
2660	-550.3752	-557.7332	7.358032	15.07096	2.993825
2670	-546.3956	-557.7147	11.31909	17.60699	2.670992
2680	-549.4319	-562.0265	12.5946	13.19931	2.638075
2690	-555.2958	-559.6264	4.330627	11.32821	3.283074
2700	-564.387	-565.793	1.405977	9.132051	3.473425
2710	-554.3644	-562.9633	8.598982	12.19981	2.93347
2720	-546.704	-561.3952	14.69123	15.24724	2.507217
2730	-546.4933	-558.3874	11.89411	12.59149	2.677201
2740	-560.1131	-570.7418	10.62877	15.23554	2.773874
2750	-556.5921	-565.1402	8.548064	17.60463	2.828468
2760	-559.0709	-559.8934	0.8224647	13.35289	3.52257
2770	-551.5303	-559.5241	7.993821	12.29416	2.984338
2780	-548.9766	-557.8541	8.877498	12.36561	2.91369
2790	-553.9997	-559.4121	5.412351	12.29307	3.194318
2800	-547.9866	-554.2773	6.290656	11.98626	3.121472
2810	-549.3514	-556.0962	6.7448	10.451	3.028236
2820	-552.7898	-568.5118	15.72206	15.23583	2.439572
2830	-558.8522	-563.7795	4.927297	10.23298	3.19016
2840	-548.4495	-558.4744	10.02488	12.27651	2.818675
2850	-551.478	-561.7454	10.26733	15.43325	2.793449
2860	-549.3949	-561.2063	11.81135	14.23685	2.704175
2870	-563.5684	-564.1947	0.6263101	10.16471	3.609058
2880	-549.5483	-556.0179	6.469621	14.83943	3.060749
2890	-549.922	-560.4773	10.55533	15.96428	2.762718
2900	-562.3366	-570.3079	7.971234	16.87777	2.890642
2910	-557.7761	-565.2312	7.455031	11.71987	3.018992
2920	-551.6928	-560.6139	8.921117	14.22749	2.907335
2930	-551.7761	-557.782	6.005954	10.97225	3.124083
2940	-551.7626	-555.0952	3.332624	12.42908	3.360799
2950	-562.0554	-569.6165	7.56105	11.22792	2.994
2960	-561.8067	-565.8551	4.04833	13.70235	3.269508
2970	-562.4475	-566.3721	3.924607	14.89945	3.229534
2980	-556.2563	-565.7095	9.453218	16.66275	2.810035
2990	-547.8148	-560.5498	12.73506	16.46066	2.617222
3000	-547.2476	-560.1542	12.9066	13.83617	2.624525
3010	-553.2125	-563.785	10.57247	18.07558	2.697448
3020	-551.9654	-562.8793	10.91392	17.67467	2.691822
3030	-555.8035	-565.3542	9.550727	14.91517	2.85161
3040	-556.5838	-564.0935	7.509728	13.34291	3.021872
3050	-555.6175	-566.2651	10.6476	19.46173	2.642878
3060	-549.1148	-556.6664	7.551579	12.65855	3.022214
3070	-556.311	-564.4951	8.184092	17.39962	2.857467
3080	-555.2038	-561.3331	6.129332	12.1362	3.135727
3090	-544.8949	-555.5097	10.61483	12.45418	2.775544
3100	-549.1573	-563.1051	13.94785	14.41622	2.555448
3110	-554.0432	-564.6455	10.60239	14.20813	2.789309
3120	-550.6565	-560.3741	9.717631	10.89882	2.780661
3130	-540.7921	-553.5229	12.73078	15.84027	2.628391
3140	-548.8265	-559.4701	10.64358	10.79698	2.687365
3150	-559.6525	-563.4161	3.763589	14.02815	3.277907
3160	-561.2959	-565.1773	3.881381	10.46604	3.302821
3170	-559.195	-563.2059	4.010874	15.18747	3.210503
3180	-547.9818	-557.0763	9.094486	19.32723	2.728309
3190	-555.7038	-561.1625	5.458651	13.80888	3.163605
3200	-567.1899	-573.139	5.949142	11.40428	3.14198
3210	-552.7403	-565.5659	12.82555	16.44815	2.611967
3220	-560.8301	-565.8924	5.062294	13.76725	3.193574
3230	-546.6315	-558.6576	12.02602	12.14082	2.650052
3240	-558.9274	-567.8534	8.926034	12.62799	2.913322
3250	-557.838	-562.7969	4.958838	11.64492	3.23148
3260	-546.6508	-556.2696	9.618793	16.90791	2.792016
3270	-551.9016	-561.653	9.751348	11.9411	2.831259
3280	-552.182	-560.2147	8.03261	14.64603	2.960366
3290	-546.6026	-560.7985	14.19583	14.24103	2.536731
3300	-549.0317	-561.8535	12.82185	13.50469	2.626511
3310	-558.8506	-562.5334	3.682871	10.71128	3.329812
3320	-542.7137	-549.8518	7.138038	12.49886	3.054823
3330	-542.6747	-559.4339	16.75922	18.40657	2.349648
3340	-556.1577	-563.4463	7.28865	12.51631	3.042822
3350	-557.5474	-564.2094	6.662036	17.60696	2.935493
3360	-547.8832	-560.676	12.79279	16.15259	2.619423
3370	-557.9438	-563.6077	5.663951	11.20811	3.162447
3380	-561.3523	-567.3321	5.979793	12.57034	3.147056
3390	-551.0022	-560.1487	9.146547	14.16259	2.892422
3400	-555.7621	-569.956	14.19388	10.83067	2.362378
3410	-553.4396	-563.403	9.963468	14.90098	2.824198
3420	-544.5324	-557.5358	13.00346	20.96931	2.472023
3430	-548.5582	-561.2723	12.71408	17.72691	2.588576
3440	-558.2758	-561.1291	2.853222	9.273337	3.329273
3450	-556.4577	-563.4012	6.943525	12.24931	3.069507
3460	-555.8339	-562.4565	6.622541	14.09174	3.07249
3470	-545.7063	-553.5557	7.849418	16.33025	2.918927
3480	-552.8869	-560.2772	7.3903	18.22902	2.866637
3490	-549.6801	-557.2783	7.598189	12.1818	3.015285
3500	-553.7485	-558.412	4.663443	12.13544	3.256519
3510	-566.5727	-566.6828	0.1100691	9.920094	3.654346
3520	-549.1746	-558.1067	8.932153	11.4597	2.882858
3530	-551.7835	-558.9644	7.180896	13.95768	3.035839
3540	-552.6821	-557.7078	5.025695	10.09904	3.171889
3550	-563.9955	-567.0005	3.004999	17.01143	3.177305
3560	-548.5442	-558.5193	9.975045	15.81688	2.802971
3570	-549.4969	-561.7784	12.28152	14.90152	2.66863
3580	-555.4168	-563.9556	8.538826	17.19404	2.845051
3590	-556.6176	-561.3003	4.682708	14.49505	3.195081
3600	-556.1138	-563.1493	7.035476	13.54105	3.054383
3610	-544.7233	-555.9756	11.25226	14.32306	2.743011
3620	-545.6647	-556.6727	11.00798	11.94066	2.726005
3630	-546.3905	-559.9905	13.59992	18.02674	2.531202
3640	-561.9748	-563.379	1.404209	9.954097	3.525263
3650	-559.6142	-563.0503	3.436117	10.02542	3.325283
3660	-552.8186	-561.4282	8.609593	15.6968	2.893027
3670	-551.2856	-560.2151	8.929414	14.5616	2.900825
3680	-556.0144	-565.091	9.076621	12.75845	2.902713
3690	-557.6025	-564.3328	6.730249	16.24291	2.991063
3700	-541.6794	-555.3563	13.67685	13.15583	2.554908
3710	-549.2845	-555.9391	6.65453	9.421056	2.939222
3720	-545.6886	-559.8837	14.19509	15.48553	2.538656
3730	-548.7416	-558.0919	9.350305	14.07229	2.87915
3740	-550.1235	-555.58	5.456532	10.20049	3.136293
3750	-552.4375	-559.7554	7.317948	17.04145	2.922512
3760	-564.4444	-567.7474	3.302991	13.88156	3.316788
3770	-549.3786	-557.8419	8.463333	13.2085	2.951034
3780	-552.4003	-562.8531	10.45287	13.33511	2.801253
3790	-548.132	-561.6584	13.52641	13.03189	2.562873
3800	-552.0394	-558.0186	5.979273	9.682311	3.040087
3810	-556.9691	-563.4664	6.497332	9.695398	2.987992
3820	-556.8822	-565.4892	8.607019	12.25922	2.933876
3830	-553.2868	-572.6466	19.35984	14.72281	2.189079
3840	-542.9595	-558.6562	15.69667	17.18695	2.428854
3850	-541.9442	-557.6114	15.66719	14.77371	2.440373
3860	-562.9945	-572.4748	9.480255	17.91679	2.763896
3870	-557.8933	-567.6583	9.764966	12.63651	2.847021
3880	-557.6921	-569.5527	11.86058	12.22884	2.667286
3890	-540.052	-557.6369	17.58483	14.37764	2.302239
3900	-552.5631	-568.5647	16.00166	20.88235	2.331415
3910	-549.0519	-565.5323	16.48037	16.39529	2.390065
3920	-545.9088	-554.0129	8.10416	11.61082	2.960307
3930	-557.5336	-563.421	5.887431	10.74024	3.12534
3940	-555.0429	-558.1533	3.110441	12.64045	3.37353
3950	-548.966	-554.331	5.364935	14.19098	3.158501
3960	-553.6575	-561.2785	7.620964	17.34042	2.892322
3970	-547.7141	-560.0144	12.3003	15.66988	2.65832
3980	-549.8596	-564.7979	14.93824	14.56176	2.488177
3990	-555.3566	-561.9582	6.601646	9.896648	2.997737
4000	-548.0568	-559.2146	11.15777	14.81586	2.74511
4010	-567.4667	-574.7413	7.27456	12.36254	3.0433
4020	-557.8604	-570.0126	12.15219	12.06079	2.63602
4030	-569.7492	-573.5014	3.752294	10.58311	3.319364
4040	-544.8853	-559.3045	14.41922	16.03997	2.519936
4050	-551.9327	-565.0988	13.16611	14.40313	2.609642
4060	-551.1008	-564.0377	12.93688	17.33841	2.585809
4070	-546.1539	-562.7682	16.6143	16.54967	2.38103
4080	-555.7706	-567.0163	11.24568	12.71237	2.731664
4090	-545.0363	-566.2703	21.234	16.73783	2.103704
4100	-556.455	-575.4168	18.9618	18.27775	2.231357
4110	-557.2526	-567.7871	10.53448	10.38788	2.659123
4120	-551.2685	-561.9514	10.68289	11.56131	2.735639
4130	-548.4421	-558.7116	10.26953	11.49714	2.768127
4140	-552.1517	-556.7612	4.609487	16.32103	3.117783
4150	-554.4741	-567.1673	12.69321	14.94046	2.64076
4160	-540.5011	-554.4679	13.9668	16.17969	2.546388
4170	-550.0173	-560.3969	10.37964	15.49098	2.784925
4180	-550.9215	-560.3008	9.379348	13.63305	2.88086
4190	-554.3724	-558.8668	4.494366	17.33244	3.073047
4200	-553.6867	-564.6113	10.92463	17.89027	2.684159
4210	-548.6261	-562.8506	14.22454	16.55378	2.525367
4220	-553.5407	-567.5975	14.05677	20.31082	2.442385
4230	-551.0837	-564.2182	13.13449	14.80193	2.611732
4240	-552.4892	-565.9465	13.4573	18.69386	2.521063
4250	-548.9989	-559.2342	10.23539	13.6989	2.817982
4260	-552.5933	-560.9167	8.323478	15.72331	2.910409
4270	-546.6723	-558.8661	12.1938	13.1953	2.668368
4280	-543.7724	-554.1721	10.39972	15.02426	2.792832
4290	-555.6195	-565.7722	10.15275	18.51594	2.704505
4300	-549.5432	-561.8035	12.26032	14.73461	2.671222
4310	-543.2497	-558.3527	15.10306	12.5409	2.419766
4320	-550.0926	-562.1822	12.08963	11.95066	2.635918
4330	-551.2548	-558.8824	7.627604	19.82862	2.781199
4340	-558.9881	-571.7024	12.71432	14.84827	2.639885
4350	-548.6054	-561.9261	13.32076	10.91945	2.452157
4360	-551.9477	-563.994	12.04626	14.39061	2.687427
4370	-555.0418	-564.6395	9.597726	12.70127	2.861154
4380	-556.7945	-561.664	4.86949	14.70613	3.173956
4390	-557.815	-562.6896	4.874613	19.51611	2.936625
4400	-554.9122	-567.9466	13.03443	13.89803	2.615916
4410	-556.2796	-567.0581	10.77855	12.37007	2.760081
4420	-539.8252	-551.5969	11.77162	12.61957	2.687742
4430	-561.8381	-571.3633	9.525214	11.71988	2.842353
4440	-551.7966	-559.7736	7.977004	17.64348	2.859289
4450	-544.9216	-555.4314	10.50983	14.52589	2.792717
4460	-555.6198	-567.3158	11.69603	19.15194	2.599769
4470	-554.7169	-561.9524	7.235447	14.59656	3.016186
4480	-554.5922	-562.4493	7.857094	13.51393	2.994034
4490	-554.6243	-562.6923	8.06807	12.54538	2.980762
4500	-551.8016	-560.7617	8.960102	12.4978	2.90903
4510	-555.7266	-565.1599	9.433378	13.81402	2.875727
4520	-548.245	-558.4445	10.19942	14.37621	2.815929
4530	-551.1532	-559.543	8.389783	11.17097	2.917434
4540	-566.5948	-570.2815	3.686752	11.52475	3.340737
4550	-563.2012	-569.0045	5.803254	10.54556	3.123591
4560	-557.7155	-557.7369	0.02140975	12.78291	3.611303
4570	-557.314	-559.958	2.644066	10.58865	3.424211
4580	-564.8715	-564.0532	-0.8182506	12.27042	3.702196
4590	-549.8638	-560.2024	10.33862	10.40101	2.679325
4600	-555.2531	-564.2951	9.041972	10.49112	2.811901
4610	-548.3643	-557.747	9.382666	14.67218	2.867703
4620	-551.4728	-559.5634	8.09059	9.815475	2.838086
4630	-552.7518	-564.9717	12.21992	16.0125	2.657562
4640	-555.4296	-561.8236	6.393966	17.77114	2.943024
4650	-558.1652	-563.4726	5.30737	12.42199	3.201976
4660	-568.479	-571.6225	3.143452	12.58966	3.372212
4670	-553.3791	-564.7763	11.3972	13.94086	2.733755
4680	-557.6546	-568.4817	10.82708	16.9974	2.71791
4690	-554.4669	-566.3203	11.85339	12.55223	2.679243
4700	-554.2364	-561.5136	7.277177	17.10366	2.922273
4710	-541.803	-554.1688	12.36578	14.48823	2.66505
4720	-549.8078	-558.588	8.780145	9.929859	2.781486
4730	-561.0668	-566.4436	5.376779	16.86279	3.045085
4740	-548.4749	-562.3919	13.917	10.19652	2.306285
4750	-545.9838	-554.6491	8.665359	14.98423	2.909273
4760	-548.6971	-561.281	12.58394	20.10669	2.521865
4770	-548.8682	-556.8576	7.98938	15.28008	2.945772
4780	-554.5705	-564.0919	9.521351	14.09491	2.866745
4790	-550.2252	-561.4675	11.2423	13.96966	2.744852
4800	-554.9846	-565.9963	11.01163	15.85842	2.736521
4810	-549.9271	-557.0024	7.075261	15.93354	2.981886
4820	-559.775	-564.0988	4.323799	12.04985	3.285174
4830	-556.4403	-564.7761	8.335852	12.94558	2.9612
4840	-562.1702	-564.4233	2.253125	10.81589	3.464703
4850	-555.0301	-563.6059	8.575828	13.83315	2.937567
4860	-556.011	-562.5748	6.563807	13.46142	3.090709
4870	-552.418	-556.9351	4.517028	11.66302	3.269496
4880	-543.6827	-556.1421	12.45938	17.85001	2.599509
4890	-546.4439	-566.4742	20.03025	17.62835	2.176177
4900	-550.2862	-564.5022	14.21595	13.83521	2.529877
4910	-547.8578	-561.9854	14.12758	17.87796	2.50541
4920	-551.9338	-563.4111	11.4773	12.48296	2.707173
4930	-547.0322	-560.1861	13.15386	14.84972	2.610278
4940	-557.7154	-569.4593	11.74387	12.01581	2.667869
4950	-547.7986	-561.6083	13.80978	13.35656	2.550035
4960	-543.5153	-557.4847	13.96943	15.48751	2.553215
4970	-552.5745	-563.0536	10.47913	12.3758	2.784438
4980	-552.8104	-560.041	7.230624	12.90239	3.046823
4990	-556.5585	-561.2098	4.651361	11.05806	3.249671
5000	-548.2188	-558.8313	10.61256	13.09801	2.787232
5010	-545.2915	-557.1876	11.89608	16.14818	2.67503
5020	-564.7323	-570.709	5.976702	15.67534	3.061646
5030	-554.6114	-561.1815	6.570148	12.65983	3.099738
5040	-556.9017	-562.0373	5.135556	11.77539	3.217246
5050	-552.3457	-561.5618	9.216085	14.07902	2.888604
5060	-553.0077	-558.2756	5.267888	10.5789	3.175957
5070	-560.7265	-564.9431	4.216623	9.876841	3.23731
5080	-558.9922	-563.6008	4.608629	14.58637	3.196557
5090	-565.3914	-569.8715	4.480179	12.4632	3.267993
5100	-548.6719	-559.5233	10.85138	12.27519	2.75131
5110	-548.091	-554.8436	6.75262	12.42298	3.085631
5120	-553.2197	-558.6644	5.444693	12.35017	3.191391
5130	-553.9857	-565.4538	11.46813	17.08054	2.677888
5140	-544.5952	-554.2984	9.703186	15.20848	2.835233
5150	-544.7601	-552.2455	7.485448	15.30804	2.977842
5160	-549.5895	-561.4927	11.90315	14.9092	2.693948
5170	-565.0363	-567.6659	2.629595	10.82125	3.429975
5180	-564.1246	-566.57	2.445376	15.88431	3.275235
5190	-553.6374	-564.4658	10.82843	13.36851	2.773333
5200	-546.9743	-557.1904	10.21613	14.96891	2.806053
5210	-550.1166	-557.6745	7.557961	10.5026	2.954177
5220	-555.8455	-562.9071	7.061692	10.81066	3.019843
5230	-552.1174	-562.561	10.44359	15.53288	2.779886
5240	-556.8163	-565.9593	9.142986	11.95632	2.882651
5250	-561.7052	-567.4379	5.73275	14.96534	3.105701
5260	-558.5734	-566.5579	7.984524	13.84756	2.980086
5270	-544.3325	-558.3972	14.06473	14.07196	2.544131
5280	-551.5836	-564.3156	12.732	16.75273	2.611332
5290	-551.8996	-565.2212	13.3216	18.94754	2.520961
5300	-557.8074	-564.2657	6.458253	15.78774	3.026479
5310	-558.4258	-562.983	4.557209	13.97983	3.223039
5320	-547.2913	-557.1623	9.87101	13.078	2.843712
5330	-551.9036	-561.9534	10.04985	15.00506	2.816483
5340	-548.3584	-558.0951	9.736687	18.50001	2.727589
5350	-550.5324	-560.0821	9.549733	13.90462	2.866593
5360	-551.7344	-566.442	14.7076	13.14175	2.476085
5370	-563.8281	-569.1372	5.309041	10.24589	3.153675
5380	-543.4827	-550.8642	7.38154	17.17974	2.912964
5390	-557.2858	-565.1827	7.896895	13.95471	2.984594
5400	-549.4983	-559.1932	9.694835	12.76279	2.854312
5410	-551.5785	-563.7162	12.13763	12.52218	2.655606
5420	-546.9607	-557.7129	10.75223	15.01228	2.76956
5430	-546.8919	-565.5396	18.64769	14.21147	2.22317
5440	-545.2105	-558.092	12.88152	12.98652	2.611173
5450	-555.9262	-561.8202	5.894065	11.0673	3.137599
5460	-542.2518	-556.0446	13.79279	14.56768	2.566859
5470	-539.1906	-554.1204	14.92977	15.99313	2.488482
5480	-553.3715	-561.2662	7.894697	12.78907	2.995386
5490	-552.1923	-557.3132	5.120866	16.72003	3.06725
5500	-560.6977	-567.1574	6.459697	12.64532	3.108541
5510	-551.3173	-555.3204	4.003137	12.59048	3.303911
5520	-551.7368	-565.7918	14.05506	17.84052	2.510335
5530	-545.1029	-559.9339	14.83096	11.92988	2.40509
5540	-553.1641	-562.3159	9.15184	11.9447	2.881571
5550	-549.9735	-563.9248	13.95129	14.62132	2.556174
5560	-551.9911	-560.4778	8.486754	13.01827	2.949591
5570	-547.4793	-559.7242	12.24485	14.13482	2.673607
5580	-540.6202	-559.922	19.30182	15.99051	2.215087
5590	-551.3228	-562.2738	10.95097	16.95833	2.711763
5600	-545.3063	-557.729	12.42264	15.30831	2.655317
5610	-547.4764	-560.4393	12.96292	14.58526	2.623812
5620	-552.5602	-565.348	12.78776	16.66285	2.609914
5630	-547.9249	-559.0622	11.13737	17.12642	2.695913
5640	-549.2155	-560.8358	11.62032	13.09625	2.710262
5650	-547.9494	-559.7407	11.79126	13.14885	2.698119
5660	-549.4136	-562.8787	13.46503	11.91778	2.518857
5670	-550.0208	-557.5657	7.544936	12.70698	3.022776
5680	-558.5013	-560.9705	2.469157	8.531676	3.280505
5690	-562.5305	-564.8689	2.338393	12.57684	3.436544
5700	-558.4159	-564.0052	5.589248	12.77486	3.17584
5710	-549.8241	-556.3406	6.516496	11.96425	3.102408
5720	-545.9303	-555.1939	9.263677	13.79754	2.888153
5730	-555.1892	-567.1771	11.98786	15.4738	2.681368
5740	-532.6529	-550.9369	18.28401	16.81609	2.279783
5750	-545.0636	-555.5428	10.47921	14.94192	2.788924
5760	-544.7019	-557.8287	13.12675	15.39662	2.608525
5770	-550.4264	-564.9043	14.47797	16.61721	2.50915
5780	-548.3089	-563.1732	14.86423	15.92359	2.493119
5790	-563.5982	-567.7755	4.177263	9.430128	3.203084
5800	-554.6365	-559.1759	4.539447	13.07373	3.251489
5810	-548.5537	-558.3236	9.769878	13.72035	2.851867
5820	-551.0241	-561.5264	10.50234	15.0297	2.785908
5830	-567.6148	-571.1087	3.493885	10.65444	3.345906
5840	-546.7845	-557.5428	10.7583	13.9057	2.779673
5850	-551.4869	-561.9815	10.49465	13.29764	2.797891
5860	-533.3806	-551.6726	18.29204	20.01521	2.239776
5870	-547.9161	-562.2371	14.32106	16.347	2.522411
5880	-545.5936	-560.9011	15.30756	20.2047	2.383728
5890	-558.1404	-565.7672	7.626802	17.26702	2.895057
5900	-555.4424	-564.11	8.667546	11.52504	2.908565
5910	-549.5832	-563.4607	13.87755	16.07848	2.553225
5920	-546.7054	-555.7222	9.016866	10.44271	2.810108
5930	-553.0042	-563.432	10.42786	12.98903	2.800142
5940	-554.6357	-564.469	9.833286	16.57516	2.789975
5950	-554.2151	-567.4866	13.27151	11.87502	2.532533
5960	-553.0562	-568.4315	15.37531	12.33845	2.386606
5970	-551.5923	-561.9664	10.37416	13.8245	2.807592
5980	-564.033	-568.7475	4.71449	10.16678	3.206992
5990	-564.39	-567.8337	3.443684	17.32329	3.134177
6000	-552.1076	-564.4252	12.31757	14.55392	2.668175
6010	-560.5258	-570.4574	9.931592	17.80226	2.742842
6020	-556.0891	-566.887	10.79787	14.44306	2.773704
6030	-547.1113	-561.3184	14.20713	14.12881	2.534711
6040	-548.604	-560.9927	12.38874	13.76556	2.661395
6050	-558.4717	-566.218	7.746366	12.17859	3.003078
6060	-553.7146	-562.7569	9.042382	13.73115	2.904798
6070	-552.2185	-560.3136	8.095089	12.8834	2.979822
6080	-545.2552	-558.1593	12.90414	12.6536	2.5992
6090	-542.6977	-550.74	8.042291	11.89473	2.973347
6100	-542.281	-553.2493	10.96829	13.96303	2.76448
6110	-552.2735	-558.0657	5.792152	14.30821	3.1247
6120	-551.5278	-556.306	4.778138	12.15083	3.246978
6130	-549.6128	-555.8624	6.249593	14.25162	3.094403
6140	-553.3825	-560.1921	6.809558	11.10366	3.056331
6150	-537.3762	-553.3078	15.93163	16.94614	2.418206
6160	-545.9438	-558.5921	12.6483	22.17871	2.445989
6170	-560.7967	-564.9375	4.140806	8.874476	3.139693
6180	-550.5759	-557.1653	6.589389	14.88766	3.051077
6190	-544.1949	-551.2557	7.060802	11.83584	3.054868
6200	-553.7524	-562.7219	8.969479	13.66086	2.910707
6210	-548.8142	-554.2086	5.394437	13.91325	3.165177
6220	-549.7873	-552.9668	3.179565	15.77009	3.235088
6230	-558.2392	-563.8188	5.579598	12.33162	3.180555
6240	-553.1498	-564.6353	11.48552	15.5664	2.712213
6250	-566.4543	-574.4868	8.032513	11.7495	2.970535
6260	-551.0669	-569.0532	17.98622	16.82268	2.297468
6270	-558.1969	-565.4341	7.237147	13.73181	3.036256
6280	-541.6013	-557.0233	15.42202	16.70767	2.4513
6290	-546.0666	-557.4774	11.41088	12.05788	2.697363
6300	-557.8068	-566.126	8.319216	10.66174	2.893528
6310	-555.6267	-565.0347	9.407966	12.68183	2.875857
6320	-545.0671	-555.7013	10.63412	13.68371	2.788868
6330	-549.4838	-560.3449	10.86111	15.15634	2.759986
6340	-546.062	-555.3	9.237963	11.12031	2.838604
6350	-555.1677	-562.7959	7.628269	12.59362	3.015995
6360	-551.1823	-560.7213	9.538985	10.71715	2.78355
6370	-551.2378	-564.8386	13.6008	15.13154	2.579341
6380	-550.7492	-559.9605	9.211363	11.96362	2.877146
6390	-551.4135	-567.5276	16.11416	16.97343	2.40713
6400	-553.2122	-564.2497	11.03755	16.27967	2.724969
6410	-555.2172	-562.1996	6.982328	10.63236	3.017173
6420	-552.4114	-566.2916	13.88024	17.00839	2.538073
6430	-551.2859	-559.1834	7.897424	13.16454	2.994161
6440	-545.8612	-556.13	10.26885	13.90098	2.814893
6450	-550.0857	-556.8948	6.80905	14.99328	3.032856
6460	-551.3823	-562.8927	11.51041	12.77591	2.712363
6470	-556.4155	-561.2495	4.834025	11.2266	3.236854
6480	-559.9235	-563.8004	3.876899	14.16322	3.264479
6490	-547.5338	-557.8814	10.34756	14.15322	2.807694
6500	-556.7539	-566.5898	9.835932	13.86355	2.846286
6510	-555.066	-563.963	8.89693	11.60743	2.8919
6520	-552.4242	-559.9011	7.476866	12.71259	3.028132
6530	-559.3727	-567.0684	7.695692	13.93291	2.999417
6540	-559.5589	-564.3372	4.7783	14.2914	3.196179
6550	-547.3678	-557.77	10.40221	15.54046	2.782383
6560	-557.4196	-563.5445	6.12491	14.15065	3.106121
6570	-556.4501	-565.4993	9.049237	12.96129	2.906165
6580	-562.0294	-572.6884	10.65899	12.17875	2.763924
6590	-557.3261	-565.5693	8.24316	13.05467	2.968238
6600	-563.6313	-567.824	4.192737	10.66325	3.280616
6610	-551.4172	-562.9013	11.48409	14.40411	2.726418
6620	-550.0919	-559.8202	9.728262	16.4126	2.801367
6630	-559.5486	-562.5406	2.992004	12.70806	3.381048
6640	-557.8209	-561.2689	3.447959	12.07327	3.357551
6650	-549.4948	-556.3029	6.808106	12.18857	3.08019
6660	-544.3065	-553.3055	8.99898	17.42563	2.809655
6670	-560.9502	-566.7537	5.803532	13.81589	3.138442
6680	-547.4963	-564.0175	16.52115	11.74612	2.247768
6690	-550.9422	-561.2742	10.33198	18.55602	2.693351
6700	-548.3707	-558.1016	9.730851	10.82189	2.773791
6710	-549.6403	-558.1944	8.554119	15.57665	2.900221
6720	-556.3567	-565.7342	9.377469	14.08825	2.877032
6730	-554.7405	-560.6237	5.883238	9.528166	3.033527
6740	-542.019	-556.6552	14.63625	12.82199	2.469622
6750	-546.9926	-555.9499	8.957263	16.05008	2.86014
6760	-554.1267	-560.1406	6.013941	10.72591	3.112884
6770	-554.7079	-558.2287	3.52078	11.14831	3.35305
6780	-543.0303	-554.0469	11.01654	14.2307	2.760038
6790	-564.5822	-572.4283	7.846107	12.93843	2.999048
6800	-548.167	-557.9075	9.740506	14.97627	2.83768
6810	-559.4645	-568.1828	8.718301	12.82533	2.931186
6820	-554.6506	-561.1605	6.509938	11.61255	3.097647
6830	-552.7011	-561.3802	8.679081	11.09877	2.887694
6840	-548.6721	-558.8775	10.20539	21.82423	2.570634
6850	-556.2774	-564.9206	8.643157	12.64034	2.935829
6860	-560.2134	-562.854	2.640592	15.02484	3.309241
6870	-560.6116	-563.0523	2.440716	11.31672	3.449936
6880	-556.8295	-560.6921	3.862591	15.71299	3.194637
6890	-561.2668	-569.1862	7.919398	11.78558	2.981094
6900	-554.2481	-560.6913	6.44319	13.70207	3.094737
6910	-559.0898	-566.8604	7.770645	13.05115	3.00445
6920	-541.395	-555.6753	14.28024	19.13228	2.465375
6930	-552.8682	-567.4628	14.59463	19.05988	2.450849
6940	-544.2684	-563.7797	19.51127	15.19862	2.190125
6950	-540.7686	-560.9611	20.19247	15.81528	2.156964
6960	-545.9273	-561.3951	15.4678	13.70869	2.436277
6970	-562.361	-571.1654	8.804381	19.49493	2.73617
6980	-553.7511	-567.1737	13.42261	15.41738	2.589137
6990	-560.586	-567.9343	7.348355	11.07945	3.006739
7000	-562.0293	-568.1859	6.156567	14.21443	3.10203
7010	-556.1661	-558.5475	2.381447	11.02838	3.454788
7020	-565.7086	-569.2439	3.535233	12.09081	3.350095
7030	-553.8581	-563.7739	9.915759	12.6052	2.834558
7040	-547.777	-556.7253	8.948307	16.61486	2.841998
7050	-557.8666	-561.9706	4.104003	14.76353	3.223506
7060	-563.5363	-567.5799	4.043546	10.39814	3.284435
7070	-563.3957	-568.9042	5.508489	12.36679	3.186133
7080	-554.7275	-561.6654	6.937932	12.18502	3.069511
7090	-552.9148	-562.3035	9.388715	10.59963	2.788157
7100	-543.0314	-561.0528	18.02139	15.83126	2.29434
7110	-551.0985	-557.7564	6.657944	12.07381	3.09168
7120	-557.7271	-564.505	6.777965	14.04699	3.062567
7130	-558.4467	-564.6063	6.159663	13.32622	3.123365
7140	-548.5418	-554.4862	5.944398	11.81157	3.148949
7150	-553.3	-558.1477	4.847647	11.67615	3.24123
7160	-543.2993	-556.4378	13.13842	16.91692	2.58366
7170	-560.0587	-562.4096	2.350984	8.14899	3.22756
7180	-553.5979	-565.7274	12.12948	13.28065	2.674681
7190	-551.793	-567.9951	16.20208	16.94014	2.402312
7200	-555.5802	-563.2606	7.68035	12.41972	3.010929
7210	-551.9072	-561.386	9.478715	12.05037	2.85739
7220	-555.4861	-562.1334	6.647269	11.24779	3.076044
7230	-562.5025	-565.2176	2.715077	13.14494	3.388523
7240	-555.8791	-563.2999	7.42082	12.25475	3.030594
7250	-557.5847	-562.7021	5.117399	9.754133	3.135655
7260	-551.3491	-556.0694	4.720301	10.82572	3.236917
7270	-555.9485	-562.2642	6.315713	15.29818	3.054626
7280	-559.2834	-567.4754	8.191986	14.57271	2.95121
7290	-539.2172	-556.7481	17.53095	17.12221	2.322628
7300	-558.6927	-561.5164	2.823627	14.65937	3.315371
7310	-546.6634	-558.0194	11.35599	12.03994	2.701169
7320	-551.5372	-564.6567	13.11947	16.91783	2.584761
7330	-566.4636	-566.5654	0.101743	10.8154	3.663616
7340	-542.1885	-552.939	10.75043	15.67445	2.757128
7350	-561.6747	-567.6253	5.950552	15.60193	3.066334
7360	-558.5018	-567.7419	9.240143	12.50011	2.886659
7370	-557.1495	-561.7539	4.604377	13.97306	3.219901
7380	-554.1359	-560.2174	6.081495	15.50597	3.06179
7390	-562.1407	-572.858	10.71725	15.57302	2.761427
7400	-548.3666	-559.1501	10.78345	11.16565	2.702791
7410	-545.6988	-560.6719	14.97303	20.80404	2.382983
7420	-541.8112	-554.207	12.39581	16.86065	2.628892
7430	-552.6975	-562.8045	10.10692	13.31766	2.82713
7440	-562.3086	-564.1165	1.807884	9.791426	3.47693
7450	-556.0782	-557.5701	1.491895	11.4654	3.532035
7460	-560.413	-570.6088	10.19579	13.39326	2.820737
7470	-549.9346	-568.6353	18.70065	14.05024	2.213913
7480	-552.3613	-561.0625	8.701222	11.30996	2.896412
7490	-553.0071	-560.8488	7.841709	13.76868	2.991666
7500	-553.3714	-561.7875	8.416122	14.21422	2.943072
7510	-556.7744	-561.6589	4.884488	14.29849	3.188491
7520	-545.6004	-559.3199	13.71948	13.66615	2.56309
7530	-546.0928	-556.3916	10.29879	11.26253	2.752305
7540	-553.8662	-562.9326	9.066407	14.52193	2.89216
7550	-546.2735	-561.0338	14.76036	12.86497	2.461721
7560	-556.0977	-563.1405	7.042872	9.090947	2.849633
7570	-552.3013	-564.2512	11.94989	13.48817	2.690898
7580	-562.6513	-564.2143	1.56297	12.62325	3.496565
7590	-553.364	-557.3992	4.035224	9.53546	3.228149
7600	-564.043	-570.1329	6.089906	11.65189	3.134462
7610	-559.7447	-564.3228	4.578128	9.537808	3.171442
7620	-561.4445	-562.9599	1.51539	13.07631	3.482689
7630	-547.033	-559.0336	12.00055	14.10531	2.690864
7640	-548.4532	-558.654	10.20087	12.09002	2.798771
7650	-552.2443	-562.9792	10.73486	15.33027	2.765155
7660	-551.1594	-558.8947	7.735304	11.99694	3.001141
7670	-555.3743	-563.7762	8.401876	17.63144	2.835693
7680	-548.557	-563.207	14.65004	14.0488	2.502185
7690	-546.008	-561.4328	15.42488	13.63264	2.437402
7700	-545.2356	-563.001	17.76537	17.97615	2.300758
7710	-554.1174	-563.5325	9.415178	10.84965	2.804959
7720	-553.805	-564.3532	10.54824	12.97662	2.790715
7730	-550.5797	-560.1558	9.576099	16.3843	2.81152
7740	-555.0072	-567.8145	12.80725	11.22096	2.526179
7750	-550.5342	-561.0902	10.55596	14.37798	2.791111
7760	-561.0323	-566.8321	5.799726	10.23022	3.104713
7770	-557.2361	-559.1477	1.911571	13.12335	3.450518
7780	-549.7252	-557.9872	8.261987	10.02284	2.84365
7790	-544.981	-556.3308	11.34978	13.3363	2.734005
7800	-558.8176	-561.1557	2.338079	14.79784	3.341337
7810	-547.8346	-557.6973	9.862698	17.85008	2.744979
7820	-550.4778	-557.1901	6.712341	16.52624	2.98034
7830	-551.302	-561.2933	9.991226	14.82016	2.823772
7840	-559.5319	-563.8607	4.328761	20.21264	2.926675
7850	-547.5687	-562.8463	15.27763	15.19251	2.468667
7860	-554.8378	-565.8287	10.99086	18.07348	2.674371
7870	-554.4079	-559.1973	4.789475	12.76134	3.238686
7880	-548.6419	-564.0501	15.40813	17.82711	2.434745
7890	-546.9826	-556.4147	9.432091	11.38176	2.835461
7900	-557.0417	-565.8389	8.797251	10.75127	2.855193
7910	-571.3166	-573.4869	2.170226	13.92885	3.396184
7920	-544.6142	-557.233	12.61877	14.55623	2.647475
7930	-561.568	-567.1826	5.614537	11.71376	3.175968
7940	-561.285	-566.7068	5.421836	20.85617	2.839402
7950	-550.1493	-560.5571	10.40778	14.54733	2.799479
7960	-548.9348	-558.9596	10.02485	12.23004	2.817434
7970	-545.2672	-555.6206	10.35339	14.49014	2.803925
7980	-549.2119	-559.8979	10.68599	13.12162	2.781888
7990	-553.8076	-563.1265	9.318874	11.92786	2.867068
8000	-558.0074	-561.0733	3.065909	9.341834	3.312927
8010	-550.4468	-559.0394	8.592538	12.87147	2.941171
8020	-549.9936	-557.4002	7.40662	10.13504	2.939386
8030	-553.9224	-558.231	4.308577	9.650406	3.209899
8040	-548.7298	-554.3781	5.648311	12.53917	3.173694
8050	-561.2376	-564.851	3.613406	9.637065	3.280869
8060	-557.2714	-561.6695	4.398127	9.747228	3.208831
8070	-554.5618	-559.9268	5.36505	10.81151	3.176818
8080	-565.3109	-568.299	2.988137	10.47662	3.388499
8090	-553.9914	-563.6392	9.647742	14.5695	2.851366
8100	-550.7979	-562.814	12.01609	14.87964	2.686639
8110	-550.4208	-566.3993	15.97854	19.78018	2.361243
8120	-556.4973	-564.0317	7.534403	13.38603	3.019532
8130	-546.6021	-557.5114	10.90938	17.05	2.711511
8140	-555.0574	-559.2868	4.229381	17.20343	3.09519
8150	-558.8671	-560.6442	1.777198	11.40143	3.507831
8160	-554.7029	-562.6091	7.906226	13.46882	2.990905
8170	-548.3012	-555.7392	7.438022	12.94794	3.030542
8180	-552.1245	-561.6349	9.510331	13.20535	2.871759
8190	-552.0054	-561.9295	9.924089	12.9266	2.838322
8200	-547.4449	-558.0254	10.58048	16.96694	2.733348
8210	-545.0845	-556.3705	11.28601	15.50814	2.726105
8220	-546.2556	-556.0671	9.811428	14.88505	2.834703
8230	-552.0945	-562.6551	10.56057	12.11078	2.769739
8240	-559.1405	-562.8912	3.750687	9.744327	3.275037
8250	-560.4063	-566.8891	6.482821	14.35492	3.075077
8260	-561.021	-566.2318	5.210813	13.59674	3.187628
8270	-566.7208	-569.9151	3.194357	9.197399	3.284667
8280	-554.031	-557.3644	3.333452	8.103045	3.097139
8290	-550.9694	-563.7356	12.7662	17.23939	2.598089
8300	-550.5397	-564.5124	13.97271	16.69684	2.538229
8310	-545.1802	-558.456	13.27579	12.89151	2.577954
8320	-550.161	-561.3919	11.2309	14.30836	2.744585
8330	-550.5453	-557.5332	6.987872	11.71931	3.058841
8340	-554.527	-563.7064	9.179327	11.99457	2.880708
8350	-558.8482	-562.7453	3.897027	15.86357	3.184894
8360	-542.3066	-553.656	11.34944	18.0358	2.655751
8370	-555.6626	-562.8367	7.174096	13.42481	3.045906
8380	-557.766	-568.9698	11.20383	16.58667	2.706986
8390	-553.586	-561.0907	7.504699	10.59791	2.965786
8400	-558.5099	-566.8526	8.342732	19.0989	2.777167
8410	-560.4854	-567.6957	7.21025	15.16419	3.000609
8420	-548.545	-558.5173	9.972298	14.26343	2.83306
8430	-558.1974	-567.9322	9.734803	13.66735	2.854658
8440	-558.4014	-563.0993	4.697902	11.54178	3.25315
8450	-556.0904	-563.7395	7.649129	13.05886	3.013718
8460	-547.5982	-557.5892	9.991063	14.70213	2.825759
8470	-565.3146	-576.148	10.83339	15.23632	2.76043
8480	-554.9099	-561.4151	6.505151	12.12048	3.104662
8490	-557.8149	-568.1231	10.30816	13.66505	2.81271
8500	-546.838	-557.719	10.88094	15.41716	2.753999
8510	-557.8903	-564.0797	6.189412	11.40053	3.120821
8520	-553.2699	-565.3087	12.0388	11.54064	2.617049
8530	-557.8389	-565.0199	7.181042	14.53606	3.0216
8540	-554.934	-563.954	9.020013	18.44457	2.768572
8550	-551.8597	-568.6143	16.75464	17.58233	2.362602
8560	-543.939	-553.4504	9.511357	13.69697	2.870846
8570	-554.1998	-565.6898	11.49002	14.55032	2.725062
8580	-558.5098	-566.5342	8.024462	11.89503	2.974853
8590	-558.8682	-561.3631	2.49494	12.03881	3.437162
8600	-543.3522	-557.6796	14.3274	12.44492	2.476987
8610	-554.0872	-565.0858	10.99851	11.82595	2.72172
8620	-549.7468	-558.5957	8.848842	15.42042	2.885716
8630	-552.6065	-561.2738	8.667335	14.23795	2.924993
8640	-559.4653	-566.3212	6.855914	11.54996	3.066378
8650	-543.5891	-556.7603	13.17125	11.01112	2.474784
8660	-546.6088	-558.7374	12.12865	12.57745	2.658128
8670	-555.467	-558.6733	3.20631	15.62058	3.241251
8680	-561.4069	-564.284	2.87712	10.33065	3.394264
8690	-565.6787	-574.5749	8.896298	11.05521	2.865628
8700	-556.3904	-564.5798	8.18937	14.85075	2.944567
8710	-560.269	-567.2706	7.001551	13.4878	3.057769
8720	-556.6003	-571.7301	15.12979	15.20012	2.478408
8730	-547.9869	-565.9981	18.01115	14.66031	2.279363
8740	-545.9814	-564.0344	18.05303	17.21651	2.291566
8750	-549.9871	-562.1058	12.11862	14.36077	2.682462
8760	-547.2734	-553.6525	6.379125	10.1468	3.041697
8770	-554.1275	-561.8874	7.759891	13.41254	3.002405
8780	-548.1769	-561.7488	13.57187	13.37563	2.568275
8790	-552.7579	-561.4009	8.643001	11.75971	2.918898
8800	-553.1122	-558.159	5.046863	16.35061	3.089571
8810	-552.2755	-558.032	5.756436	14.0041	3.136552
8820	-555.1626	-559.8466	4.684067	10.86975	3.241638
8830	-554.0594	-563.5471	9.487691	13.92825	2.870844
8840	-555.6552	-560.713	5.0578	13.22011	3.208594
8850	-561.7187	-567.6587	5.939977	16.07123	3.047216
8860	-545.5427	-560.7987	15.25599	14.06218	2.459299
8870	-568.2913	-572.8103	4.519096	12.18171	3.268047
8880	-554.8841	-565.4075	10.52346	14.25376	2.794499
8890	-565.9187	-571.5278	5.609126	14.00035	3.147183
8900	-556.891	-565.3265	8.435549	14.51652	2.935718
8910	-555.8054	-566.5325	10.72709	12.49123	2.767481
8920	-556.0029	-561.3106	5.307746	13.34842	3.186772
8930	-549.1192	-561.9547	12.83551	12.85369	2.61101
8940	-554.1118	-563.294	9.1822	13.90299	2.893043
8950	-554.547	-561.9544	7.407408	11.19765	3.006471
8960	-554.4453	-565.8578	11.41253	18.891	2.623676
8970	-558.2838	-563.2739	4.990116	15.28574	3.141814
8980	-559.8355	-573.7138	13.8783	16.39026	2.54885
8990	-556.1283	-566.4351	10.30677	12.72291	2.805703
9000	-539.7217	-553.593	13.87128	15.05397	2.561697
9010	-551.4783	-562.4031	10.92478	13.83882	2.767759
9020	-548.3476	-559.6555	11.30794	14.71229	2.736086
9030	-553.6599	-570.6402	16.98029	16.48153	2.359231
9040	-551.4441	-560.9427	9.498624	11.6233	2.840732
9050	-546.1196	-559.5662	13.44663	14.6945	2.590721
9060	-541.4827	-556.542	15.05927	14.16039	2.474898
9070	-548.4033	-560.4609	12.05763	15.71072	2.673129
9080	-539.0885	-551.9166	12.82805	17.3314	2.592259
9090	-551.6419	-559.7983	8.156407	9.376758	2.773274
9100	-559.7848	-563.5962	3.811327	10.04898	3.289257
9110	-544.2915	-553.2505	8.958955	11.97199	2.898473
9120	-550.3882	-557.2766	6.888384	10.04449	2.982649
9130	-552.7885	-564.9623	12.17383	13.72742	2.676714
9140	-547.3314	-561.2524	13.92099	12.48359	2.51144
9150	-551.449	-566.6459	15.19694	14.66634	2.471376
9160	-558.3801	-562.2263	3.84612	16.59062	3.150369
9170	-543.4326	-558.9042	15.47168	18.49792	2.417635
9180	-548.2595	-556.9301	8.670637	12.53451	2.932612
9190	-544.018	-558.1312	14.11321	11.44232	2.429305
9200	-545.745	-557.1619	11.41694	15.15255	2.723367
9210	-544.6422	-560.9968	16.35458	16.15867	2.398891
9220	-550.0672	-562.1593	12.09203	16.46383	2.656216
9230	-550.8247	-562.536	11.71129	15.30851	2.701782
9240	-554.9064	-561.9555	7.049138	14.15426	3.040719
9250	-546.6629	-554.328	7.665141	13.35908	3.010056
9260	-553.0703	-562.4331	9.362792	14.76636	2.867249
9270	-546.7433	-559.8431	13.09979	18.09327	2.557149
9280	-542.6198	-556.2855	13.66569	16.40267	2.561624
9290	-557.5962	-566.4427	8.846502	14.39362	2.909723
9300	-548.321	-563.7248	15.40382	14.05259	2.448603
9310	-547.2732	-565.3539	18.08072	18.9142	2.270324
9320	-557.7596	-568.3843	10.62465	15.80657	2.76214
9330	-558.5918	-560.6351	2.043336	12.26686	3.469081
9340	-555.3296	-559.2841	3.954598	13.09116	3.295741
9350	-564.7247	-566.579	1.854353	14.75874	3.376144
9360	-547.8211	-559.1386	11.31744	15.10774	2.730587
9370	-562.2991	-570.0405	7.74134	16.90761	2.903068
9380	-551.6657	-561.7352	10.06949	12.90941	2.826878
9390	-544.8859	-553.2771	8.391155	12.66327	2.955919
9400	-552.5943	-562.2136	9.619235	17.58956	2.768168
9410	-543.3883	-552.4374	9.049042	15.47858	2.871159
9420	-544.7731	-555.2512	10.4781	17.27276	2.729743
9430	-545.7309	-554.3374	8.606423	15.23906	2.906517
9440	-547.2373	-564.2595	17.0222	16.99977	2.353416
9450	-552.3065	-560.5747	8.268143	12.00056	2.956805
9460	-546.1355	-558.6713	12.53575	20.42105	2.513472
9470	-551.2518	-562.3313	11.07951	13.48377	2.7554
9480	-559.708	-565.7601	6.052088	8.751371	2.90283
9490	-555.9394	-565.1765	9.237072	18.32628	2.761495
9500	-547.1577	-557.5415	10.38379	10.77055	2.709242
9510	-548.2976	-559.4639	11.16622	11.96701	2.713892
9520	-549.3931	-556.8983	7.505172	12.49316	3.025424
9530	-550.0881	-561.9488	11.86067	14.66579	2.698857
9540	-559.193	-566.1153	6.922252	10.93049	3.03865
9550	-546.5678	-559.793	13.22516	19.56408	2.507249
9560	-558.204	-569.4946	11.29065	18.24488	2.652148
9570	-554.8731	-563.521	8.647899	11.30993	2.901125
9580	-554.9616	-566.0537	11.09206	14.20888	2.75484
9590	-558.5369	-568.619	10.0821	17.20642	2.754884
9600	-548.0324	-559.1852	11.15286	13.65019	2.750839
9610	-555.5435	-561.1555	5.611906	11.16455	3.165927
9620	-554.2113	-560.3385	6.127207	16.72688	3.006753
9630	-545.757	-558.5658	12.80883	14.42445	2.634463
9640	-547.6516	-562.0112	14.35963	14.73195	2.528737
9650	-552.4923	-562.4886	9.996275	9.873552	2.651705
9660	-548.483	-560.6398	12.15675	13.82214	2.678633
9670	-546.6769	-555.5712	8.894287	17.75209	2.803073
9680	-546.237	-555.3883	9.151344	16.39385	2.837132
9690	-548.6341	-556.3398	7.705705	12.74143	3.010157
9700	-552.3251	-564.6062	12.28108	15.41704	2.663183
9710	-568.9546	-577.7497	8.795089	20.87146	2.676995
9720	-551.5835	-557.6506	6.067141	12.68112	3.139297
9730	-549.1336	-560.2818	11.14816	20.84354	2.565323
9740	-551.5403	-565.5682	14.0279	12.8878	2.519479
9750	-552.8386	-562.2049	9.366298	10.5376	2.785037
9760	-554.3207	-562.0149	7.694185	14.27227	2.99258
9770	-560.9403	-568.715	7.774673	13.10653	3.003849
9780	-553.4384	-564.3283	10.88986	15.51531	2.751507
9790	-559.198	-566.7983	7.600277	19.94179	2.777352
9800	-552.3105	-560.7616	8.451104	16.57528	2.873359
9810	-548.335	-556.9353	8.600283	15.59349	2.896754
9820	-551.8078	-558.8718	7.063971	11.94509	3.056371
9830	-561.1453	-565.8861	4.74076	11.34727	3.247154
9840	-551.31	-564.1564	12.84639	15.47443	2.625877
9850	-562.6238	-568.6411	6.017294	10.81509	3.116646
9860	-556.7731	-567.0841	10.31095	14.39488	2.807966
9870	-541.1631	-558.9389	17.7758	23.07952	2.191274
9880	-550.6778	-563.5971	12.91925	10.75991	2.472713
9890	-569.3694	-574.0023	4.632882	12.4258	3.256226
9900	-554.6105	-565.9267	11.31623	13.02897	2.732422
9910	-544.1968	-560.2435	16.04669	21.03555	2.325085
9920	-551.0538	-560.9434	9.889609	13.15524	2.84278
9930	-550.6268	-557.2343	6.60756	11.04028	3.072063
9940	-549.1273	-560.4326	11.30529	14.37174	2.739033
9950	-551.5198	-559.1732	7.653425	9.478005	2.841039
9960	-555.482	-557.1226	1.640607	17.15401	3.24872
9970	-553.1616	-563.306	10.14438	17.9186	2.726764
9980	-554.2473	-562.744	8.496684	16.32746	2.879388
9990	-551.2741	-564.6349	13.36082	16.9217	2.570415
10000	-548.8103	-557.7052	8.894865	20.60003	2.684006
